<?xml version="1.0" encoding="UTF-8"?>
<testsuite name="TestRunner" tests="2" skipped="0" failures="0" errors="0" timestamp="2022-08-19T20:45:37" hostname="DESKTOP-89MA6E5" time="9.935">
  <properties/>
  <testcase name="doLogin" classname="TestRunner" time="6.296"/>
  <testcase name="getUserData" classname="TestRunner" time="3.639"/>
  <system-out><![CDATA[eyJhbGciOiJIUzI1NiIsInR5cCI6IkpXVCJ9.eyJlbWFpbCI6ImZvcmF6aUBnbWFpbC5jb20iLCJwYXNzd29yZCI6IjEyMzQiLCJpYXQiOjE2NjA5NDE5NDEsImV4cCI6MTY2MDk0Mzc0MX0.EuT-HhUowxAROvHQC3z-Ojt9_Y7wazUN4fdgIr1RpYI
[Diane Schultz, Rasel, Jose Hane I, Hope Pouros, Clifton DuBuque, Miguel Gleason, Akram Uddin, Madeline Prosacco, Sergio Hoppe, Sabbiri, Utshow, Raymond Windler, Kathryn Aufderhar, Peter Wilderman, Latoya Parker, Ms. Alfredo Anderson, Salman Rahman, Travis Auer, Mrs. Alan Schmidt, Sylvia Stroman, Bill Feest, Phillip Leffler, Naomi Smitham, Janis McClure, Kathleen Kuphal DVM, Juana Reynolds, Warren Beer, AVS, aa, abid, Armani, Loyal, Cooper, Katrine, Mike Rohan, Carlotta, Rolando Treutel, Brenda, Alex, Laurence Ryan, Christa, Judy, Al Pacocha, Juana Mraz, Danika, Nathaniel Purdy MD, Aryanna, Julie Dickinson, Casper, Monique Wunsch PhD, Blaise, Gilbert Doyle, Anjali, Moses Durgan, Lynn Sipes, Mr. Lula VonRueden, Rose Smitham, Bobbie Becker, Rex Hane, Alicia Lemke II, Rachael Schuppe, Kristine Hagenes, Yazmin, Jared Littel, Rhoda, Eric Ebert, Hortense, Antoinette Marks, Delores, Laurence Pouros, Dianna, Alvin Greenfelder DVM, Tara, Bryant Sipes, Selina, Ms. Cristina Blick, Isac, Ernestine Kertzmann, Heather, Jennie Schumm, Tillman, Meghan Fay, Mr. Carmona, JulesNoel, RossHernandez, JorisBourgeois, Dolores Dias, Danielle Lawson, Samed Nieuwendijk, Eliana Faure, Simon Feil, Lawrence Bradtke, Janie Bode MD, Rainer Barbier, Beverley Sims, Christian Day, Harrison Walker, Maria Poulsen, Borja Pastor, Dan Morales, Nathan Anderson, Ege Hakyemez, Marc Blanco, Naomi Thomas, Jonathan Garcia, Lucy Taylor, Tristan Rasmussen, Dianne Ratke PhD, Ashley Doyle, Renee Pollich, Jill Nicolas, Novel, Margit Stava, Claudilene Vieira, Katrina Cunningham, Sandro, Oscar, Anna, Thomas, Emily, Hudson, Vincent, Jennifer, Ilona, Oliver, Sybille, Gustavo, Aaron, Albert, Russell, Vildan, Kimberly, Roope, Verena Lima, Phillip Martinez, Sebastian Mortensen, Miss Roman Auer, Rita Kiehn, Sherry Jacobs, Hailey Smith, Gloria Washington, Aubrey Feil, Marijana Barbier, Lison Robert, Dominykas, Kristina, Jeannette Koch, Estelle Kulas, Agent1, Selma Neteland, Fabio Garnier, Camila Murphy, Cléa Lemoine, Owen Anderson, Keira Green, Alex Hughes, Gianna Dupont, Dr. Kerry Zemlak, Belinda Kohler Sr., Emilia Gjelstad, Faith Burke, Teresa Hart, Nick Giraud, Oscar Alonso, Vernon Newman, Stacy Mosciski, Ashley Cook, Hans-Willi Klein, Naja Nielsen, Leevi Kangas, Viivi Wainio, Matthew Fahey, Faye Witting, Fabiha Zarin, Roderick Botsford, Ricky Ullrich, Fariha Zarin, Angie Bernier, Dora Cole, Fariha Jarin, Guadalupe Kulas, Alejandro Purdy, Farin Rahmann, Muriel Carroll, Mrs. Phyllis Kirlin, Valerie Marks, Donato Satterfield, Moriah Gleichner, Otto Zulauf, Dorian Schamberger, Kattie Ryan, Llewellyn Bahringer, Tyreek Bernhard, Jamison Parisian, Kavon Walter, Ashly Schaefer, Ezekiel Nienow, Rebeka Kuvalis, Rocky Hudson, Hosea White, Pablo Stracke, Bobbie Klein, Kailey Schmitt, Lucious Gutmann, Osborne Wilkinson, User 1 Batch3, User1 Batch3, Jessica Dunn, Leif Sandøy, Alicja Bastian, Romilda Martins, Brennon+Kautzer, Clarisse Lopez, Jack Kelly, Molly Wolden, Edna Morgan, Filippa Møller, Liam Margaret, rajon, Bedirhan Brookhuis, Antoine Deschamps, Melisa Sanchez, Inmaculada Gil, Nargis Akter, Krystina Hackett Willie Rath, Garrick Sanford Amy Emard, Shawna Harvey Emmett Mayert III, Audrey Cassin Donald Rutherford, Hollis Kerluke Hazel Thiel DVM, Elisângela Lima, Angie Silva, Chelsey O'Connell Mr. Mario McClure, Maxim Mollink, Steven Hoffman, Siena Van Herp, Valdemar Pedersen, Hilletje Lam, Johanna Bogisich Nettie Collier, Mélody Petit, Jamarcus Schimmel Marta Jacobi DVM, Jaydon Powlowski Clayton Abbott, Arjun Boyer Robyn Torphy, Felton Stehr Mrs. Hubert Wolf, Marco Kuhn Miss Mercedes Parisian, Santiago Fuentes, Dwight Ray, Janet Fowler, Abílio Teixeira, Ioannis Niehoff, Shovon, rajon, Caren Van der Land, Guisela Mendes, Travis Garcia, Deion  Harber  Tyrone Bruen, rkib1256, Ariosto Barros, change name after patch__c _user 1 batch3, c_user 1 batch3, c_user 2 batch3, Cristopher Becker Iris Gleason Sr., Jovan Kessler Faye Mante, Giles Cole Kari Lang, Cooper Stokes Marlon Collier, Aleen Robel Luther Hauck IV, Maike Pepping, Mack Kiehn, Veronica Ortega, Alexia Perrin, Harry O'Hara, Oswald Smith, Abdelhafid Hovestad, Ramon Nguyen, Rhonda Steeves , Walter Owens, Celeste Fernandes, Julian Moya, Émile Brun, Alexandra Young, Léon Lopez, {{Ashiq Batch 3}}, Najma Mundal, Louis Knight, Andrée Aubert, Augustin Michel, Lina Roberts Mario Cummings, Mossie Stroman Mr. Alfonso Turcotte, Maja Hansen, Harvey Spencer, Bérénice Meyer, Orlando Brown, Dragica Bertrand, Lenni Saarela, Joël Hubert, Seth Schmidt, Kattie Koelpin Javier O'Conner, Emil Kujala, Lucia Noel, Daniel Nielsen, Tomothy Owens, Matthew Macdonald, Cecilia Brun, Aiden Wood, Édouard Andre, Ambra Kloos, Barb Gilbert, Salman Rahman, Roelof Alkan, Jeremey Compagner, Jalil Graus, Lourdes Mendez, Melissa Ross, Chloe Reid, Kasper Niska, Gilles Jonk, Otto Koskela, Jessica Washington, Gilcenira Castro, Sanya Slaats, Gabriel Martinez, Karl Bennett, Sophia Riviere, Hasnat Shoheb, Christoffer Rasmussen, Hasnat Shoheb, Maurice Steinert, Selma Kristensen, Vera Aase, Martha Ward, Dolores Lorenzo, Lola Moulin, user5454, User 35418, User 32003, Rita, Valentine, ${name}, salman15, Judith Freeman, George Moore, Albert Bugge, Silvia Guerrero, King fox, Elise Caspari, Jakub Skjolden, Nelli Hanninen, Athena Skinnes, Herbert Harvey, Rico Arnaud, Abigail Walker, Kim Jong-un, {{name}}, Arthur Miller, Yasemin Atakol, Rachel Bradley, Grace Russell, Ernesto David, Sandro Menard, Sevcan Strous, Murat Kaya, Erika Morin, Terra Young, Jamie Edwards, Ivano Konijn, Virgil Chapman, Volker Fleury, Zakary Turner Ellis Carter, Sean Dumont, David French, Petros Van Turnhout, Felix Hicks, Bryan Denesik, Adolfo Blanco, Daniel May, Cosme Viana, Salman Rahman, Isaac Schuppe, Ronnie Hoffman, Judd Wade, Eckehard Aydin, Ella Cunningham, Tianna Mraz Ronald Pagac, Sofia Muñoz, Rayan Chevalier, Hannah Lo, Kay Simmons, Alexis Kumar, Marie Sørensen, Auguste Blanc, Carl Man, Na Vid, Rosie Fleming, user 1 batch 3, Danielle Brewer, Roberto Herrero, Väinö Kotila, Van Gerard, Laurie Grewal, Jurij Helm, Léonie Gauthier, jmuser 89437, jmuser 43576, Smrity, Wilbert+Volkman, jmuser 26232, Esther, jmuser 26139, Onni, Younes, Loan, Macit, Tyler, Aiden, Theodore, shovon, Mahmud30655, Mahmud26143, Eliott Deschamps, Cas, Nella, Boavida, Celestine, Rose Schmitt, Eufrásio Jesus, Marlene, Anatoli, Eelis, {{$randomfirstname}} {{$randomlastname}}, Taylor Jakubowski Angelina Fisher, ababab, abababjrm, abababjrm856821, abababjrm532077, abababjrm762185, abababjrm362536, abababjrm581215, abababjrm808856, abababjrm849790, abababjrm973468, abababjrm643757, abababjrm312605, abababjrm562204, abababjrm495099, abababjrm183972, abababjrm720713, abababjrm399980, abababjrm242270, abababjrm311344, abababjrm401570, abababjrm680746, abababjrm673631, abababjrm300224, abababjrm811293, abababjrm361804, abababjrm508429, abababjrm299902, abababjrm691652, abababjrm174417, abababjrm769949, abababjrm266503, abababjrm319678, abababjrm131239, abababjrm733398, abababjrm224665, abababjrm794971, abababjrm883161, abababjrm828246, abababjrm174903, abababjrm502382, abababjrm135721, abababjrm811800, abababjrm927490, abababjrm795477, abababjrm897473, abababjrm410063, abababjrm835579, abababjrm213255, abababjrm961585, abababjrm283649, abababjrm801345, abababjrm595051, abababjrm896788, abababjrm607174, abababjrm337359, abababjrm222396, abababjrm743427, abababjrm768868, abababjrm627448, abababjrm538144, abababjrm345865, abababjrm986954, abababjrm609163, abababjrm758463, abababjrm327756, abababjrm745785, abababjrm991613, abababjrm465314, abababjrm765003, abababjrm407518, abababjrm657157, abababjrm735217, abababjrm861439, abababjrm397541, abababjrm448799, abababjrm607830, abababjrm152297, abababjrm924262, abababjrm584206, abababjrm615652, abababjrm482802, abababjrm882652, abababjrm791556, abababjrm964877, abababjrm476574, abababjrm261736, abababjrm213261, abababjrm858373, abababjrm562183, abababjrm431117, abababjrm548455, abababjrm148329, abababjrm922825, abababjrm822632, abababjrm207722, abababjrm755523, abababjrm157843, abababjrm560727, abababjrm505636, abababjrm861662, abababjrm540772, abababjrm639166, abababjrm844622, user 1 Batch3, Alex Thomas, Warner Pel, Emilie Madsen, Stella Da Silva, Santiago Gonzalez, Ethel Morissette Rudolph Toy, Dax Hamill Spencer Nienow, Jeremie O'Connell Mr. Alonzo Hills, Elda Kunze Penny Balistreri, Fabian Crist Myron Kozey, Chad Stone, Ilva Dekkers, Else Spinka Mr. Israel Harber, Rose Fortin, Jennyfer Hane Carlton Anderson, Marion Bell, Lucienne Homenick Andres Reichel, Katherine Warren, Aimee Hauck Eunice Krajcik DDS, Cody Sims, Earnestine Olson Jacquelyn Buckridge, Willi Stöcker, Jose Grimes Mr. Hazel Dibbert, Elizabeth Schulist Elena Walsh, Jennie Nienow Ms. Krystal Mueller, Emma Koski, Abbie Lockman Gustavo Stehr, Marlise Roger, Lavon Homenick Vernon Koelpin, Bernhardine Helbing, Mahmud24463, Mahmud24720, Mahmud85443, Mahmud30573, Mahmud52436, Mahmud26017, Mahmud15164, Mahmud41921, Mahmud86250, Mahmud82706, Mahmud44060, Mahmud34712, Mahmud74713, John Fisher Wilfred Harber, Shamir Welp, Mahmud98416, Mahmud58802, Mahmud23508, Mahmud37365, Mahmud12188, Mahmud40840, Mahmud56514, Mahmud84519, Mahmud52796, Mahmud15361, Mahmud15836, Mahmud93766, Mahmud47620, Mahmud95112, Mahmud18984, Samson Roberg, Mahmud99052, Mahmud26777, Mahmud67190, abababjrm713541, abababjrm941060, abababjrm750383, abababjrm392820, abababjrm104663, abababjrm234604, abababjrm694212, abababjrm113745, abababjrm283169, abababjrm459693, abababjrm314465, abababjrm450408, abababjrm628395, abababjrm482094, abababjrm252274, abababjrm691472, abababjrm241912, abababjrm945680, abababjrm844579, abababjrm270253, abababjrm565810, abababjrm412840, abababjrm673939, abababjrm705412, abababjrm779793, abababjrm457243, abababjrm605660, abababjrm159610, abababjrm740137, abababjrm444554, abababjrm977339, abababjrm868824, abababjrm820564, abababjrm314667, abababjrm507046, abababjrm120709, abababjrm486595, abababjrm538524, abababjrm622920, abababjrm389132, abababjrm792035, abababjrm411687, abababjrm796067, abababjrm906759, abababjrm162151, abababjrm758692, abababjrm238673, abababjrm264231, abababjrm171395, abababjrm921104, abababjrm309617, abababjrm321775, abababjrm555542, abababjrm480925, abababjrm521434, abababjrm985981, abababjrm725108, abababjrm362554, abababjrm721962, abababjrm148837, abababjrm597605, abababjrm903327, abababjrm749674, abababjrm397988, abababjrm598601, abababjrm569378, abababjrm983437, abababjrm506258, abababjrm934327, abababjrm611906, abababjrm714740, abababjrm177325, abababjrm720694, abababjrm895370, abababjrm307356, abababjrm665498, abababjrm318848, abababjrm595736, abababjrm864016, abababjrm790967, abababjrm805609, abababjrm924146, abababjrm533862, abababjrm585831, abababjrm631615, abababjrm568975, abababjrm423575, abababjrm818010, abababjrm643582, abababjrm938953, abababjrm836807, abababjrm521290, abababjrm565129, abababjrm373038, Brooke Reed, Athanasios Scherf, Lucas Brunet, Mélissa Perrin, Amie+Goodwin, Sienna Li, Isaac Ludvigsen, Mahmud51895, Mahmud81279, abababjrm248047, Sofia Huotari, Waldtraut Tiede, User 17386584, Andrés Martins, David Harcourt, Albert Rasmussen, Mélina Lecomte, Alia+Smith, user30868, Gina, Jayden, Gabe O'Keefe, Zachary Schneider, Madisen Ankunding, Justice Stracke, rajon, Zander Aufderhar, Ernesto Emard, Mary Åsebø, Salman Rahman, ami710082, Fatih, ami${id}, Clémence Lecomte, ashiq, ashiq3271, ashiq7822, ashiq4678, ashiq8245, ashiq9778, ashiq7171, Nicolas Louis, Livia Leclercq, Sandra Louis, Mohamed Saez, Ted Cole, ashiq5762, ashiq6033, ashiq8297, Betino Gonçalves, Victor Beck, Salman Rahman, Oliver Mortensen, testuser 78411, testuser 74517, Aléxia Duarte, testuser 78472,  Levi, Bessie Lowe, Nella Niska, Mahmud43999, Mahmud96668, Mahmud37299, Mahmud62671, Mahmud53962, Mahmud15850, Mahmud35753, testuser 99156, testuser 32553, testuser 51683, testuser 79779, testuser 35347, testuser 44788, testuser 75828, testuser 26818, testuser 36497, testuser 11699, testuser 39466, testuser 60826, testuser 87938, testuser 37019, testuser 38009, testuser 97418, User {$id}, User {$id}, User {$id}, User {$id}, User {$id}, User {$id}, User {$id}, User {$id}, User {$id}, User 68793, User 79839, User 43136, User 74392, User 88933, User 22386, Akram Uddin, User 28461, User 66367, User 13094, User 20356, User 18726, User 54369, User 42965, User 11493, User 28755, User 47343, User 72482, User 45404, User 88192, User 44542, User 35882, User 27072, testuser 22078, user77074, user53066, testuser 68472, testuser 92827, testuser 62749, user85198, user21157, user36631, user17434, user76784, user77308, user22005, user53478, user10111, ashiq7233, ashiq6670, ashiq5750, user45609, user 38573, user55648, user75856, user34896, user58411, user 58545, user65484, Avery, Mahmud48108, Mahmud25031, Mahmud20388, Mahmud24165, Mahmud87609, Mahmud60792, ashiq8798, User 19350, User 65199, User 47657, User 75631, User 45234, User 20857, User 82083, User 49779, ashiq8207, ashiq9518, testuser 53238, ashiq8013, ashiq8813, User 56961, User 99685, User 97346, User 21508, User 84955, User 52653, ashiq5301, testuser 26102, testuser 81286, ashiq7819, ashiq4245, User 86295, User 83961, User 69963, ashiq1667, ashiq7769, ashiq7913, User 57986, ashiq9084, ashiq1491, ashiq8520, ashiq1831, ashiq2503, ashiq8595, testuser 77575, ashiq7771, ashiq7701, ashiq6676, User 61148, ashiq8384, ashiq8836, ashiq4499, ashiq6834, ashiq3999, User 56840, ashiq9798, User 35786, User 44637, User 62718, ashiq2860, ashiq2691, ashiq2186, ashiq3108, User 92787, User 56849, User 43470, User 72991, User 60763, Lopez, User85982, User77660, User23599, User87763, User28225, User 77916, Mahmud42462, Mahmud99914, Mahmud92018, Mahmud89633, Mahmud12427, Mahmud14663, Mahmud41899, Mahmud58674, Mahmud20746, Mahmud22127, Mahmud36982, Mahmud54387, Mahmud22214, Mahmud58512, Mahmud92146, Mahmud30479, Mahmud44503, Mahmud87653, Mahmud78797, Mahmud74764, Mahmud45751, Mahmud82470, Mahmud75506, testuser 39888, Mahmud60239, Mahmud34190, Mahmud86362, Mahmud27672, Mahmud78334, Mahmud93754, Mahmud89668, Mahmud30471, testuser 48467, Mahmud29560, Mahmud48658, testuser 15707, testuser 70882, testuser 39780, Mahmud18083, testuser 28531, testuser 72101, testuser 30231, testuser 38021, Mahmud65425, testuser 27101, testuser 74362, Mahmud40318, testuser 66265, testuser 85996, Mahmud34478, Mahmud18322, Mahmud93729, Mahmud43042, testuser 22130, testuser 97223, testuser 81516, testuser 57365, testuser 86225, testuser 96909, testuser 52393, ashiq2179, ashiq5154, ashiq3094, ashiq4275, ashiq1991, ashiq8779, ashiq8159, ashiq7047, testuser 36766, testuser 74283, ashiq6068, ashiq8054, ashiq3780, ashiq3963, ashiq6323, ashiq3014, ashiq6911, ashiq3173, ashiq5453, ash8395, ash1740, ash3388, ash3618, ash9292, Lea Korneliussen, User 72006, User 97048, testuser 47295, ash6579, testuser 56453, testuser 86599, testuser 88570, testuser 29120, User39890, testuser 13059, User23027, User42861, testuser 20163, User, User55610, User65057, User61856, User18473, testuser 99805, User40007, User91591, User24330, User63316, User79088, User97327, User82255, User81542, User21584, User23710, User48273, User12627, User33844, User30782, User 61968, User 95774, User 89894, abababjrm960469, abababjrm276360, abababjrm670850, abababjrm121602, abababjrm293679, Romaine Hackett Clint Willms, Alfonso Rippin Ms. Edmund Marvin, Hank Davis Claude Kassulke Jr., William McCullough Marcia Donnelly, Michele Watkins, Solange Durand, Lola, Md. Rajibul Palas, Inmaculada Moya, Alice Roy, Antony, Rosanna Langworth, Brandon Donnelly, Emely Larson, user93692, user58107, user78661, user42992, user23963, user69067, user58013, user73192, user48165, user92847, user69836, user95731, Salman Rahman, user11009, user72867, user12929, user98866, user57026, user62678, user92165, user82467, user15126, user32700, user38283, user77492, user51099, user69148, user76770, user24485, user56480, user72631, user87092, user38464, user65228, user24038, user96587, user69817, user93604, user39327, user33383, user44498, user87680, user49624, user78051, user99053, user11895, user94964, user30002, user79092, user85544, user57780, user61674, Julius Manni, user49454, user48640, Zita Rohan, Salman Rahman, user60613, user41895, user64538, user59128, Dahlia Wilderman, Tyrique Hagenes, Cora Jacobi, Horacio Tremblay, user{id}, Bud Grant, Romello Buursma, Emilie Miller, Cecile Goyette, Madonna Watsica, Grant Kassulke, Israel Reichert, Cayla Quitzon, Marta Carrasco, Ruben Kessler Beatrice Bosco III, Elvis Hartmann Ernest Flatley, Holly Doyle Fernando Mueller, Gaylord Larkin Tim White, William Hettinger DDS, Ms. Kelly Harris, Lydia Bergstrom, Jacob Senger, Wilbert Roob, Susie Nicolas, Md. Rajibul Palas, Md. Rajibul Palas, Md. Rajibul Palas, Jeff Nikolaus, Edmund Gleason, user94451, user60892, ?????, Dale, Marie, Amanda, Milo, user55669, Tanya, user78028, Zoey, user ${id}, user73370, Bilal, user76280, Chloe, user46132, Isaac, user71955, Elsa, user71411, Gary, user38560, Tammy, Jasper, user65197, Pablo, user59641, Eliott, user70642, Nicolas, user85876, Lore, user56416, Nalan, user80745, user26708, Sedef, user47653, user12542, user57210, user28325, user93974, user79222, user22880, user12874, user49463, user49449, user21109, user98252, user40983, user30001, user43392, user19811, user87872, user39539, user49834, user16855, user59966, user54358, user53303, user90735, user55988, Gregorio, Kirk Smith, Florence Hall, Linda Mcdonalid, Marcus Madsen, Ryleigh Wisozk Anna Swift, Zümra Hofste, Viivi, Fanny, Annette, Michael, Natan, ?????, Lidia, Dayane, Othelia, Inguelore, Terry, Gustav, Okan, Elvera, User 39816, User 14796, hjhjhjh, Montserrat Muñoz, Gus Koepp Howard Vandervort, User 76796, User 82745, User 81674, user78002, Olivia, user28517, user58259, user17327, user76705, user45874, user55027, user17180, user15778, user99403, user94614, user10108, user34411, user73089, user61024, user86274, user56113, user10209, user11934, user80796, user46692, user96920, user41391, user35424, user24488, user84701, Alexandre Chan, Harper Robinson, Ivo Ribeiro, Loretta Matthews, Dominic Sjursen, Sabbir M, Caroline Christiansen, Marika Buck, Monserrat  Reynolds, Austen  Ziemann, Laurel  Rippin, Katelin  Corwin, Ismael  Halvorson, Jose  Fay, Suzanne  Corwin, Carmella  Fadel, Emory  Ebert, Justine  Berge  Paulette Russel, Lafayette  Kautzer  Clint Olson, Lavada  Pfeffer  Ms. Edith Heller, Eugenia  Mraz  Louise Windler, Kenny  Hagenes  Tom Ferry, Aliza  Kulas  Conrad Sawayn, Sigrid  Simonis  Dave Kerluke, Jacinto  Halvorson  Myrtle Cormier Jr., Bettye  Sporer  Neal Connelly, Lilyan  Powlowski  Paula Koch, Danika  Lindgren  Shawn Hilll, Ella  Greenholt  Myrtle Hickle, Nikolas  Ortiz  Ethel Collier, Kameron  Emard  Charlene Huel, Victor  Schiller  Penny Kling, Kimberly  Kozey  Dana Lind, Waldo  Breitenberg  Jared Pagac, Savannah  Kerluke  Terry Champlin, Paige  Kub  Otis Daniel, Frederique  Jakubowski  Greg Kautzer, Carol  Hauck  Miss Keith DuBuque, Anne Robertson, Soraya Melo, Francisco Thompson, Simon Singh, Corey Beck, user241150, user27118, user966974, user364264, user57561, user737991, user187523, user293778, user388788, user855177, user646380, user305257, user648646, user79258, user492350, user32398, user533876, user343381, user633414, user849064, user835573, user415786, user68706, user12595, user342170, user704331, user139368, user635574, user610963, user68480, user237549, user31572, user487657, user502812, user184942, user183275, user506419, user582617, user965772, user916438, user291636, user307981, user594115, user256840, user527825, user773232, user271648, user923919, user862121, user800557, user643149, user759459, user998967, user187081, user584640, user509780, user923149, user413432, user240816, user630034, user795614, user935064, user892751, user395251, user931166, user714859, user45559, user287218, user971544, user86625, user128472, user248430, user352889, user611156, user183116, user522897, user978267, user618485, user269329, user88055, user643608, user393037, user548322, user240675, user702190, user241318, user722029, Sabbir786, user858570, sazzad Forazi, James Jackson, Gauthier Riviere, Britney Vasquez, Jim Doyle, Ceyhun Gürmen, Harry Gibson, Anniek Kennis, Emmanuel Schmidt, Arthur Brown, Brooke Kreiger, Carmen Wallace, Tamia Tremblay, Luís Figo da Conceição, Eugene Rodriquez, Rosalee Braun, Alban Guerin, Lenny McGlynn, Anna Rodriguez, Russel Schroeder, Eemil Kurtti, Florence Beatty, Md. Shiblee Sadik, Scarlett Duncan, Hillard Schaden, Bobby Stone, Devon, Santiago, Alicia, Marie-Louise, Wyatt Wagner, Chaim Muller Viola Effertz V, Brooke Moore, Reece MacGyver, Ariel Rodrigues, Justine Pelletier, Matilda Rolfson, Aria Solberg, Frank Ziemann, Katharine Adrian, Mason Lewis, Julio Diez, Silke Petersen, Jackie Martin, Celine Toft, Delaney Blanda, Daniel Hansen, faruk khan, Philip Johnston, Fariha Jabin, fariha jabin, Fariha Jabin, Hildegard Jahn, Julio Martinez, Nélson da Mata, Andrea Poulsen, Jaime Alvarez, Amaury Thomas, Gilda+Rippin, William Harris, Laurianne Bauch Kent Satterfield, Masha Schulting, Hello sELISE1234, Audrey Van Haaren, Arthur Denis, Tjarco Sikma, Andrée Deschamps, Yassira Ibrahim, Micha Dumas, Jacinthe Cormier Cheryl Dooley, Vicenta Pastor, Leanne Novak, Sjonnie Van Koert, Brayden Mills, Holly Hopkins, Florin Pierre, Af?ar, Wayne Reyes, Mrs. Clyde Osinski, abid, Terrence Feest, Mr. Jamal 2, Riccardo Schaap, Gladys O'Kon, Wanda Runte, Kristopher Borer, Joyce Skiles, Jaime Renner DDS, Inez Lehner, Lucille Lemke, Hector Bartell, Doyle Spinka, Danielle Reilly, Bonnie Hermiston, Melody Stamm, Mark Daugherty, Raquel Johns, Miss Frankie Schneider, Gail Krajcik, Lana Bradtke III, Kelvin Swaniawski, Rodney Bernhard, Matt Welch, Sophia McKenzie, Carole McKenzie, Clay Ratke, Genevieve Lindgren, Byron Batz, Md. Shiblee Sadik, Dominic Abernathy Jr., Stanley Becker, Ada McLaughlin, Thelma Weber, Katie Douglas, Frederick Mayert, Asif, Miss Clarence Dach, Della Schmeler, Sarah Hettinger, Alice Raynor II, Mindy O'Kon, Mrs. Grant Keebler, Erica Lowe III, Lorena Beier, Charlie Boyer, Mrs. Darryl Johns, Becky Corkery, Mabel Crist, Darrell Klocko, Rickey Hettinger, Anthony Barrows DVM, Paula Smith, user 1 , Cora Rohan, Bessie Thiel, Angie Medhurst, Luz Bogan V, Ira Jacobs, Marco Bauch, Alexis Collins, Ruth Harris III, Mike Barrows, Dr. Celia Wiza, Elias Reichel, Jamie Wunsch, Virginia Harris, Julius Dickinson, Bessie Abbott, Louise Barrows, Boyd Quitzon I, Judy Miller Jr., Preston Kirlin DDS, Mrs. Joanne Nolan, Reinger, ashik, Lyle Farrell, Ms. Casey Kassulke, Bruce Krajcik, Roderick Marvin, Mr. Michelle Jones, Angelina Padberg, Allan Bauch, Nancy Leuschke, Norman Hilpert, Suzanne Lehner, Jay Gibson, Roxanne Mayert, Richard Weimann, Carmen Schneider, Ramona Johns, William Zboncak, Carlton Rowe V, Glenn Kuhn, Olivia Murray, Santiago McKenzie, Mable Bernier, Hugo Quitzon, Theresa Stehr, Olga Roberts, Irma Blanda, Myron Abbott, Francis Klein DDS, Ginger Satterfield, Connie Ortiz, Kirk Walter, Carmen Reinger, Enrique Leuschke, Lori Koss, Jeff Hartmann, Dana Green, Bryant Hickle, Muhammad Noman, Nicole Bergnaum, Roland Schroeder, Lori Heathcote, Theodore Sporer, Carmen Reinger, Essie Adams, Melinda Fahey, Aleksi Hatala, Eunice Mertz III, Beth Thompson, Miss Evan Schulist, Randy Larson, Abir Hossen, Abir Hossen Munna, Percy Miller, Dr. Floyd Balistreri, Christopher Hagenes, Herman Cronin, Leslie Cummings PhD, Jenny Goldner, Rosemarie Dibbert, Jon Grady, Ms. Rodolfo Kshlerin, Inez Schmeler, Bessie Blick, Israel Weissnat, Dwight Ruecker MD, Barry Schiller, Kelley Ernser, Pat Durgan, Clifford Jenkins, Stuart Koss, Mrs. Cecelia Mosciski, Ivan Herman III, Gilberto D'Amore, Rufus Zemlak, Christopher Corwin DDS, Pamela Veum, Justin Ferry, Krista Kerluke, Jan Walker, Willis Kunde, Kerry Haag, Kathy Batz, Bobby Larson, Gordon Ryan, Nicholas Murazik, Dan Botsford, Robert Wunsch, Cassandra Langworth, Geoffrey VonRueden, Ramona Kassulke, Sohel, Arif, dalim, Kyle Runolfsdottir, Jeanne Stehr, Miss Elvira Barton, Fernando Davis DDS, Mr. Sally Kautzer, Darby Baumbach, Pattie Labadie, Warren Huels, Berta O'Keefe, Kade Mante, Erna Harris, Norberto Roob, Magnolia Altenwerth, Zella Price, Yolanda Von, sohel, Alisha Ziemann, Maryam Hahn, Lorenzo Feest, soohel, soohrrel, Ansel Harris, soohrrtgel, Otis Mills, Lionel Murazik, Ms. Shirley Braun, Raymond Reinger, Tim Swift, Freddie Muller, Pete Buckridge II, Ethel Bahringer, Myra Kshlerin DVM, Jaime Cummings, Timmy Marks, Pat Quitzon, Nancy Frami, Bernadette Boyer, sohhel, Jaclyn Beier, Bruce Wilderman II, Frances Kunze, John Von, Patty Halvorson, Georgia Toy, Ms. Marvin Schultz, Warren Kovacek, Cornelius Torphy DDS, Cecilia Rau, Erin Weissnat, Zachary McGlynn, Miss Cecilia Murray, Brittany Collins, Wilbur Mitchell, Heidi Wuckert, Dwight Schiller, Tomas Price II, Eva Kulas, Olive Marquardt, {{$randomFullname}}, {{$randomFullname}}, {{$randomFullname}}, {{$randomFullname}}, Faith Gerhold, Mr. Janice Kihn, Ashik, Larry Quigley, Rachel Wilkinson, Mrs. Elvira Armstrong, Alton Koelpin, Glenn Satterfield, Christy Gulgowski, Felix Pollich, Al Amin Choudhury Abeer, Archie Prohaska, Timmy Heathcote, Todd Jacobson, Ray Schmidt, Leland O'Connell, Ralph Hettinger, Carmen Reinger, Barry Smitham, Alejandro Cronin, Carmen Treutel, Seth Kessler, Leah Runolfsdottir, Joe Barton, Lucia Effertz PhD, Matt Hettinger, Brian Terry, Terri Thiel, Rosie Ortiz, James Sanford, Ruben Kutch, Joyce Robel, Mrs. Roy Hoppe, Ms. Richard Pollich, Claudia Fahey, Natalie Zieme, Rosemary Schroeder, Betsy Hermiston, {{$randomFullname}}, {{$randomFullname}}, Guillermo Beer, Joshua Reinger, Wilhelm Lueilwitz, Cordell Kuhlman, Connie Prosacco, Albin Balistreri, Alexis Krajcik, Erin Bruen MD, Alfonso Ledner, Natasha Berge, Jerald MacGyver, Ethel Waters, Patty Mayert PhD, Christopher Blanda, Devin Purdy, Roy O'Conner, Cecelia Donnelly, Ervin Bogisich, Johnny Marks, Silvia Toy PhD, Pamela Schuster MD, Wayne Hodkiewicz, Laila, Gloria Muller, Eddie Senger, Olivia Corwin, Floyd Wilkinson, Lori Rice PhD, Ramiro Kihn I, , Darnell Hills, Gary Wuckert, Alfonso Williamson, Mr. Inez Wyman, Elvira Zieme, Shawn Hahn, Nathan Waters, Vanessa Lindgren, Susie Schinner, Chad Sanford, Victor Lemke, Erik Hettinger, Donnie Grady, Ms. Marty Leuschke, Dewey Nolan, Julie Zboncak, Francisco Conn, Miss Fredrick Klocko, Mrs. Victoria Waters, Guy Wisoky, Mr. Myron Luettgen, Alison Nicolas, Pete Schulist, Spencer Kris, Bruce Bogisich DDS, Cheryl Bailey, Susie Mraz, Toby Block, Phyllis Farrell, Inez Prosacco, Ms. Sherri Friesen, Frances Doyle DDS, Marion White I, Morris Little, Ryan Hessel, Gerald Rohan, Zachary Weimann, Tami Larkin, Gregg Donnelly, Brenda Crist, Ms. Herbert Waelchi, Andres Gislason, Gwen Bernier, Jerry Kerluke, Ian Schinner, Tracy Roberts, Nicolas Frami, Sally VonRueden, Sherri Mosciski, Everett Jaskolski, Gary Nitzsche, Lee Berge, Danielle Lubowitz, Jose Medhurst, Kathleen Balistreri MD, Randall Jacobs, Seth Daugherty, Ali, Rafael Kshlerin, Alonzo Schoen, Ali, Edith Roberts, Bruce Kilback, Viola Auer, Christie McDermott III, Alvin Schneider, Earnest Gusikowski, Shannon Grimes, Elsa Marks, Ryan Cruickshank, Dr. Ollie Hilll, May Wiegand, Angel Runolfsdottir, Carmen Reinger, Lynn Mitchell, Vickie Jacobi, Rachael Keebler, Dr. Melvin Dach, William Hessel, Iris Considine, Everett Ortiz, Marion Rohan, Margie O'Conner V, Doyle Lesch, Neal Streich, Courtney Nienow, Mr. Krista Anderson, Matthew Sauer, Curtis Gerlach, Dr. Judith Schiller, New user, Kristie Konopelski, Lynn Smitham, Mack Bechtelar, Carmen Reinger, Freddie Tremblay PhD, Miriam White, Ellen O'Kon Sr., Edna Stanton, Johnathan Cole I, Olive Hand DDS, Tanya Leannon, Dewey Donnelly, Maurice Johnston, Mrs. Calvin Johns, Kirk Hessel, Vincent Hodkiewicz, Leland Wehner, Celia Keebler, Sophia Schmitt, Mr. Byron Cassin, Miss Irvin Zemlak, Dean Reichel, Daryl Beer DDS, Latoya O'Hara, Rosemarie O'Connell, Heidi Bins PhD, Kenneth Simmmons, Isabella Patel, Justine Fortin, Leo Hunt, Mathew Grimes Jr., Herman Botsford, Daisy Waelchi, Alfonso VonRueden, Johnnie Osinski MD, Orville McLaughlin, Ora Bechtelar, sunny, sunny, Valerie Altenwerth, Kyle O'Hara, Dora Greenholt, Ms. Donnie Tromp, Jeremy Cassin, Miranda Homenick, Josefina Lakin Sr., Bessie Collier, Morris DuBuque, Ronnie McLaughlin, Andrew McDermott DDS, Francis Kirlin, Mrs. Kenny Skiles, Colleen Prohaska, Astrid Christiansen, Tessie Osinski Jana Bruen, Mable Ritchie, Mrs. Kenny Skiles, Wanda Hartmann, {{$randomFullname}}, Gladys Gerlach, {{$randomFullname}}, {{$randomFullname}}, Ms. Gabriel Christiansen, Karl Okuneva, Dean Kemmer, Miss Elsie Hilll, Miss Mildred Lockman, Ms. Neal Schiller, {{$randomFullname}}, {{$randomFullname}}, Matthew Hickle, Darrin Towne, Walter Parker, Claudia Rau, {{$randomFullname}}, Mr. shihab, Carmen Reinger, Miss Steven Abbott, Carmen Reinger, Sammy Hoppe, Colin Wilkinson, Ignacio Stiedemann, Peter Mohr, Eddie Howe, Shawn Wilderman, Georgia Kuhlman, Sammy Vandervort, Teri Howe, Wallace Abernathy I, Isabel Reichert, Bridget Zulauf, Erick Satterfield, Elijah Effertz, {{$randomFullname}}, Sandrino Moreira, Julie Cole, {{$randomFullname}}, Esmeralda Carroll Jerry Hickle, Nia Nikolaus Jesse Kirlin, Chris Dickinson, Alfredo Pfannerstill, Silke Kristensen, Felicia Tillman V, JMeter user 100, Eric Lind, JMeter user 101, JMeter user 102, JMeter user 6096, JMeter user 1777, JMeter user 6766, JMeter user 4188, JMeter user 9615, JMeter user 3464, JMeter user 9200, JMeter user 1985, JMeter user 8498, JMeter user 8532, Salvador Hilpert, Wm Crist, Lindsay Larkin, Lee Homenick IV, Denise Torphy, Mr. Sergio Lowe, Larry Lind, Ella Gerlach, Hazel Zulauf, Ricky Ebert, Hubert Bechtelar, Elaine Nolan, Shelly Hunter, Mr. Lonnie Wuckert, Rose Thomas, Minnie Aufderhar, {{$randomFullname}}, Ruth Gulgowski, {{$randomFullname}}, Mrs. Velma Macejkovic, Ramiro Schinner, Raquel Nolan, Terry Abernathy, Don Thiel, Angel Swift, Luis Abshire, Mrs. Gilberto Hodkiewicz, Ms. Cornelius Wolf, Ida Breitenberg, Wm Mosciski, Ivan Dare, Peggy Brekke, Forrest Pacocha, Diane Feeney, Supta, Tommy Lebsack, Supta, Oliver Medhurst, Supta, Marlon McKenzie, Esther Schinner, Supta, Mrs. Jerome Osinski, Orville Witting, Supta, Johnnie Kulas, Tamara Denesik, Doyle Swaniawski DVM, Lola D'Amore, Dr. Anne Yost, Paula Schinner, Tyler Kovacek, Gustavo Lindgren, Anita Bernier, Barry Wintheiser, Clayton Kertzmann, Ken Little, Carmen Reinger, Tonya Kuhic, alaminchoudhury@gmail.com, Timothy Mosciski, Jay Pouros, Donnie Conn, Sonya Russel, Sherri Beer, Ron Franecki, Stanley Dicki, Winston Lueilwitz, Neal Heathcote, Elvira Nienow, Diane Weber, Gilberto Kreiger, Steve Heller, Carrie Schiller, Daisy Hilpert, Carmen Reinger, Supta, Ms. Ken Stroman, Mr. Margie Purdy, Daniel Schaefer, Armando Veum, Supta, Darrin Kuhic, Carmen Reinger, Dwight Zulauf, Caleb O'Kon, Chelsea Fisher, Neil Zieme, Sandra Pacocha, Isabel Bode, Wilbur Emmerich, {{$randomFullname}}, {{$randomFullname}}, Al Pollich, {{$randomFullname}}, {{$randomFullname}}, {{$randomFullname}}, {{$randomFullname}}, Loretta Gulgowski, Alexandra Bogisich, JMeter user 9323, Mitchell Bogan, Johnny Veum Sr., Van Ullrich, Johanna Keeling, Rachael Glover, Jasmine Mayer II, John Satterfield, Miss Mark Mertz, Clayton Vandervort, Rufus Mertz, Dale Cormier, Wilfred Bahringer, Heidi Ward, Conrad Jenkins, Carmen Reinger, Ruth Becker PhD, Frank Boyle, Mrs. Kenny Skiles, Adrienne Mante, Glen Rutherford, Ervin Cassin IV, {{$randomFullname}}, {{$randomFullname}}, Armando Veum, Carmen Reinger, {{$randomFullname}}, {{$randomFullname}}, {{$randomFullname}}, {{$randomFullname}}, Thomas Tillman, {{$randomFullname}}, Dr. Betty Schultz, {{$randomFullname}}, Carmen Reinger, Virgil Crist, Carmen Reinger, Alison DuBuque, Marlene Walter, Kerry Schmidt, Carmen Reinger, Kristine Strosin, Mehe Sultana, Carmen Reinger, Nicholas Beatty, Carmen Reinger, Ashley Block, Adrian Mills Sr., Ms. Colin Grant, Doyle Hickle, Josefina Wolff, Marie Kuhn, Clinton Cartwright, Wendell Raynor, Rodney Beahan, Charlene Senger, Karla Anderson, Gretchen Ernser, Melba Bashirian Sr., Tanvir Mitul, Tanvir Mitul, Stephanie Rutherford, Rodolfo Langworth, Peggy Dare, Brett Aufderhar, Dianne Kshlerin, Angel Dickinson, Raquel Block, Delbert Cassin, Shelley Feest, Curtis Zemlak, Allan White, Carmen Reinger, Brittany Volkman, Patsy Cruickshank, Yvette Braun, Wanda Kessler, Rodolfo Halvorson, Mrs. Jamie Feest, shahnaz begum, shahnaz begum, shahnaz begum, Muhammad Noman, Shahnaz Begum, Shahnaz Begum, Shahnaz Begum, Shahnaz Begum, Pedro Windler, {{$randomFullname}}, Marshall Beatty, Jmeter 9599, Jmeter 1638, Enrique McCullough PhD, Miss Roberto Friesen, {{$randomFullname}}, Shahnaz Begum, Shahnaz Begum, Penny Senger, Carmen Reinger, Carmen Reinger, Martha Beahan, Lora Murphy, Lorenzo Will, Julius Leffler, Elijah Hyatt, Natasha Rohan, Ignacio Spinka, Van Boyle, Lela Homenick, Shahnaz Begum, {{$randomFullname}}, Pat Gislason, Peter Boyle, {{$randomFullname}}, Austin Homenick, Marcos Reilly PhD, Leona Reynolds III, Reginald Cremin, Christian Grady, Victoria Satterfield, Marlene McDermott, Johnny Doyle II, Inez Kassulke, Irvin Kunde, Jennie Swift, Sofia Moilanen, Luukas Salmela, Leticia Cremin, Penny Jones, Alex Neal, Caroline Wisozk III, Bradford Fay Jr., Marion Marks DVM, Jmeter 7646, Jmeter 5175, Jmeter 9439, Jmeter 7248, Jmeter 4652, Jmeter 2067, William O'Conner, Angie Howell, Zobayer Bin Sharif, Wade Dibbert, Jmeter 8611, Janie Zemlak, Jmeter 1990, Hector McGlynn, Howard Breitenberg, Josh Deckow, Lora Wisoky, Lindsay Hane, Maria Cole, Timothy Reichert, Glenda Goodwin, Ms. Percy Purdy, Isabel Rippin, Pearl Boehm, Brad Lehner, Marlene Douglas, Clinton Bayer, Norman Harvey Sr., Karl Kilback, Edwin Lowe, Bobby Feil, Chad McDermott, Fred Anderson DDS, Mary Rice, Wayne Von, Albert Skiles, Saul Hansen, Alyssa Abernathy, Miss Casey Lubowitz, Rudy Jacobs, Katrina McCullough, Rolando Wilderman, Austin Crooks, Irma Schulist, Hilda Lakin, Miss Darryl Nitzsche, Priscilla Ziemann I, Felix Koelpin, Carmen Reinger, Alonzo Wiza, Deanna Ritchie, Audrey Kuvalis, Angie McDermott, Miss Betsy Davis, Rene Will, Bennie Williamson, Nicolas Considine, Shahnaz Begum, Hannah Yundt, Wilson Braun, Archie Welch, Carmen Reinger, Carmen Reinger, Ray Hodkiewicz II, Melissa Sawayn IV, Miss Hector Nikolaus, Ms. Lula Kassulke, Eleanor Haley DDS, Ryan Hauck, Elizabeth Witting, Dustin Grimes, Roy Bernhard, Darrell Rippin, Orlando Schiller, Scott Gerlach, Gabriel Labadie, Mrs. Wilma Cronin, Eula Schowalter, Ross Stracke, Emanuel DuBuque III, Julius Graham V, Alif, Delia VonRueden, Nelson Schuppe, Jonathan Vandervort, Ross Armstrong, Stephen Graham, Eileen Luettgen, Sherry Gulgowski, Leslie Ryan, Miss Chad Schmidt, Billie Abshire, Melissa McLaughlin, Cheryl Hudson, Mr. Julius Bashirian, Della Toy, Barry Larson, Sherri Bechtelar II, Eleanor Lubowitz, Patsy Sawayn, Woodrow Quigley, Barry Douglas, Terrell Hahn, Gretchen Wisozk, Mike Robel, Abraham White, Lance West, Gilbert Steuber III, Laurence Willms, jerry, Lindsay McGlynn, Johnnie Towne, Brent Boehm, efan, efan068, Diana Buckridge, Rita Balistreri, Wallace Kirlin, Kelly Strosin, Everett Tremblay, Eunice Mueller, Darlene Rau, Alice Hyatt, Irvin Brown, Shelia Oberbrunner, Alexander Hodkiewicz, Russell Hill, Daniel Thompson, Santiago Gijzen, Noel Denesik, Daisy Kling Sr., Ruben Mosciski Jr., Norman Jaskolski, Craig Wunsch, Bridget Lesch, Levi Stark, Angelica Sanford, Krystal Turner, Mrs. Kenny Skiles, Eunice McDermott, Karl Mosciski, Teresa Wolff, Gwendolyn Mertz, Alice Hessel, Jana Hahn, Marcia Cruickshank, Desiree Frami, Brad Kuphal, Julia Toivonen, Elizabeth Brown, Wilfred Bergnaum DVM, Anna Sørensen, Mathilde Arnaud, Zita Markert, Lana Tysnes, Johanne Jørgensen, Alex Reed, Lumi Eskola, Cody Frazier, Emmeline Årdal, Silas Thomsen, Nathan Caron, Lidia Cruz, Sabino Nogueira, Ms. Sonia Bode, Andy Chambers, Fletcher Roberts, Fredrick Stoltenberg, Roosevelt Robel, Clifton Stark, Sidney Waelchi, Gilbert Kozey DDS, Jimmy Wilderman, Stuart Harber, Pearl Mills, Naomi Parker, Ronald Predovic, Nicholas Kerluke, Supta, Noel Strosin, JMeter user 3700, JMeter user 2447, JMeter user 5285, JMeter user 4286, JMeter user 3528, Gayle Fisher, Traci Dibbert, Lila Schmeler, Mr. Guillermo Glover, Preston Nitzsche, Harriet Armstrong, Elizabeth Haley, Wilma Reynolds, asif mahmood, Roberta Wuckert, asifa mahmoodulaa, asifa mahmoodulaa 9967, Mr. Linda Walsh, Alison Krajcik, Eddie Mueller I, Clay Kling, Kirk Reilly, Robyn Green, Jimmie Spencer, Tracy Mitchell DVM, Roberto Grady, JMeter user 8644, JMeter user 9899, JMeter user 2308, JMeter user 4906, JMeter user 3660, JMeter user 5981, JMeter user 7496, Annette Stiedemann, Antonio Bogan, Emrullah Akdemir, asifa mahmoodulaa 6946, Everett Turner, Lidia Vincent, asifa mahmoodulaa 5218, Clarence Peters, JMeter user 8913, asifa mahmoodulaa 4553, Jason Boyer, Bryan Marie, Rosa Rasmussen, William Patel, Abeer  jmeter 595, Abeer  jmeter616, Abeer  jmeter500, Abeer  jmeter189, Abeer  jmeter338, Abeer  jmeter757, Abeer  jmeter830, Abeer  jmeter153, Abeer  jmeter656, Pat White, Abeer  jmeter530, Abeer  jmeter753, Winston Barrows, Abeer  jmeter832, Abeer  jmeter590, Abeer  jmeter526, Abeer  jmeter, Abeer  aajmeter, Al Amin Choudhury Abeer  jmeter235, Al Amin Choudhury Abeer  jmeter422, Al Amin Choudhury Abeer  jmeter166, Al Amin Choudhury Abeer  jmeter939, Al Amin Choudhury Abeer  jmeter384, Al Amin Choudhury Abeer  jmeter958, Al Amin Choudhury Abeer  jmeter491, Al Amin Choudhury Abeer  jmeter472, Al Amin Choudhury Abeer  jmeter681, Al Amin Choudhury Abeer  jmeter851, Al Amin Choudhury Abeer  jmeter213, Al Amin Choudhury Abeer  jmeter289, Al Amin Choudhury Abeer  jmeter713, Al Amin Choudhury Abeer  jmeter138, Al Amin Choudhury Abeer  jmeter674, Al Amin Choudhury Abeer  jmeter890, Al Amin Choudhury Abeer  jmeter711, Al Amin Choudhury Abeer  jmeter537, Al Amin Choudhury Abeer  jmeter840, Al Amin Choudhury Abeer  jmeter667, Al Amin Choudhury Abeer  jmeter844, Al Amin Choudhury Abeer  jmeter741, Al Amin Choudhury Abeer  jmeter771, Al Amin Choudhury Abeer  jmeter940, Al Amin Choudhury Abeer  jmeter387, Al Amin Choudhury Abeer  jmeter568, Al Amin Choudhury Abeer  jmeter570, Al Amin Choudhury Abeer  jmeter179, Al Amin Choudhury Abeer  jmeter447, Al Amin Choudhury Abeer  jmeter416, Al Amin Choudhury Abeer  jmeter512, Al Amin Choudhury Abeer  jmeter245, Al Amin Choudhury Abeer  jmeter596, Al Amin Choudhury Abeer  jmeter121, Al Amin Choudhury Abeer  jmeter245, Al Amin Choudhury Abeer  jmeter428, Al Amin Choudhury Abeer  jmeter648, Al Amin Choudhury Abeer  jmeter925, Al Amin Choudhury Abeer  jmeter108, Al Amin Choudhury Abeer  jmeter469, Al Amin Choudhury Abeer  jmeter838, Al Amin Choudhury Abeer  jmeter455, Al Amin Choudhury Abeer  jmeter915, Al Amin Choudhury Abeer  jmeter956, Al Amin Choudhury Abeer  jmeter689, Al Amin Choudhury Abeer  jmeter430, Al Amin Choudhury Abeer  jmeter595, Al Amin Choudhury Abeer  jmeter813, Al Amin Choudhury Abeer  jmeter927, Al Amin Choudhury Abeer  jmeter793, Al Amin Choudhury Abeer  jmeter678, Al Amin Choudhury Abeer  jmeter885, Al Amin Choudhury Abeer  jmeter878, Al Amin Choudhury Abeer  jmeter565, Al Amin Choudhury Abeer  jmeter514, Al Amin Choudhury Abeer  jmeter315, Al Amin Choudhury Abeer  jmeter820, Al Amin Choudhury Abeer  jmeter545, Al Amin Choudhury Abeer  jmeter602, Al Amin Choudhury Abeer  jmeter349, Al Amin Choudhury Abeer  jmeter711, Al Amin Choudhury Abeer  jmeter101, Al Amin Choudhury Abeer  jmeter708, Al Amin Choudhury Abeer  jmeter326, Al Amin Choudhury Abeer  jmeter418, Al Amin Choudhury Abeer  jmeter799, Al Amin Choudhury Abeer  jmeter905, Al Amin Choudhury Abeer  jmeter416, JMeter user 8470, JMeter user 4729, JMeter user 8827, Al Amin Choudhury Abeer  jmeter433, Al Amin Choudhury Abeer  jmeter470, Al Amin Choudhury Abeer  jmeter718, Al Amin Choudhury Abeer  jmeter797, Abeer  jmeter183, Al Amin Choudhury Abeer  jmeter824, Al Amin Choudhury Abeer  jmeter820, Al Amin Choudhury Abeer  jmeter750, JMeter user 4860, JMeter user 3841, JMeter user 3655, JMeter user 9130, JMeter user 6488, JMeter user 4037, JMeter user 1571, JMeter user 6649, JMeter user 9252, JMeter user 1392, JMeter user 7915, JMeter user 4790, JMeter user 3389, Nibraz Khan, Nibraz Khan, Nibraz Khan, Nibraz Khan, Nibraz Khan, Nibraz Khan, Nibraz Khan, Nibraz Khan, Nibraz Khan, Nibraz Khan, Nibraz Khan, Nibraz Khan, Nibraz Khan, Lewis Nicolas, Blake Feest MD, Rene Jerde, Wm Bergnaum, Cathy D'Amore, Jody Bartoletti, Stacey Koch, Faith Cummings, Mrs. Sonia Kautzer, Robert Emmerich, Kevin Armstrong, Carla Feest, Mrs. Kenneth Sauer, Terrance Abernathy, Jay McKenzie, Velma Torphy, Monique Hudson, Mh_Mizan, Crystal Toy, Supta, Melody Satterfield, Miss Kenneth Adams, Claude Schuppe, Robert Swift, Brent Gleichner, Randy Armstrong, Ms. Brandi Pfannerstill, Jingle bell, Frank Shields, Sheldon Rippin DDS, Jmeter user 200, Alamin, Beulah Howe, Alamina ${ranuserid}, Jmeter user 150, Alamina 7562, Alamina 9945, Alamina 4674, Alamina 1490, Jmeter user 9694, Alamina 3842, Alamina 5957, Alamina 4233, Alamina 7809, Alamina 7070, Alamina 2248, Alamina 9436, Jmeter user 9343, Alamina 4479, Alamina 4057, Alamina 3903 12, Alamina 2328 12, Alamina 60922, Alamina 34152, Jmeter user 8773, Alamina 39772, Alamina 63582, Alamina 10282, Jmeter user 2795, Jmeter user 5917, Jmeter user 8248, Jmeter user 2480, Alamina 15372, Alamina 69982, Alamina 20992, Jmeter user 6171, Alamina 52442, Alamina 60852, Alamina 91082, Alamina 56452, Alamina 12512, Alamina 19292, Alamina 87422, Alamina 24112, Jmeter user 9219, Jmeter user 8849, Alamina 92472, Alamina 39202, Jmeter user 4325, Alamina 22282, Alamina 90622, Jmeter user 5807, Alamina 28722, Alamina 43382, Alamina 77062, Alamina 14692, Jmeter user 4441, Jmeter user 3064, Alamina 34122, Alamina 69602, Alamina 25292, Alamina 10562, Alamina 95212, Alamina 14782, Alamina 32452, Alamina 60652, Alamina 14142, JMeter user 8414, JMeter user 2700, JMeter user 6073, Alamina 65272, Jean Gleason, Rodolfo Bergnaum, Vernon Blanda, Saul Keeling, Renee Barton, Natasha Mosciski, Jingle boll, Jose Keeling, Ms. Delores Buckridge, Muhammad noan, Muhammad noan, Muhammad noan 3744, Muhammad noan 7300, Json user 1859, Json user 9382, Json user 5522, Json user 1514, Json user 3639, Json user 4549, Jmeter user 5629, JMeter user 9232, JMeter user 1684, JMeter user 2804, JMeter user 5245, JMeter user 1064, JMeter user 5911, JMeter user 1643, JMeter user 6244, JMeter user 8359, JMeter user 2058, JMeter user 8890, Jmeter ${randomUserId}, JMeter user 4060, JMeter user 3665, JMeter user 6193, JMeter user 1548, JMeter user 4332, JMeter user ${randuserid}, JMeter user 4080, JMeter user 4748, JMeter user 9204, JMeter user 2077, JMeter user 5656, JMeter user 3114, JMeter user 5446, JMeter user 3852, JMeter user 8872, JMeter user 5831, JMeter user 8985, JMeter user 5276, JMeter user 2764, {{$Jmeter User 100}}, {{$Jmeter user ${randuserid}}, Jmeter user 4639, Jmeter user 8472, Jmeter user 3839, Jmeter user 7463, Jmeter user 1215, Jmeter user 1090, Jmeter user 9809, Jmeter user 7493, Jmeter user 5453, Jmeter user 6849, Jmeter user 8410, JMeter user 1580, JMeter user 8068, JMeter user 9241, JMeter user 1755, JMeter user 9735, JMeter user 5954, JMeter user 8877, JMeter user 6054, JMeter user 8502, JMeter user 7852, JMeter user 5328, JMeter user 7841, JMeter user 3868, JMeter user 7799, JMeter user 6231, JMeter user 2186, JMeter user 2583, JMeter user 9077, JMeter user 8246, JMeter user 5547, JMeter user 8385, JMeter user 4867, JMeter user 3000, JMeter user 8895, JMeter user 4843, JMeter user 7409, JMeter user 1825, JMeter user 2889, JMeter user 1085, JMeter user 1164, JMeter user 2149, JMeter user 2175, JMeter user 9624, JMeter user 7697, JMeter user 6083, JMeter user 4861, JMeter user 3137, JMeter user 8927, Marco Bashirian, JMeter user 9606, JMeter user 3344, JMeter user 8748, JMeter user 1062, JMeter user 1670, JMeter user 5367, JMeter user 9190, JMeter user 8106, JMeter user 8222, JMeter user 2222, JMeter user 9131, JMeter user 8295, JMeter user 1480, JMeter user 5572, JMeter user 2293, JMeter user 2779, JMeter user 2122, JMeter user 8358, JMeter user 1750, JMeter user 4164, JMeter user 8551, JMeter user 5909, JMeter user 6133, JMeter user 1443, JMeter user 5640, JMeter user 9088, JMeter user 5074, JMeter user 6277, JMeter user 4328, JMeter user 4820, JMeter user 3373, JMeter user 1784, JMeter user 4143, JMeter user 3731, JMeter user 7761, JMeter user 5015, JMeter user 2522, JMeter user 3264, JMeter user 5450, JMeter user 2394, JMeter user 6410, JMeter user 8806, JMeter user 2497, JMeter user 6524, JMeter user 3732, JMeter user 6060, JMeter user 8909, JMeter user 5505, JMeter user 7318, JMeter user 8750, JMeter user 2683, JMeter user 4075, JMeter user 9923, JMeter user 1606, JMeter user 8239, JMeter user 8641, JMeter user 1793, JMeter user 7192, JMeter user 4586, JMeter user 9819, JMeter user 4653, Mrs. Eduardo Stroman, Carmen Reinger, JMeter user 6936, Toby Russel III, Willis Haley, Wilma Russel PhD, Ethel Witting, Terrell Donnelly, Nathan Sipes, Ms. Franklin Witting, Becky Lebsack, JMeter user 9707, JMeter user 8305, JMeter user 6932, JMeter user 9497, JMeter user 5387, JMeter user 6864, JMeter user 5574, JMeter user 2224, JMeter user 9343, JMeter user 2482, JMeter user 8443, JMeter user 5305, JMeter user 4218, JMeter user 8861, JMeter user 1811, JMeter user 6353, JMeter user 1456, JMeter user 9124, JMeter user 8805, JMeter user 3634, JMeter user 1494, JMeter user 1295, Pamela Zulauf, JMeter user 3668, JMeter user 5423, JMeter user 2506, JMeter user 4072, JMeter user 3785, JMeter user 2218, I K 1236, JMeter user 7913, JMeter user 8992, JMeter user 1601, JMeter user 3451, JMeter user 2114, JMeter user 7988, JMeter user 3346, JMeter user 3040, JMeter user 7523, JMeter user 5663, JMeter user 9104, JMeter user 8401, JMeter user 8577, JMeter user 1023, M K 1276, JMeter user 5416, JMeter user 4381, JMeter user 4689, JMeter user 4808, JMeter user 8452, JMeter user 3227, JMeter user 1436, JMeter user 9464, JMeter user 5409, JMeter user 7612, JMeter user 1626, JMeter user 9263, JMeter user 8482, JMeter user 2906, JMeter user 9836, JMeter user 3142, JMeter user 6601, JMeter user 5503, JMeter user 3483, JMeter user 8852, MK user 7504, JMeter user 1004, JMeter user 6945, JMeter user 9005, JMeter user 3857, JMeter user 8181, JMeter user 8181, JMeter user 5777, JMeter user 9777, JMeter user 2969, JMeter user 7888, JMeter user 9746, JMeter user 7187, JMeter user 9202, JMeter user 9202, JMeter user 5200, JMeter user 5194, MK user 8344, JMeter user 3198, JMeter user 9962, JMeter user 1598, MK user 2050, MK user 3241, MK user 9270, MK user 9013, MK user 7297, Mrs. Kenny Skiles, MK user 8401, Mrs. Kenny Skiles, MK user 4273, MK user 6414, MK user 2408, JMeter user 2090, JMeter user 1132, JMeter user 6844, Mrs. Kenny Skiles, MK user 1864, Mrs. Kenny Skiles, Mrs. Kenny Skiles, MK user 3755, JMeter user 6326, Mrs. Kenny Skiles, Mrs. Kenny Skiles, MK user 9823, Mrs. Kenny Skiles, Mrs. Kenny Skiles, MK user 1958, MK user 8955, MK user 4836, MK user 4485, MK user 8525, MK user 4035, MK user 2418, John Mac Rio , JMeter user 1862, JMeter user 7161, JMeter user 6467, JMeter user 8816, JMeter user 2361, JMeter user 3405, JMeter user 2500, John H Done, Charles Chu, Mrs. Kenny Skiles, Mrs. Kenny Skiles, Mrs. Kenny Skiles, Mrs. Kenny Skiles, Mrs. Kenny Skiles, Mrs. Kenny Skiles, JMeter user 7195, JMeter user 7635, Mrs. Kenny Skiles, JMeter user 7299, Mrs. Kenny Skiles, Mrs. Kenny Skiles, Mrs. Kenny Skiles, Mrs. Kenny Skiles, Mrs. Kenny Skiles, Mrs. Kenny Skiles, Mrs. Kenny Skiles, Mrs. Kenny Skiles, Mrs. Kenny Skiles, Mrs. Kenny Skiles, Mrs. Kenny Skiles, JMeter user 7425, Mrs. Kenny Skiles, JMeter user 8250, Mr John Done, JMeter user 6200, JMeter user 5821, JMeter user 5939, JMeter user 4817, JMeter user 5825, Mrs. Kenny Skiles, Mrs. Kenny Skiles, Muriel Bradtke, Kristine Feeney, Francis Hills, Elijah Fadel, Jessie Heaney, JMeter user 4815, automation test, Amir, Albane, Solomon, Sazzad Hossazin, Sofia, Eli, Irina, Millie, Af?ar, Mateusz, Rick, Ezra, ????, Adrián Benítez, Carmen Reinger, Sandro Chevalier, Gabrielle Morin, Nikolaj Jensen, rakhi, Mr. Veronica Bartell, Jimmie Conn, Pete Reilly, Geneva Schumm, Edwin Gibson, Juan Frami, Gary Parisian, Mrs. Bertha Borer, Ms. Elsie Schuppe, Darlene Leuschke Jr., Forrest Thiel, Rafael Herman, JMeter user 101, JMeter user 4173, JMeter user 7631, JMeter user 9631, JMeter user 5370, JMeter user 2397, JMeter user 7407, JMeter user 6069, JMeter user 8649, JMeter user 8012, JMeter user 7328, Neil Weimann, Marcia Skiles, Ellis Dare DVM, Arlo Hall, Waino  Reichert  Glenda Adams, Grishma Ramesh, Valerie Rau, Arturo Kihn, Esther Stamm, Jan Funk, Thelma Wehner, Elizabeth Kihn, Alton Rau, Paul Champlin, Dr. Adam Spinka, Väinö Wuori, Joe Lakin, Darnell Weissnat, Carrie Krajcik, James Friesen PhD, Lionel Connelly, Dean Kautzer, Miss Marian Powlowski, Julia Christiansen, Camille Denesik, Adrienne Smitham II, Kristine Johnson, Joanna Prohaska, Jenna Swaniawski Sr., Latoya Nikolaus, Clint Kuhn, Abel Schimmel, Hugo Ebert, Blake Haley, Nelson D'Amore II, Miranda Donnelly, Delia Zulauf PhD, Lindsey Walter, Rosalie Schaefer, Gerard Stokes, Larry Lowe, Troy Armstrong, Nagesh Chiplunkar, Amber Hermann PhD, Olga Bins, Kellie Funk Sr., Karl Hilpert, Joe Treutel, Dave Kris, Ms. Nathan Ward, Patsy Cummings, Joanna Stehr, Lonnie McKenzie, Paul Sporer, Elsie Thompson, Lyle Kertzmann, Helen Ratke, Raymond Woods, Cathy Bartell, Dr. Hazel Bradtke, Garrett Weber, Jacqueline Dibbert, Shane Thiel, Pam Zemlak MD, Lindsay Grimes, Belinda Bauch, Drew Pacocha, Fernando Goldner V, Christina Beer, Clarence Walter, Santiago Hickle, Eva Greenfelder, Viola Heller, Teri DuBuque, Maria Kovacek, Jared Treutel, Jeremiah Simonis, Marion Wiza, Melvin Streich, Amanda Kassulke, Miss Nellie Auer, Tester 5957, Tester 3343, Tester 9094]
{"message":"User list","count":3128,"users":[{"id":33,"name":"Diane Schultz","email":"Alysha_Kulas23@hotmail.com","password":"1234","phone_number":"01525485222","nid":"9588f9c5-e228-4bb7-8e66-851a4e65df4f","role":"Customer","createdAt":"2022-02-02T11:05:49.000Z","updatedAt":"2022-02-02T11:05:49.000Z","balance":0},{"id":34,"name":"Rasel","email":"rasel@test.com","password":"1234","phone_number":"01975339255","nid":"6b113fe9-635f-4a7c-8216-5fd59d036dab","role":"Agent","createdAt":"2022-02-02T11:05:54.000Z","updatedAt":"2022-02-02T11:05:54.000Z","balance":0},{"id":35,"name":"Jose Hane I","email":"Aric_Russel53@hotmail.com","password":"1234","phone_number":"01524995076","nid":"8b99fee7-7955-4dcf-b97e-add200435623","role":"Customer","createdAt":"2022-02-02T11:22:36.000Z","updatedAt":"2022-02-02T11:22:36.000Z","balance":0},{"id":36,"name":"Hope Pouros","email":"Hubert.Hauck@gmail.com","password":"1234","phone_number":"01521170549","nid":"04021a9f-732a-4eb1-9687-64494a5f4dd1","role":"Customer","createdAt":"2022-02-02T11:22:36.000Z","updatedAt":"2022-02-02T11:22:36.000Z","balance":0},{"id":37,"name":"Clifton DuBuque","email":"Lambert.Nitzsche@gmail.com","password":"1234","phone_number":"01525033109","nid":"d7d9507c-08be-41b5-af3a-121a78932fae","role":"Customer","createdAt":"2022-02-02T11:24:58.000Z","updatedAt":"2022-02-02T11:24:58.000Z","balance":0},{"id":38,"name":"Miguel Gleason","email":"Rae56@hotmail.com","password":"1234","phone_number":"01524985053","nid":"3b65608b-2740-4450-aeee-251c5af5a509","role":"Customer","createdAt":"2022-02-02T11:24:58.000Z","updatedAt":"2022-02-02T11:24:58.000Z","balance":0},{"id":39,"name":"Akram Uddin","email":"Kaitlin_Abernathy@hotmail.com","password":"Qv53cDzYGQ2IAqt","phone_number":"01701019351","nid":"1458208","role":"Customer","createdAt":"2022-02-02T11:24:59.000Z","updatedAt":"2022-06-28T20:06:36.000Z","balance":0},{"id":41,"name":"Madeline Prosacco","email":"Nona87@hotmail.com","password":"1234","phone_number":"01524085999","nid":"315cd20c-35a4-423e-9173-b63f6a6c1cea","role":"Customer","createdAt":"2022-02-02T11:30:09.000Z","updatedAt":"2022-02-02T11:30:09.000Z","balance":0},{"id":42,"name":"Sergio Hoppe","email":"Jerald.Carter82@hotmail.com","password":"1234","phone_number":"01527185349","nid":"426d6f14-28db-4994-95fc-4cce67968b51","role":"Customer","createdAt":"2022-02-02T11:32:25.000Z","updatedAt":"2022-02-02T11:32:25.000Z","balance":0},{"id":43,"name":"Sabbiri","email":"sabbir.sqa@grr.la","password":"1234","phone_number":"01100000001","nid":"1234567890","role":"Customer","createdAt":"2022-02-02T11:32:25.000Z","updatedAt":"2022-07-24T17:04:30.000Z","balance":0},{"id":44,"name":"Utshow","email":"amir@test.com","password":"1234","phone_number":"01975654321","nid":"6738cf86-46e1-456e-951c-394a4da59ee7","role":"Agent","createdAt":"2022-02-02T11:32:26.000Z","updatedAt":"2022-07-24T17:04:43.000Z","balance":0},{"id":45,"name":"Raymond Windler","email":"Fabiola.Klein@hotmail.com","password":"1234","phone_number":"01528784717","nid":"f9847a8f-a254-420c-a189-1e38b204e402","role":"Customer","createdAt":"2022-02-02T17:54:36.000Z","updatedAt":"2022-02-02T17:54:36.000Z","balance":0},{"id":46,"name":"Kathryn Aufderhar","email":"Hailee.Funk91@hotmail.com","password":"1234","phone_number":"01528463485","nid":"54646464","role":"Agent","createdAt":"2022-02-02T17:54:43.000Z","updatedAt":"2022-08-09T16:06:32.000Z","balance":0},{"id":47,"name":"Peter Wilderman","email":"Adella.Beier26@yahoo.com","password":"1234","phone_number":"01529544898","nid":"3ded6e00-525f-42c7-86fe-6f2247f1539a","role":"Customer","createdAt":"2022-02-02T18:42:19.000Z","updatedAt":"2022-02-02T18:42:19.000Z","balance":0},{"id":48,"name":"Latoya Parker","email":"Peter97@yahoo.com","password":"1234","phone_number":"01322828397","nid":"9f3e2245-c41c-4375-9fc0-b323c04b9ecb","role":"Customer","createdAt":"2022-02-02T18:57:04.000Z","updatedAt":"2022-02-02T18:57:04.000Z","balance":0},{"id":49,"name":"Ms. Alfredo Anderson","email":"Niko_OKeefe38@gmail.com","password":"1234","phone_number":"01329131325","nid":"6c2d38a2-afc7-4443-b471-4e7ba702bbf1","role":"Customer","createdAt":"2022-02-02T19:02:35.000Z","updatedAt":"2022-02-02T19:02:35.000Z","balance":0},{"id":50,"name":"Salman Rahman","email":"salman@grr.la","password":"1234","phone_number":"01625406459","nid":"1046bb16-5dba-41c7-8b59-4fd7f0320240","role":"Customer","createdAt":"2022-02-02T19:03:07.000Z","updatedAt":"2022-04-01T03:46:44.000Z","balance":0},{"id":51,"name":"Travis Auer","email":"Sanford_Grimes@yahoo.com","password":"1234","phone_number":"01625406459","nid":"b2e611d9-2b61-4a96-b23b-189125071bc1","role":"Customer","createdAt":"2022-02-02T19:05:19.000Z","updatedAt":"2022-04-01T03:20:21.000Z","balance":0},{"id":52,"name":"Mrs. Alan Schmidt","email":"Rex72@yahoo.com","password":"1234","phone_number":"01625406459","nid":"ef86e1c4-e531-4a02-b91c-6fac16abe408","role":"Customer","createdAt":"2022-02-02T19:14:14.000Z","updatedAt":"2022-04-01T05:53:53.000Z","balance":0},{"id":53,"name":"Sylvia Stroman","email":"Misty.Rolfson@hotmail.com","password":"1234","phone_number":"01324384464","nid":"5d89b212-ba16-48fd-bb3b-f087c240846f","role":"Customer","createdAt":"2022-02-02T19:15:18.000Z","updatedAt":"2022-02-02T19:15:18.000Z","balance":0},{"id":54,"name":"Bill Feest","email":"Tillman31@gmail.com","password":"1234","phone_number":"01325364226","nid":"74408231-b9c0-4e51-8f52-8911244fb19e","role":"Customer","createdAt":"2022-02-02T19:15:19.000Z","updatedAt":"2022-02-02T19:15:19.000Z","balance":0},{"id":55,"name":"Phillip Leffler","email":"Icie_Conroy@hotmail.com","password":"1234","phone_number":"01322009274","nid":"8267966d-53b3-47e1-beeb-63e2028f05c4","role":"Customer","createdAt":"2022-02-02T19:15:20.000Z","updatedAt":"2022-02-02T19:15:20.000Z","balance":0},{"id":56,"name":"Naomi Smitham","email":"Amara44@hotmail.com","password":"1234","phone_number":"01322802104","nid":"d3ab7b24-40c6-41d0-90c7-7fa34ba4bac4","role":"Customer","createdAt":"2022-02-02T19:15:23.000Z","updatedAt":"2022-02-02T19:15:23.000Z","balance":0},{"id":57,"name":"Janis McClure","email":"Alexandrea_Ondricka@hotmail.com","password":"1234","phone_number":"01325208855","nid":"509010d1-f97f-4acd-97e6-97762c714ecb","role":"Customer","createdAt":"2022-02-02T19:15:24.000Z","updatedAt":"2022-02-02T19:15:24.000Z","balance":0},{"id":58,"name":"Kathleen Kuphal DVM","email":"Jannie_Hartmann27@yahoo.com","password":"1234","phone_number":"01326384303","nid":"b0be72b3-3321-4d66-81fc-df6b318f75c5","role":"Customer","createdAt":"2022-02-02T19:15:24.000Z","updatedAt":"2022-02-02T19:15:24.000Z","balance":0},{"id":59,"name":"Juana Reynolds","email":"Nelda.Aufderhar65@hotmail.com","password":"1234","phone_number":"01327097723","nid":"490b02e0-8890-4ef1-bd89-9cb11b7f814d","role":"Customer","createdAt":"2022-02-02T19:15:26.000Z","updatedAt":"2022-02-02T19:15:26.000Z","balance":0},{"id":60,"name":"Warren Beer","email":"Ressie61@yahoo.com","password":"1234","phone_number":"01327408898","nid":"6144a799-9af4-48a4-ac6c-a2ffd148156c","role":"Customer","createdAt":"2022-02-02T19:23:34.000Z","updatedAt":"2022-02-02T19:23:34.000Z","balance":0},{"id":61,"name":"AVS","email":"ahauih@gmail.com","password":"1234","phone_number":"018456265","nid":"ced23324-3a82-485e-bfc9-699f609b98e5","role":"Agent","createdAt":"2022-02-02T19:49:56.000Z","updatedAt":"2022-02-02T19:49:56.000Z","balance":0},{"id":62,"name":"aa","email":"aa@gmail.com","password":"1234","phone_number":"01475858596","nid":"42986675-acc2-4611-be39-f2dfcab91694","role":"Agent","createdAt":"2022-02-02T19:52:18.000Z","updatedAt":"2022-02-02T19:52:18.000Z","balance":0},{"id":64,"name":"abid","email":"abid@gmail.com","password":"14","phone_number":"01683201822","nid":"9a48f071-d92d-4aa8-b9cd-f8278893d481","role":"Agent","createdAt":"2022-02-02T19:58:08.000Z","updatedAt":"2022-02-02T19:58:08.000Z","balance":0},{"id":66,"name":"Armani","email":"Evangeline95@hotmail.com","password":"14","phone_number":"0144558667","nid":"ef5aa586-d4f4-43f1-9130-b9b2615aded7","role":"Agent","createdAt":"2022-02-02T19:59:28.000Z","updatedAt":"2022-02-02T19:59:28.000Z","balance":0},{"id":67,"name":"Loyal","email":"Randall_Kerluke@hotmail.com","password":"123456789","phone_number":"468-498-7997","nid":"2afd3548-d193-4c1e-ba07-580724665c7b","role":"Agent","createdAt":"2022-02-02T20:02:39.000Z","updatedAt":"2022-02-02T20:02:39.000Z","balance":0},{"id":68,"name":"Cooper","email":"Katrina_Keebler@gmail.com","password":"123456789","phone_number":"{{phone}}","nid":"59419d1a-8bb4-42db-80b0-a515aa5c62cf","role":"Agent","createdAt":"2022-02-02T20:03:03.000Z","updatedAt":"2022-02-02T20:03:03.000Z","balance":0},{"id":69,"name":"Katrine","email":"Agustin_Powlowski@hotmail.com","password":"123456789","phone_number":"475-949-3451","nid":"a34dbee9-5b85-468c-8610-5a2a15cf598c","role":"Agent","createdAt":"2022-02-02T20:08:57.000Z","updatedAt":"2022-02-02T20:08:57.000Z","balance":0},{"id":70,"name":"Mike Rohan","email":"Jonas_Mosciski80@yahoo.com","password":"1234","phone_number":"01324357980","nid":"78f5ba84-aef4-4c23-8f70-545604abf88a","role":"Customer","createdAt":"2022-02-02T20:10:09.000Z","updatedAt":"2022-02-02T20:10:09.000Z","balance":0},{"id":71,"name":"Carlotta","email":"Micaela_Von@yahoo.com","password":"123456789","phone_number":"995-273-8551","nid":"1ff76489-2a30-4b64-9cab-9ed2372abae8","role":"Agent","createdAt":"2022-02-02T20:10:22.000Z","updatedAt":"2022-02-02T20:10:22.000Z","balance":0},{"id":72,"name":"Rolando Treutel","email":"Olen45@yahoo.com","password":"1234","phone_number":"01522230317","nid":"a297cf88-4881-4eb7-8f96-41ea9d78fcba","role":"Customer","createdAt":"2022-02-02T20:11:33.000Z","updatedAt":"2022-02-02T20:11:33.000Z","balance":0},{"id":73,"name":"Brenda","email":"Therese.Dietrich13@hotmail.com","password":"1234","phone_number":"{{$phone_number}}","nid":"bc40a631-9b36-4cf2-9a58-db16d8a4757a","role":"Agent","createdAt":"2022-02-02T20:13:20.000Z","updatedAt":"2022-02-02T20:13:20.000Z","balance":0},{"id":74,"name":"Alex","email":"Sharon_Crist@hotmail.com","password":"1234","phone_number":"{{rand_ph_num}}","nid":"5efef378-f9a2-4e39-a60f-59732fd2936a","role":"Agent","createdAt":"2022-02-02T20:14:13.000Z","updatedAt":"2022-02-02T20:14:13.000Z","balance":0},{"id":75,"name":"Laurence Ryan","email":"Destiny_Kutch29@hotmail.com","password":"1234","phone_number":"01325289021","nid":"a5ad0bed-c0e1-4b57-9506-3d56c5265615","role":"Customer","createdAt":"2022-02-02T20:18:00.000Z","updatedAt":"2022-02-02T20:18:00.000Z","balance":0},{"id":76,"name":"Christa","email":"Kristin.Howe24@hotmail.com","password":"123456789","phone_number":"0191975787","nid":"9f6eb207-842f-4a06-86bf-e8c3bc6fbe6d","role":"Agent","createdAt":"2022-02-02T20:20:47.000Z","updatedAt":"2022-02-02T20:20:47.000Z","balance":0},{"id":77,"name":"Judy","email":"Angelica_Dickens1@yahoo.com","password":"123456789","phone_number":"0191931119","nid":"cd2fc3ea-9d5b-432e-92c3-18984f02332b","role":"Agent","createdAt":"2022-02-02T20:22:09.000Z","updatedAt":"2022-02-02T20:22:09.000Z","balance":1000},{"id":78,"name":"Al Pacocha","email":"Shanna_Zulauf91@hotmail.com","password":"1234","phone_number":"01329065317","nid":"750f8d01-0a41-4d58-a328-42e1ef615783","role":"Customer","createdAt":"2022-02-02T20:27:32.000Z","updatedAt":"2022-02-02T20:27:32.000Z","balance":1065},{"id":79,"name":"Juana Mraz","email":"Shanon_DuBuque90@gmail.com","password":"1234","phone_number":"01322430583","nid":"4a88ba47-34c5-42e9-b5f9-639492ccc937","role":"Customer","createdAt":"2022-02-02T21:08:36.000Z","updatedAt":"2022-02-02T21:08:36.000Z","balance":0},{"id":80,"name":"Danika","email":"Adeline2@gmail.com","password":"123456789","phone_number":"0191953769","nid":"160b3008-ac4e-459b-b105-275f5f9252fc","role":"Agent","createdAt":"2022-02-02T21:08:36.000Z","updatedAt":"2022-02-02T21:08:36.000Z","balance":0},{"id":81,"name":"Nathaniel Purdy MD","email":"Jerrod_Halvorson63@yahoo.com","password":"1234","phone_number":"01324088041","nid":"76b3500a-69bc-4007-b757-4a6335c6c72a","role":"Customer","createdAt":"2022-02-02T21:09:34.000Z","updatedAt":"2022-02-02T21:09:34.000Z","balance":185},{"id":82,"name":"Aryanna","email":"Naomie16@yahoo.com","password":"123456789","phone_number":"0191949766","nid":"4c32fba2-da7b-4ec2-ac33-0a707645a1e7","role":"Agent","createdAt":"2022-02-02T21:09:35.000Z","updatedAt":"2022-02-02T21:09:35.000Z","balance":500},{"id":83,"name":"Julie Dickinson","email":"Madelynn_Larkin18@hotmail.com","password":"1234","phone_number":"01322887401","nid":"53c431fd-afab-45e1-abd3-7cd747c20cb5","role":"Customer","createdAt":"2022-02-02T21:10:05.000Z","updatedAt":"2022-02-02T21:10:05.000Z","balance":185},{"id":84,"name":"Casper","email":"Titus35@hotmail.com","password":"123456789","phone_number":"019192726","nid":"85609acf-78fb-4412-ae2a-d3e39d6f29ba","role":"Agent","createdAt":"2022-02-02T21:10:05.000Z","updatedAt":"2022-02-02T21:10:05.000Z","balance":500},{"id":85,"name":"Monique Wunsch PhD","email":"Rusty.Schulist@yahoo.com","password":"1234","phone_number":"01321378140","nid":"1ab47264-5bb7-45ba-9949-e5710ce73e96","role":"Customer","createdAt":"2022-02-02T21:11:29.000Z","updatedAt":"2022-02-02T21:11:29.000Z","balance":185},{"id":86,"name":"Blaise","email":"Janick.Ebert@yahoo.com","password":"123456789","phone_number":"0191993490","nid":"7eb335e5-2114-4922-b5b1-d646b8243531","role":"Agent","createdAt":"2022-02-02T21:11:29.000Z","updatedAt":"2022-02-02T21:11:29.000Z","balance":500},{"id":87,"name":"Gilbert Doyle","email":"Omari_Hauck@gmail.com","password":"1234","phone_number":"01324591608","nid":"7097fd21-897f-4d82-a2cf-252fb6bf4338","role":"Customer","createdAt":"2022-02-02T21:12:48.000Z","updatedAt":"2022-02-02T21:12:48.000Z","balance":185},{"id":88,"name":"Anjali","email":"Caroline_Cummerata48@hotmail.com","password":"123456789","phone_number":"0191998988","nid":"da01d5d4-b075-4d59-b7b3-7dbfbda48cbf","role":"Agent","createdAt":"2022-02-02T21:12:48.000Z","updatedAt":"2022-02-02T21:12:48.000Z","balance":500},{"id":89,"name":"Moses Durgan","email":"Kenneth58@gmail.com","password":"1234","phone_number":"01321349794","nid":"b5ebee1a-6e68-49ff-b502-de2d8fce355f","role":"Customer","createdAt":"2022-02-03T17:33:15.000Z","updatedAt":"2022-02-03T17:33:15.000Z","balance":0},{"id":90,"name":"Lynn Sipes","email":"Haven_Bergnaum@gmail.com","password":"1234","phone_number":"01328249613","nid":"57b8d390-08f3-4cb2-8815-8a6cdf3aad02","role":"Customer","createdAt":"2022-02-03T17:33:19.000Z","updatedAt":"2022-02-03T17:33:19.000Z","balance":0},{"id":91,"name":"Mr. Lula VonRueden","email":"Jared66@gmail.com","password":"1234","phone_number":"01324209086","nid":"1f32e356-fe5c-4a0c-a375-3b0a43348261","role":"Customer","createdAt":"2022-02-03T17:33:21.000Z","updatedAt":"2022-02-03T17:33:21.000Z","balance":0},{"id":92,"name":"Rose Smitham","email":"Izaiah.Connelly0@yahoo.com","password":"1234","phone_number":"01322980573","nid":"5fe55df2-e651-4e77-b34a-ffeb97754c71","role":"Customer","createdAt":"2022-02-03T17:33:52.000Z","updatedAt":"2022-02-03T17:33:52.000Z","balance":0},{"id":93,"name":"Bobbie Becker","email":"Ross.Hahn49@yahoo.com","password":"1234","phone_number":"01522649275","nid":"270a6bce-c74c-4ddb-8391-436a049b40b7","role":"Customer","createdAt":"2022-02-03T17:48:56.000Z","updatedAt":"2022-02-03T17:48:56.000Z","balance":0},{"id":94,"name":"Rex Hane","email":"Joanny_Marvin96@hotmail.com","password":"1234","phone_number":"01528754845","nid":"2ac574f1-510e-4eb8-b091-1782a735217c","role":"Customer","createdAt":"2022-02-03T19:11:32.000Z","updatedAt":"2022-02-03T19:11:32.000Z","balance":0},{"id":95,"name":"Alicia Lemke II","email":"Vernie.Stracke59@yahoo.com","password":"1234","phone_number":"01521784947","nid":"05a86d70-6163-4703-93c4-22b729be2dc8","role":"Customer","createdAt":"2022-02-03T19:22:10.000Z","updatedAt":"2022-02-03T19:22:10.000Z","balance":0},{"id":96,"name":"Rachael Schuppe","email":"Cheyanne_McDermott64@hotmail.com","password":"1234","phone_number":"01323034667","nid":"5f639aa3-3251-49f8-a31f-742f4c815497","role":"Customer","createdAt":"2022-02-04T17:27:31.000Z","updatedAt":"2022-02-04T17:27:31.000Z","balance":1000},{"id":97,"name":"Kristine Hagenes","email":"Sadye.Hermiston@gmail.com","password":"1234","phone_number":"01326165876","nid":"1156033a-b7d1-430e-90c5-a71b300c1afd","role":"Customer","createdAt":"2022-02-04T17:44:13.000Z","updatedAt":"2022-02-04T17:44:13.000Z","balance":185},{"id":98,"name":"Yazmin","email":"Wilfred7@yahoo.com","password":"123456789","phone_number":"0191924716","nid":"4e754a21-19dc-48ac-b45a-47762bd65ee8","role":"Agent","createdAt":"2022-02-04T17:44:13.000Z","updatedAt":"2022-02-04T17:44:13.000Z","balance":500},{"id":99,"name":"Jared Littel","email":"Sofia_Schowalter48@yahoo.com","password":"1234","phone_number":"01325494027","nid":"7831fa86-50ec-49cc-8a80-77377ec551b1","role":"Customer","createdAt":"2022-02-04T17:56:54.000Z","updatedAt":"2022-02-04T17:56:54.000Z","balance":185},{"id":100,"name":"Rhoda","email":"Jaunita_Pfannerstill@hotmail.com","password":"123456789","phone_number":"0191991718","nid":"cb00d249-ef75-4fdb-a9ac-710faec84898","role":"Agent","createdAt":"2022-02-04T17:56:54.000Z","updatedAt":"2022-02-04T17:56:54.000Z","balance":500},{"id":101,"name":"Eric Ebert","email":"Eleonore.Dicki@gmail.com","password":"1234","phone_number":"01329259149","nid":"8fd505b1-cfb8-409d-ab5a-6005ae41385f","role":"Customer","createdAt":"2022-02-04T18:12:57.000Z","updatedAt":"2022-02-04T18:12:57.000Z","balance":15},{"id":102,"name":"Hortense","email":"Adele.Wunsch46@yahoo.com","password":"123456789","phone_number":"0191941751","nid":"e90ae04f-ab5a-43ef-9286-e735cab634ee","role":"Agent","createdAt":"2022-02-04T18:12:57.000Z","updatedAt":"2022-02-04T18:12:57.000Z","balance":500},{"id":103,"name":"Antoinette Marks","email":"Torey.Ferry@gmail.com","password":"1234","phone_number":"01329926646","nid":"4561ea08-0cc9-40c2-8d84-9676a7aa4a4e","role":"Customer","createdAt":"2022-02-04T18:16:18.000Z","updatedAt":"2022-02-04T18:16:18.000Z","balance":0},{"id":104,"name":"Delores","email":"Emil90@hotmail.com","password":"123456789","phone_number":"0191940346","nid":"82319064-f708-4ae9-93e5-4922291405ce","role":"Agent","createdAt":"2022-02-04T18:16:19.000Z","updatedAt":"2022-02-04T18:16:19.000Z","balance":0},{"id":105,"name":"Laurence Pouros","email":"Larry.Nader88@gmail.com","password":"1234","phone_number":"01327896998","nid":"9631a397-b622-4fb3-869f-e86c428a3353","role":"Customer","createdAt":"2022-02-04T18:20:29.000Z","updatedAt":"2022-02-04T18:20:29.000Z","balance":0},{"id":106,"name":"Dianna","email":"Donavon_Hudson@yahoo.com","password":"123456789","phone_number":"0191967632","nid":"fc02cd7f-b952-418f-b211-b0ad39d4e684","role":"Agent","createdAt":"2022-02-04T18:20:29.000Z","updatedAt":"2022-02-04T18:20:29.000Z","balance":0},{"id":107,"name":"Alvin Greenfelder DVM","email":"Matilde.Lowe94@gmail.com","password":"1234","phone_number":"01329947543","nid":"592a761f-8c64-4916-9176-6c5c3b89407b","role":"Customer","createdAt":"2022-02-04T18:25:26.000Z","updatedAt":"2022-02-04T18:25:26.000Z","balance":185},{"id":108,"name":"Tara","email":"Florian.Wisoky55@gmail.com","password":"123456789","phone_number":"0191955566","nid":"062f42d5-cb44-4f0b-98a6-3485ca864feb","role":"Agent","createdAt":"2022-02-04T18:25:26.000Z","updatedAt":"2022-02-04T18:25:26.000Z","balance":2000},{"id":109,"name":"Bryant Sipes","email":"Zachary63@hotmail.com","password":"1234","phone_number":"01325511606","nid":"2e509f9a-db52-4c09-92ef-0f6c861c4ed1","role":"Customer","createdAt":"2022-02-04T18:25:47.000Z","updatedAt":"2022-02-04T18:25:47.000Z","balance":185},{"id":110,"name":"Selina","email":"Carrie27@yahoo.com","password":"123456789","phone_number":"0191962171","nid":"6f0fc39e-aaf0-4323-8f4c-3cccbb9dd4ad","role":"Agent","createdAt":"2022-02-04T18:25:47.000Z","updatedAt":"2022-02-04T18:25:47.000Z","balance":500},{"id":111,"name":"Ms. Cristina Blick","email":"Quentin_Goldner94@gmail.com","password":"1234","phone_number":"01326668246","nid":"c36ef1ef-04be-4bca-80e1-67c212c27064","role":"Customer","createdAt":"2022-02-04T19:07:12.000Z","updatedAt":"2022-02-04T19:07:12.000Z","balance":185},{"id":112,"name":"Isac","email":"Evan6@yahoo.com","password":"123456789","phone_number":"0191943879","nid":"05106651-6979-4f64-b693-f80c15c757b3","role":"Agent","createdAt":"2022-02-04T19:07:12.000Z","updatedAt":"2022-02-04T19:07:12.000Z","balance":500},{"id":113,"name":"Ernestine Kertzmann","email":"Gabriella_Waelchi@hotmail.com","password":"1234","phone_number":"01326615637","nid":"d78d819e-428c-4439-87b9-a8a43e42042d","role":"Customer","createdAt":"2022-02-04T19:20:22.000Z","updatedAt":"2022-02-04T19:20:22.000Z","balance":185},{"id":114,"name":"Heather","email":"Lazaro_Bruen@yahoo.com","password":"123456789","phone_number":"0191957952","nid":"cfba3cd4-3a7e-4ad3-a9c2-3f7abf4b2e2c","role":"Agent","createdAt":"2022-02-04T19:20:22.000Z","updatedAt":"2022-02-04T19:20:22.000Z","balance":500},{"id":115,"name":"Jennie Schumm","email":"Nikki25@yahoo.com","password":"1234","phone_number":"01328297235","nid":"716c2279-9df8-4138-b7e6-c27ed05dcf52","role":"Customer","createdAt":"2022-02-04T19:20:23.000Z","updatedAt":"2022-02-04T19:20:23.000Z","balance":185},{"id":116,"name":"Tillman","email":"Jadyn_Kihn86@gmail.com","password":"123456789","phone_number":"0191979679","nid":"74ab8505-42c3-4a92-b0e8-e2e81e029e5a","role":"Agent","createdAt":"2022-02-04T19:20:23.000Z","updatedAt":"2022-02-04T19:20:23.000Z","balance":500},{"id":117,"name":"Meghan Fay","email":"Clotilde22@gmail.com","password":"1234","phone_number":"01529002667","nid":"ff3ae212-bd41-4b1e-af17-b41c95530f3a","role":"Customer","createdAt":"2022-02-05T06:51:46.000Z","updatedAt":"2022-02-05T06:51:46.000Z","balance":0},{"id":118,"name":"Mr. Carmona","email":"agustin.carmona@example.com","password":"1234","phone_number":"01523413743","nid":"02914d73-9282-4f8b-a041-9744ec862ba0","role":"Customer","createdAt":"2022-02-06T09:43:25.000Z","updatedAt":"2022-02-06T09:43:25.000Z","balance":0},{"id":119,"name":"JulesNoel","email":"jules.noel@example.com","password":"1234","phone_number":"01527019378","nid":"6c3037f6-674a-42c8-b6c2-ad3945c24259","role":"Customer","createdAt":"2022-02-06T10:05:31.000Z","updatedAt":"2022-02-06T10:05:31.000Z","balance":1960},{"id":120,"name":"RossHernandez","email":"ross.hernandez@example.com","password":"1234","phone_number":"01523475990","nid":"d6ccc942-47d4-4216-ba3d-6edee166999a","role":"Customer","createdAt":"2022-02-06T10:10:09.000Z","updatedAt":"2022-02-06T10:10:09.000Z","balance":0},{"id":121,"name":"JorisBourgeois","email":"joris.bourgeois@example.com","password":"1234","phone_number":"01974128039","nid":"6173a70d-dc63-4b6c-b60f-d4ae6b2de421","role":"Agent","createdAt":"2022-02-06T10:10:11.000Z","updatedAt":"2022-02-06T10:10:11.000Z","balance":0},{"id":122,"name":"Dolores Dias","email":"dolores.dias@example.com","password":"1234","phone_number":"01521446206","nid":"36287c0e-10c3-4cb6-bfed-7d124cc38013","role":"Customer","createdAt":"2022-02-06T10:13:20.000Z","updatedAt":"2022-02-06T10:13:20.000Z","balance":0},{"id":123,"name":"Danielle Lawson","email":"danielle.lawson@example.com","password":"1234","phone_number":"01972328725","nid":"3849a2b9-922c-4dcd-b589-7db4fe278e15","role":"Agent","createdAt":"2022-02-06T10:13:22.000Z","updatedAt":"2022-02-06T10:13:22.000Z","balance":0},{"id":124,"name":"Samed Nieuwendijk","email":"samed.nieuwendijk@example.com","password":"1234","phone_number":"0152502741","nid":"c84ce895-cadb-4d9c-84b0-89bbc7c69e99","role":"Customer","createdAt":"2022-02-06T10:25:42.000Z","updatedAt":"2022-02-06T10:25:42.000Z","balance":0},{"id":125,"name":"Eliana Faure","email":"eliana.faure@example.com","password":"1234","phone_number":"01978591133","nid":"44cec252-a52f-4f45-885c-69623754650f","role":"Agent","createdAt":"2022-02-06T10:25:43.000Z","updatedAt":"2022-02-06T10:25:43.000Z","balance":0},{"id":126,"name":"Simon Feil","email":"Adolfo_Hoeger@yahoo.com","password":"1234","phone_number":"01524167869","nid":"bcd3c1fa-5d2b-4e40-b402-141f23677792","role":"Customer","createdAt":"2022-02-07T14:03:28.000Z","updatedAt":"2022-02-07T14:03:28.000Z","balance":0},{"id":127,"name":"Lawrence Bradtke","email":"Alexis.Harvey@yahoo.com","password":"1234","phone_number":"01529707004","nid":"238d12f0-b288-4e95-af7c-53fc74f14de6","role":"Customer","createdAt":"2022-02-07T14:08:07.000Z","updatedAt":"2022-02-07T14:08:07.000Z","balance":0},{"id":128,"name":"Janie Bode MD","email":"Jayne34@hotmail.com","password":"1234","phone_number":"01522615373","nid":"0b81a22c-42f9-4594-bb59-dd58d390e014","role":"Customer","createdAt":"2022-02-07T16:10:28.000Z","updatedAt":"2022-02-07T16:10:28.000Z","balance":0},{"id":129,"name":"Rainer Barbier","email":"rainer.barbier@example.com","password":"1234","phone_number":"0152529562","nid":"c0474512-2921-443b-93cb-9fa885e94108","role":"Customer","createdAt":"2022-02-07T16:20:24.000Z","updatedAt":"2022-02-07T16:20:24.000Z","balance":0},{"id":130,"name":"Beverley Sims","email":"beverley.sims@example.com","password":"1234","phone_number":"01524637897","nid":"1dccb6a8-783b-457f-915a-7174f0f7dde1","role":"Customer","createdAt":"2022-02-07T16:24:59.000Z","updatedAt":"2022-02-07T16:24:59.000Z","balance":0},{"id":131,"name":"Christian Day","email":"christian.day@example.com","password":"1234","phone_number":"01525434367","nid":"23c13914-72f3-4147-be46-b7c71b98d527","role":"Customer","createdAt":"2022-02-07T16:26:02.000Z","updatedAt":"2022-02-07T16:26:02.000Z","balance":0},{"id":132,"name":"Harrison Walker","email":"harrison.walker@example.com","password":"1234","phone_number":"01526184362","nid":"6cda2f03-bf4f-4084-8fc2-ddda57311499","role":"Customer","createdAt":"2022-02-07T16:28:58.000Z","updatedAt":"2022-02-07T16:28:58.000Z","balance":0},{"id":133,"name":"Maria Poulsen","email":"maria.poulsen@example.com","password":"1234","phone_number":"01971652348","nid":"ad33a78d-81c3-45b5-bb49-2af9a14d3de4","role":"Agent","createdAt":"2022-02-07T16:34:53.000Z","updatedAt":"2022-02-07T16:34:53.000Z","balance":0},{"id":134,"name":"Borja Pastor","email":"borja.pastor@example.com","password":"1234","phone_number":"01528370533","nid":"2be0b995-5add-4ae1-a1b0-4fe87336f23d","role":"Customer","createdAt":"2022-02-07T16:47:54.000Z","updatedAt":"2022-02-07T16:47:54.000Z","balance":0},{"id":135,"name":"Dan Morales","email":"dan.morales@example.com","password":"1234","phone_number":"01523230720","nid":"390d5cf0-4ac7-4429-8cf6-7e1ecb23cfbf","role":"Customer","createdAt":"2022-02-07T16:48:48.000Z","updatedAt":"2022-02-07T16:48:48.000Z","balance":2400},{"id":136,"name":"Nathan Anderson","email":"nathan.anderson@example.com","password":"1234","phone_number":"01528669829","nid":"c04d9eca-13d1-4ab0-873a-f073ce2b6d35","role":"Customer","createdAt":"2022-02-07T16:51:07.000Z","updatedAt":"2022-02-07T16:51:07.000Z","balance":0},{"id":137,"name":"Ege Hakyemez","email":"ege.hakyemez@example.com","password":"1234","phone_number":"01526226752","nid":"5691a02c-e586-4471-8a77-2681f074b80f","role":"Customer","createdAt":"2022-02-07T16:54:18.000Z","updatedAt":"2022-02-07T16:54:18.000Z","balance":0},{"id":138,"name":"Marc Blanco","email":"marc.blanco@example.com","password":"1234","phone_number":"01528600296","nid":"b09b39b7-fc94-4703-a80a-ab7b31af8d11","role":"Customer","createdAt":"2022-02-07T17:00:19.000Z","updatedAt":"2022-02-07T17:00:19.000Z","balance":0},{"id":139,"name":"Naomi Thomas","email":"naomi.thomas@example.com","password":"1234","phone_number":"01521373109","nid":"bbdb9074-7889-42d6-ac6f-67add28c58dc","role":"Customer","createdAt":"2022-02-07T17:02:59.000Z","updatedAt":"2022-02-07T17:02:59.000Z","balance":0},{"id":140,"name":"Jonathan Garcia","email":"jonathan.garcia@example.com","password":"1234","phone_number":"01528534125","nid":"8456a899-8378-4a9e-be31-e5cd3d93d1e7","role":"Customer","createdAt":"2022-02-07T17:03:56.000Z","updatedAt":"2022-02-07T17:03:56.000Z","balance":0},{"id":141,"name":"Lucy Taylor","email":"lucy.taylor@example.com","password":"1234","phone_number":"01522454963","nid":"ae798a1f-d796-4716-9229-595e0899d2f6","role":"Customer","createdAt":"2022-02-07T17:25:40.000Z","updatedAt":"2022-02-07T17:25:40.000Z","balance":0},{"id":142,"name":"Tristan Rasmussen","email":"tristan.rasmussen@example.com","password":"1234","phone_number":"01527228602","nid":"edcd6575-f6e3-4ad2-b237-174d4e0c9ea9","role":"Customer","createdAt":"2022-02-07T17:28:46.000Z","updatedAt":"2022-02-07T17:28:46.000Z","balance":0},{"id":144,"name":"Dianne Ratke PhD","email":"Esther_Gorczany79@hotmail.com","password":"1234","phone_number":"01522863392","nid":"e063a905-0875-47d3-97d0-0da48ba27907","role":"Customer","createdAt":"2022-02-07T17:33:00.000Z","updatedAt":"2022-02-07T17:33:00.000Z","balance":0},{"id":145,"name":"Ashley Doyle","email":"Cornelius_Wyman9@gmail.com","password":"1234","phone_number":"01527003971","nid":"2e87d425-8e48-4c71-9791-95db77bb60c8","role":"Customer","createdAt":"2022-02-07T17:33:43.000Z","updatedAt":"2022-02-07T17:33:43.000Z","balance":0},{"id":146,"name":"Renee Pollich","email":"Jessy_Wunsch0@gmail.com","password":"1234","phone_number":"01521379095","nid":"d4b47733-768d-48db-a681-1a97bd245f6c","role":"Customer","createdAt":"2022-02-07T17:40:31.000Z","updatedAt":"2022-02-07T17:40:31.000Z","balance":0},{"id":148,"name":"Jill Nicolas","email":"jill.nicolas@example.com","password":"1234","phone_number":"01524676597","nid":"7c25ad62-4eb9-441b-98a9-d57384bacde7","role":"Customer","createdAt":"2022-02-07T17:43:24.000Z","updatedAt":"2022-02-07T17:43:24.000Z","balance":0},{"id":151,"name":"Novel","email":"walter.burton@example.com","password":"1234","phone_number":"01524822275","nid":"f14e1fba-9d4b-4712-8c98-a166cf7998ef","role":"Customer","createdAt":"2022-02-07T18:05:07.000Z","updatedAt":"2022-02-09T17:14:43.000Z","balance":0},{"id":152,"name":"Margit Stava","email":"margit.stava@example.com","password":"1234","phone_number":"01521981636","nid":"9c53a2ac-92de-40ff-a544-88d9f30a7d1e","role":"Customer","createdAt":"2022-02-07T18:11:38.000Z","updatedAt":"2022-02-07T18:11:38.000Z","balance":0},{"id":154,"name":"Claudilene Vieira","email":"claudilene.vieira@example.com","password":"1234","phone_number":"01521776859","nid":"2f880508-4dbd-44fe-bd6e-6818bd048651","role":"Customer","createdAt":"2022-02-07T18:31:33.000Z","updatedAt":"2022-02-07T18:31:33.000Z","balance":0},{"id":155,"name":"Katrina Cunningham","email":"katrina.cunningham@example.com","password":"1234","phone_number":"null","nid":"824df318-01f9-4c0f-93a3-926a0598ef2a","role":"Customer","createdAt":"2022-02-07T18:42:10.000Z","updatedAt":"2022-02-07T18:42:10.000Z","balance":0},{"id":158,"name":"Sandro","email":"sandro.martinez@example.com","password":"giggles","phone_number":"02-02-83-62-84","nid":"da4f1a68-26aa-4eec-a6e4-5fc3414e594c","role":"Customer","createdAt":"2022-02-08T18:18:42.000Z","updatedAt":"2022-02-08T18:18:42.000Z","balance":0},{"id":159,"name":"Oscar","email":"oscar.bernard@example.com","password":"around","phone_number":"03-65-09-17-11","nid":"c01e180e-b0bb-47ff-a136-d1cf6990f2c1","role":"Customer","createdAt":"2022-02-08T18:19:50.000Z","updatedAt":"2022-02-08T18:19:50.000Z","balance":0},{"id":160,"name":"Anna","email":"anna.larsen@example.com","password":"finance","phone_number":"66068148","nid":"16e03767-135f-4eeb-b951-ecaa0aa1ad17","role":"Customer","createdAt":"2022-02-08T18:26:03.000Z","updatedAt":"2022-02-08T18:26:03.000Z","balance":0},{"id":161,"name":"Thomas","email":"thomas.caldwell@example.com","password":"aragorn","phone_number":"(142)-051-9791","nid":"e1a6ed18-d5d2-430e-a109-e154374081fb","role":"Customer","createdAt":"2022-02-08T18:27:17.000Z","updatedAt":"2022-02-08T18:27:17.000Z","balance":0},{"id":162,"name":"Emily","email":"emily.roy@example.com","password":"motley","phone_number":"202-984-9627","nid":"6ccc9a5f-6ca5-45f7-9d9c-a6c5f403ed6f","role":"Customer","createdAt":"2022-02-08T18:29:36.000Z","updatedAt":"2022-02-08T18:29:36.000Z","balance":0},{"id":163,"name":"Hudson","email":"hudson.levesque@example.com","password":"golfer1","phone_number":"954-396-8278","nid":"69992b33-6739-41a8-b676-69bbe965ead3","role":"Agent","createdAt":"2022-02-08T18:32:00.000Z","updatedAt":"2022-02-09T17:14:43.000Z","balance":0},{"id":164,"name":"Vincent","email":"vincent.chow@example.com","password":"princess","phone_number":"646-789-7167","nid":"e311148e-6ead-4b02-ab4b-76d0a7abdfc2","role":"Customer","createdAt":"2022-02-08T18:32:36.000Z","updatedAt":"2022-02-08T18:32:36.000Z","balance":0},{"id":165,"name":"Jennifer","email":"jennifer.stanley@example.com","password":"never","phone_number":"016977 95172","nid":"7d6c079e-9fd1-4849-84ac-7e1f7aded387","role":"Agent","createdAt":"2022-02-08T18:39:07.000Z","updatedAt":"2022-02-08T18:45:00.000Z","balance":0},{"id":166,"name":"Ilona","email":"ilona.gaillard@example.com","password":"keywest","phone_number":"075 895 55 40","nid":"65e0680c-64c4-4a4e-8f80-8b54ee21df99","role":"Customer","createdAt":"2022-02-08T18:39:30.000Z","updatedAt":"2022-02-08T18:39:30.000Z","balance":0},{"id":167,"name":"Oliver","email":"oliver.wood@example.com","password":"misty","phone_number":"(427)-470-4023","nid":"ce2fcd96-264c-4a7f-a996-d4d473b7b170","role":"Customer","createdAt":"2022-02-08T19:05:20.000Z","updatedAt":"2022-02-08T19:05:20.000Z","balance":0},{"id":168,"name":"Sybille","email":"sybille.faure@example.com","password":"tommy","phone_number":"079 143 24 58","nid":"e4e82667-4af5-4722-84e8-ca35790e2653","role":"Customer","createdAt":"2022-02-08T19:07:02.000Z","updatedAt":"2022-02-08T19:07:02.000Z","balance":0},{"id":169,"name":"Gustavo","email":"gustavo.diaz@example.com","password":"woowoo","phone_number":"970-496-669","nid":"738c0143-8a9f-45f3-afe3-60dbc07fba9f","role":"Customer","createdAt":"2022-02-08T19:10:18.000Z","updatedAt":"2022-02-08T19:10:18.000Z","balance":0},{"id":170,"name":"Aaron","email":"aaron.banks@example.com","password":"styles","phone_number":"(342)-069-5399","nid":"00ecfc2a-44a9-445a-8d2f-12d75640ae85","role":"Customer","createdAt":"2022-02-08T19:14:47.000Z","updatedAt":"2022-02-08T19:14:47.000Z","balance":0},{"id":171,"name":"Albert","email":"albert.lynch@example.com","password":"epsilon","phone_number":"(666)-034-4140","nid":"087a5fa7-4132-4c7f-a519-2bc7aaa05661","role":"Customer","createdAt":"2022-02-08T19:14:56.000Z","updatedAt":"2022-02-08T19:14:56.000Z","balance":0},{"id":172,"name":"Russell","email":"russell.hale@example.com","password":"hornet","phone_number":"051-843-5891","nid":"d5f0c80a-43ae-4d74-8781-b7629d659ee1","role":"Customer","createdAt":"2022-02-08T19:18:39.000Z","updatedAt":"2022-02-08T19:18:39.000Z","balance":0},{"id":173,"name":"Vildan","email":"vildan.balaban@example.com","password":"buckley","phone_number":"(211)-021-9290","nid":"f3450363-ee39-4b51-bc29-ec0bb322131e","role":"Customer","createdAt":"2022-02-08T19:21:18.000Z","updatedAt":"2022-02-08T19:21:18.000Z","balance":0},{"id":174,"name":"Kimberly","email":"kimberly.jensen@example.com","password":"aberdeen","phone_number":"015395 13654","nid":"97c4cf4b-8391-460b-bd16-297a5ad3f702","role":"Customer","createdAt":"2022-02-08T19:30:01.000Z","updatedAt":"2022-02-08T19:30:01.000Z","balance":0},{"id":175,"name":"Roope","email":"roope.jarvi@example.com","password":"wayer","phone_number":"09-669-808","nid":"d35c005b-4a57-447d-9f22-14d3eaafc0e5","role":"Customer","createdAt":"2022-02-08T20:01:11.000Z","updatedAt":"2022-02-08T20:01:11.000Z","balance":0},{"id":176,"name":"Verena Lima","email":"verena.lima@example.com","password":"1234","phone_number":"01523782065","nid":"f8ee9cc7-79da-4996-b23b-19c1e52b15bd","role":"Customer","createdAt":"2022-02-09T08:02:01.000Z","updatedAt":"2022-02-09T08:02:01.000Z","balance":0},{"id":177,"name":"Phillip Martinez","email":"phillip.martinez@example.com","password":"1234","phone_number":"01526126809","nid":"c95f0c4c-a4b8-4c54-be0a-7ff803efcb6e","role":"Customer","createdAt":"2022-02-09T08:13:55.000Z","updatedAt":"2022-02-09T08:13:55.000Z","balance":0},{"id":178,"name":"Sebastian Mortensen","email":"sebastian.mortensen@example.com","password":"1234","phone_number":"0152764359","nid":"d878e4eb-aa77-4632-af31-eb6ae7368dcc","role":"Customer","createdAt":"2022-02-09T08:21:44.000Z","updatedAt":"2022-02-09T08:21:44.000Z","balance":0},{"id":179,"name":"Miss Roman Auer","email":"Ray_Koch51@hotmail.com","password":"1234","phone_number":"01527744618","nid":"3ef179e1-43f2-4c9d-816e-75ea09e2b45b","role":"Customer","createdAt":"2022-02-09T08:26:07.000Z","updatedAt":"2022-02-09T08:26:07.000Z","balance":0},{"id":180,"name":"Rita Kiehn","email":"Vilma.Durgan@gmail.com","password":"1234","phone_number":"01529003798","nid":"f746ab18-465a-43b3-ae6e-20ccc01288c6","role":"Customer","createdAt":"2022-02-09T08:26:40.000Z","updatedAt":"2022-02-09T08:26:40.000Z","balance":0},{"id":181,"name":"Sherry Jacobs","email":"sherry.jacobs@example.com","password":"1234","phone_number":"01524655618","nid":"d7a8fd63-b459-4075-ab8d-18b71d0274a4","role":"Customer","createdAt":"2022-02-09T08:28:59.000Z","updatedAt":"2022-02-09T08:28:59.000Z","balance":0},{"id":182,"name":"Hailey Smith","email":"hailey.smith@example.com","password":"1234","phone_number":"01521423228","nid":"7dce20c8-fe26-4508-8fd6-c07c8ba193a8","role":"Customer","createdAt":"2022-02-09T08:31:45.000Z","updatedAt":"2022-02-09T08:31:45.000Z","balance":0},{"id":183,"name":"Gloria Washington","email":"gloria.washington@example.com","password":"1234","phone_number":"01524273162","nid":"5f4cc6a7-3f3f-434a-9b0c-9ecb4e8747e5","role":"Customer","createdAt":"2022-02-09T08:37:04.000Z","updatedAt":"2022-02-09T08:37:04.000Z","balance":0},{"id":184,"name":"Aubrey Feil","email":"John_Ledner77@gmail.com","password":"1234","phone_number":"01522406459","nid":"4bbfc154-4aab-46c8-8f1c-91bb8f06b268","role":"Customer","createdAt":"2022-02-09T08:38:16.000Z","updatedAt":"2022-02-09T08:38:16.000Z","balance":0},{"id":185,"name":"Marijana Barbier","email":"marijana.barbier@example.com","password":"1234","phone_number":"01524456998","nid":"a0756e65-11df-4386-a1cf-28781da0dd24","role":"Customer","createdAt":"2022-02-09T08:51:35.000Z","updatedAt":"2022-02-09T08:51:35.000Z","balance":0},{"id":186,"name":"Lison Robert","email":"lison.robert@example.com","password":"1234","phone_number":"01521953177","nid":"9d92ae87-cc3b-4c79-9601-0f2c7dc731fa","role":"Customer","createdAt":"2022-02-09T17:04:55.000Z","updatedAt":"2022-02-09T17:04:55.000Z","balance":0},{"id":187,"name":"Dominykas","email":"dominykas.wright@example.com","password":"dodgers","phone_number":"55873668","nid":"3fdf568b-17ca-409d-843e-ccd978db5a9e","role":"Customer","createdAt":"2022-02-09T17:12:37.000Z","updatedAt":"2022-02-09T17:12:37.000Z","balance":0},{"id":188,"name":"Kristina","email":"kristina.coleman@example.com","password":"needles","phone_number":"05-9249-2178","nid":"82c1d05b-5f1b-450c-b3ae-e01089e36f32","role":"Customer","createdAt":"2022-02-09T17:14:42.000Z","updatedAt":"2022-02-09T17:14:42.000Z","balance":0},{"id":189,"name":"Jeannette Koch","email":"Sarai42@gmail.com","password":"1234","phone_number":"01529135996","nid":"4e63355a-b07e-4d0a-ba72-2cd9f348f4f6","role":"Customer","createdAt":"2022-02-12T11:55:34.000Z","updatedAt":"2022-02-12T11:55:34.000Z","balance":0},{"id":190,"name":"Estelle Kulas","email":"Lily_Douglas@yahoo.com","password":"1234","phone_number":"01529465211","nid":"f9963496-bca7-4934-8dfe-5284c1c5f502","role":"Customer","createdAt":"2022-02-12T11:55:52.000Z","updatedAt":"2022-02-12T11:55:52.000Z","balance":0},{"id":191,"name":"Agent1","email":"user@agent.com","password":"1234","phone_number":"01521497201","nid":"0125369789456","role":"Agent","createdAt":"2022-02-12T12:04:55.000Z","updatedAt":"2022-02-12T12:04:55.000Z","balance":100000},{"id":192,"name":"Selma Neteland","email":"selma.neteland@example.com","password":"1234","phone_number":"0152298658","nid":"d9a8d6e5-0eb6-47ed-aaf2-6e8a015fe08e","role":"Customer","createdAt":"2022-02-12T18:15:39.000Z","updatedAt":"2022-02-12T18:15:39.000Z","balance":0},{"id":193,"name":"Fabio Garnier","email":"fabio.garnier@example.com","password":"1234","phone_number":"01523600841","nid":"45ec99de-8f7b-472c-b92f-daac235eb19b","role":"Customer","createdAt":"2022-02-12T18:17:26.000Z","updatedAt":"2022-02-12T18:17:26.000Z","balance":0},{"id":194,"name":"Camila Murphy","email":"camila.murphy@example.com","password":"1234","phone_number":"01977750577","nid":"2a5a8d33-600f-4560-96f7-303507b3bcd7","role":"Agent","createdAt":"2022-02-12T18:17:27.000Z","updatedAt":"2022-02-12T18:17:27.000Z","balance":0},{"id":195,"name":"Cléa Lemoine","email":"clea.lemoine@example.com","password":"1234","phone_number":"01526320841","nid":"3885469d-0528-4992-982b-87613ce9f29f","role":"Customer","createdAt":"2022-02-12T18:22:27.000Z","updatedAt":"2022-02-12T18:22:27.000Z","balance":0},{"id":196,"name":"Owen Anderson","email":"owen.anderson@example.com","password":"1234","phone_number":"01971418687","nid":"c02b3ec6-173b-4f37-a6db-426c1deff702","role":"Agent","createdAt":"2022-02-12T18:22:28.000Z","updatedAt":"2022-02-12T18:22:28.000Z","balance":0},{"id":197,"name":"Keira Green","email":"keira.green@example.com","password":"1234","phone_number":"01521593048","nid":"837bdd37-090c-4d0f-83bb-3f1aab92de8e","role":"Customer","createdAt":"2022-02-12T18:23:46.000Z","updatedAt":"2022-02-12T18:23:46.000Z","balance":0},{"id":198,"name":"Alex Hughes","email":"alex.hughes@example.com","password":"1234","phone_number":"01975319390","nid":"04c011d0-170b-4116-abda-5149758e8a06","role":"Agent","createdAt":"2022-02-12T18:23:47.000Z","updatedAt":"2022-02-12T18:23:47.000Z","balance":0},{"id":199,"name":"Gianna Dupont","email":"gianna.dupont@example.com","password":"1234","phone_number":"01528420914","nid":"53d27dee-32bf-4481-98e5-0eab49314c8b","role":"Customer","createdAt":"2022-02-13T06:25:23.000Z","updatedAt":"2022-02-13T06:25:23.000Z","balance":0},{"id":200,"name":"Dr. Kerry Zemlak","email":"Mckenzie96@gmail.com","password":"1234","phone_number":"01523104918","nid":"29f149c6-80b6-4ed2-8cd1-4a5b423a63c4","role":"Customer","createdAt":"2022-02-13T09:54:08.000Z","updatedAt":"2022-02-13T09:54:08.000Z","balance":0},{"id":201,"name":"Belinda Kohler Sr.","email":"Blaze52@yahoo.com","password":"1234","phone_number":"01345678912","nid":"53123453-3d31-4369-bc5c-f771c4409fe2","role":"Customer","createdAt":"2022-02-13T09:57:26.000Z","updatedAt":"2022-02-13T09:57:26.000Z","balance":0},{"id":202,"name":"Emilia Gjelstad","email":"emilia.gjelstad@example.com","password":"1234","phone_number":"01528407126","nid":"433c694a-19f7-4746-a77b-5d68ffe00996","role":"Customer","createdAt":"2022-02-16T07:47:26.000Z","updatedAt":"2022-02-16T07:47:26.000Z","balance":0},{"id":203,"name":"Faith Burke","email":"faith.burke@example.com","password":"1234","phone_number":"01525622143","nid":"5141393a-f0eb-4c75-96da-0c29b5425b43","role":"Customer","createdAt":"2022-02-16T08:03:47.000Z","updatedAt":"2022-02-16T08:03:47.000Z","balance":0},{"id":204,"name":"Teresa Hart","email":"teresa.hart@example.com","password":"1234","phone_number":"01528221149","nid":"e52f768a-e6be-4257-94e6-8c525b517350","role":"Customer","createdAt":"2022-02-16T08:30:14.000Z","updatedAt":"2022-02-16T08:30:14.000Z","balance":0},{"id":205,"name":"Nick Giraud","email":"nick.giraud@example.com","password":"1234","phone_number":"01528678177","nid":"b64b9d4c-6928-4b44-832d-6324505ff49c","role":"Customer","createdAt":"2022-02-16T08:31:06.000Z","updatedAt":"2022-02-16T08:31:06.000Z","balance":0},{"id":206,"name":"Oscar Alonso","email":"oscar.alonso@example.com","password":"1234","phone_number":"01521060780","nid":"c0c0567a-2fc9-449d-8156-4b190769a672","role":"Customer","createdAt":"2022-02-16T08:35:30.000Z","updatedAt":"2022-02-16T08:35:30.000Z","balance":0},{"id":207,"name":"Vernon Newman","email":"vernon.newman@example.com","password":"1234","phone_number":"01522516210","nid":"fa1495eb-3d56-4f0d-b25a-35af6e161bba","role":"Customer","createdAt":"2022-02-16T08:41:52.000Z","updatedAt":"2022-02-16T08:41:52.000Z","balance":0},{"id":208,"name":"Stacy Mosciski","email":"emilie.bouchard@example.com","password":"1234","phone_number":"01525920426","nid":"61878605-0920-4971-af22-e9855169d585","role":"Customer","createdAt":"2022-02-16T08:49:24.000Z","updatedAt":"2022-06-24T17:25:52.000Z","balance":0},{"id":209,"name":"Ashley Cook","email":"ashley.cook@example.com","password":"1234","phone_number":"01524679871","nid":"12e47390-fec3-489b-b4b2-7501d4bd5237","role":"Customer","createdAt":"2022-02-16T08:50:57.000Z","updatedAt":"2022-02-16T08:50:57.000Z","balance":0},{"id":210,"name":"Hans-Willi Klein","email":"hans-willi.klein@example.com","password":"1234","phone_number":"01527780548","nid":"671ee2fa-0d93-480a-a894-d3b3bdb452b9","role":"Customer","createdAt":"2022-02-16T08:58:28.000Z","updatedAt":"2022-02-16T08:58:28.000Z","balance":0},{"id":211,"name":"Naja Nielsen","email":"naja.nielsen@example.com","password":"1234","phone_number":"0152560113","nid":"bab173b4-1cc2-4682-aeb5-23c8a5f47ff6","role":"Customer","createdAt":"2022-02-16T08:59:11.000Z","updatedAt":"2022-02-16T08:59:11.000Z","balance":0},{"id":212,"name":"Leevi Kangas","email":"leevi.kangas@example.com","password":"1234","phone_number":"01528002039","nid":"740bba52-c4f6-4125-991a-d56e0d4eac4c","role":"Customer","createdAt":"2022-02-16T09:01:39.000Z","updatedAt":"2022-02-16T09:01:39.000Z","balance":0},{"id":213,"name":"Viivi Wainio","email":"viivi.wainio@example.com","password":"1234","phone_number":"01524675452","nid":"ff9906c9-f0be-45f8-95f7-398ba35802d0","role":"Customer","createdAt":"2022-02-16T09:05:43.000Z","updatedAt":"2022-02-16T09:05:43.000Z","balance":0},{"id":214,"name":"Matthew Fahey","email":"Ilene33@hotmail.com","password":"1234","phone_number":"01528069201","nid":"f7609d7d-a29d-48f8-ae1d-f21b174f5e14","role":"Customer","createdAt":"2022-02-17T04:49:21.000Z","updatedAt":"2022-02-17T04:49:21.000Z","balance":0},{"id":215,"name":"Faye Witting","email":"Ocie_Schultz@gmail.com","password":"1234","phone_number":"01528284789","nid":"eb3601cf-7863-4809-9d6b-744f1ca1c206","role":"Customer","createdAt":"2022-02-17T04:53:16.000Z","updatedAt":"2022-02-17T04:53:16.000Z","balance":0},{"id":216,"name":"Fabiha Zarin","email":"zarin@test.com","password":"784597","phone_number":"0168745179","nid":"45913199-ca26-4888-aa1b-ae9870506642","role":"Agent","createdAt":"2022-02-17T05:07:54.000Z","updatedAt":"2022-02-17T05:07:54.000Z","balance":0},{"id":217,"name":"Roderick Botsford","email":"Pat44@yahoo.com","password":"1234","phone_number":"01521559148","nid":"10cda014-5dd3-417e-93d0-9d24e4ec8f33","role":"Customer","createdAt":"2022-02-17T15:50:42.000Z","updatedAt":"2022-02-17T15:50:42.000Z","balance":0},{"id":218,"name":"Ricky Ullrich","email":"Larissa_Lueilwitz@gmail.com","password":"1234","phone_number":"01528824770","nid":"61591051-e00e-4a5f-ba53-4431fafb7790","role":"Customer","createdAt":"2022-02-18T10:15:37.000Z","updatedAt":"2022-02-18T10:15:37.000Z","balance":0},{"id":219,"name":"Fariha Zarin","email":"farihazarin@test.com","password":"884597","phone_number":"01687425479","nid":"2258d788-5ae6-4850-9157-98eb7418c144","role":"Agent","createdAt":"2022-02-18T10:20:15.000Z","updatedAt":"2022-02-18T10:20:15.000Z","balance":0},{"id":220,"name":"Angie Bernier","email":"Eva60@gmail.com","password":"1234","phone_number":"01525662876","nid":"2a5ead96-69fe-403b-86c8-b8dc3511b5f5","role":"Customer","createdAt":"2022-02-18T10:21:26.000Z","updatedAt":"2022-02-18T10:21:26.000Z","balance":0},{"id":221,"name":"Dora Cole","email":"Zachary.Conn@hotmail.com","password":"1234","phone_number":"01521053000","nid":"25e7c297-d3fd-48f1-9120-b8b461e8a087","role":"Customer","createdAt":"2022-02-18T10:23:35.000Z","updatedAt":"2022-02-18T10:23:35.000Z","balance":0},{"id":222,"name":"Fariha Jarin","email":"farihazjarin@test.com","password":"8845975","phone_number":"01887425479","nid":"06a21d27-f905-4db5-9d72-b45c7ca4f728","role":"Agent","createdAt":"2022-02-18T10:23:47.000Z","updatedAt":"2022-02-18T10:23:47.000Z","balance":0},{"id":223,"name":"Guadalupe Kulas","email":"Oswaldo60@hotmail.com","password":"1234","phone_number":"01522948826","nid":"5a8b6762-377a-496d-9755-bea4a0c81fe6","role":"Customer","createdAt":"2022-02-18T10:29:40.000Z","updatedAt":"2022-02-18T10:29:40.000Z","balance":0},{"id":224,"name":"Alejandro Purdy","email":"Bobbie3@hotmail.com","password":"1234","phone_number":"01523256627","nid":"e47d63a3-f7ac-49a5-b5bb-be10c9cf3138","role":"Customer","createdAt":"2022-02-18T10:34:07.000Z","updatedAt":"2022-02-18T10:34:07.000Z","balance":0},{"id":225,"name":"Farin Rahmann","email":"farin@test.com","password":"8545975","phone_number":"01837425479","nid":"ca66c90b-43b1-4776-87fc-1eef44720f60","role":"Agent","createdAt":"2022-02-18T10:35:07.000Z","updatedAt":"2022-02-18T10:35:07.000Z","balance":0},{"id":226,"name":"Muriel Carroll","email":"Desiree42@hotmail.com","password":"1234","phone_number":"01529350501","nid":"56b0ac99-2035-467a-87d8-d8e11189db6d","role":"Customer","createdAt":"2022-02-18T10:36:06.000Z","updatedAt":"2022-02-18T10:36:06.000Z","balance":0},{"id":227,"name":"Mrs. Phyllis Kirlin","email":"Kim_Schimmel@gmail.com","password":"1234","phone_number":"01527406709","nid":"c9e2cc2e-f0ad-42df-9e74-e873ef282c97","role":"Customer","createdAt":"2022-02-18T10:37:56.000Z","updatedAt":"2022-02-18T10:37:56.000Z","balance":0},{"id":228,"name":"Valerie Marks","email":"Amely.Cummings84@gmail.com","password":"1234","phone_number":"01529001008","nid":"742786ee-7351-4756-a2ce-c31ad120ec89","role":"Customer","createdAt":"2022-02-18T12:38:47.000Z","updatedAt":"2022-02-18T12:38:47.000Z","balance":0},{"id":231,"name":"Donato Satterfield","email":"Charity.Bradtke15@hotmail.com","password":"1234","phone_number":"1-441-213-3604 x03784","nid":"28891.356982178637","role":"Customer","createdAt":"2022-02-26T16:45:33.000Z","updatedAt":"2022-02-26T16:45:33.000Z","balance":0},{"id":232,"name":"Moriah Gleichner","email":"Brennan.DAmore90@yahoo.com","password":"1234","phone_number":"(445) 543-9528","nid":"79424","role":"Customer","createdAt":"2022-02-26T16:45:55.000Z","updatedAt":"2022-02-26T16:45:55.000Z","balance":0},{"id":233,"name":"Otto Zulauf","email":"Jett40@gmail.com","password":"1234","phone_number":"568.722.5931 x48686","nid":"10258963","role":"Customer","createdAt":"2022-02-28T15:58:30.000Z","updatedAt":"2022-02-28T15:58:30.000Z","balance":0},{"id":234,"name":"Dorian Schamberger","email":"Matilde.VonRueden72@yahoo.com","password":"1234","phone_number":"1-660-403-7539 x9305","nid":"25797","role":"Customer","createdAt":"2022-02-28T16:00:36.000Z","updatedAt":"2022-02-28T16:00:36.000Z","balance":0},{"id":235,"name":"Kattie Ryan","email":"Orin.Shanahan@gmail.com","password":"1234","phone_number":"317.782.4091 x087","nid":"21952","role":"Customer","createdAt":"2022-02-28T16:00:42.000Z","updatedAt":"2022-02-28T16:00:42.000Z","balance":0},{"id":236,"name":"Llewellyn Bahringer","email":"Joana22@yahoo.com","password":"1234","phone_number":"1-758-386-6850 x901","nid":"10396","role":"Customer","createdAt":"2022-03-02T06:38:04.000Z","updatedAt":"2022-03-02T06:38:04.000Z","balance":0},{"id":237,"name":"Tyreek Bernhard","email":"Richmond_Lowe@gmail.com","password":"1234","phone_number":"286.586.0103 x129","nid":"35513","role":"Customer","createdAt":"2022-03-02T06:43:48.000Z","updatedAt":"2022-03-02T06:43:48.000Z","balance":0},{"id":238,"name":"Jamison Parisian","email":"Stephen.Barrows77@gmail.com","password":"1234","phone_number":"881.312.6386","nid":"98159","role":"Customer","createdAt":"2022-03-02T06:45:15.000Z","updatedAt":"2022-03-02T06:45:15.000Z","balance":0},{"id":239,"name":"Kavon Walter","email":"Marco.Kohler@hotmail.com","password":"1234","phone_number":"965-401-2845","nid":"51891","role":"Customer","createdAt":"2022-03-02T06:46:55.000Z","updatedAt":"2022-03-02T06:46:55.000Z","balance":0},{"id":240,"name":"Ashly Schaefer","email":"Raymond55@hotmail.com","password":"1234","phone_number":"633-423-6440 x6406","nid":"42251","role":"Customer","createdAt":"2022-03-02T06:57:16.000Z","updatedAt":"2022-03-02T06:57:16.000Z","balance":0},{"id":241,"name":"Ezekiel Nienow","email":"Valentine_Gusikowski@yahoo.com","password":"1234","phone_number":"369.958.0400 x520","nid":"64365","role":"Agent","createdAt":"2022-03-02T06:57:16.000Z","updatedAt":"2022-03-02T06:57:16.000Z","balance":0},{"id":242,"name":"Rebeka Kuvalis","email":"Nichole37@hotmail.com","password":"1234","phone_number":"953-415-6273 x23698","nid":"98055","role":"Customer","createdAt":"2022-03-02T07:09:32.000Z","updatedAt":"2022-03-02T07:09:32.000Z","balance":0},{"id":243,"name":"Rocky Hudson","email":"Damion_Gutmann58@gmail.com","password":"1234","phone_number":"539.941.3286","nid":"35436","role":"Agent","createdAt":"2022-03-02T07:09:33.000Z","updatedAt":"2022-03-02T07:09:33.000Z","balance":0},{"id":244,"name":"Hosea White","email":"Ardith.Halvorson47@gmail.com","password":"1234","phone_number":"762.994.3786 x2549","nid":"39300","role":"Customer","createdAt":"2022-03-02T07:33:11.000Z","updatedAt":"2022-03-02T07:33:11.000Z","balance":0},{"id":245,"name":"Pablo Stracke","email":"Nasir.Zboncak6@hotmail.com","password":"1234","phone_number":"542-722-6597 x9833","nid":"71432","role":"Agent","createdAt":"2022-03-02T07:33:11.000Z","updatedAt":"2022-03-02T07:33:11.000Z","balance":0},{"id":246,"name":"Bobbie Klein","email":"Wilton91@hotmail.com","password":"1234","phone_number":"(391) 629-6688 x5638","nid":"58464","role":"Customer","createdAt":"2022-03-02T14:51:16.000Z","updatedAt":"2022-03-02T14:51:16.000Z","balance":0},{"id":247,"name":"Kailey Schmitt","email":"Jessica44@yahoo.com","password":"1234","phone_number":"(669) 977-8079 x83112","nid":"13042","role":"Agent","createdAt":"2022-03-02T14:51:16.000Z","updatedAt":"2022-03-02T14:51:16.000Z","balance":0},{"id":248,"name":"Lucious Gutmann","email":"Orlando15@hotmail.com","password":"1234","phone_number":"263-566-3556 x106","nid":"98357","role":"Customer","createdAt":"2022-03-02T15:01:51.000Z","updatedAt":"2022-03-02T15:01:51.000Z","balance":0},{"id":249,"name":"Osborne Wilkinson","email":"Lizzie.Hansen55@hotmail.com","password":"1234","phone_number":"939.413.6580 x523","nid":"51677","role":"Agent","createdAt":"2022-03-02T15:01:51.000Z","updatedAt":"2022-03-02T15:01:51.000Z","balance":0},{"id":250,"name":"User 1 Batch3","email":"user1b3@grr.la","password":"12345678","phone_number":"01502212147","nid":"987894562","role":"Customer","createdAt":"2022-03-14T14:31:16.000Z","updatedAt":"2022-03-14T14:31:16.000Z","balance":0},{"id":251,"name":"User1 Batch3","email":"user1@gmail.com","password":"12345","phone_number":"0147894212","nid":"55548799","role":"user","createdAt":"2022-03-14T14:35:09.000Z","updatedAt":"2022-03-14T14:35:09.000Z","balance":0},{"id":252,"name":"Jessica Dunn","email":"jessica.dunn@example.com","password":"12345678","phone_number":"04-8911-6375","nid":"75994462","role":"Customer","createdAt":"2022-03-14T14:53:57.000Z","updatedAt":"2022-03-14T14:53:57.000Z","balance":0},{"id":253,"name":"Leif Sandøy","email":"leif.sandoy@example.com","password":"12345678","phone_number":"87321302","nid":"22925272","role":"Customer","createdAt":"2022-03-14T14:56:02.000Z","updatedAt":"2022-03-14T14:56:02.000Z","balance":0},{"id":255,"name":"Alicja Bastian","email":"alicja.bastian@example.com","password":"12345678","phone_number":"0675-5162694","nid":"71137725","role":"Customer","createdAt":"2022-03-14T14:57:10.000Z","updatedAt":"2022-03-14T14:57:10.000Z","balance":0},{"id":256,"name":"Romilda Martins","email":"romilda.martins@example.com","password":"12345678","phone_number":"(53) 5852-7456","nid":"23964008","role":"Customer","createdAt":"2022-03-14T14:57:40.000Z","updatedAt":"2022-03-14T14:57:40.000Z","balance":0},{"id":257,"name":"Brennon+Kautzer","email":"Mona.Ritchie72@yahoo.com","password":"12345678","phone_number":"621-888-8867","nid":"97456977","role":"Customer","createdAt":"2022-03-14T15:05:51.000Z","updatedAt":"2022-03-14T15:05:51.000Z","balance":0},{"id":258,"name":"Clarisse Lopez","email":"clarisse.lopez@example.com","password":"1234","phone_number":"03-85-28-36-94","nid":"77528713","role":"Customer","createdAt":"2022-03-14T15:06:09.000Z","updatedAt":"2022-03-29T09:38:24.000Z","balance":0},{"id":262,"name":"Jack Kelly","email":"jack.kelly@example.com","password":"12345678","phone_number":"(339)-681-7289","nid":"45184028","role":"Customer","createdAt":"2022-03-14T15:54:08.000Z","updatedAt":"2022-03-14T15:54:08.000Z","balance":0},{"id":264,"name":"Molly Wolden","email":"molly.wolden@example.com","password":"12345678","phone_number":"53292068","nid":"81610846","role":"Customer","createdAt":"2022-03-14T15:59:02.000Z","updatedAt":"2022-03-14T15:59:02.000Z","balance":0},{"id":266,"name":"Edna Morgan","email":"edna.morgan@example.com","password":"12345678","phone_number":"(030)-287-3156","nid":"61248505","role":"Customer","createdAt":"2022-03-14T16:17:44.000Z","updatedAt":"2022-03-14T16:17:44.000Z","balance":0},{"id":268,"name":"Filippa Møller","email":"filippa.moller@example.com","password":"12345678","phone_number":"70168643","nid":"55408185","role":"Customer","createdAt":"2022-03-14T16:23:10.000Z","updatedAt":"2022-03-14T16:23:10.000Z","balance":0},{"id":276,"name":"Liam Margaret","email":"liam.margaret@example.com","password":"12345678","phone_number":"499-670-6463","nid":"47814164","role":"Customer","createdAt":"2022-03-15T18:54:01.000Z","updatedAt":"2022-03-15T18:54:01.000Z","balance":0},{"id":278,"name":"rajon","email":"rajon@email.com","password":"12345","phone_number":"01753851798","nid":"235614","role":"customer","createdAt":"2022-03-16T04:57:20.000Z","updatedAt":"2022-03-16T04:57:20.000Z","balance":0},{"id":280,"name":"Bedirhan Brookhuis","email":"bedirhan.brookhuis@example.com","password":"12345678","phone_number":"(911)-552-1706","nid":"32560843","role":"Customer","createdAt":"2022-03-16T07:40:27.000Z","updatedAt":"2022-03-16T07:40:27.000Z","balance":0},{"id":283,"name":"Antoine Deschamps","email":"antoine.deschamps@example.com","password":"12345678","phone_number":"01-04-12-72-27","nid":"99916253","role":"Customer","createdAt":"2022-03-16T08:13:25.000Z","updatedAt":"2022-03-16T08:13:25.000Z","balance":0},{"id":285,"name":"Melisa Sanchez","email":"melisa.sanchez@example.com","password":"12345678","phone_number":"076 978 87 33","nid":"61115363","role":"Customer","createdAt":"2022-03-16T10:22:31.000Z","updatedAt":"2022-03-16T10:22:31.000Z","balance":0},{"id":287,"name":"Inmaculada Gil","email":"inmaculada.gil@example.com","password":"12345678","phone_number":"954-457-557","nid":"23403190","role":"Customer","createdAt":"2022-03-16T10:30:38.000Z","updatedAt":"2022-03-16T10:30:38.000Z","balance":0},{"id":289,"name":"Nargis Akter","email":"tonyapece@gmail.com","password":"12345678","phone_number":"0115252456321","nid":"11111","role":"Customer","createdAt":"2022-03-16T10:42:38.000Z","updatedAt":"2022-03-16T10:44:28.000Z","balance":0},{"id":290,"name":"Krystina Hackett Willie Rath","email":"userb34996@grr.la","password":"12345678","phone_number":"524-412-6577","nid":"41143454","role":"Customer","createdAt":"2022-03-16T11:00:32.000Z","updatedAt":"2022-03-16T11:00:32.000Z","balance":0},{"id":291,"name":"Garrick Sanford Amy Emard","email":"userb33636@grr.la","password":"12345678","phone_number":"981-266-4427","nid":"16875149","role":"Customer","createdAt":"2022-03-16T11:02:31.000Z","updatedAt":"2022-03-16T11:02:31.000Z","balance":0},{"id":292,"name":"Shawna Harvey Emmett Mayert III","email":"userb33667@grr.la","password":"12345678","phone_number":"984-873-8010","nid":"93149401","role":"Customer","createdAt":"2022-03-16T11:04:30.000Z","updatedAt":"2022-03-16T11:04:30.000Z","balance":0},{"id":293,"name":"Audrey Cassin Donald Rutherford","email":"userb33469@grr.la","password":"12345678","phone_number":"338-822-9412","nid":"43234786","role":"Customer","createdAt":"2022-03-16T11:06:40.000Z","updatedAt":"2022-03-16T11:06:40.000Z","balance":0},{"id":294,"name":"Hollis Kerluke Hazel Thiel DVM","email":"userb37485@grr.la","password":"12345678","phone_number":"412-795-2132","nid":"70311952","role":"Customer","createdAt":"2022-03-16T11:25:14.000Z","updatedAt":"2022-03-16T11:25:14.000Z","balance":0},{"id":298,"name":"Elisângela Lima","email":"elisangela.lima@example.com","password":"12345678","phone_number":"(70) 6565-2998","nid":"26631533","role":"Customer","createdAt":"2022-03-16T11:57:23.000Z","updatedAt":"2022-03-16T11:57:23.000Z","balance":0},{"id":302,"name":"Angie Silva","email":"angie.silva@example.com","password":"12345678","phone_number":"011-154-0450","nid":"98404162","role":"Customer","createdAt":"2022-03-16T13:48:26.000Z","updatedAt":"2022-03-16T13:48:26.000Z","balance":0},{"id":304,"name":"Chelsey O'Connell Mr. Mario McClure","email":"userb38815@grr.la","password":"12345678","phone_number":"715-381-9378","nid":"38224893","role":"Customer","createdAt":"2022-03-16T16:54:21.000Z","updatedAt":"2022-03-16T16:54:21.000Z","balance":0},{"id":305,"name":"Maxim Mollink","email":"maxim.mollink@example.com","password":"12345","phone_number":"(318)-001-8384","nid":"Zieuwent , Netherlands","role":"customer","createdAt":"2022-03-17T03:02:55.000Z","updatedAt":"2022-03-17T03:02:55.000Z","balance":0},{"id":306,"name":"Steven Hoffman","email":"steven.hoffman@example.com","password":"12345","phone_number":"04-6953-0687","nid":"Geelong , Australia","role":"customer","createdAt":"2022-03-17T03:06:44.000Z","updatedAt":"2022-03-17T03:06:44.000Z","balance":0},{"id":307,"name":"Siena Van Herp","email":"siena.vanherp@example.com","password":"12345","phone_number":"(427)-718-4615","nid":"Martenshoek , Netherlands","role":"customer","createdAt":"2022-03-17T03:10:18.000Z","updatedAt":"2022-03-17T03:10:18.000Z","balance":0},{"id":308,"name":"Valdemar Pedersen","email":"valdemar.pedersen@example.com","password":"12345","phone_number":"40828803","nid":"Sønder Stenderup , Denmark","role":"customer","createdAt":"2022-03-17T03:10:25.000Z","updatedAt":"2022-03-17T03:10:25.000Z","balance":0},{"id":309,"name":"Hilletje Lam","email":"hilletje.lam@example.com","password":"12345","phone_number":"(855)-917-7831","nid":"Laren Gld , Netherlands","role":"customer","createdAt":"2022-03-17T03:10:33.000Z","updatedAt":"2022-03-17T03:10:33.000Z","balance":0},{"id":310,"name":"Johanna Bogisich Nettie Collier","email":"Justice_Stiedemann@yahoo.com","password":"12345","phone_number":"797-225-9753","nid":"45611068","role":"customer","createdAt":"2022-03-17T03:25:46.000Z","updatedAt":"2022-03-17T03:25:46.000Z","balance":0},{"id":311,"name":"Mélody Petit","email":"melody.petit@example.com","password":"12345","phone_number":"03-96-75-47-85","nid":"94717159","role":"customer","createdAt":"2022-03-17T03:26:15.000Z","updatedAt":"2022-03-17T03:26:15.000Z","balance":0},{"id":312,"name":"Jamarcus Schimmel Marta Jacobi DVM","email":"userb3${randomid}@grr.la","password":"12345","phone_number":"412-907-0092","nid":"94739990","role":"customer","createdAt":"2022-03-17T03:51:44.000Z","updatedAt":"2022-03-17T03:51:44.000Z","balance":0},{"id":313,"name":"Jaydon Powlowski Clayton Abbott","email":"userb9${randomid}@grr.la","password":"12345","phone_number":"557-615-7148","nid":"55983585","role":"customer","createdAt":"2022-03-17T04:26:39.000Z","updatedAt":"2022-03-17T04:26:39.000Z","balance":0},{"id":314,"name":"Arjun Boyer Robyn Torphy","email":"userb31080@grr.la","password":"12345","phone_number":"340-641-4962","nid":"63351836","role":"customer","createdAt":"2022-03-17T05:05:53.000Z","updatedAt":"2022-03-17T05:05:53.000Z","balance":0},{"id":315,"name":"Felton Stehr Mrs. Hubert Wolf","email":"userb36097@grr.la","password":"12345","phone_number":"264-921-9831","nid":"55151951","role":"customer","createdAt":"2022-03-17T05:06:16.000Z","updatedAt":"2022-03-17T05:06:16.000Z","balance":0},{"id":316,"name":"Marco Kuhn Miss Mercedes Parisian","email":"userb38868@grr.la","password":"12345","phone_number":"660-492-8402","nid":"87771354","role":"customer","createdAt":"2022-03-17T05:06:22.000Z","updatedAt":"2022-03-17T05:06:22.000Z","balance":0},{"id":319,"name":"Santiago Fuentes","email":"santiago.fuentes@example.com","password":"12345","phone_number":"978-809-087","nid":"62344411","role":"customer","createdAt":"2022-03-17T06:34:12.000Z","updatedAt":"2022-03-17T06:34:12.000Z","balance":0},{"id":321,"name":"Dwight Ray","email":"dwight.ray@example.com","password":"12345","phone_number":"04-8952-0568","nid":"80802852","role":"customer","createdAt":"2022-03-17T09:50:12.000Z","updatedAt":"2022-03-17T09:50:12.000Z","balance":0},{"id":323,"name":"Janet Fowler","email":"janet.fowler@example.com","password":"12345","phone_number":"015395 91641","nid":"88104030","role":"customer","createdAt":"2022-03-17T09:55:27.000Z","updatedAt":"2022-03-17T09:55:27.000Z","balance":0},{"id":325,"name":"Abílio Teixeira","email":"abilio.teixeira@example.com","password":"12345","phone_number":"(57) 6376-3857","nid":"19740407","role":"customer","createdAt":"2022-03-17T10:42:54.000Z","updatedAt":"2022-03-17T10:42:54.000Z","balance":0},{"id":327,"name":"Ioannis Niehoff","email":"ioannis.niehoff@example.com","password":"12345","phone_number":"0168-0644591","nid":"76225575","role":"customer","createdAt":"2022-03-17T11:50:03.000Z","updatedAt":"2022-03-17T11:50:03.000Z","balance":0},{"id":329,"name":"Shovon","email":"shovon_b3@grr.la","password":"666700","phone_number":"01983285059","nid":"5554921030","role":"Customer","createdAt":"2022-03-18T03:29:37.000Z","updatedAt":"2022-03-18T03:29:37.000Z","balance":0},{"id":331,"name":"rajon","email":"rajon@gmail.com","password":"1234","phone_number":"01625615999","nid":"369851","role":null,"createdAt":"2022-03-18T04:48:44.000Z","updatedAt":"2022-03-18T04:48:44.000Z","balance":0},{"id":333,"name":"Caren Van der Land","email":"caren.vanderland@example.com","password":"1234","phone_number":"(345)-767-3892","nid":"44411107","role":null,"createdAt":"2022-03-18T05:09:52.000Z","updatedAt":"2022-03-18T05:09:52.000Z","balance":0},{"id":334,"name":"Guisela Mendes","email":"guisela.mendes@example.com","password":"1234","phone_number":"(20) 2228-7901","nid":"75378611","role":null,"createdAt":"2022-03-18T05:13:15.000Z","updatedAt":"2022-03-18T05:13:15.000Z","balance":0},{"id":335,"name":"Travis Garcia","email":"travis.garcia@example.com","password":"1234","phone_number":"0111141 146 7227","nid":"60753672","role":null,"createdAt":"2022-03-18T05:13:32.000Z","updatedAt":"2022-03-18T05:13:32.000Z","balance":0},{"id":336,"name":"Deion  Harber  Tyrone Bruen","email":"Jermey32@hotmail.com","password":"1234","phone_number":"370-462-5756","nid":"68969418","role":null,"createdAt":"2022-03-18T05:26:04.000Z","updatedAt":"2022-03-18T05:26:04.000Z","balance":0},{"id":337,"name":"rkib1256","email":"rkib1256@gmail.com","password":"123469","phone_number":"01753851710","nid":"254585690","role":null,"createdAt":"2022-03-18T05:39:13.000Z","updatedAt":"2022-03-18T05:39:13.000Z","balance":0},{"id":338,"name":"Ariosto Barros","email":"ariosto.barros@example.com","password":"1234","phone_number":"(51) 1594-8709","nid":"78635056","role":null,"createdAt":"2022-03-18T05:40:01.000Z","updatedAt":"2022-03-18T05:40:01.000Z","balance":0},{"id":339,"name":"change name after patch__c _user 1 batch3","email":"ckm@gmail.com","password":"12345678","phone_number":"87654321","nid":"100200300","role":"Customer 001","createdAt":"2022-03-18T05:56:21.000Z","updatedAt":"2022-03-18T09:55:56.000Z","balance":0},{"id":340,"name":"c_user 1 batch3","email":"ckm001@gmail.com","password":"12345678","phone_number":"8765432100","nid":"100200300","role":"Customer 001","createdAt":"2022-03-18T06:10:59.000Z","updatedAt":"2022-03-18T06:10:59.000Z","balance":0},{"id":341,"name":"c_user 2 batch3","email":"ckm002@gmail.com","password":"12345678","phone_number":"01764602157","nid":"100200300","role":"Customer 001","createdAt":"2022-03-18T06:12:38.000Z","updatedAt":"2022-07-12T14:33:34.000Z","balance":0},{"id":342,"name":"Cristopher Becker Iris Gleason Sr.","email":"Zachery.Kihn@hotmail.com","password":"12345678","phone_number":"948-823-5982","nid":"5722528","role":"Customer 001","createdAt":"2022-03-18T06:33:50.000Z","updatedAt":"2022-03-18T06:33:50.000Z","balance":0},{"id":346,"name":"Jovan Kessler Faye Mante","email":"Nayeli94@gmail.com","password":"12345678","phone_number":"529-643-5993","nid":"5665145","role":"Customer 001","createdAt":"2022-03-18T07:24:44.000Z","updatedAt":"2022-03-18T07:24:44.000Z","balance":0},{"id":347,"name":"Giles Cole Kari Lang","email":"Jimmie_Keebler@yahoo.com","password":"12345678","phone_number":"920-655-5116","nid":"8812414","role":"Customer 001","createdAt":"2022-03-18T07:51:55.000Z","updatedAt":"2022-03-18T07:51:55.000Z","balance":0},{"id":348,"name":"Cooper Stokes Marlon Collier","email":"Roxanne.Nienow@yahoo.com","password":"12345678","phone_number":"510-406-3057","nid":"6024592","role":"Customer 001","createdAt":"2022-03-18T09:33:24.000Z","updatedAt":"2022-03-18T09:33:24.000Z","balance":0},{"id":349,"name":"Aleen Robel Luther Hauck IV","email":"Velva.Mills@gmail.com","password":"12345678","phone_number":"841-433-6644","nid":"4341544","role":"Customer 001","createdAt":"2022-03-18T09:55:56.000Z","updatedAt":"2022-03-18T09:55:56.000Z","balance":0},{"id":350,"name":"Maike Pepping","email":"maike.pepping@example.com","password":"12345678","phone_number":"(448)-155-8754","nid":"57006154","role":"Customer","createdAt":"2022-03-18T10:26:25.000Z","updatedAt":"2022-03-18T10:26:25.000Z","balance":0},{"id":351,"name":"Mack Kiehn","email":"Earline_Haley@gmail.com","password":"666000","phone_number":"12345789","nid":"38782312","role":"Customer","createdAt":"2022-03-19T00:55:04.000Z","updatedAt":"2022-03-19T03:38:04.000Z","balance":0},{"id":352,"name":"Veronica Ortega","email":"veronica.ortega@example.com","password":"666700","phone_number":"948-914-295","nid":"98999135","role":"Customer","createdAt":"2022-03-19T00:55:15.000Z","updatedAt":"2022-03-19T00:55:15.000Z","balance":0},{"id":353,"name":"Alexia Perrin","email":"alexia.perrin@example.com","password":"666700","phone_number":"03-97-32-17-04","nid":"69613804","role":"Customer","createdAt":"2022-03-19T00:57:55.000Z","updatedAt":"2022-03-19T00:57:55.000Z","balance":0},{"id":354,"name":"Harry O'Hara","email":"Lafayette99@gmail.com","password":"666700","phone_number":"818-951-9991","nid":"53841084","role":"Customer","createdAt":"2022-03-19T01:10:11.000Z","updatedAt":"2022-03-19T01:10:11.000Z","balance":0},{"id":356,"name":"Oswald Smith","email":"Quinton68@yahoo.com","password":"666700","phone_number":"315-843-4232","nid":"16914875","role":"Customer","createdAt":"2022-03-19T01:11:03.000Z","updatedAt":"2022-03-19T01:11:03.000Z","balance":0},{"id":360,"name":"Abdelhafid Hovestad","email":"abdelhafid.hovestad@example.com","password":"666700","phone_number":"(685)-077-4694","nid":"17578750","role":"Customer","createdAt":"2022-03-19T02:32:44.000Z","updatedAt":"2022-03-19T02:32:44.000Z","balance":0},{"id":361,"name":"Ramon Nguyen","email":"ramon.nguyen@example.com","password":"666700","phone_number":"075 470 69 74","nid":"19896709","role":"Customer","createdAt":"2022-03-19T02:34:19.000Z","updatedAt":"2022-03-19T02:34:19.000Z","balance":0},{"id":363,"name":"Rhonda Steeves ","email":"rhonda.steeves@example.com","password":"666700","phone_number":"(183)-777-1606","nid":"12428610","role":"Customer","createdAt":"2022-03-19T02:37:42.000Z","updatedAt":"2022-03-19T02:37:42.000Z","balance":0},{"id":364,"name":"Walter Owens","email":"walter.owens@example.com","password":"666700","phone_number":"00-5955-7111","nid":"77576408","role":"Customer","createdAt":"2022-03-19T02:39:16.000Z","updatedAt":"2022-03-19T02:39:16.000Z","balance":0},{"id":366,"name":"Celeste Fernandes","email":"celeste.fernandes@example.com","password":"666700","phone_number":"(29) 9689-4582","nid":"80261673","role":"Customer","createdAt":"2022-03-19T03:18:23.000Z","updatedAt":"2022-03-19T03:18:23.000Z","balance":0},{"id":368,"name":"Julian Moya","email":"julian.moya@example.com","password":"666700","phone_number":"970-800-125","nid":"64875780","role":"Customer","createdAt":"2022-03-19T03:19:35.000Z","updatedAt":"2022-03-19T03:19:35.000Z","balance":0},{"id":370,"name":"Émile Brun","email":"emile.brun@example.com","password":"666700","phone_number":"079 043 39 87","nid":"13192240","role":"Customer","createdAt":"2022-03-19T03:21:35.000Z","updatedAt":"2022-03-19T03:21:35.000Z","balance":0},{"id":372,"name":"Alexandra Young","email":"alexandra.young@example.com","password":"666700","phone_number":"051-019-0090","nid":"33942735","role":"Customer","createdAt":"2022-03-19T03:23:33.000Z","updatedAt":"2022-03-19T03:23:33.000Z","balance":0},{"id":374,"name":"Léon Lopez","email":"rajon@gmail.com","password":"666700","phone_number":"01-58-21-40-40","nid":"31903244","role":"Customer","createdAt":"2022-03-19T03:38:02.000Z","updatedAt":"2022-03-22T09:41:10.000Z","balance":0},{"id":376,"name":"{{Ashiq Batch 3}}","email":"{{ashiq@rahman.com}}","password":"00000000","phone_number":"{{010101010101}}","nid":"{{123123123}}","role":"Customer","createdAt":"2022-03-19T05:03:34.000Z","updatedAt":"2022-03-19T05:03:34.000Z","balance":0},{"id":378,"name":"Najma Mundal","email":"najma.mundal@example.com","password":"12345678","phone_number":"61790456","nid":"45080395","role":"Customer","createdAt":"2022-03-19T06:12:06.000Z","updatedAt":"2022-03-19T06:12:06.000Z","balance":0},{"id":379,"name":"Louis Knight","email":"louis.knight@example.com","password":"6413460335","phone_number":"920-734-6456","nid":"47650851","role":"Customer","createdAt":"2022-03-19T06:15:30.000Z","updatedAt":"2022-03-19T06:15:30.000Z","balance":0},{"id":380,"name":"Andrée Aubert","email":"andree.aubert@example.com","password":"1234","phone_number":"075 918 07 16","nid":"50219806","role":null,"createdAt":"2022-03-19T06:19:41.000Z","updatedAt":"2022-03-19T06:19:41.000Z","balance":0},{"id":384,"name":"Augustin Michel","email":"augustin.michel@example.com","password":"1234","phone_number":"02-81-12-63-05","nid":"71034380","role":null,"createdAt":"2022-03-19T06:34:36.000Z","updatedAt":"2022-03-19T06:34:36.000Z","balance":0},{"id":386,"name":"Lina Roberts Mario Cummings","email":"Laury_Muller18@yahoo.com","password":"6413460335","phone_number":"349-553-0716","nid":"70598247","role":"Customer","createdAt":"2022-03-19T06:41:47.000Z","updatedAt":"2022-03-19T06:41:47.000Z","balance":0},{"id":387,"name":"Mossie Stroman Mr. Alfonso Turcotte","email":"ashiqb31987@grr.la","password":"6413460335","phone_number":"563-619-2837","nid":"57837958","role":"Customer","createdAt":"2022-03-19T06:51:59.000Z","updatedAt":"2022-03-19T06:51:59.000Z","balance":0},{"id":388,"name":"Maja Hansen","email":"maja.hansen@example.com","password":"12345678","phone_number":"85942828","nid":"80562818","role":"Customer","createdAt":"2022-03-19T08:21:16.000Z","updatedAt":"2022-03-19T08:21:16.000Z","balance":0},{"id":389,"name":"Harvey Spencer","email":"harvey.spencer@example.com","password":"12345678","phone_number":"051-318-3657","nid":"78588431","role":"Customer","createdAt":"2022-03-19T08:23:25.000Z","updatedAt":"2022-03-19T08:23:25.000Z","balance":0},{"id":391,"name":"Bérénice Meyer","email":"berenice.meyer@example.com","password":"666700","phone_number":"05-61-95-04-18","nid":"25813831","role":"Customer","createdAt":"2022-03-19T09:11:53.000Z","updatedAt":"2022-03-19T09:11:53.000Z","balance":0},{"id":392,"name":"Orlando Brown","email":"Adrian_Parisian@hotmail.com","password":"666700","phone_number":"(430)-284-6582","nid":"52391715","role":"Customer","createdAt":"2022-03-19T09:20:19.000Z","updatedAt":"2022-03-19T09:51:13.000Z","balance":0},{"id":399,"name":"Dragica Bertrand","email":"dragica.bertrand@example.com","password":"1234","phone_number":"076 250 34 70","nid":"57755660","role":null,"createdAt":"2022-03-19T09:53:18.000Z","updatedAt":"2022-03-19T09:53:18.000Z","balance":0},{"id":402,"name":"Lenni Saarela","email":"lenni.saarela@example.com","password":"1234","phone_number":"07-228-144","nid":"69310080","role":null,"createdAt":"2022-03-19T10:14:56.000Z","updatedAt":"2022-03-19T10:14:56.000Z","balance":0},{"id":404,"name":"Joël Hubert","email":"joel.hubert@example.com","password":"1234","phone_number":"077 919 92 47","nid":"30433526","role":null,"createdAt":"2022-03-19T10:29:47.000Z","updatedAt":"2022-03-19T10:29:47.000Z","balance":0},{"id":406,"name":"Seth Schmidt","email":"seth.schmidt@example.com","password":"6413460335","phone_number":"01370 29161","nid":"58408327","role":"Customer","createdAt":"2022-03-19T11:19:16.000Z","updatedAt":"2022-03-19T11:19:16.000Z","balance":0},{"id":407,"name":"Kattie Koelpin Javier O'Conner","email":"ashiqb32600@grr.la","password":"6413460335","phone_number":"359-317-8949","nid":"13215787","role":"Customer","createdAt":"2022-03-19T11:19:16.000Z","updatedAt":"2022-03-19T11:19:16.000Z","balance":0},{"id":410,"name":"Emil Kujala","email":"emil.kujala@example.com","password":"6413460335","phone_number":"09-911-293","nid":"94050100","role":"Customer","createdAt":"2022-03-19T11:29:08.000Z","updatedAt":"2022-03-19T11:29:08.000Z","balance":0},{"id":412,"name":"Lucia Noel","email":"lucia.noel@example.com","password":"12345678","phone_number":"075 534 69 59","nid":"13035135","role":"Customer","createdAt":"2022-03-19T12:05:06.000Z","updatedAt":"2022-03-19T12:05:06.000Z","balance":0},{"id":413,"name":"Daniel Nielsen","email":"daniel.nielsen@example.com","password":"12345678","phone_number":"06119048","nid":"78184060","role":"Customer","createdAt":"2022-03-19T12:07:31.000Z","updatedAt":"2022-03-19T12:07:31.000Z","balance":0},{"id":414,"name":"Tomothy Owens","email":"tomothy.owens@example.com","password":"12345678","phone_number":"041-581-5650","nid":"48739749","role":"Customer","createdAt":"2022-03-19T12:08:01.000Z","updatedAt":"2022-03-19T12:08:01.000Z","balance":0},{"id":415,"name":"Matthew Macdonald","email":"matthew.macdonald@example.com","password":"12345678","phone_number":"604-543-7372","nid":"43877804","role":"Customer","createdAt":"2022-03-19T12:08:04.000Z","updatedAt":"2022-03-19T12:08:04.000Z","balance":0},{"id":416,"name":"Cecilia Brun","email":"cecilia.brun@example.com","password":"12345678","phone_number":"077 671 70 82","nid":"23638145","role":"Customer","createdAt":"2022-03-19T12:08:06.000Z","updatedAt":"2022-03-19T12:08:06.000Z","balance":0},{"id":417,"name":"Aiden Wood","email":"aiden.wood@example.com","password":"12345678","phone_number":"(330)-822-0180","nid":"68687173","role":"Customer","createdAt":"2022-03-19T12:08:10.000Z","updatedAt":"2022-03-19T12:08:10.000Z","balance":0},{"id":418,"name":"Édouard Andre","email":"edouard.andre@example.com","password":"1234567","phone_number":"075 834 24 02","nid":"74658485","role":"Customer","createdAt":"2022-03-19T12:10:11.000Z","updatedAt":"2022-03-19T12:10:11.000Z","balance":0},{"id":419,"name":"Ambra Kloos","email":"ambra.kloos@example.com","password":"1234567","phone_number":"(421)-159-8315","nid":"93122900","role":"Customer","createdAt":"2022-03-19T12:11:06.000Z","updatedAt":"2022-03-19T12:11:06.000Z","balance":0},{"id":420,"name":"Barb Gilbert","email":"barb.gilbert@example.com","password":"1234567","phone_number":"016977 3017","nid":"22863954","role":"Customer","createdAt":"2022-03-19T12:13:52.000Z","updatedAt":"2022-03-19T12:13:52.000Z","balance":0},{"id":421,"name":"Salman Rahman","email":"salman@grr.la","password":"1234567","phone_number":"(194)-299-5927","nid":"47101791","role":"Customer","createdAt":"2022-03-19T12:45:52.000Z","updatedAt":"2022-03-19T13:00:53.000Z","balance":0},{"id":422,"name":"Roelof Alkan","email":"roelof.alkan@example.com","password":"","phone_number":"(927)-259-7424","nid":"65241301","role":"Customer","createdAt":"2022-03-19T12:53:06.000Z","updatedAt":"2022-03-19T12:53:06.000Z","balance":0},{"id":423,"name":"Jeremey Compagner","email":"jeremey.compagner@example.com","password":"","phone_number":"(455)-957-0848","nid":"67470397","role":"Customer","createdAt":"2022-03-19T12:56:22.000Z","updatedAt":"2022-03-19T12:56:22.000Z","balance":0},{"id":424,"name":"Jalil Graus","email":"jalil.graus@example.com","password":"","phone_number":"(364)-725-4193","nid":"83007105","role":"Customer","createdAt":"2022-03-19T12:57:21.000Z","updatedAt":"2022-03-19T12:57:21.000Z","balance":0},{"id":425,"name":"Lourdes Mendez","email":"lourdes.mendez@example.com","password":"","phone_number":"912-474-006","nid":"54609492","role":"Customer","createdAt":"2022-03-19T12:59:35.000Z","updatedAt":"2022-03-19T12:59:35.000Z","balance":0},{"id":426,"name":"Melissa Ross","email":"melissa.ross@example.com","password":"","phone_number":"05-2913-4951","nid":"57305288","role":"Customer","createdAt":"2022-03-19T13:00:48.000Z","updatedAt":"2022-03-19T13:00:48.000Z","balance":0},{"id":427,"name":"Chloe Reid","email":"chloe.reid@example.com","password":"","phone_number":"015396 80211","nid":"53179226","role":"Customer","createdAt":"2022-03-19T13:02:53.000Z","updatedAt":"2022-03-19T13:02:53.000Z","balance":0},{"id":428,"name":"Kasper Niska","email":"kasper.niska@example.com","password":"","phone_number":"09-247-908","nid":"28291845","role":"Customer","createdAt":"2022-03-19T13:04:14.000Z","updatedAt":"2022-03-19T13:04:14.000Z","balance":0},{"id":429,"name":"Gilles Jonk","email":"gilles.jonk@example.com","password":"","phone_number":"(152)-189-6521","nid":"81601866","role":"Customer","createdAt":"2022-03-19T13:05:29.000Z","updatedAt":"2022-03-19T13:05:29.000Z","balance":0},{"id":430,"name":"Otto Koskela","email":"otto.koskela@example.com","password":"","phone_number":"06-561-793","nid":"80995602","role":"Customer","createdAt":"2022-03-19T13:05:32.000Z","updatedAt":"2022-03-19T13:05:32.000Z","balance":0},{"id":431,"name":"Jessica Washington","email":"jessica.washington@example.com","password":"","phone_number":"(656)-693-1962","nid":"12945165","role":"Customer","createdAt":"2022-03-19T13:06:08.000Z","updatedAt":"2022-03-19T13:06:08.000Z","balance":0},{"id":432,"name":"Gilcenira Castro","email":"gilcenira.castro@example.com","password":"","phone_number":"(40) 4056-8434","nid":"98396997","role":"Customer","createdAt":"2022-03-19T13:06:59.000Z","updatedAt":"2022-03-19T13:06:59.000Z","balance":0},{"id":433,"name":"Sanya Slaats","email":"sanya.slaats@example.com","password":"","phone_number":"(329)-130-4318","nid":"26584556","role":"Customer","createdAt":"2022-03-19T13:07:33.000Z","updatedAt":"2022-03-19T13:07:33.000Z","balance":0},{"id":434,"name":"Gabriel Martinez","email":"gabriel.martinez@example.com","password":"","phone_number":"935-598-509","nid":"59389470","role":"Customer","createdAt":"2022-03-19T13:11:54.000Z","updatedAt":"2022-03-19T13:11:54.000Z","balance":0},{"id":435,"name":"Karl Bennett","email":"karl.bennett@example.com","password":"","phone_number":"015242 97907","nid":"27805172","role":"Customer","createdAt":"2022-03-19T13:13:13.000Z","updatedAt":"2022-03-19T13:13:13.000Z","balance":0},{"id":436,"name":"Sophia Riviere","email":"sophia.riviere@example.com","password":"","phone_number":"077 275 36 22","nid":"36871435","role":"Customer","createdAt":"2022-03-19T13:14:12.000Z","updatedAt":"2022-03-19T13:14:12.000Z","balance":0},{"id":437,"name":"Hasnat Shoheb","email":"salman@grr.la","password":"","phone_number":"016977 41697","nid":"27092316","role":"Customer","createdAt":"2022-03-19T13:15:45.000Z","updatedAt":"2022-03-19T13:19:35.000Z","balance":0},{"id":438,"name":"Christoffer Rasmussen","email":"christoffer.rasmussen@example.com","password":"","phone_number":"35695372","nid":"53379124","role":"Customer","createdAt":"2022-03-19T13:18:48.000Z","updatedAt":"2022-03-19T13:18:48.000Z","balance":0},{"id":439,"name":"Hasnat Shoheb","email":"salman@grr.la","password":"","phone_number":"0527-6940676","nid":"78115973","role":"Customer","createdAt":"2022-03-19T13:19:29.000Z","updatedAt":"2022-03-19T13:20:06.000Z","balance":0},{"id":441,"name":"Maurice Steinert","email":"maurice.steinert@example.com","password":"{{pass}}","phone_number":"0264-9235851","nid":"10089837","role":"Customer","createdAt":"2022-03-19T13:21:09.000Z","updatedAt":"2022-03-19T13:21:09.000Z","balance":0},{"id":444,"name":"Selma Kristensen","email":"selma.kristensen@example.com","password":"1234567","phone_number":"24698696","nid":"39239629","role":"Customer","createdAt":"2022-03-19T13:23:02.000Z","updatedAt":"2022-03-19T13:23:02.000Z","balance":0},{"id":445,"name":"Vera Aase","email":"vera.aase@example.com","password":"{{pass}}","phone_number":"30085753","nid":"65116467","role":"Customer","createdAt":"2022-03-19T13:24:17.000Z","updatedAt":"2022-03-19T13:24:17.000Z","balance":0},{"id":446,"name":"Martha Ward","email":"martha.ward@example.com","password":"{{pass}}","phone_number":"011-732-8263","nid":"84097855","role":"Customer","createdAt":"2022-03-19T13:26:30.000Z","updatedAt":"2022-03-19T13:26:30.000Z","balance":0},{"id":452,"name":"Dolores Lorenzo","email":"dolores.lorenzo@example.com","password":"6413460335","phone_number":"942-532-011","nid":"12843977","role":"Customer","createdAt":"2022-03-19T14:15:15.000Z","updatedAt":"2022-03-19T14:15:15.000Z","balance":0},{"id":453,"name":"Lola Moulin","email":"lola.moulin@example.com","password":"12345678","phone_number":"04-35-27-78-06","nid":"88551498","role":"Customer","createdAt":"2022-03-19T14:28:26.000Z","updatedAt":"2022-03-19T14:28:26.000Z","balance":0},{"id":455,"name":"user5454","email":"test45454@test.com","password":"12345678","phone_number":"015012456464","nid":"897897897","role":"Customer","createdAt":"2022-03-19T15:47:36.000Z","updatedAt":"2022-03-19T15:47:36.000Z","balance":0},{"id":456,"name":"User 35418","email":"test35418@test.com","password":"12345678","phone_number":"015012435418","nid":"897897897","role":"Customer","createdAt":"2022-03-19T15:53:06.000Z","updatedAt":"2022-03-19T15:53:06.000Z","balance":0},{"id":457,"name":"User 32003","email":"test32003@test.com","password":"12345678","phone_number":"015012432003","nid":"897897897","role":"Customer","createdAt":"2022-03-19T15:53:33.000Z","updatedAt":"2022-03-19T15:53:33.000Z","balance":0},{"id":458,"name":"Rita","email":"rita.diaz@example.com","password":"12345678","phone_number":"(732)-269-2444","nid":"897897897","role":"Customer","createdAt":"2022-03-19T16:01:43.000Z","updatedAt":"2022-03-19T16:01:43.000Z","balance":0},{"id":459,"name":"Valentine","email":"valentine.berger@example.com","password":"12345678","phone_number":"04-84-18-69-74","nid":"897897897","role":"Customer","createdAt":"2022-03-19T16:01:58.000Z","updatedAt":"2022-03-19T16:01:58.000Z","balance":0},{"id":460,"name":"${name}","email":"${email}","password":"12345678","phone_number":"${phone_number}","nid":"897897897","role":"Customer","createdAt":"2022-03-19T16:11:28.000Z","updatedAt":"2022-03-19T16:11:28.000Z","balance":0},{"id":461,"name":"salman15","email":"salman5889@grr.la","password":"12345678","phone_number":"01505565978","nid":"ewrerer","role":" Customer","createdAt":"2022-03-19T16:17:27.000Z","updatedAt":"2022-03-19T16:17:27.000Z","balance":0},{"id":464,"name":"Judith Freeman","email":"judith.freeman@example.com","password":"6413460335","phone_number":"(389)-777-0755","nid":"15447182","role":"Customer","createdAt":"2022-03-19T16:36:22.000Z","updatedAt":"2022-03-19T16:36:22.000Z","balance":0},{"id":465,"name":"George Moore","email":"george.moore@example.com","password":"6413460335","phone_number":"(272)-384-7871","nid":"11387597","role":"Customer","createdAt":"2022-03-19T16:36:49.000Z","updatedAt":"2022-03-19T16:36:49.000Z","balance":0},{"id":467,"name":"Albert Bugge","email":"albert.bugge@example.com","password":"6413460335","phone_number":"53471825","nid":"41601603","role":"Customer","createdAt":"2022-03-19T16:41:04.000Z","updatedAt":"2022-03-19T16:41:04.000Z","balance":0},{"id":472,"name":"Silvia Guerrero","email":"silvia.guerrero@example.com","password":"1234567","phone_number":"981-064-980","nid":"41414872","role":"Customer","createdAt":"2022-03-19T19:34:27.000Z","updatedAt":"2022-03-19T19:34:27.000Z","balance":0},{"id":475,"name":"King fox","email":"king9@example.com","password":"64513460335","phone_number":"(241)-741-2619","nid":"24467420","role":"Customer","createdAt":"2022-03-20T00:21:38.000Z","updatedAt":"2022-06-27T16:01:21.000Z","balance":0},{"id":476,"name":"Elise Caspari","email":"vungchung@yahoo.com","password":"1234","phone_number":"01232323344","nid":"8304939349","role":"Customer","createdAt":"2022-03-20T00:23:56.000Z","updatedAt":"2022-03-22T02:46:16.000Z","balance":0},{"id":481,"name":"Jakub Skjolden","email":"jakub.skjolden@example.com","password":"12345678","phone_number":"76281944","nid":"70280269","role":"Customer","createdAt":"2022-03-20T09:25:25.000Z","updatedAt":"2022-03-20T09:25:25.000Z","balance":0},{"id":484,"name":"Nelli Hanninen","email":"nelli.hanninen@example.com","password":"12345678","phone_number":"04-894-724","nid":"50869681","role":"Customer","createdAt":"2022-03-20T12:26:48.000Z","updatedAt":"2022-03-20T12:26:48.000Z","balance":0},{"id":485,"name":"Athena Skinnes","email":"athena.skinnes@example.com","password":"12345678","phone_number":"86880824","nid":"52264948","role":"Customer","createdAt":"2022-03-20T15:08:20.000Z","updatedAt":"2022-03-20T15:08:20.000Z","balance":0},{"id":493,"name":"Herbert Harvey","email":"herbert.harvey@example.com","password":"12345678","phone_number":"01-7034-2457","nid":"61364083","role":"Customer","createdAt":"2022-03-20T16:20:26.000Z","updatedAt":"2022-03-20T16:20:26.000Z","balance":0},{"id":494,"name":"Rico Arnaud","email":"rico.arnaud@example.com","password":"12345678","phone_number":"075 480 28 86","nid":"10658113","role":"Customer","createdAt":"2022-03-20T16:20:45.000Z","updatedAt":"2022-03-20T16:20:45.000Z","balance":0},{"id":495,"name":"Abigail Walker","email":"abigail.walker@example.com","password":"12345678","phone_number":"994-512-7997","nid":"70159997","role":"Customer","createdAt":"2022-03-20T16:26:43.000Z","updatedAt":"2022-03-20T16:26:43.000Z","balance":0},{"id":496,"name":"Kim Jong-un","email":"kim.Jong-un@example.com","password":"12345678","phone_number":"076 620 70 33","nid":"24986400","role":"Customer","createdAt":"2022-03-20T16:43:15.000Z","updatedAt":"2022-03-20T17:25:58.000Z","balance":0},{"id":497,"name":"{{name}}","email":"eyJhbGciOiJIUzI1NiIsInR5cCI6IkpXVCJ9.eyJlbWFpbCI6InNhbG1hbnNyYWJvbkBnbWFpbC5jb20iLCJwYXNzd29yZCI6IjEyMzQiLCJpYXQiOjE2NDc3OTY0MTUsImV4cCI6MTY0Nzc5ODIxNX0.oNcZX7tfj2fdp8LWF29MLw1j3u0tSN3oF3z0yvBGDeU","password":"12345678","phone_number":"{{phone_number}}","nid":"{{nid}}","role":"Customer","createdAt":"2022-03-20T17:14:37.000Z","updatedAt":"2022-03-20T17:14:37.000Z","balance":0},{"id":498,"name":"Arthur Miller","email":"Emmanuel_Wiegand91@yahoo.com","password":"FQSB9JurGJycLhL","phone_number":"869-855-1500","nid":"ad790629-11e4-43cf-b2c2-b88a4248a394","role":"Customer","createdAt":"2022-03-20T17:14:47.000Z","updatedAt":"2022-03-20T17:14:47.000Z","balance":0},{"id":501,"name":"Yasemin Atakol","email":"yasemin.atakol@example.com","password":"12345678","phone_number":"0158699957948","nid":"48946415","role":"Customer","createdAt":"2022-03-20T17:22:44.000Z","updatedAt":"2022-06-24T05:54:31.000Z","balance":0},{"id":502,"name":"Rachel Bradley","email":"rachel.bradley@example.com","password":"12345678","phone_number":"(326)-453-4675","nid":"64221878","role":"Customer","createdAt":"2022-03-20T17:24:21.000Z","updatedAt":"2022-03-20T17:24:21.000Z","balance":0},{"id":504,"name":"Grace Russell","email":"grace.russell@example.com","password":"12345678","phone_number":"071-804-2938","nid":"81460937","role":"Customer","createdAt":"2022-03-20T17:25:57.000Z","updatedAt":"2022-03-20T17:25:57.000Z","balance":0},{"id":507,"name":"Ernesto David","email":"ernesto.david@example.com","password":"12345678","phone_number":"075 338 20 69","nid":"26510213","role":"Customer","createdAt":"2022-03-20T17:29:12.000Z","updatedAt":"2022-03-20T17:29:12.000Z","balance":0},{"id":508,"name":"Sandro Menard","email":"sandro.menard@example.com","password":"12345678","phone_number":"03-16-43-54-45","nid":"90171881","role":"Customer","createdAt":"2022-03-20T17:29:34.000Z","updatedAt":"2022-03-20T17:29:34.000Z","balance":0},{"id":509,"name":"Sevcan Strous","email":"sevcan.strous@example.com","password":"12345678","phone_number":"(299)-426-9473","nid":"75312012","role":"Customer","createdAt":"2022-03-20T17:30:59.000Z","updatedAt":"2022-03-20T17:30:59.000Z","balance":0},{"id":511,"name":"Murat Kaya","email":"murat.kaya@example.com","password":"12345678","phone_number":"(816)-737-2354","nid":"75252151","role":"Customer","createdAt":"2022-03-20T17:34:26.000Z","updatedAt":"2022-03-20T17:34:26.000Z","balance":0},{"id":512,"name":"Erika Morin","email":"erika.morin@example.com","password":"12345678","phone_number":"078 447 23 91","nid":"55882897","role":"Customer","createdAt":"2022-03-20T17:35:03.000Z","updatedAt":"2022-03-20T17:35:03.000Z","balance":0},{"id":514,"name":"Terra Young","email":"terra.young@example.com","password":"12345678","phone_number":"02-2180-1868","nid":"12740454","role":"Customer","createdAt":"2022-03-20T17:39:43.000Z","updatedAt":"2022-03-20T17:39:43.000Z","balance":0},{"id":516,"name":"Jamie Edwards","email":"jamie.edwards@example.com","password":"12345678","phone_number":"(927)-693-7070","nid":"24987376","role":"Customer","createdAt":"2022-03-20T17:47:20.000Z","updatedAt":"2022-03-20T17:47:20.000Z","balance":0},{"id":517,"name":"Ivano Konijn","email":"ivano.konijn@example.com","password":"12345678","phone_number":"(390)-236-9536","nid":"56553640","role":"Customer","createdAt":"2022-03-20T17:51:40.000Z","updatedAt":"2022-03-20T17:51:40.000Z","balance":0},{"id":518,"name":"Virgil Chapman","email":"virgil.chapman@example.com","password":"12345678","phone_number":"00-9757-3334","nid":"97733613","role":"Customer","createdAt":"2022-03-20T17:53:43.000Z","updatedAt":"2022-03-20T17:53:43.000Z","balance":0},{"id":519,"name":"Volker Fleury","email":"volker.fleury@example.com","password":"12345678","phone_number":"078 816 12 28","nid":"34213182","role":"Customer","createdAt":"2022-03-20T18:15:59.000Z","updatedAt":"2022-03-20T18:15:59.000Z","balance":0},{"id":520,"name":"Zakary Turner Ellis Carter","email":"userb34918@grr.la","password":"12345678","phone_number":"625-282-3441","nid":"77232179","role":"Customer","createdAt":"2022-03-20T18:15:59.000Z","updatedAt":"2022-03-20T18:15:59.000Z","balance":0},{"id":522,"name":"Sean Dumont","email":"sean.dumont@example.com","password":"12345678","phone_number":"078 997 68 55","nid":"48134784","role":"Customer","createdAt":"2022-03-20T18:21:37.000Z","updatedAt":"2022-03-20T18:21:37.000Z","balance":0},{"id":524,"name":"David French","email":"david.french@example.com","password":"12345678","phone_number":"313-870-9216","nid":"77814860","role":"Customer","createdAt":"2022-03-20T18:25:51.000Z","updatedAt":"2022-03-20T18:25:51.000Z","balance":0},{"id":525,"name":"Petros Van Turnhout","email":"petros.vanturnhout@example.com","password":"12345678","phone_number":"(544)-855-1852","nid":"21425607","role":"Customer","createdAt":"2022-03-20T18:28:38.000Z","updatedAt":"2022-03-20T18:28:38.000Z","balance":0},{"id":527,"name":"Felix Hicks","email":"felix.hicks@example.com","password":"12345678","phone_number":"031-262-3656","nid":"76373228","role":"Customer","createdAt":"2022-03-20T18:33:42.000Z","updatedAt":"2022-03-20T18:33:42.000Z","balance":0},{"id":528,"name":"Bryan Denesik","email":"Lorine49@gmail.com","password":"1234","phone_number":"01526244931","nid":"8a3388a9-0ed5-4068-a787-9f2600f67354","role":"Customer","createdAt":"2022-03-20T18:42:58.000Z","updatedAt":"2022-03-20T18:42:58.000Z","balance":0},{"id":529,"name":"Adolfo Blanco","email":"adolfo.blanco@example.com","password":"12345678","phone_number":"987-426-814","nid":"63109283","role":"Customer","createdAt":"2022-03-20T18:45:09.000Z","updatedAt":"2022-03-20T18:45:09.000Z","balance":0},{"id":530,"name":"Daniel May","email":"daniel.may@example.com","password":"12345678","phone_number":"041-343-8512","nid":"77568068","role":"Customer","createdAt":"2022-03-20T18:45:12.000Z","updatedAt":"2022-03-20T18:45:12.000Z","balance":0},{"id":531,"name":"Cosme Viana","email":"cosme.viana@example.com","password":"12345678","phone_number":"(44) 6216-2912","nid":"68997113","role":"Customer","createdAt":"2022-03-20T18:46:53.000Z","updatedAt":"2022-03-20T18:46:53.000Z","balance":0},{"id":535,"name":"Salman Rahman","email":"salman@grr.la","password":"1234","phone_number":"01686606909","nid":"77528713","role":"Customer","createdAt":"2022-03-20T19:00:48.000Z","updatedAt":"2022-06-07T18:09:30.000Z","balance":49021},{"id":536,"name":"Isaac Schuppe","email":"users-999@test.com","password":"XLnmt3IpIPNSJs9","phone_number":"256-894-7809","nid":"60914958","role":"Customer","createdAt":"2022-03-20T19:10:06.000Z","updatedAt":"2022-03-20T19:10:06.000Z","balance":0},{"id":538,"name":"Ronnie Hoffman","email":"ronnie.hoffman@example.com","password":"12345678","phone_number":"0181 189 7392","nid":"69530870","role":"Customer","createdAt":"2022-03-20T20:15:17.000Z","updatedAt":"2022-03-20T20:15:17.000Z","balance":0},{"id":539,"name":"Judd Wade","email":"judd.wade@example.com","password":"12345678","phone_number":"(008)-023-3182","nid":"83248614","role":"Customer","createdAt":"2022-03-20T20:16:06.000Z","updatedAt":"2022-03-20T20:16:06.000Z","balance":0},{"id":540,"name":"Eckehard Aydin","email":"eckehard.aydin@example.com","password":"jMUcXdaZIWISdhB","phone_number":"0729-3625960","nid":"7613620419","role":"Customer","createdAt":"2022-03-20T20:19:52.000Z","updatedAt":"2022-03-20T20:19:52.000Z","balance":0},{"id":541,"name":"Ella Cunningham","email":"ella.cunningham@example.com","password":"armHoWAL6C3PwzN","phone_number":"016974 45874","nid":"9719552301","role":"Customer","createdAt":"2022-03-20T20:25:23.000Z","updatedAt":"2022-03-20T20:25:23.000Z","balance":0},{"id":542,"name":"Tianna Mraz Ronald Pagac","email":"userb33448@grr.la","password":"12345678","phone_number":"774-724-8642","nid":"71275406","role":"Customer","createdAt":"2022-03-20T20:26:45.000Z","updatedAt":"2022-03-20T20:26:45.000Z","balance":0},{"id":545,"name":"Sofia Muñoz","email":"sofia.munoz@example.com","password":"yoMOdLUtjwwj0Oh","phone_number":"970-715-408","nid":"1528005964","role":"Customer","createdAt":"2022-03-20T20:50:48.000Z","updatedAt":"2022-03-20T20:50:48.000Z","balance":0},{"id":548,"name":"Rayan Chevalier","email":"rayan.chevalier@example.com","password":"GzsQiHMr6STfq4B","phone_number":"077 875 72 90","nid":"7384785285","role":"Customer","createdAt":"2022-03-20T21:25:58.000Z","updatedAt":"2022-03-20T21:25:58.000Z","balance":0},{"id":549,"name":"Hannah Lo","email":"hannah.lo@example.com","password":"RV1oLwKD3hM9Ci7","phone_number":"559-387-0079","nid":"4286688172","role":"Customer","createdAt":"2022-03-20T21:28:27.000Z","updatedAt":"2022-03-20T21:28:27.000Z","balance":0},{"id":550,"name":"Kay Simmons","email":"kay.simmons@example.com","password":"f1uy8Ui8yN172He","phone_number":"04-0957-2678","nid":"2069754980","role":"Customer","createdAt":"2022-03-20T21:34:01.000Z","updatedAt":"2022-03-20T21:34:01.000Z","balance":0},{"id":551,"name":"Alexis Kumar","email":"alexis.kumar@example.com","password":"tAE_DfYNIZ9xypT","phone_number":"(992)-963-1121","nid":"2240529194","role":"Customer","createdAt":"2022-03-20T21:34:30.000Z","updatedAt":"2022-03-20T21:34:30.000Z","balance":0},{"id":554,"name":"Marie Sørensen","email":"marie.sorensen@example.com","password":"bQFhcQHJWXgLfIW","phone_number":"17148145","nid":"6499079939","role":"Customer","createdAt":"2022-03-20T21:41:20.000Z","updatedAt":"2022-03-20T21:41:20.000Z","balance":0},{"id":557,"name":"Auguste Blanc","email":"auguste.blanc@example.com","password":"FlkBcvGzoUXbAhK","phone_number":"05-28-89-78-57","nid":"9255612394","role":"Customer","createdAt":"2022-03-20T22:32:41.000Z","updatedAt":"2022-03-20T22:32:41.000Z","balance":0},{"id":560,"name":"Carl Man","email":"carl.michale-un@example.com","password":"12345678","phone_number":"01502284974","nid":"987894562","role":"Customer","createdAt":"2022-03-21T06:22:53.000Z","updatedAt":"2022-03-21T07:08:07.000Z","balance":0},{"id":561,"name":"Na Vid","email":"naavi@grr.la","password":"12345678","phone_number":"(95) 7139-4880","nid":"21952627","role":"Customer","createdAt":"2022-03-21T06:26:57.000Z","updatedAt":"2022-03-21T06:32:28.000Z","balance":0},{"id":562,"name":"Rosie Fleming","email":"rosie.fleming@example.com","password":"12345678","phone_number":"071-431-7285","nid":"35396052","role":"Customer","createdAt":"2022-03-21T06:32:27.000Z","updatedAt":"2022-03-21T06:32:27.000Z","balance":0},{"id":563,"name":"user 1 batch 3","email":"user1b3@gmail.com","password":"12345678","phone_number":"1234566","nid":"234566","role":"Customer","createdAt":"2022-03-21T07:00:43.000Z","updatedAt":"2022-03-21T07:00:43.000Z","balance":0},{"id":564,"name":"Danielle Brewer","email":"danielle.brewer@example.com","password":"12345678","phone_number":"09-6288-0417","nid":"13988896","role":"Customer","createdAt":"2022-03-21T08:14:36.000Z","updatedAt":"2022-03-21T08:14:36.000Z","balance":0},{"id":566,"name":"Roberto Herrero","email":"roberto.herrero@example.com","password":"12345678","phone_number":"946-442-138","nid":"41011866","role":"Customer","createdAt":"2022-03-21T08:22:59.000Z","updatedAt":"2022-03-21T08:22:59.000Z","balance":0},{"id":568,"name":"Väinö Kotila","email":"vaino.kotila@example.com","password":"12345678","phone_number":"04-870-336","nid":"63066662","role":"Customer","createdAt":"2022-03-21T08:26:13.000Z","updatedAt":"2022-03-21T08:26:13.000Z","balance":0},{"id":570,"name":"Van Gerard","email":"van.gerard@example.com","password":"{{Password}}","phone_number":"079 311 56 93","nid":"34950504","role":"Customer","createdAt":"2022-03-21T09:05:47.000Z","updatedAt":"2022-03-21T09:05:47.000Z","balance":0},{"id":571,"name":"Laurie Grewal","email":"laurie.grewal@example.com","password":"{{Password}}","phone_number":"577-837-2031","nid":"22491946","role":"Customer","createdAt":"2022-03-21T09:08:34.000Z","updatedAt":"2022-03-21T09:08:34.000Z","balance":0},{"id":573,"name":"Jurij Helm","email":"jurij.helm@example.com","password":"{{Password}}","phone_number":"0687-8714821","nid":"66933857","role":"Customer","createdAt":"2022-03-21T09:11:22.000Z","updatedAt":"2022-03-21T09:11:22.000Z","balance":0},{"id":574,"name":"Léonie Gauthier","email":"leonie.gauthier@example.com","password":"{{Password}}","phone_number":"05-95-19-37-69","nid":"83526737","role":"Customer","createdAt":"2022-03-21T09:13:30.000Z","updatedAt":"2022-03-21T09:13:30.000Z","balance":0},{"id":575,"name":"jmuser 89437","email":"jmuser89437@gmail.com","password":"666700","phone_number":"01983289437","nid":"555444556","role":"Customer","createdAt":"2022-03-21T09:14:53.000Z","updatedAt":"2022-03-21T09:14:53.000Z","balance":0},{"id":576,"name":"jmuser 43576","email":"jmuser43576@gmail.com","password":"666700","phone_number":"01983243576","nid":"555444556","role":"Customer","createdAt":"2022-03-21T09:17:15.000Z","updatedAt":"2022-03-21T09:17:15.000Z","balance":0},{"id":577,"name":"Smrity","email":"smrity@gmail.com","password":"12345678","phone_number":"01625406459","nid":"5566778899","role":"Customer","createdAt":"2022-03-21T09:18:06.000Z","updatedAt":"2022-03-21T09:18:06.000Z","balance":0},{"id":578,"name":"Wilbert+Volkman","email":"Minnie.Wyman@gmail.com","password":"kTfGLAOGGabac_1","phone_number":"286-674-2564","nid":"83526737","role":"Customer","createdAt":"2022-03-21T09:25:12.000Z","updatedAt":"2022-03-21T09:25:12.000Z","balance":0},{"id":579,"name":"jmuser 26232","email":"jmuser26232@gmail.com","password":"666700","phone_number":"01983226232","nid":"555444556","role":"Customer","createdAt":"2022-03-21T09:27:00.000Z","updatedAt":"2022-03-21T09:27:00.000Z","balance":0},{"id":580,"name":"Esther","email":"esther.munoz@example.com","password":"666700","phone_number":"921-360-907","nid":"555444556","role":"Customer","createdAt":"2022-03-21T09:27:06.000Z","updatedAt":"2022-03-21T09:27:06.000Z","balance":0},{"id":581,"name":"jmuser 26139","email":"jmuser26139@gmail.com","password":"666700","phone_number":"01983226139","nid":"555444556","role":"Customer","createdAt":"2022-03-21T09:27:18.000Z","updatedAt":"2022-03-21T09:27:18.000Z","balance":0},{"id":582,"name":"Onni","email":"onni.ketola@example.com","password":"666700","phone_number":"06-052-513","nid":"555444556","role":"Customer","createdAt":"2022-03-21T09:27:38.000Z","updatedAt":"2022-03-21T09:27:38.000Z","balance":0},{"id":583,"name":"Younes","email":"younes.svendsrud@example.com","password":"666700","phone_number":"62702108","nid":"555444556","role":"Customer","createdAt":"2022-03-21T09:28:59.000Z","updatedAt":"2022-03-21T09:28:59.000Z","balance":0},{"id":584,"name":"Loan","email":"loan.leclerc@example.com","password":"666700","phone_number":"01-68-06-39-07","nid":"555444556","role":"Customer","createdAt":"2022-03-21T09:29:19.000Z","updatedAt":"2022-03-21T09:29:19.000Z","balance":0},{"id":585,"name":"Macit","email":"macit.ozturk@example.com","password":"666700","phone_number":"(602)-291-4283","nid":"555444556","role":"Customer","createdAt":"2022-03-21T09:30:11.000Z","updatedAt":"2022-03-21T09:30:11.000Z","balance":0},{"id":586,"name":"Tyler","email":"tyler.black@example.com","password":"666700","phone_number":"05-9557-8237","nid":"555444556","role":"Customer","createdAt":"2022-03-21T09:40:27.000Z","updatedAt":"2022-03-21T09:40:27.000Z","balance":0},{"id":587,"name":"Aiden","email":"aiden.mitchell@example.com","password":"666700","phone_number":"563-495-8264","nid":"555444556","role":"Customer","createdAt":"2022-03-21T09:41:35.000Z","updatedAt":"2022-03-21T09:41:35.000Z","balance":0},{"id":588,"name":"Theodore","email":"theodore.johnson@example.com","password":"666700","phone_number":"(342)-589-7156","nid":"555444556","role":"Customer","createdAt":"2022-03-21T09:44:02.000Z","updatedAt":"2022-03-21T09:44:02.000Z","balance":0},{"id":589,"name":"shovon","email":"shovon@grr.la","password":"12345678","phone_number":"01779035668","nid":"456987412","role":"customer","createdAt":"2022-03-21T09:54:07.000Z","updatedAt":"2022-03-21T09:54:07.000Z","balance":0},{"id":590,"name":"Mahmud30655","email":"mahmud30655@grr.la","password":"66670030655","phone_number":"01773330655","nid":"45630655","role":"Customer","createdAt":"2022-03-21T10:35:11.000Z","updatedAt":"2022-03-21T10:35:11.000Z","balance":0},{"id":591,"name":"Mahmud26143","email":"mahmud26143@grr.la","password":"66670026143","phone_number":"01773326143","nid":"45626143","role":"Customer","createdAt":"2022-03-21T10:35:20.000Z","updatedAt":"2022-03-21T10:35:20.000Z","balance":0},{"id":592,"name":"Eliott Deschamps","email":"eliott.deschamps@example.com","password":"12345678","phone_number":"05-62-40-97-86","nid":"62922629","role":"Customer","createdAt":"2022-03-21T10:39:50.000Z","updatedAt":"2022-03-21T10:39:50.000Z","balance":0},{"id":593,"name":"Cas","email":"cas.bes@example.com","password":"666700","phone_number":"(776)-460-3205","nid":"44566631","role":"Customer","createdAt":"2022-03-21T10:41:15.000Z","updatedAt":"2022-03-21T10:41:15.000Z","balance":0},{"id":594,"name":"Nella","email":"nella.neva@example.com","password":"666700","phone_number":"04-309-893","nid":"44566631","role":"Customer","createdAt":"2022-03-21T10:41:25.000Z","updatedAt":"2022-03-21T10:41:25.000Z","balance":0},{"id":595,"name":"Boavida","email":"boavida.gomes@example.com","password":"666700","phone_number":"(50) 4808-1494","nid":"44566631","role":"Customer","createdAt":"2022-03-21T10:41:30.000Z","updatedAt":"2022-03-21T10:41:30.000Z","balance":0},{"id":596,"name":"Celestine","email":"celestine.david@example.com","password":"666700","phone_number":"05-87-28-63-57","nid":"44566631","role":"Customer","createdAt":"2022-03-21T10:42:00.000Z","updatedAt":"2022-03-21T10:42:00.000Z","balance":0},{"id":597,"name":"Rose Schmitt","email":"rose.schmitt@example.com","password":"12345678","phone_number":"05-51-10-18-28","nid":"72031627","role":"Customer","createdAt":"2022-03-21T10:42:20.000Z","updatedAt":"2022-03-21T10:42:20.000Z","balance":0},{"id":598,"name":"Eufrásio Jesus","email":"eufrasio.jesus@example.com","password":"12345678","phone_number":"(63) 8228-8558","nid":"98335106","role":"Customer","createdAt":"2022-03-21T10:42:31.000Z","updatedAt":"2022-03-21T10:42:31.000Z","balance":0},{"id":599,"name":"Marlene","email":"marlene.jordan@example.com","password":"666700","phone_number":"(786)-839-3004","nid":"44566631","role":"Customer","createdAt":"2022-03-21T10:43:49.000Z","updatedAt":"2022-03-21T10:43:49.000Z","balance":0},{"id":600,"name":"Anatoli","email":"anatoli.ehrmann@example.com","password":"666700","phone_number":"0821-9570682","nid":"44566631","role":"Customer","createdAt":"2022-03-21T10:44:44.000Z","updatedAt":"2022-03-21T10:44:44.000Z","balance":0},{"id":601,"name":"Eelis","email":"eelis.niva@example.com","password":"666700","phone_number":"02-630-243","nid":"44566631","role":"Customer","createdAt":"2022-03-21T10:45:12.000Z","updatedAt":"2022-03-21T10:45:12.000Z","balance":0},{"id":602,"name":"{{$randomfirstname}} {{$randomlastname}}","email":"{{$randomemail}}","password":"12345678","phone_number":"{{$randomphone_number}}","nid":"82719567","role":"Customer","createdAt":"2022-03-21T11:09:57.000Z","updatedAt":"2022-03-21T11:09:57.000Z","balance":0},{"id":603,"name":"Taylor Jakubowski Angelina Fisher","email":"userb32539@grr.la","password":"12345678","phone_number":"824-957-9227","nid":"21197121","role":"Customer","createdAt":"2022-03-21T11:14:58.000Z","updatedAt":"2022-03-21T11:14:58.000Z","balance":0},{"id":608,"name":"ababab","email":"abab@gmail.com","password":"12345678","phone_number":"121212","nid":"232323","role":"Customer","createdAt":"2022-03-21T13:51:37.000Z","updatedAt":"2022-03-21T13:51:37.000Z","balance":0},{"id":609,"name":"abababjrm","email":"abab123789@gmail.com","password":"12345678","phone_number":"12121245678","nid":"23232333890","role":"Customer","createdAt":"2022-03-21T14:01:45.000Z","updatedAt":"2022-03-21T14:01:45.000Z","balance":0},{"id":610,"name":"abababjrm856821","email":"abab123789856821@gmail.com","password":"12345678856821","phone_number":"12121245678856821","nid":"23232333890856821","role":"Customer","createdAt":"2022-03-21T14:09:47.000Z","updatedAt":"2022-03-21T14:09:47.000Z","balance":0},{"id":611,"name":"abababjrm532077","email":"abab123789532077@gmail.com","password":"12345678532077","phone_number":"12121245678532077","nid":"23232333890532077","role":"Customer","createdAt":"2022-03-21T14:10:55.000Z","updatedAt":"2022-03-21T14:10:55.000Z","balance":0},{"id":612,"name":"abababjrm762185","email":"abab123789762185@gmail.com","password":"12345678762185","phone_number":"12121245678762185","nid":"23232333890762185","role":"Customer","createdAt":"2022-03-21T14:10:55.000Z","updatedAt":"2022-03-21T14:10:55.000Z","balance":0},{"id":613,"name":"abababjrm362536","email":"abab123789362536@gmail.com","password":"12345678362536","phone_number":"12121245678362536","nid":"23232333890362536","role":"Customer","createdAt":"2022-03-21T14:11:08.000Z","updatedAt":"2022-03-21T14:11:08.000Z","balance":0},{"id":614,"name":"abababjrm581215","email":"abab123789581215@gmail.com","password":"12345678581215","phone_number":"12121245678581215","nid":"23232333890581215","role":"Customer","createdAt":"2022-03-21T14:11:12.000Z","updatedAt":"2022-03-21T14:11:12.000Z","balance":0},{"id":615,"name":"abababjrm808856","email":"abab123789808856@gmail.com","password":"12345678808856","phone_number":"12121245678808856","nid":"23232333890808856","role":"Customer","createdAt":"2022-03-21T14:11:12.000Z","updatedAt":"2022-03-21T14:11:12.000Z","balance":0},{"id":616,"name":"abababjrm849790","email":"abab123789849790@gmail.com","password":"12345678849790","phone_number":"12121245678849790","nid":"23232333890849790","role":"Customer","createdAt":"2022-03-21T14:11:12.000Z","updatedAt":"2022-03-21T14:11:12.000Z","balance":0},{"id":617,"name":"abababjrm973468","email":"abab123789973468@gmail.com","password":"12345678973468","phone_number":"12121245678973468","nid":"23232333890973468","role":"Customer","createdAt":"2022-03-21T14:11:12.000Z","updatedAt":"2022-03-21T14:11:12.000Z","balance":0},{"id":618,"name":"abababjrm643757","email":"abab123789643757@gmail.com","password":"12345678643757","phone_number":"12121245678643757","nid":"23232333890643757","role":"Customer","createdAt":"2022-03-21T14:11:12.000Z","updatedAt":"2022-03-21T14:11:12.000Z","balance":0},{"id":619,"name":"abababjrm312605","email":"abab123789312605@gmail.com","password":"12345678312605","phone_number":"12121245678312605","nid":"23232333890312605","role":"Customer","createdAt":"2022-03-21T14:11:12.000Z","updatedAt":"2022-03-21T14:11:12.000Z","balance":0},{"id":620,"name":"abababjrm562204","email":"abab123789562204@gmail.com","password":"12345678562204","phone_number":"12121245678562204","nid":"23232333890562204","role":"Customer","createdAt":"2022-03-21T14:11:12.000Z","updatedAt":"2022-03-21T14:11:12.000Z","balance":0},{"id":621,"name":"abababjrm495099","email":"abab123789495099@gmail.com","password":"12345678495099","phone_number":"12121245678495099","nid":"23232333890495099","role":"Customer","createdAt":"2022-03-21T14:11:12.000Z","updatedAt":"2022-03-21T14:11:12.000Z","balance":0},{"id":622,"name":"abababjrm183972","email":"abab123789183972@gmail.com","password":"12345678183972","phone_number":"12121245678183972","nid":"23232333890183972","role":"Customer","createdAt":"2022-03-21T14:11:12.000Z","updatedAt":"2022-03-21T14:11:12.000Z","balance":0},{"id":623,"name":"abababjrm720713","email":"abab123789720713@gmail.com","password":"12345678720713","phone_number":"12121245678720713","nid":"23232333890720713","role":"Customer","createdAt":"2022-03-21T14:11:12.000Z","updatedAt":"2022-03-21T14:11:12.000Z","balance":0},{"id":624,"name":"abababjrm399980","email":"abab123789399980@gmail.com","password":"12345678399980","phone_number":"12121245678399980","nid":"23232333890399980","role":"Customer","createdAt":"2022-03-21T14:11:12.000Z","updatedAt":"2022-03-21T14:11:12.000Z","balance":0},{"id":625,"name":"abababjrm242270","email":"abab123789242270@gmail.com","password":"12345678242270","phone_number":"12121245678242270","nid":"23232333890242270","role":"Customer","createdAt":"2022-03-21T14:11:12.000Z","updatedAt":"2022-03-21T14:11:12.000Z","balance":0},{"id":626,"name":"abababjrm311344","email":"abab123789311344@gmail.com","password":"12345678311344","phone_number":"12121245678311344","nid":"23232333890311344","role":"Customer","createdAt":"2022-03-21T14:11:12.000Z","updatedAt":"2022-03-21T14:11:12.000Z","balance":0},{"id":627,"name":"abababjrm401570","email":"abab123789401570@gmail.com","password":"12345678401570","phone_number":"12121245678401570","nid":"23232333890401570","role":"Customer","createdAt":"2022-03-21T14:11:12.000Z","updatedAt":"2022-03-21T14:11:12.000Z","balance":0},{"id":628,"name":"abababjrm680746","email":"abab123789680746@gmail.com","password":"12345678680746","phone_number":"12121245678680746","nid":"23232333890680746","role":"Customer","createdAt":"2022-03-21T14:11:12.000Z","updatedAt":"2022-03-21T14:11:12.000Z","balance":0},{"id":629,"name":"abababjrm673631","email":"abab123789673631@gmail.com","password":"12345678673631","phone_number":"12121245678673631","nid":"23232333890673631","role":"Customer","createdAt":"2022-03-21T14:11:12.000Z","updatedAt":"2022-03-21T14:11:12.000Z","balance":0},{"id":630,"name":"abababjrm300224","email":"abab123789300224@gmail.com","password":"12345678300224","phone_number":"12121245678300224","nid":"23232333890300224","role":"Customer","createdAt":"2022-03-21T14:11:12.000Z","updatedAt":"2022-03-21T14:11:12.000Z","balance":0},{"id":631,"name":"abababjrm811293","email":"abab123789811293@gmail.com","password":"12345678811293","phone_number":"12121245678811293","nid":"23232333890811293","role":"Customer","createdAt":"2022-03-21T14:11:12.000Z","updatedAt":"2022-03-21T14:11:12.000Z","balance":0},{"id":632,"name":"abababjrm361804","email":"abab123789361804@gmail.com","password":"12345678361804","phone_number":"12121245678361804","nid":"23232333890361804","role":"Customer","createdAt":"2022-03-21T14:11:12.000Z","updatedAt":"2022-03-21T14:11:12.000Z","balance":0},{"id":633,"name":"abababjrm508429","email":"abab123789508429@gmail.com","password":"12345678508429","phone_number":"12121245678508429","nid":"23232333890508429","role":"Customer","createdAt":"2022-03-21T14:11:12.000Z","updatedAt":"2022-03-21T14:11:12.000Z","balance":0},{"id":634,"name":"abababjrm299902","email":"abab123789299902@gmail.com","password":"12345678299902","phone_number":"12121245678299902","nid":"23232333890299902","role":"Customer","createdAt":"2022-03-21T14:11:12.000Z","updatedAt":"2022-03-21T14:11:12.000Z","balance":0},{"id":635,"name":"abababjrm691652","email":"abab123789691652@gmail.com","password":"12345678691652","phone_number":"12121245678691652","nid":"23232333890691652","role":"Customer","createdAt":"2022-03-21T14:11:12.000Z","updatedAt":"2022-03-21T14:11:12.000Z","balance":0},{"id":636,"name":"abababjrm174417","email":"abab123789174417@gmail.com","password":"12345678174417","phone_number":"12121245678174417","nid":"23232333890174417","role":"Customer","createdAt":"2022-03-21T14:11:12.000Z","updatedAt":"2022-03-21T14:11:12.000Z","balance":0},{"id":637,"name":"abababjrm769949","email":"abab123789769949@gmail.com","password":"12345678769949","phone_number":"12121245678769949","nid":"23232333890769949","role":"Customer","createdAt":"2022-03-21T14:11:12.000Z","updatedAt":"2022-03-21T14:11:12.000Z","balance":0},{"id":638,"name":"abababjrm266503","email":"abab123789266503@gmail.com","password":"12345678266503","phone_number":"12121245678266503","nid":"23232333890266503","role":"Customer","createdAt":"2022-03-21T14:11:12.000Z","updatedAt":"2022-03-21T14:11:12.000Z","balance":0},{"id":639,"name":"abababjrm319678","email":"abab123789319678@gmail.com","password":"12345678319678","phone_number":"12121245678319678","nid":"23232333890319678","role":"Customer","createdAt":"2022-03-21T14:11:12.000Z","updatedAt":"2022-03-21T14:11:12.000Z","balance":0},{"id":640,"name":"abababjrm131239","email":"abab123789131239@gmail.com","password":"12345678131239","phone_number":"12121245678131239","nid":"23232333890131239","role":"Customer","createdAt":"2022-03-21T14:11:12.000Z","updatedAt":"2022-03-21T14:11:12.000Z","balance":0},{"id":641,"name":"abababjrm733398","email":"abab123789733398@gmail.com","password":"12345678733398","phone_number":"12121245678733398","nid":"23232333890733398","role":"Customer","createdAt":"2022-03-21T14:11:12.000Z","updatedAt":"2022-03-21T14:11:12.000Z","balance":0},{"id":642,"name":"abababjrm224665","email":"abab123789224665@gmail.com","password":"12345678224665","phone_number":"12121245678224665","nid":"23232333890224665","role":"Customer","createdAt":"2022-03-21T14:11:12.000Z","updatedAt":"2022-03-21T14:11:12.000Z","balance":0},{"id":643,"name":"abababjrm794971","email":"abab123789794971@gmail.com","password":"12345678794971","phone_number":"12121245678794971","nid":"23232333890794971","role":"Customer","createdAt":"2022-03-21T14:11:12.000Z","updatedAt":"2022-03-21T14:11:12.000Z","balance":0},{"id":644,"name":"abababjrm883161","email":"abab123789883161@gmail.com","password":"12345678883161","phone_number":"12121245678883161","nid":"23232333890883161","role":"Customer","createdAt":"2022-03-21T14:11:12.000Z","updatedAt":"2022-03-21T14:11:12.000Z","balance":0},{"id":645,"name":"abababjrm828246","email":"abab123789828246@gmail.com","password":"12345678828246","phone_number":"12121245678828246","nid":"23232333890828246","role":"Customer","createdAt":"2022-03-21T14:11:12.000Z","updatedAt":"2022-03-21T14:11:12.000Z","balance":0},{"id":646,"name":"abababjrm174903","email":"abab123789174903@gmail.com","password":"12345678174903","phone_number":"12121245678174903","nid":"23232333890174903","role":"Customer","createdAt":"2022-03-21T14:11:12.000Z","updatedAt":"2022-03-21T14:11:12.000Z","balance":0},{"id":647,"name":"abababjrm502382","email":"abab123789502382@gmail.com","password":"12345678502382","phone_number":"12121245678502382","nid":"23232333890502382","role":"Customer","createdAt":"2022-03-21T14:11:12.000Z","updatedAt":"2022-03-21T14:11:12.000Z","balance":0},{"id":648,"name":"abababjrm135721","email":"abab123789135721@gmail.com","password":"12345678135721","phone_number":"12121245678135721","nid":"23232333890135721","role":"Customer","createdAt":"2022-03-21T14:11:12.000Z","updatedAt":"2022-03-21T14:11:12.000Z","balance":0},{"id":649,"name":"abababjrm811800","email":"abab123789811800@gmail.com","password":"12345678811800","phone_number":"12121245678811800","nid":"23232333890811800","role":"Customer","createdAt":"2022-03-21T14:11:12.000Z","updatedAt":"2022-03-21T14:11:12.000Z","balance":0},{"id":650,"name":"abababjrm927490","email":"abab123789927490@gmail.com","password":"12345678927490","phone_number":"12121245678927490","nid":"23232333890927490","role":"Customer","createdAt":"2022-03-21T14:11:12.000Z","updatedAt":"2022-03-21T14:11:12.000Z","balance":0},{"id":651,"name":"abababjrm795477","email":"abab123789795477@gmail.com","password":"12345678795477","phone_number":"12121245678795477","nid":"23232333890795477","role":"Customer","createdAt":"2022-03-21T14:11:12.000Z","updatedAt":"2022-03-21T14:11:12.000Z","balance":0},{"id":652,"name":"abababjrm897473","email":"abab123789897473@gmail.com","password":"12345678897473","phone_number":"12121245678897473","nid":"23232333890897473","role":"Customer","createdAt":"2022-03-21T14:11:12.000Z","updatedAt":"2022-03-21T14:11:12.000Z","balance":0},{"id":653,"name":"abababjrm410063","email":"abab123789410063@gmail.com","password":"12345678410063","phone_number":"12121245678410063","nid":"23232333890410063","role":"Customer","createdAt":"2022-03-21T14:11:12.000Z","updatedAt":"2022-03-21T14:11:12.000Z","balance":0},{"id":654,"name":"abababjrm835579","email":"abab123789835579@gmail.com","password":"12345678835579","phone_number":"12121245678835579","nid":"23232333890835579","role":"Customer","createdAt":"2022-03-21T14:11:12.000Z","updatedAt":"2022-03-21T14:11:12.000Z","balance":0},{"id":655,"name":"abababjrm213255","email":"abab123789213255@gmail.com","password":"12345678213255","phone_number":"12121245678213255","nid":"23232333890213255","role":"Customer","createdAt":"2022-03-21T14:11:12.000Z","updatedAt":"2022-03-21T14:11:12.000Z","balance":0},{"id":656,"name":"abababjrm961585","email":"abab123789961585@gmail.com","password":"12345678961585","phone_number":"12121245678961585","nid":"23232333890961585","role":"Customer","createdAt":"2022-03-21T14:11:12.000Z","updatedAt":"2022-03-21T14:11:12.000Z","balance":0},{"id":657,"name":"abababjrm283649","email":"abab123789283649@gmail.com","password":"12345678283649","phone_number":"12121245678283649","nid":"23232333890283649","role":"Customer","createdAt":"2022-03-21T14:11:12.000Z","updatedAt":"2022-03-21T14:11:12.000Z","balance":0},{"id":658,"name":"abababjrm801345","email":"abab123789801345@gmail.com","password":"12345678801345","phone_number":"12121245678801345","nid":"23232333890801345","role":"Customer","createdAt":"2022-03-21T14:11:12.000Z","updatedAt":"2022-03-21T14:11:12.000Z","balance":0},{"id":659,"name":"abababjrm595051","email":"abab123789595051@gmail.com","password":"12345678595051","phone_number":"12121245678595051","nid":"23232333890595051","role":"Customer","createdAt":"2022-03-21T14:11:12.000Z","updatedAt":"2022-03-21T14:11:12.000Z","balance":0},{"id":660,"name":"abababjrm896788","email":"abab123789896788@gmail.com","password":"12345678896788","phone_number":"12121245678896788","nid":"23232333890896788","role":"Customer","createdAt":"2022-03-21T14:11:12.000Z","updatedAt":"2022-03-21T14:11:12.000Z","balance":0},{"id":661,"name":"abababjrm607174","email":"abab123789607174@gmail.com","password":"12345678607174","phone_number":"12121245678607174","nid":"23232333890607174","role":"Customer","createdAt":"2022-03-21T14:11:12.000Z","updatedAt":"2022-03-21T14:11:12.000Z","balance":0},{"id":662,"name":"abababjrm337359","email":"abab123789337359@gmail.com","password":"12345678337359","phone_number":"12121245678337359","nid":"23232333890337359","role":"Customer","createdAt":"2022-03-21T14:11:12.000Z","updatedAt":"2022-03-21T14:11:12.000Z","balance":0},{"id":663,"name":"abababjrm222396","email":"abab123789222396@gmail.com","password":"12345678222396","phone_number":"12121245678222396","nid":"23232333890222396","role":"Customer","createdAt":"2022-03-21T14:11:12.000Z","updatedAt":"2022-03-21T14:11:12.000Z","balance":0},{"id":664,"name":"abababjrm743427","email":"abab123789743427@gmail.com","password":"12345678743427","phone_number":"12121245678743427","nid":"23232333890743427","role":"Customer","createdAt":"2022-03-21T14:11:12.000Z","updatedAt":"2022-03-21T14:11:12.000Z","balance":0},{"id":665,"name":"abababjrm768868","email":"abab123789768868@gmail.com","password":"12345678768868","phone_number":"12121245678768868","nid":"23232333890768868","role":"Customer","createdAt":"2022-03-21T14:11:12.000Z","updatedAt":"2022-03-21T14:11:12.000Z","balance":0},{"id":666,"name":"abababjrm627448","email":"abab123789627448@gmail.com","password":"12345678627448","phone_number":"12121245678627448","nid":"23232333890627448","role":"Customer","createdAt":"2022-03-21T14:11:12.000Z","updatedAt":"2022-03-21T14:11:12.000Z","balance":0},{"id":667,"name":"abababjrm538144","email":"abab123789538144@gmail.com","password":"12345678538144","phone_number":"12121245678538144","nid":"23232333890538144","role":"Customer","createdAt":"2022-03-21T14:11:12.000Z","updatedAt":"2022-03-21T14:11:12.000Z","balance":0},{"id":668,"name":"abababjrm345865","email":"abab123789345865@gmail.com","password":"12345678345865","phone_number":"12121245678345865","nid":"23232333890345865","role":"Customer","createdAt":"2022-03-21T14:11:12.000Z","updatedAt":"2022-03-21T14:11:12.000Z","balance":0},{"id":669,"name":"abababjrm986954","email":"abab123789986954@gmail.com","password":"12345678986954","phone_number":"12121245678986954","nid":"23232333890986954","role":"Customer","createdAt":"2022-03-21T14:11:12.000Z","updatedAt":"2022-03-21T14:11:12.000Z","balance":0},{"id":670,"name":"abababjrm609163","email":"abab123789609163@gmail.com","password":"12345678609163","phone_number":"12121245678609163","nid":"23232333890609163","role":"Customer","createdAt":"2022-03-21T14:11:12.000Z","updatedAt":"2022-03-21T14:11:12.000Z","balance":0},{"id":671,"name":"abababjrm758463","email":"abab123789758463@gmail.com","password":"12345678758463","phone_number":"12121245678758463","nid":"23232333890758463","role":"Customer","createdAt":"2022-03-21T14:11:12.000Z","updatedAt":"2022-03-21T14:11:12.000Z","balance":0},{"id":672,"name":"abababjrm327756","email":"abab123789327756@gmail.com","password":"12345678327756","phone_number":"12121245678327756","nid":"23232333890327756","role":"Customer","createdAt":"2022-03-21T14:11:12.000Z","updatedAt":"2022-03-21T14:11:12.000Z","balance":0},{"id":673,"name":"abababjrm745785","email":"abab123789745785@gmail.com","password":"12345678745785","phone_number":"12121245678745785","nid":"23232333890745785","role":"Customer","createdAt":"2022-03-21T14:11:12.000Z","updatedAt":"2022-03-21T14:11:12.000Z","balance":0},{"id":674,"name":"abababjrm991613","email":"abab123789991613@gmail.com","password":"12345678991613","phone_number":"12121245678991613","nid":"23232333890991613","role":"Customer","createdAt":"2022-03-21T14:11:12.000Z","updatedAt":"2022-03-21T14:11:12.000Z","balance":0},{"id":675,"name":"abababjrm465314","email":"abab123789465314@gmail.com","password":"12345678465314","phone_number":"12121245678465314","nid":"23232333890465314","role":"Customer","createdAt":"2022-03-21T14:11:12.000Z","updatedAt":"2022-03-21T14:11:12.000Z","balance":0},{"id":676,"name":"abababjrm765003","email":"abab123789765003@gmail.com","password":"12345678765003","phone_number":"12121245678765003","nid":"23232333890765003","role":"Customer","createdAt":"2022-03-21T14:11:12.000Z","updatedAt":"2022-03-21T14:11:12.000Z","balance":0},{"id":677,"name":"abababjrm407518","email":"abab123789407518@gmail.com","password":"12345678407518","phone_number":"12121245678407518","nid":"23232333890407518","role":"Customer","createdAt":"2022-03-21T14:11:12.000Z","updatedAt":"2022-03-21T14:11:12.000Z","balance":0},{"id":678,"name":"abababjrm657157","email":"abab123789657157@gmail.com","password":"12345678657157","phone_number":"12121245678657157","nid":"23232333890657157","role":"Customer","createdAt":"2022-03-21T14:11:12.000Z","updatedAt":"2022-03-21T14:11:12.000Z","balance":0},{"id":679,"name":"abababjrm735217","email":"abab123789735217@gmail.com","password":"12345678735217","phone_number":"12121245678735217","nid":"23232333890735217","role":"Customer","createdAt":"2022-03-21T14:11:12.000Z","updatedAt":"2022-03-21T14:11:12.000Z","balance":0},{"id":680,"name":"abababjrm861439","email":"abab123789861439@gmail.com","password":"12345678861439","phone_number":"12121245678861439","nid":"23232333890861439","role":"Customer","createdAt":"2022-03-21T14:11:12.000Z","updatedAt":"2022-03-21T14:11:12.000Z","balance":0},{"id":681,"name":"abababjrm397541","email":"abab123789397541@gmail.com","password":"12345678397541","phone_number":"12121245678397541","nid":"23232333890397541","role":"Customer","createdAt":"2022-03-21T14:11:12.000Z","updatedAt":"2022-03-21T14:11:12.000Z","balance":0},{"id":682,"name":"abababjrm448799","email":"abab123789448799@gmail.com","password":"12345678448799","phone_number":"12121245678448799","nid":"23232333890448799","role":"Customer","createdAt":"2022-03-21T14:11:12.000Z","updatedAt":"2022-03-21T14:11:12.000Z","balance":0},{"id":683,"name":"abababjrm607830","email":"abab123789607830@gmail.com","password":"12345678607830","phone_number":"12121245678607830","nid":"23232333890607830","role":"Customer","createdAt":"2022-03-21T14:11:12.000Z","updatedAt":"2022-03-21T14:11:12.000Z","balance":0},{"id":684,"name":"abababjrm152297","email":"abab123789152297@gmail.com","password":"12345678152297","phone_number":"12121245678152297","nid":"23232333890152297","role":"Customer","createdAt":"2022-03-21T14:11:12.000Z","updatedAt":"2022-03-21T14:11:12.000Z","balance":0},{"id":685,"name":"abababjrm924262","email":"abab123789924262@gmail.com","password":"12345678924262","phone_number":"12121245678924262","nid":"23232333890924262","role":"Customer","createdAt":"2022-03-21T14:11:12.000Z","updatedAt":"2022-03-21T14:11:12.000Z","balance":0},{"id":686,"name":"abababjrm584206","email":"abab123789584206@gmail.com","password":"12345678584206","phone_number":"12121245678584206","nid":"23232333890584206","role":"Customer","createdAt":"2022-03-21T14:11:12.000Z","updatedAt":"2022-03-21T14:11:12.000Z","balance":0},{"id":687,"name":"abababjrm615652","email":"abab123789615652@gmail.com","password":"12345678615652","phone_number":"12121245678615652","nid":"23232333890615652","role":"Customer","createdAt":"2022-03-21T14:11:12.000Z","updatedAt":"2022-03-21T14:11:12.000Z","balance":0},{"id":688,"name":"abababjrm482802","email":"abab123789482802@gmail.com","password":"12345678482802","phone_number":"12121245678482802","nid":"23232333890482802","role":"Customer","createdAt":"2022-03-21T14:11:12.000Z","updatedAt":"2022-03-21T14:11:12.000Z","balance":0},{"id":689,"name":"abababjrm882652","email":"abab123789882652@gmail.com","password":"12345678882652","phone_number":"12121245678882652","nid":"23232333890882652","role":"Customer","createdAt":"2022-03-21T14:11:12.000Z","updatedAt":"2022-03-21T14:11:12.000Z","balance":0},{"id":690,"name":"abababjrm791556","email":"abab123789791556@gmail.com","password":"12345678791556","phone_number":"12121245678791556","nid":"23232333890791556","role":"Customer","createdAt":"2022-03-21T14:11:12.000Z","updatedAt":"2022-03-21T14:11:12.000Z","balance":0},{"id":691,"name":"abababjrm964877","email":"abab123789964877@gmail.com","password":"12345678964877","phone_number":"12121245678964877","nid":"23232333890964877","role":"Customer","createdAt":"2022-03-21T14:11:12.000Z","updatedAt":"2022-03-21T14:11:12.000Z","balance":0},{"id":692,"name":"abababjrm476574","email":"abab123789476574@gmail.com","password":"12345678476574","phone_number":"12121245678476574","nid":"23232333890476574","role":"Customer","createdAt":"2022-03-21T14:11:12.000Z","updatedAt":"2022-03-21T14:11:12.000Z","balance":0},{"id":693,"name":"abababjrm261736","email":"abab123789261736@gmail.com","password":"12345678261736","phone_number":"12121245678261736","nid":"23232333890261736","role":"Customer","createdAt":"2022-03-21T14:11:12.000Z","updatedAt":"2022-03-21T14:11:12.000Z","balance":0},{"id":694,"name":"abababjrm213261","email":"abab123789213261@gmail.com","password":"12345678213261","phone_number":"12121245678213261","nid":"23232333890213261","role":"Customer","createdAt":"2022-03-21T14:11:12.000Z","updatedAt":"2022-03-21T14:11:12.000Z","balance":0},{"id":695,"name":"abababjrm858373","email":"abab123789858373@gmail.com","password":"12345678858373","phone_number":"12121245678858373","nid":"23232333890858373","role":"Customer","createdAt":"2022-03-21T14:11:12.000Z","updatedAt":"2022-03-21T14:11:12.000Z","balance":0},{"id":696,"name":"abababjrm562183","email":"abab123789562183@gmail.com","password":"12345678562183","phone_number":"12121245678562183","nid":"23232333890562183","role":"Customer","createdAt":"2022-03-21T14:11:12.000Z","updatedAt":"2022-03-21T14:11:12.000Z","balance":0},{"id":697,"name":"abababjrm431117","email":"abab123789431117@gmail.com","password":"12345678431117","phone_number":"12121245678431117","nid":"23232333890431117","role":"Customer","createdAt":"2022-03-21T14:11:12.000Z","updatedAt":"2022-03-21T14:11:12.000Z","balance":0},{"id":698,"name":"abababjrm548455","email":"abab123789548455@gmail.com","password":"12345678548455","phone_number":"12121245678548455","nid":"23232333890548455","role":"Customer","createdAt":"2022-03-21T14:11:12.000Z","updatedAt":"2022-03-21T14:11:12.000Z","balance":0},{"id":699,"name":"abababjrm148329","email":"abab123789148329@gmail.com","password":"12345678148329","phone_number":"12121245678148329","nid":"23232333890148329","role":"Customer","createdAt":"2022-03-21T14:11:12.000Z","updatedAt":"2022-03-21T14:11:12.000Z","balance":0},{"id":700,"name":"abababjrm922825","email":"abab123789922825@gmail.com","password":"12345678922825","phone_number":"12121245678922825","nid":"23232333890922825","role":"Customer","createdAt":"2022-03-21T14:11:12.000Z","updatedAt":"2022-03-21T14:11:12.000Z","balance":0},{"id":701,"name":"abababjrm822632","email":"abab123789822632@gmail.com","password":"12345678822632","phone_number":"12121245678822632","nid":"23232333890822632","role":"Customer","createdAt":"2022-03-21T14:11:12.000Z","updatedAt":"2022-03-21T14:11:12.000Z","balance":0},{"id":702,"name":"abababjrm207722","email":"abab123789207722@gmail.com","password":"12345678207722","phone_number":"12121245678207722","nid":"23232333890207722","role":"Customer","createdAt":"2022-03-21T14:11:12.000Z","updatedAt":"2022-03-21T14:11:12.000Z","balance":0},{"id":703,"name":"abababjrm755523","email":"abab123789755523@gmail.com","password":"12345678755523","phone_number":"12121245678755523","nid":"23232333890755523","role":"Customer","createdAt":"2022-03-21T14:11:12.000Z","updatedAt":"2022-03-21T14:11:12.000Z","balance":0},{"id":704,"name":"abababjrm157843","email":"abab123789157843@gmail.com","password":"12345678157843","phone_number":"12121245678157843","nid":"23232333890157843","role":"Customer","createdAt":"2022-03-21T14:11:12.000Z","updatedAt":"2022-03-21T14:11:12.000Z","balance":0},{"id":705,"name":"abababjrm560727","email":"abab123789560727@gmail.com","password":"12345678560727","phone_number":"12121245678560727","nid":"23232333890560727","role":"Customer","createdAt":"2022-03-21T14:11:12.000Z","updatedAt":"2022-03-21T14:11:12.000Z","balance":0},{"id":706,"name":"abababjrm505636","email":"abab123789505636@gmail.com","password":"12345678505636","phone_number":"12121245678505636","nid":"23232333890505636","role":"Customer","createdAt":"2022-03-21T14:11:12.000Z","updatedAt":"2022-03-21T14:11:12.000Z","balance":0},{"id":707,"name":"abababjrm861662","email":"abab123789861662@gmail.com","password":"12345678861662","phone_number":"12121245678861662","nid":"23232333890861662","role":"Customer","createdAt":"2022-03-21T14:11:12.000Z","updatedAt":"2022-03-21T14:11:12.000Z","balance":0},{"id":708,"name":"abababjrm540772","email":"abab123789540772@gmail.com","password":"12345678540772","phone_number":"12121245678540772","nid":"23232333890540772","role":"Customer","createdAt":"2022-03-21T14:11:12.000Z","updatedAt":"2022-03-21T14:11:12.000Z","balance":0},{"id":709,"name":"abababjrm639166","email":"abab123789639166@gmail.com","password":"12345678639166","phone_number":"12121245678639166","nid":"23232333890639166","role":"Customer","createdAt":"2022-03-21T14:11:12.000Z","updatedAt":"2022-03-21T14:11:12.000Z","balance":0},{"id":710,"name":"abababjrm844622","email":"abab123789844622@gmail.com","password":"12345678844622","phone_number":"12121245678844622","nid":"23232333890844622","role":"Customer","createdAt":"2022-03-21T14:11:13.000Z","updatedAt":"2022-03-21T14:11:13.000Z","balance":0},{"id":711,"name":"user 1 Batch3","email":"abir_rahat@yahoo.com","password":"12345678","phone_number":"01232323344","nid":"8304939349","role":"Customer","createdAt":"2022-03-21T19:51:13.000Z","updatedAt":"2022-03-21T19:51:13.000Z","balance":0},{"id":712,"name":"Alex Thomas","email":"alex.thomas@example.com","password":"12345678","phone_number":"(778)-376-5863","nid":"64215447","role":"Customer","createdAt":"2022-03-21T22:10:40.000Z","updatedAt":"2022-03-21T22:10:40.000Z","balance":0},{"id":713,"name":"Warner Pel","email":"warner.pel@example.com","password":"12345678","phone_number":"(400)-094-9002","nid":"51151034","role":"Customer","createdAt":"2022-03-21T22:12:45.000Z","updatedAt":"2022-03-21T22:12:45.000Z","balance":0},{"id":714,"name":"Emilie Madsen","email":"emilie.madsen@example.com","password":"12345678","phone_number":"85877960","nid":"38832980","role":"Customer","createdAt":"2022-03-21T22:12:54.000Z","updatedAt":"2022-03-21T22:12:54.000Z","balance":0},{"id":715,"name":"Stella Da Silva","email":"stella.dasilva@example.com","password":"12345678","phone_number":"04-75-26-38-04","nid":"10700394","role":"Customer","createdAt":"2022-03-21T22:13:00.000Z","updatedAt":"2022-03-21T22:13:00.000Z","balance":0},{"id":716,"name":"Santiago Gonzalez","email":"santiago.gonzalez@example.com","password":"12345678","phone_number":"917-746-851","nid":"33664242","role":"Customer","createdAt":"2022-03-21T22:13:08.000Z","updatedAt":"2022-03-21T22:13:08.000Z","balance":0},{"id":717,"name":"Ethel Morissette Rudolph Toy","email":"Onie42@yahoo.com","password":"12345678","phone_number":"503-559-0888","nid":"69223961","role":"Customer","createdAt":"2022-03-21T22:30:03.000Z","updatedAt":"2022-03-21T22:30:03.000Z","balance":0},{"id":718,"name":"Dax Hamill Spencer Nienow","email":"Caleigh.Rowe@yahoo.com","password":"12345678","phone_number":"940-515-2920","nid":"63654937","role":"Customer","createdAt":"2022-03-21T22:30:18.000Z","updatedAt":"2022-03-21T22:30:18.000Z","balance":0},{"id":719,"name":"Jeremie O'Connell Mr. Alonzo Hills","email":"userb32822@grr.la","password":"12345678","phone_number":"339-557-4413","nid":"45903960","role":"Customer","createdAt":"2022-03-21T22:37:54.000Z","updatedAt":"2022-03-21T22:37:54.000Z","balance":0},{"id":720,"name":"Elda Kunze Penny Balistreri","email":"userb33838@grr.la","password":"12345678","phone_number":"977-525-2925","nid":"44189079","role":"Customer","createdAt":"2022-03-21T22:37:58.000Z","updatedAt":"2022-03-21T22:37:58.000Z","balance":0},{"id":722,"name":"Fabian Crist Myron Kozey","email":"userb31197@grr.la","password":"12345678","phone_number":"807-447-7286","nid":"22310312","role":"Customer","createdAt":"2022-03-22T00:34:45.000Z","updatedAt":"2022-03-22T00:34:45.000Z","balance":0},{"id":723,"name":"Chad Stone","email":"chad.stone@example.com","password":"12345678","phone_number":"011-422-5199","nid":"67739853","role":"Customer","createdAt":"2022-03-22T00:39:52.000Z","updatedAt":"2022-03-22T00:39:52.000Z","balance":0},{"id":724,"name":"Ilva Dekkers","email":"ilva.dekkers@example.com","password":"12345678","phone_number":"(657)-345-3524","nid":"46088877","role":"Customer","createdAt":"2022-03-22T00:41:03.000Z","updatedAt":"2022-03-22T00:41:03.000Z","balance":0},{"id":725,"name":"Else Spinka Mr. Israel Harber","email":"userb35039@grr.la","password":"12345678","phone_number":"373-782-7078","nid":"34977726","role":"Customer","createdAt":"2022-03-22T00:41:03.000Z","updatedAt":"2022-03-22T00:41:03.000Z","balance":0},{"id":726,"name":"Rose Fortin","email":"rose.fortin@example.com","password":"12345678","phone_number":"413-342-9771","nid":"29021060","role":"Customer","createdAt":"2022-03-22T00:45:00.000Z","updatedAt":"2022-03-22T00:45:00.000Z","balance":0},{"id":727,"name":"Jennyfer Hane Carlton Anderson","email":"userb36098@grr.la","password":"12345678","phone_number":"394-471-0875","nid":"59593850","role":"Customer","createdAt":"2022-03-22T00:45:00.000Z","updatedAt":"2022-03-22T00:45:00.000Z","balance":0},{"id":728,"name":"Marion Bell","email":"marion.bell@example.com","password":"12345678","phone_number":"01-7145-1621","nid":"99520207","role":"Customer","createdAt":"2022-03-22T00:47:28.000Z","updatedAt":"2022-03-22T00:47:28.000Z","balance":0},{"id":729,"name":"Lucienne Homenick Andres Reichel","email":"userb31597@grr.la","password":"12345678","phone_number":"607-916-8482","nid":"24593070","role":"Customer","createdAt":"2022-03-22T00:47:28.000Z","updatedAt":"2022-03-22T00:47:28.000Z","balance":0},{"id":730,"name":"Katherine Warren","email":"katherine.warren@example.com","password":"12345678","phone_number":"017683 51652","nid":"26351176","role":"Customer","createdAt":"2022-03-22T01:08:05.000Z","updatedAt":"2022-03-22T01:08:05.000Z","balance":0},{"id":731,"name":"Aimee Hauck Eunice Krajcik DDS","email":"userb32099@grr.la","password":"12345678","phone_number":"959-576-0807","nid":"90545572","role":"Customer","createdAt":"2022-03-22T01:08:06.000Z","updatedAt":"2022-03-22T01:08:06.000Z","balance":0},{"id":732,"name":"Cody Sims","email":"cody.sims@example.com","password":"12345678","phone_number":"(729)-929-4116","nid":"77015163","role":"Customer","createdAt":"2022-03-22T01:19:10.000Z","updatedAt":"2022-03-22T01:19:10.000Z","balance":0},{"id":733,"name":"Earnestine Olson Jacquelyn Buckridge","email":"userb33599@grr.la","password":"12345678","phone_number":"939-245-8249","nid":"76946656","role":"Customer","createdAt":"2022-03-22T01:19:10.000Z","updatedAt":"2022-03-22T01:19:10.000Z","balance":0},{"id":734,"name":"Willi Stöcker","email":"willi.stocker@example.com","password":"12345678","phone_number":"0674-2801796","nid":"63633469","role":"Customer","createdAt":"2022-03-22T01:27:33.000Z","updatedAt":"2022-03-22T01:27:33.000Z","balance":0},{"id":735,"name":"Jose Grimes Mr. Hazel Dibbert","email":"userb35703@grr.la","password":"12345678","phone_number":"651-272-4264","nid":"80834376","role":"Customer","createdAt":"2022-03-22T01:33:46.000Z","updatedAt":"2022-03-22T01:33:46.000Z","balance":0},{"id":738,"name":"Elizabeth Schulist Elena Walsh","email":"userb37933@grr.la","password":"12345678","phone_number":"743-486-9366","nid":"21794563","role":"Customer","createdAt":"2022-03-22T01:47:24.000Z","updatedAt":"2022-03-22T01:47:24.000Z","balance":0},{"id":739,"name":"Jennie Nienow Ms. Krystal Mueller","email":"userb38753@grr.la","password":"12345678","phone_number":"357-953-4240","nid":"20703067","role":"Customer","createdAt":"2022-03-22T01:48:00.000Z","updatedAt":"2022-03-22T01:48:00.000Z","balance":0},{"id":740,"name":"Emma Koski","email":"emma.koski@example.com","password":"12345678","phone_number":"07-028-776","nid":"99302526","role":"Customer","createdAt":"2022-03-22T01:48:00.000Z","updatedAt":"2022-03-22T01:48:00.000Z","balance":0},{"id":741,"name":"Abbie Lockman Gustavo Stehr","email":"userb37881@grr.la","password":"12345678","phone_number":"869-513-2918","nid":"63653875","role":"Customer","createdAt":"2022-03-22T01:55:46.000Z","updatedAt":"2022-03-22T01:55:46.000Z","balance":0},{"id":742,"name":"Marlise Roger","email":"marlise.roger@example.com","password":"12345678","phone_number":"075 441 91 22","nid":"12613931","role":"Customer","createdAt":"2022-03-22T01:55:46.000Z","updatedAt":"2022-03-22T01:55:46.000Z","balance":0},{"id":743,"name":"Lavon Homenick Vernon Koelpin","email":"userb31713@grr.la","password":"12345678","phone_number":"927-302-9054","nid":"96910279","role":"Customer","createdAt":"2022-03-22T02:01:11.000Z","updatedAt":"2022-03-22T02:01:11.000Z","balance":0},{"id":744,"name":"Bernhardine Helbing","email":"bernhardine.helbing@example.com","password":"12345678","phone_number":"0789-9672958","nid":"90856691","role":"Customer","createdAt":"2022-03-22T02:01:12.000Z","updatedAt":"2022-03-22T02:01:12.000Z","balance":0},{"id":745,"name":"Mahmud24463","email":"mahmud24463@grr.la","password":"66670024463","phone_number":"01773324463","nid":"45624463","role":"Customer","createdAt":"2022-03-22T02:26:40.000Z","updatedAt":"2022-03-22T02:26:40.000Z","balance":0},{"id":746,"name":"Mahmud24720","email":"mahmud24720@grr.la","password":"66670024720","phone_number":"{01744778899}","nid":"45624720","role":"Customer","createdAt":"2022-03-22T02:27:01.000Z","updatedAt":"2022-03-27T05:29:48.000Z","balance":0},{"id":747,"name":"Mahmud85443","email":"mahmud85443@grr.la","password":"66670085443","phone_number":"01773385443","nid":"45685443","role":"Customer","createdAt":"2022-03-22T02:30:45.000Z","updatedAt":"2022-03-22T02:30:45.000Z","balance":0},{"id":748,"name":"Mahmud30573","email":"mahmud30573@grr.la","password":"66670030573","phone_number":"01773330573","nid":"45630573","role":"Customer","createdAt":"2022-03-22T02:34:22.000Z","updatedAt":"2022-03-22T02:34:22.000Z","balance":0},{"id":749,"name":"Mahmud52436","email":"mahmud52436@grr.la","password":"66670052436","phone_number":"01773352436","nid":"45652436","role":"Customer","createdAt":"2022-03-22T02:34:59.000Z","updatedAt":"2022-03-22T02:34:59.000Z","balance":0},{"id":751,"name":"Mahmud26017","email":"mahmud26017@grr.la","password":"66670026017","phone_number":"01773326017","nid":"45626017","role":"Customer","createdAt":"2022-03-22T02:36:39.000Z","updatedAt":"2022-03-22T02:36:39.000Z","balance":0},{"id":752,"name":"Mahmud15164","email":"mahmud15164@grr.la","password":"66670015164","phone_number":"01773315164","nid":"45615164","role":"Customer","createdAt":"2022-03-22T02:37:14.000Z","updatedAt":"2022-03-22T02:37:14.000Z","balance":0},{"id":753,"name":"Mahmud41921","email":"mahmud41921@grr.la","password":"66670041921","phone_number":"01773341921","nid":"45641921","role":"Customer","createdAt":"2022-03-22T02:38:34.000Z","updatedAt":"2022-03-22T02:38:34.000Z","balance":0},{"id":755,"name":"Mahmud86250","email":"mahmud86250@grr.la","password":"66670086250","phone_number":"01773386250","nid":"45686250","role":"Customer","createdAt":"2022-03-22T02:39:57.000Z","updatedAt":"2022-03-22T02:39:57.000Z","balance":0},{"id":756,"name":"Mahmud82706","email":"mahmud82706@grr.la","password":"66670082706","phone_number":"01773382706","nid":"45682706","role":"Customer","createdAt":"2022-03-22T02:43:48.000Z","updatedAt":"2022-03-22T02:43:48.000Z","balance":0},{"id":757,"name":"Mahmud44060","email":"mahmud44060@grr.la","password":"66670044060","phone_number":"01773344060","nid":"45644060","role":"Customer","createdAt":"2022-03-22T02:44:02.000Z","updatedAt":"2022-03-22T02:44:02.000Z","balance":0},{"id":758,"name":"Mahmud34712","email":"mahmud34712@grr.la","password":"66670034712","phone_number":"01773334712","nid":"45634712","role":"Customer","createdAt":"2022-03-22T02:44:21.000Z","updatedAt":"2022-03-22T02:44:21.000Z","balance":0},{"id":759,"name":"Mahmud74713","email":"mahmud74713@grr.la","password":"66670074713","phone_number":"01773374713","nid":"45674713","role":"Customer","createdAt":"2022-03-22T02:44:32.000Z","updatedAt":"2022-03-22T02:44:32.000Z","balance":0},{"id":760,"name":"John Fisher Wilfred Harber","email":"userb32761@grr.la","password":"12345678","phone_number":"897-915-6698","nid":"20096366","role":"Customer","createdAt":"2022-03-22T02:46:13.000Z","updatedAt":"2022-03-22T02:46:13.000Z","balance":0},{"id":761,"name":"Shamir Welp","email":"shamir.welp@example.com","password":"12345678","phone_number":"(902)-656-5990","nid":"62601345","role":"Customer","createdAt":"2022-03-22T02:46:15.000Z","updatedAt":"2022-03-22T02:46:15.000Z","balance":0},{"id":762,"name":"Mahmud98416","email":"mahmud98416@grr.la","password":"66670098416","phone_number":"01773398416","nid":"45698416","role":"Customer","createdAt":"2022-03-22T02:47:11.000Z","updatedAt":"2022-03-22T02:47:11.000Z","balance":0},{"id":763,"name":"Mahmud58802","email":"mahmud58802@grr.la","password":"66670058802","phone_number":"01773358802","nid":"45658802","role":"Customer","createdAt":"2022-03-22T02:47:39.000Z","updatedAt":"2022-03-22T02:47:39.000Z","balance":0},{"id":764,"name":"Mahmud23508","email":"mahmud23508@grr.la","password":"66670023508","phone_number":"01773323508","nid":"45623508","role":"Customer","createdAt":"2022-03-22T02:48:48.000Z","updatedAt":"2022-03-22T02:48:48.000Z","balance":0},{"id":766,"name":"Mahmud37365","email":"mahmud37365@grr.la","password":"66670037365","phone_number":"01773337365","nid":"45637365","role":"Customer","createdAt":"2022-03-22T02:56:50.000Z","updatedAt":"2022-03-22T02:56:50.000Z","balance":0},{"id":769,"name":"Mahmud12188","email":"mahmud12188@grr.la","password":"66670012188","phone_number":"01773312188","nid":"45612188","role":"Customer","createdAt":"2022-03-22T02:59:10.000Z","updatedAt":"2022-03-22T02:59:10.000Z","balance":0},{"id":770,"name":"Mahmud40840","email":"mahmud40840@grr.la","password":"66670040840","phone_number":"01773340840","nid":"45640840","role":"Customer","createdAt":"2022-03-22T02:59:44.000Z","updatedAt":"2022-03-22T02:59:44.000Z","balance":0},{"id":771,"name":"Mahmud56514","email":"mahmud56514@grr.la","password":"66670056514","phone_number":"01773356514","nid":"45656514","role":"Customer","createdAt":"2022-03-22T03:00:22.000Z","updatedAt":"2022-03-22T03:00:22.000Z","balance":0},{"id":773,"name":"Mahmud84519","email":"mahmud84519@grr.la","password":"66670084519","phone_number":"01773384519","nid":"45684519","role":"Customer","createdAt":"2022-03-22T03:08:19.000Z","updatedAt":"2022-03-22T03:08:19.000Z","balance":0},{"id":774,"name":"Mahmud52796","email":"mahmud52796@grr.la","password":"66670052796","phone_number":"01773352796","nid":"45652796","role":"Customer","createdAt":"2022-03-22T03:10:07.000Z","updatedAt":"2022-03-22T03:10:07.000Z","balance":0},{"id":775,"name":"Mahmud15361","email":"mahmud15361@grr.la","password":"66670015361","phone_number":"01773315361","nid":"45615361","role":"Customer","createdAt":"2022-03-22T03:13:01.000Z","updatedAt":"2022-03-22T03:13:01.000Z","balance":0},{"id":777,"name":"Mahmud15836","email":"mahmud15836@grr.la","password":"66670015836","phone_number":"01773315836","nid":"45615836","role":"Customer","createdAt":"2022-03-22T03:18:52.000Z","updatedAt":"2022-03-22T03:18:52.000Z","balance":0},{"id":778,"name":"Mahmud93766","email":"mahmud93766@grr.la","password":"66670093766","phone_number":"01773393766","nid":"45693766","role":"Customer","createdAt":"2022-03-22T03:21:10.000Z","updatedAt":"2022-03-22T03:21:10.000Z","balance":0},{"id":779,"name":"Mahmud47620","email":"mahmud47620@grr.la","password":"66670047620","phone_number":"01773347620","nid":"45647620","role":"Customer","createdAt":"2022-03-22T03:22:00.000Z","updatedAt":"2022-03-22T03:22:00.000Z","balance":0},{"id":780,"name":"Mahmud95112","email":"mahmud95112@grr.la","password":"66670095112","phone_number":"01773395112","nid":"45695112","role":"Customer","createdAt":"2022-03-22T03:26:36.000Z","updatedAt":"2022-03-22T03:26:36.000Z","balance":0},{"id":781,"name":"Mahmud18984","email":"mahmud18984@grr.la","password":"66670018984","phone_number":"01773318984","nid":"45618984","role":"Customer","createdAt":"2022-03-22T03:28:06.000Z","updatedAt":"2022-03-22T03:28:06.000Z","balance":0},{"id":782,"name":"Samson Roberg","email":"samson.roberg@example.com","password":"12345678","phone_number":"82668182","nid":"53411809","role":"Customer","createdAt":"2022-03-22T03:32:23.000Z","updatedAt":"2022-03-22T03:32:23.000Z","balance":0},{"id":783,"name":"Mahmud99052","email":"mahmud99052@grr.la","password":"66670099052","phone_number":"01773399052","nid":"45699052","role":"Customer","createdAt":"2022-03-22T03:37:33.000Z","updatedAt":"2022-03-22T03:37:33.000Z","balance":0},{"id":784,"name":"Mahmud26777","email":"mahmud26777@grr.la","password":"66670026777","phone_number":"01773326777","nid":"45626777","role":"Customer","createdAt":"2022-03-22T03:38:42.000Z","updatedAt":"2022-03-22T03:38:42.000Z","balance":0},{"id":785,"name":"Mahmud67190","email":"mahmud67190@grr.la","password":"66670067190","phone_number":"01773367190","nid":"45667190","role":"Customer","createdAt":"2022-03-22T03:40:30.000Z","updatedAt":"2022-03-22T03:40:30.000Z","balance":0},{"id":786,"name":"abababjrm713541","email":"abab123789713541@gmail.com","password":"12345678713541","phone_number":"12121245678713541","nid":"23232333890713541","role":"Customer","createdAt":"2022-03-22T05:49:55.000Z","updatedAt":"2022-03-22T05:49:55.000Z","balance":0},{"id":787,"name":"abababjrm941060","email":"abab123789941060@gmail.com","password":"12345678941060","phone_number":"12121245678941060","nid":"23232333890941060","role":"Customer","createdAt":"2022-03-22T05:49:55.000Z","updatedAt":"2022-03-22T05:49:55.000Z","balance":0},{"id":788,"name":"abababjrm750383","email":"abab123789750383@gmail.com","password":"12345678750383","phone_number":"12121245678750383","nid":"23232333890750383","role":"Customer","createdAt":"2022-03-22T05:49:55.000Z","updatedAt":"2022-03-22T05:49:55.000Z","balance":0},{"id":789,"name":"abababjrm392820","email":"abab123789392820@gmail.com","password":"12345678392820","phone_number":"12121245678392820","nid":"23232333890392820","role":"Customer","createdAt":"2022-03-22T05:49:55.000Z","updatedAt":"2022-03-22T05:49:55.000Z","balance":0},{"id":790,"name":"abababjrm104663","email":"abab123789104663@gmail.com","password":"12345678104663","phone_number":"12121245678104663","nid":"23232333890104663","role":"Customer","createdAt":"2022-03-22T05:49:55.000Z","updatedAt":"2022-03-22T05:49:55.000Z","balance":0},{"id":791,"name":"abababjrm234604","email":"abab123789234604@gmail.com","password":"12345678234604","phone_number":"12121245678234604","nid":"23232333890234604","role":"Customer","createdAt":"2022-03-22T05:49:55.000Z","updatedAt":"2022-03-22T05:49:55.000Z","balance":0},{"id":792,"name":"abababjrm694212","email":"abab123789694212@gmail.com","password":"12345678694212","phone_number":"12121245678694212","nid":"23232333890694212","role":"Customer","createdAt":"2022-03-22T05:49:55.000Z","updatedAt":"2022-03-22T05:49:55.000Z","balance":0},{"id":793,"name":"abababjrm113745","email":"abab123789113745@gmail.com","password":"12345678113745","phone_number":"12121245678113745","nid":"23232333890113745","role":"Customer","createdAt":"2022-03-22T05:49:55.000Z","updatedAt":"2022-03-22T05:49:55.000Z","balance":0},{"id":794,"name":"abababjrm283169","email":"abab123789283169@gmail.com","password":"12345678283169","phone_number":"12121245678283169","nid":"23232333890283169","role":"Customer","createdAt":"2022-03-22T05:49:55.000Z","updatedAt":"2022-03-22T05:49:55.000Z","balance":0},{"id":795,"name":"abababjrm459693","email":"abab123789459693@gmail.com","password":"12345678459693","phone_number":"12121245678459693","nid":"23232333890459693","role":"Customer","createdAt":"2022-03-22T05:49:55.000Z","updatedAt":"2022-03-22T05:49:55.000Z","balance":0},{"id":796,"name":"abababjrm314465","email":"abab123789314465@gmail.com","password":"12345678314465","phone_number":"12121245678314465","nid":"23232333890314465","role":"Customer","createdAt":"2022-03-22T05:49:55.000Z","updatedAt":"2022-03-22T05:49:55.000Z","balance":0},{"id":797,"name":"abababjrm450408","email":"abab123789450408@gmail.com","password":"12345678450408","phone_number":"12121245678450408","nid":"23232333890450408","role":"Customer","createdAt":"2022-03-22T05:49:56.000Z","updatedAt":"2022-03-22T05:49:56.000Z","balance":0},{"id":798,"name":"abababjrm628395","email":"abab123789628395@gmail.com","password":"12345678628395","phone_number":"12121245678628395","nid":"23232333890628395","role":"Customer","createdAt":"2022-03-22T05:49:56.000Z","updatedAt":"2022-03-22T05:49:56.000Z","balance":0},{"id":799,"name":"abababjrm482094","email":"abab123789482094@gmail.com","password":"12345678482094","phone_number":"12121245678482094","nid":"23232333890482094","role":"Customer","createdAt":"2022-03-22T05:49:56.000Z","updatedAt":"2022-03-22T05:49:56.000Z","balance":0},{"id":800,"name":"abababjrm252274","email":"abab123789252274@gmail.com","password":"12345678252274","phone_number":"12121245678252274","nid":"23232333890252274","role":"Customer","createdAt":"2022-03-22T05:49:56.000Z","updatedAt":"2022-03-22T05:49:56.000Z","balance":0},{"id":801,"name":"abababjrm691472","email":"abab123789691472@gmail.com","password":"12345678691472","phone_number":"12121245678691472","nid":"23232333890691472","role":"Customer","createdAt":"2022-03-22T05:49:56.000Z","updatedAt":"2022-03-22T05:49:56.000Z","balance":0},{"id":802,"name":"abababjrm241912","email":"abab123789241912@gmail.com","password":"12345678241912","phone_number":"12121245678241912","nid":"23232333890241912","role":"Customer","createdAt":"2022-03-22T05:49:56.000Z","updatedAt":"2022-03-22T05:49:56.000Z","balance":0},{"id":803,"name":"abababjrm945680","email":"abab123789945680@gmail.com","password":"12345678945680","phone_number":"12121245678945680","nid":"23232333890945680","role":"Customer","createdAt":"2022-03-22T05:49:56.000Z","updatedAt":"2022-03-22T05:49:56.000Z","balance":0},{"id":804,"name":"abababjrm844579","email":"abab123789844579@gmail.com","password":"12345678844579","phone_number":"12121245678844579","nid":"23232333890844579","role":"Customer","createdAt":"2022-03-22T05:49:56.000Z","updatedAt":"2022-03-22T05:49:56.000Z","balance":0},{"id":805,"name":"abababjrm270253","email":"abab123789270253@gmail.com","password":"12345678270253","phone_number":"12121245678270253","nid":"23232333890270253","role":"Customer","createdAt":"2022-03-22T05:49:56.000Z","updatedAt":"2022-03-22T05:49:56.000Z","balance":0},{"id":806,"name":"abababjrm565810","email":"abab123789565810@gmail.com","password":"12345678565810","phone_number":"12121245678565810","nid":"23232333890565810","role":"Customer","createdAt":"2022-03-22T05:49:56.000Z","updatedAt":"2022-03-22T05:49:56.000Z","balance":0},{"id":807,"name":"abababjrm412840","email":"abab123789412840@gmail.com","password":"12345678412840","phone_number":"12121245678412840","nid":"23232333890412840","role":"Customer","createdAt":"2022-03-22T05:49:56.000Z","updatedAt":"2022-03-22T05:49:56.000Z","balance":0},{"id":808,"name":"abababjrm673939","email":"abab123789673939@gmail.com","password":"12345678673939","phone_number":"12121245678673939","nid":"23232333890673939","role":"Customer","createdAt":"2022-03-22T05:49:56.000Z","updatedAt":"2022-03-22T05:49:56.000Z","balance":0},{"id":809,"name":"abababjrm705412","email":"abab123789705412@gmail.com","password":"12345678705412","phone_number":"12121245678705412","nid":"23232333890705412","role":"Customer","createdAt":"2022-03-22T05:49:56.000Z","updatedAt":"2022-03-22T05:49:56.000Z","balance":0},{"id":810,"name":"abababjrm779793","email":"abab123789779793@gmail.com","password":"12345678779793","phone_number":"12121245678779793","nid":"23232333890779793","role":"Customer","createdAt":"2022-03-22T05:49:56.000Z","updatedAt":"2022-03-22T05:49:56.000Z","balance":0},{"id":811,"name":"abababjrm457243","email":"abab123789457243@gmail.com","password":"12345678457243","phone_number":"12121245678457243","nid":"23232333890457243","role":"Customer","createdAt":"2022-03-22T05:49:56.000Z","updatedAt":"2022-03-22T05:49:56.000Z","balance":0},{"id":812,"name":"abababjrm605660","email":"abab123789605660@gmail.com","password":"12345678605660","phone_number":"12121245678605660","nid":"23232333890605660","role":"Customer","createdAt":"2022-03-22T05:49:56.000Z","updatedAt":"2022-03-22T05:49:56.000Z","balance":0},{"id":813,"name":"abababjrm159610","email":"abab123789159610@gmail.com","password":"12345678159610","phone_number":"12121245678159610","nid":"23232333890159610","role":"Customer","createdAt":"2022-03-22T05:49:56.000Z","updatedAt":"2022-03-22T05:49:56.000Z","balance":0},{"id":814,"name":"abababjrm740137","email":"abab123789740137@gmail.com","password":"12345678740137","phone_number":"12121245678740137","nid":"23232333890740137","role":"Customer","createdAt":"2022-03-22T05:49:56.000Z","updatedAt":"2022-03-22T05:49:56.000Z","balance":0},{"id":815,"name":"abababjrm444554","email":"abab123789444554@gmail.com","password":"12345678444554","phone_number":"12121245678444554","nid":"23232333890444554","role":"Customer","createdAt":"2022-03-22T05:49:56.000Z","updatedAt":"2022-03-22T05:49:56.000Z","balance":0},{"id":816,"name":"abababjrm977339","email":"abab123789977339@gmail.com","password":"12345678977339","phone_number":"12121245678977339","nid":"23232333890977339","role":"Customer","createdAt":"2022-03-22T05:49:56.000Z","updatedAt":"2022-03-22T05:49:56.000Z","balance":0},{"id":817,"name":"abababjrm868824","email":"abab123789868824@gmail.com","password":"12345678868824","phone_number":"12121245678868824","nid":"23232333890868824","role":"Customer","createdAt":"2022-03-22T05:49:56.000Z","updatedAt":"2022-03-22T05:49:56.000Z","balance":0},{"id":818,"name":"abababjrm820564","email":"abab123789820564@gmail.com","password":"12345678820564","phone_number":"12121245678820564","nid":"23232333890820564","role":"Customer","createdAt":"2022-03-22T05:49:56.000Z","updatedAt":"2022-03-22T05:49:56.000Z","balance":0},{"id":819,"name":"abababjrm314667","email":"abab123789314667@gmail.com","password":"12345678314667","phone_number":"12121245678314667","nid":"23232333890314667","role":"Customer","createdAt":"2022-03-22T05:49:56.000Z","updatedAt":"2022-03-22T05:49:56.000Z","balance":0},{"id":820,"name":"abababjrm507046","email":"abab123789507046@gmail.com","password":"12345678507046","phone_number":"12121245678507046","nid":"23232333890507046","role":"Customer","createdAt":"2022-03-22T05:49:56.000Z","updatedAt":"2022-03-22T05:49:56.000Z","balance":0},{"id":821,"name":"abababjrm120709","email":"abab123789120709@gmail.com","password":"12345678120709","phone_number":"12121245678120709","nid":"23232333890120709","role":"Customer","createdAt":"2022-03-22T05:49:56.000Z","updatedAt":"2022-03-22T05:49:56.000Z","balance":0},{"id":822,"name":"abababjrm486595","email":"abab123789486595@gmail.com","password":"12345678486595","phone_number":"12121245678486595","nid":"23232333890486595","role":"Customer","createdAt":"2022-03-22T05:49:56.000Z","updatedAt":"2022-03-22T05:49:56.000Z","balance":0},{"id":823,"name":"abababjrm538524","email":"abab123789538524@gmail.com","password":"12345678538524","phone_number":"12121245678538524","nid":"23232333890538524","role":"Customer","createdAt":"2022-03-22T05:49:56.000Z","updatedAt":"2022-03-22T05:49:56.000Z","balance":0},{"id":824,"name":"abababjrm622920","email":"abab123789622920@gmail.com","password":"12345678622920","phone_number":"12121245678622920","nid":"23232333890622920","role":"Customer","createdAt":"2022-03-22T05:49:56.000Z","updatedAt":"2022-03-22T05:49:56.000Z","balance":0},{"id":825,"name":"abababjrm389132","email":"abab123789389132@gmail.com","password":"12345678389132","phone_number":"12121245678389132","nid":"23232333890389132","role":"Customer","createdAt":"2022-03-22T05:49:56.000Z","updatedAt":"2022-03-22T05:49:56.000Z","balance":0},{"id":826,"name":"abababjrm792035","email":"abab123789792035@gmail.com","password":"12345678792035","phone_number":"12121245678792035","nid":"23232333890792035","role":"Customer","createdAt":"2022-03-22T05:49:56.000Z","updatedAt":"2022-03-22T05:49:56.000Z","balance":0},{"id":827,"name":"abababjrm411687","email":"abab123789411687@gmail.com","password":"12345678411687","phone_number":"12121245678411687","nid":"23232333890411687","role":"Customer","createdAt":"2022-03-22T05:49:56.000Z","updatedAt":"2022-03-22T05:49:56.000Z","balance":0},{"id":828,"name":"abababjrm796067","email":"abab123789796067@gmail.com","password":"12345678796067","phone_number":"12121245678796067","nid":"23232333890796067","role":"Customer","createdAt":"2022-03-22T05:49:56.000Z","updatedAt":"2022-03-22T05:49:56.000Z","balance":0},{"id":829,"name":"abababjrm906759","email":"abab123789906759@gmail.com","password":"12345678906759","phone_number":"12121245678906759","nid":"23232333890906759","role":"Customer","createdAt":"2022-03-22T05:49:56.000Z","updatedAt":"2022-03-22T05:49:56.000Z","balance":0},{"id":830,"name":"abababjrm162151","email":"abab123789162151@gmail.com","password":"12345678162151","phone_number":"12121245678162151","nid":"23232333890162151","role":"Customer","createdAt":"2022-03-22T05:49:56.000Z","updatedAt":"2022-03-22T05:49:56.000Z","balance":0},{"id":831,"name":"abababjrm758692","email":"abab123789758692@gmail.com","password":"12345678758692","phone_number":"12121245678758692","nid":"23232333890758692","role":"Customer","createdAt":"2022-03-22T05:49:56.000Z","updatedAt":"2022-03-22T05:49:56.000Z","balance":0},{"id":832,"name":"abababjrm238673","email":"abab123789238673@gmail.com","password":"12345678238673","phone_number":"12121245678238673","nid":"23232333890238673","role":"Customer","createdAt":"2022-03-22T05:49:56.000Z","updatedAt":"2022-03-22T05:49:56.000Z","balance":0},{"id":833,"name":"abababjrm264231","email":"abab123789264231@gmail.com","password":"12345678264231","phone_number":"12121245678264231","nid":"23232333890264231","role":"Customer","createdAt":"2022-03-22T05:49:56.000Z","updatedAt":"2022-03-22T05:49:56.000Z","balance":0},{"id":834,"name":"abababjrm171395","email":"abab123789171395@gmail.com","password":"12345678171395","phone_number":"12121245678171395","nid":"23232333890171395","role":"Customer","createdAt":"2022-03-22T05:49:56.000Z","updatedAt":"2022-03-22T05:49:56.000Z","balance":0},{"id":835,"name":"abababjrm921104","email":"abab123789921104@gmail.com","password":"12345678921104","phone_number":"12121245678921104","nid":"23232333890921104","role":"Customer","createdAt":"2022-03-22T05:49:56.000Z","updatedAt":"2022-03-22T05:49:56.000Z","balance":0},{"id":836,"name":"abababjrm309617","email":"abab123789309617@gmail.com","password":"12345678309617","phone_number":"12121245678309617","nid":"23232333890309617","role":"Customer","createdAt":"2022-03-22T05:49:56.000Z","updatedAt":"2022-03-22T05:49:56.000Z","balance":0},{"id":837,"name":"abababjrm321775","email":"abab123789321775@gmail.com","password":"12345678321775","phone_number":"12121245678321775","nid":"23232333890321775","role":"Customer","createdAt":"2022-03-22T05:49:56.000Z","updatedAt":"2022-03-22T05:49:56.000Z","balance":0},{"id":838,"name":"abababjrm555542","email":"abab123789555542@gmail.com","password":"12345678555542","phone_number":"12121245678555542","nid":"23232333890555542","role":"Customer","createdAt":"2022-03-22T05:49:56.000Z","updatedAt":"2022-03-22T05:49:56.000Z","balance":0},{"id":839,"name":"abababjrm480925","email":"abab123789480925@gmail.com","password":"12345678480925","phone_number":"12121245678480925","nid":"23232333890480925","role":"Customer","createdAt":"2022-03-22T05:49:56.000Z","updatedAt":"2022-03-22T05:49:56.000Z","balance":0},{"id":840,"name":"abababjrm521434","email":"abab123789521434@gmail.com","password":"12345678521434","phone_number":"12121245678521434","nid":"23232333890521434","role":"Customer","createdAt":"2022-03-22T05:49:56.000Z","updatedAt":"2022-03-22T05:49:56.000Z","balance":0},{"id":841,"name":"abababjrm985981","email":"abab123789985981@gmail.com","password":"12345678985981","phone_number":"12121245678985981","nid":"23232333890985981","role":"Customer","createdAt":"2022-03-22T05:49:56.000Z","updatedAt":"2022-03-22T05:49:56.000Z","balance":0},{"id":842,"name":"abababjrm725108","email":"abab123789725108@gmail.com","password":"12345678725108","phone_number":"12121245678725108","nid":"23232333890725108","role":"Customer","createdAt":"2022-03-22T05:49:56.000Z","updatedAt":"2022-03-22T05:49:56.000Z","balance":0},{"id":843,"name":"abababjrm362554","email":"abab123789362554@gmail.com","password":"12345678362554","phone_number":"12121245678362554","nid":"23232333890362554","role":"Customer","createdAt":"2022-03-22T05:49:56.000Z","updatedAt":"2022-03-22T05:49:56.000Z","balance":0},{"id":844,"name":"abababjrm721962","email":"abab123789721962@gmail.com","password":"12345678721962","phone_number":"12121245678721962","nid":"23232333890721962","role":"Customer","createdAt":"2022-03-22T05:49:56.000Z","updatedAt":"2022-03-22T05:49:56.000Z","balance":0},{"id":845,"name":"abababjrm148837","email":"abab123789148837@gmail.com","password":"12345678148837","phone_number":"12121245678148837","nid":"23232333890148837","role":"Customer","createdAt":"2022-03-22T05:49:56.000Z","updatedAt":"2022-03-22T05:49:56.000Z","balance":0},{"id":846,"name":"abababjrm597605","email":"abab123789597605@gmail.com","password":"12345678597605","phone_number":"12121245678597605","nid":"23232333890597605","role":"Customer","createdAt":"2022-03-22T05:49:56.000Z","updatedAt":"2022-03-22T05:49:56.000Z","balance":0},{"id":847,"name":"abababjrm903327","email":"abab123789903327@gmail.com","password":"12345678903327","phone_number":"12121245678903327","nid":"23232333890903327","role":"Customer","createdAt":"2022-03-22T05:49:56.000Z","updatedAt":"2022-03-22T05:49:56.000Z","balance":0},{"id":848,"name":"abababjrm749674","email":"abab123789749674@gmail.com","password":"12345678749674","phone_number":"12121245678749674","nid":"23232333890749674","role":"Customer","createdAt":"2022-03-22T05:49:56.000Z","updatedAt":"2022-03-22T05:49:56.000Z","balance":0},{"id":849,"name":"abababjrm397988","email":"abab123789397988@gmail.com","password":"12345678397988","phone_number":"12121245678397988","nid":"23232333890397988","role":"Customer","createdAt":"2022-03-22T05:49:56.000Z","updatedAt":"2022-03-22T05:49:56.000Z","balance":0},{"id":850,"name":"abababjrm598601","email":"abab123789598601@gmail.com","password":"12345678598601","phone_number":"12121245678598601","nid":"23232333890598601","role":"Customer","createdAt":"2022-03-22T05:49:56.000Z","updatedAt":"2022-03-22T05:49:56.000Z","balance":0},{"id":851,"name":"abababjrm569378","email":"abab123789569378@gmail.com","password":"12345678569378","phone_number":"12121245678569378","nid":"23232333890569378","role":"Customer","createdAt":"2022-03-22T05:49:56.000Z","updatedAt":"2022-03-22T05:49:56.000Z","balance":0},{"id":852,"name":"abababjrm983437","email":"abab123789983437@gmail.com","password":"12345678983437","phone_number":"12121245678983437","nid":"23232333890983437","role":"Customer","createdAt":"2022-03-22T05:49:56.000Z","updatedAt":"2022-03-22T05:49:56.000Z","balance":0},{"id":853,"name":"abababjrm506258","email":"abab123789506258@gmail.com","password":"12345678506258","phone_number":"12121245678506258","nid":"23232333890506258","role":"Customer","createdAt":"2022-03-22T05:49:56.000Z","updatedAt":"2022-03-22T05:49:56.000Z","balance":0},{"id":854,"name":"abababjrm934327","email":"abab123789934327@gmail.com","password":"12345678934327","phone_number":"12121245678934327","nid":"23232333890934327","role":"Customer","createdAt":"2022-03-22T05:49:56.000Z","updatedAt":"2022-03-22T05:49:56.000Z","balance":0},{"id":855,"name":"abababjrm611906","email":"abab123789611906@gmail.com","password":"12345678611906","phone_number":"12121245678611906","nid":"23232333890611906","role":"Customer","createdAt":"2022-03-22T05:49:56.000Z","updatedAt":"2022-03-22T05:49:56.000Z","balance":0},{"id":856,"name":"abababjrm714740","email":"abab123789714740@gmail.com","password":"12345678714740","phone_number":"12121245678714740","nid":"23232333890714740","role":"Customer","createdAt":"2022-03-22T05:49:56.000Z","updatedAt":"2022-03-22T05:49:56.000Z","balance":0},{"id":857,"name":"abababjrm177325","email":"abab123789177325@gmail.com","password":"12345678177325","phone_number":"12121245678177325","nid":"23232333890177325","role":"Customer","createdAt":"2022-03-22T05:49:56.000Z","updatedAt":"2022-03-22T05:49:56.000Z","balance":0},{"id":858,"name":"abababjrm720694","email":"abab123789720694@gmail.com","password":"12345678720694","phone_number":"12121245678720694","nid":"23232333890720694","role":"Customer","createdAt":"2022-03-22T05:49:56.000Z","updatedAt":"2022-03-22T05:49:56.000Z","balance":0},{"id":859,"name":"abababjrm895370","email":"abab123789895370@gmail.com","password":"12345678895370","phone_number":"12121245678895370","nid":"23232333890895370","role":"Customer","createdAt":"2022-03-22T05:49:56.000Z","updatedAt":"2022-03-22T05:49:56.000Z","balance":0},{"id":860,"name":"abababjrm307356","email":"abab123789307356@gmail.com","password":"12345678307356","phone_number":"12121245678307356","nid":"23232333890307356","role":"Customer","createdAt":"2022-03-22T05:49:56.000Z","updatedAt":"2022-03-22T05:49:56.000Z","balance":0},{"id":861,"name":"abababjrm665498","email":"abab123789665498@gmail.com","password":"12345678665498","phone_number":"12121245678665498","nid":"23232333890665498","role":"Customer","createdAt":"2022-03-22T05:49:56.000Z","updatedAt":"2022-03-22T05:49:56.000Z","balance":0},{"id":862,"name":"abababjrm318848","email":"abab123789318848@gmail.com","password":"12345678318848","phone_number":"12121245678318848","nid":"23232333890318848","role":"Customer","createdAt":"2022-03-22T05:49:56.000Z","updatedAt":"2022-03-22T05:49:56.000Z","balance":0},{"id":863,"name":"abababjrm595736","email":"abab123789595736@gmail.com","password":"12345678595736","phone_number":"12121245678595736","nid":"23232333890595736","role":"Customer","createdAt":"2022-03-22T05:49:56.000Z","updatedAt":"2022-03-22T05:49:56.000Z","balance":0},{"id":864,"name":"abababjrm864016","email":"abab123789864016@gmail.com","password":"12345678864016","phone_number":"12121245678864016","nid":"23232333890864016","role":"Customer","createdAt":"2022-03-22T05:49:56.000Z","updatedAt":"2022-03-22T05:49:56.000Z","balance":0},{"id":865,"name":"abababjrm790967","email":"abab123789790967@gmail.com","password":"12345678790967","phone_number":"12121245678790967","nid":"23232333890790967","role":"Customer","createdAt":"2022-03-22T05:49:56.000Z","updatedAt":"2022-03-22T05:49:56.000Z","balance":0},{"id":866,"name":"abababjrm805609","email":"abab123789805609@gmail.com","password":"12345678805609","phone_number":"12121245678805609","nid":"23232333890805609","role":"Customer","createdAt":"2022-03-22T05:49:56.000Z","updatedAt":"2022-03-22T05:49:56.000Z","balance":0},{"id":867,"name":"abababjrm924146","email":"abab123789924146@gmail.com","password":"12345678924146","phone_number":"12121245678924146","nid":"23232333890924146","role":"Customer","createdAt":"2022-03-22T05:49:56.000Z","updatedAt":"2022-03-22T05:49:56.000Z","balance":0},{"id":868,"name":"abababjrm533862","email":"abab123789533862@gmail.com","password":"12345678533862","phone_number":"12121245678533862","nid":"23232333890533862","role":"Customer","createdAt":"2022-03-22T05:49:56.000Z","updatedAt":"2022-03-22T05:49:56.000Z","balance":0},{"id":869,"name":"abababjrm585831","email":"abab123789585831@gmail.com","password":"12345678585831","phone_number":"12121245678585831","nid":"23232333890585831","role":"Customer","createdAt":"2022-03-22T05:49:56.000Z","updatedAt":"2022-03-22T05:49:56.000Z","balance":0},{"id":870,"name":"abababjrm631615","email":"abab123789631615@gmail.com","password":"12345678631615","phone_number":"12121245678631615","nid":"23232333890631615","role":"Customer","createdAt":"2022-03-22T05:49:56.000Z","updatedAt":"2022-03-22T05:49:56.000Z","balance":0},{"id":871,"name":"abababjrm568975","email":"abab123789568975@gmail.com","password":"12345678568975","phone_number":"12121245678568975","nid":"23232333890568975","role":"Customer","createdAt":"2022-03-22T05:49:57.000Z","updatedAt":"2022-03-22T05:49:57.000Z","balance":0},{"id":872,"name":"abababjrm423575","email":"abab123789423575@gmail.com","password":"12345678423575","phone_number":"12121245678423575","nid":"23232333890423575","role":"Customer","createdAt":"2022-03-22T05:49:58.000Z","updatedAt":"2022-03-22T05:49:58.000Z","balance":0},{"id":873,"name":"abababjrm818010","email":"abab123789818010@gmail.com","password":"12345678818010","phone_number":"12121245678818010","nid":"23232333890818010","role":"Customer","createdAt":"2022-03-22T05:49:58.000Z","updatedAt":"2022-03-22T05:49:58.000Z","balance":0},{"id":874,"name":"abababjrm643582","email":"abab123789643582@gmail.com","password":"12345678643582","phone_number":"12121245678643582","nid":"23232333890643582","role":"Customer","createdAt":"2022-03-22T05:50:07.000Z","updatedAt":"2022-03-22T05:50:07.000Z","balance":0},{"id":875,"name":"abababjrm938953","email":"abab123789938953@gmail.com","password":"12345678938953","phone_number":"12121245678938953","nid":"23232333890938953","role":"Customer","createdAt":"2022-03-22T05:50:08.000Z","updatedAt":"2022-03-22T05:50:08.000Z","balance":0},{"id":876,"name":"abababjrm836807","email":"abab123789836807@gmail.com","password":"12345678836807","phone_number":"12121245678836807","nid":"23232333890836807","role":"Customer","createdAt":"2022-03-22T05:50:13.000Z","updatedAt":"2022-03-22T05:50:13.000Z","balance":0},{"id":877,"name":"abababjrm521290","email":"abab123789521290@gmail.com","password":"12345678521290","phone_number":"12121245678521290","nid":"23232333890521290","role":"Customer","createdAt":"2022-03-22T05:50:42.000Z","updatedAt":"2022-03-22T05:50:42.000Z","balance":0},{"id":878,"name":"abababjrm565129","email":"abab123789565129@gmail.com","password":"12345678565129","phone_number":"12121245678565129","nid":"23232333890565129","role":"Customer","createdAt":"2022-03-22T05:53:00.000Z","updatedAt":"2022-03-22T05:53:00.000Z","balance":0},{"id":879,"name":"abababjrm373038","email":"abab123789373038@gmail.com","password":"12345678373038","phone_number":"12121245678373038","nid":"23232333890373038","role":"Customer","createdAt":"2022-03-22T06:20:07.000Z","updatedAt":"2022-03-22T06:20:07.000Z","balance":0},{"id":882,"name":"Brooke Reed","email":"brooke.reed@example.com","password":"1234","phone_number":"017687 86782","nid":"53595850","role":null,"createdAt":"2022-03-22T09:41:10.000Z","updatedAt":"2022-03-22T09:41:10.000Z","balance":0},{"id":884,"name":"Athanasios Scherf","email":"athanasios.scherf@example.com","password":"12345678","phone_number":"0996-0548444","nid":"97707446","role":"Customer","createdAt":"2022-03-22T09:57:46.000Z","updatedAt":"2022-03-22T09:57:46.000Z","balance":0},{"id":885,"name":"Lucas Brunet","email":"lucas.brunet@example.com","password":"12345678","phone_number":"077 776 52 56","nid":"83903131","role":"Customer","createdAt":"2022-03-22T09:58:15.000Z","updatedAt":"2022-03-22T09:58:15.000Z","balance":0},{"id":887,"name":"Mélissa Perrin","email":"melissa.perrin@example.com","password":"{{Password}}","phone_number":"02-75-64-80-68","nid":"81754118","role":"Customer","createdAt":"2022-03-22T10:17:59.000Z","updatedAt":"2022-03-22T10:17:59.000Z","balance":0},{"id":888,"name":"Amie+Goodwin","email":"Patricia98@gmail.com","password":"t4qbtRf0U2uFx_4","phone_number":"936-615-1760","nid":"81754118","role":"Customer","createdAt":"2022-03-22T10:18:04.000Z","updatedAt":"2022-03-22T10:18:04.000Z","balance":0},{"id":889,"name":"Sienna Li","email":"sienna.li@example.com","password":"12345678","phone_number":"(718)-044-8051","nid":"80081564","role":"Customer","createdAt":"2022-03-22T10:32:37.000Z","updatedAt":"2022-03-22T10:32:37.000Z","balance":0},{"id":891,"name":"Isaac Ludvigsen","email":"isaac.ludvigsen@example.com","password":"12345678","phone_number":"84098594","nid":"43764324","role":"Customer","createdAt":"2022-03-22T10:35:22.000Z","updatedAt":"2022-03-22T10:35:22.000Z","balance":0},{"id":893,"name":"Mahmud51895","email":"mahmud51895@grr.la","password":"66670051895","phone_number":"01773351895","nid":"45651895","role":"Customer","createdAt":"2022-03-22T15:22:33.000Z","updatedAt":"2022-03-22T15:22:33.000Z","balance":0},{"id":894,"name":"Mahmud81279","email":"mahmud81279@grr.la","password":"66670081279","phone_number":"01773381279","nid":"45681279","role":"Customer","createdAt":"2022-03-22T15:23:36.000Z","updatedAt":"2022-03-22T15:23:36.000Z","balance":0},{"id":895,"name":"abababjrm248047","email":"abab123789248047@gmail.com","password":"12345678248047","phone_number":"12121245678248047","nid":"23232333890248047","role":"Customer","createdAt":"2022-03-22T17:21:38.000Z","updatedAt":"2022-03-22T17:21:38.000Z","balance":0},{"id":896,"name":"Sofia Huotari","email":"sofia.huotari@example.com","password":"12345678","phone_number":"07-101-044","nid":"21365501","role":"Customer","createdAt":"2022-03-22T18:02:53.000Z","updatedAt":"2022-03-22T18:02:53.000Z","balance":0},{"id":901,"name":"Waldtraut Tiede","email":"waldtraut.tiede@example.com","password":"12345678","phone_number":"0070-8794796","nid":"33481484","role":"Customer","createdAt":"2022-03-22T18:46:18.000Z","updatedAt":"2022-03-22T18:46:18.000Z","balance":0},{"id":903,"name":"User 17386584","email":"rkib17386584@gmail.com","password":"123469","phone_number":"01717386584","nid":"17386584","role":null,"createdAt":"2022-03-22T19:45:55.000Z","updatedAt":"2022-03-22T19:45:55.000Z","balance":0},{"id":904,"name":"Andrés Martins","email":"andres.martins@example.com","password":"12345678","phone_number":"(66) 4407-2813","nid":"64744428","role":"Customer","createdAt":"2022-03-23T03:45:53.000Z","updatedAt":"2022-03-23T03:45:53.000Z","balance":0},{"id":905,"name":"David Harcourt","email":"david.harcourt@example.com","password":"12345678","phone_number":"994-453-9864","nid":"32062596","role":"Customer","createdAt":"2022-03-23T03:48:14.000Z","updatedAt":"2022-03-23T03:48:14.000Z","balance":0},{"id":906,"name":"Albert Rasmussen","email":"albert.rasmussen@example.com","password":"12345678","phone_number":"70481922","nid":"97456649","role":"Customer","createdAt":"2022-03-23T03:50:25.000Z","updatedAt":"2022-03-23T03:50:25.000Z","balance":0},{"id":907,"name":"Mélina Lecomte","email":"melina.lecomte@example.com","password":"12345678","phone_number":"05-42-61-07-77","nid":"10140511","role":"Customer","createdAt":"2022-03-23T05:36:57.000Z","updatedAt":"2022-03-23T05:36:57.000Z","balance":0},{"id":909,"name":"Alia+Smith","email":"userb3100000@grr.com","password":"wdq9VIWI0Hh3uZc","phone_number":"672-689-2747","nid":"81754118","role":"Customer","createdAt":"2022-03-23T05:51:30.000Z","updatedAt":"2022-03-23T05:51:30.000Z","balance":0},{"id":910,"name":"user30868","email":"rajon30868@gmail.com","password":"1234","phone_number":"30868","nid":"30868","role":null,"createdAt":"2022-03-23T05:56:16.000Z","updatedAt":"2022-03-23T05:56:16.000Z","balance":0},{"id":911,"name":"Gina","email":"gina.bertrand@example.com","password":"1234","phone_number":"075 467 98 37","nid":"12345982","role":null,"createdAt":"2022-03-23T06:14:56.000Z","updatedAt":"2022-03-23T06:14:56.000Z","balance":0},{"id":912,"name":"Jayden","email":"jayden.jones@example.com","password":"1234","phone_number":"(459)-637-4371","nid":"12345982","role":null,"createdAt":"2022-03-23T06:25:04.000Z","updatedAt":"2022-03-23T06:25:04.000Z","balance":0},{"id":913,"name":"Gabe O'Keefe","email":"Deshaun_Hyatt@yahoo.com","password":"L54BisZ86s0wman","phone_number":"823-809-7441","nid":"nid","role":"Customer","createdAt":"2022-03-23T06:26:44.000Z","updatedAt":"2022-03-23T06:26:44.000Z","balance":0},{"id":914,"name":"Zachary Schneider","email":"Benny.Schimmel@hotmail.com","password":"upXjR4ouYRkPXAH","phone_number":"366-448-3780","nid":"nid","role":"Customer","createdAt":"2022-03-23T06:38:06.000Z","updatedAt":"2022-03-23T06:38:06.000Z","balance":0},{"id":915,"name":"Madisen Ankunding","email":"Blair_Botsford45@gmail.com","password":"uFfaL1b7gmJC4MW","phone_number":"708-567-2710","nid":"nid","role":"Customer","createdAt":"2022-03-23T06:40:21.000Z","updatedAt":"2022-03-23T06:40:21.000Z","balance":0},{"id":916,"name":"Justice Stracke","email":"Gwendolyn36@gmail.com","password":"zNFEvrnBCEpdcjb","phone_number":"406-322-9828","nid":"51159930","role":"Customer","createdAt":"2022-03-23T06:43:04.000Z","updatedAt":"2022-03-23T06:43:04.000Z","balance":0},{"id":917,"name":"rajon","email":"rajon1233@gmail.com","password":"016256158","phone_number":"05698421","nid":"hi2584512","role":null,"createdAt":"2022-03-23T06:43:23.000Z","updatedAt":"2022-03-23T06:43:23.000Z","balance":0},{"id":918,"name":"Zander Aufderhar","email":"Hayley.Hauck15@hotmail.com","password":"mOjbpCOTS1GXLQV","phone_number":"867-528-8197","nid":"13837663","role":"Customer","createdAt":"2022-03-23T06:44:48.000Z","updatedAt":"2022-03-23T06:44:48.000Z","balance":0},{"id":919,"name":"Ernesto Emard","email":"Kavon_Ledner76@gmail.com","password":"68EDBbukJbgt0TM","phone_number":"830-472-3247","nid":"41764803","role":"Customer","createdAt":"2022-03-23T06:45:59.000Z","updatedAt":"2022-03-23T06:45:59.000Z","balance":0},{"id":920,"name":"Mary Åsebø","email":"mary.asebo@example.com","password":"{{Password}}","phone_number":"37535291","nid":"97437074","role":"Customer","createdAt":"2022-03-23T06:49:50.000Z","updatedAt":"2022-03-23T06:49:50.000Z","balance":0},{"id":921,"name":"Salman Rahman","email":"salman@grr.la","password":"zyELbho7ym2VH7g","phone_number":"744-427-7094","nid":"64233370","role":"Customer","createdAt":"2022-03-23T06:57:42.000Z","updatedAt":"2022-03-23T07:04:08.000Z","balance":0},{"id":930,"name":"ami710082","email":"rkib710082@gmail.com","password":"123469","phone_number":"017710082","nid":"710082","role":null,"createdAt":"2022-03-23T10:31:24.000Z","updatedAt":"2022-03-23T10:31:24.000Z","balance":0},{"id":931,"name":"Fatih","email":"fatih.candan@example.com","password":"123469","phone_number":"(034)-553-2495","nid":"6996626565","role":null,"createdAt":"2022-03-23T10:34:53.000Z","updatedAt":"2022-03-23T10:34:53.000Z","balance":0},{"id":932,"name":"ami${id}","email":"rkib${id}@gmail.com","password":"123469","phone_number":"017${id}","nid":"${id}","role":null,"createdAt":"2022-03-23T10:38:32.000Z","updatedAt":"2022-03-23T10:38:32.000Z","balance":0},{"id":934,"name":"Clémence Lecomte","email":"clemence.lecomte@example.com","password":"12345678","phone_number":"03-35-90-33-57","nid":"84752299","role":"Customer","createdAt":"2022-03-23T11:21:27.000Z","updatedAt":"2022-03-23T11:21:27.000Z","balance":0},{"id":936,"name":"ashiq","email":"gmail@ashiq.com","password":"121212","phone_number":"000000000000","nid":"01234567","role":"Customer","createdAt":"2022-03-23T13:06:55.000Z","updatedAt":"2022-03-23T13:06:55.000Z","balance":0},{"id":937,"name":"ashiq3271","email":"gmail3271@ashiq.com","password":"1213271212","phone_number":"0000327100000000","nid":"012345327167","role":"Customer","createdAt":"2022-03-23T13:11:35.000Z","updatedAt":"2022-03-23T13:11:35.000Z","balance":0},{"id":938,"name":"ashiq7822","email":"gmail7822@ashiq.com","password":"1217822212","phone_number":"0000782200000000","nid":"012345782267","role":"Customer","createdAt":"2022-03-23T13:33:38.000Z","updatedAt":"2022-03-23T13:33:38.000Z","balance":0},{"id":939,"name":"ashiq4678","email":"gmail4678@ashiq.com","password":"1214678212","phone_number":"0000467800000000","nid":"012345467867","role":"Customer","createdAt":"2022-03-23T13:33:44.000Z","updatedAt":"2022-03-23T13:33:44.000Z","balance":0},{"id":940,"name":"ashiq8245","email":"gmail8245@ashiq.com","password":"1218245212","phone_number":"0000824500000000","nid":"012345824567","role":"Customer","createdAt":"2022-03-23T13:36:44.000Z","updatedAt":"2022-03-23T13:36:44.000Z","balance":0},{"id":941,"name":"ashiq9778","email":"gmail9778@ashiq.com","password":"1219778212","phone_number":"0000977800000000","nid":"012345977867","role":"Customer","createdAt":"2022-03-23T13:38:31.000Z","updatedAt":"2022-03-23T13:38:31.000Z","balance":0},{"id":942,"name":"ashiq7171","email":"gmail7171@ashiq.com","password":"1217171212","phone_number":"0000717100000000","nid":"012345717167","role":"Customer","createdAt":"2022-03-23T13:38:59.000Z","updatedAt":"2022-03-23T13:38:59.000Z","balance":0},{"id":944,"name":"Nicolas Louis","email":"nicolas.louis@example.com","password":"12345678","phone_number":"04-20-11-83-18","nid":"97817175","role":"Customer","createdAt":"2022-03-23T15:51:25.000Z","updatedAt":"2022-03-23T15:51:25.000Z","balance":0},{"id":945,"name":"Livia Leclercq","email":"livia.leclercq@example.com","password":"12345678","phone_number":"05-63-49-01-69","nid":"38739185","role":"Customer","createdAt":"2022-03-23T16:31:18.000Z","updatedAt":"2022-03-23T16:31:18.000Z","balance":0},{"id":946,"name":"Sandra Louis","email":"sandra.louis@example.com","password":"12345678","phone_number":"05-09-18-46-08","nid":"30440738","role":"Customer","createdAt":"2022-03-23T16:31:22.000Z","updatedAt":"2022-03-23T16:31:22.000Z","balance":0},{"id":947,"name":"Mohamed Saez","email":"mohamed.saez@example.com","password":"12345678","phone_number":"901-127-485","nid":"17413234","role":"Customer","createdAt":"2022-03-23T16:49:27.000Z","updatedAt":"2022-03-23T16:49:27.000Z","balance":0},{"id":948,"name":"Ted Cole","email":"ted.cole@example.com","password":"12345678","phone_number":"019467 48493","nid":"54633204","role":"Customer","createdAt":"2022-03-23T18:07:15.000Z","updatedAt":"2022-03-23T18:07:15.000Z","balance":0},{"id":949,"name":"ashiq5762","email":"gmail5762@ashiq.com","password":"1215762212","phone_number":"0000576200000000","nid":"012345576267","role":"Customer","createdAt":"2022-03-24T01:19:26.000Z","updatedAt":"2022-03-24T01:19:26.000Z","balance":0},{"id":950,"name":"ashiq6033","email":"gmail6033@ashiq.com","password":"1216033212","phone_number":"0000603300000000","nid":"012345603367","role":"Customer","createdAt":"2022-03-24T01:32:41.000Z","updatedAt":"2022-03-24T01:32:41.000Z","balance":0},{"id":951,"name":"ashiq8297","email":"gmail8297@ashiq.com","password":"1218297212","phone_number":"0000829700000000","nid":"012345829767","role":"Customer","createdAt":"2022-03-24T01:37:41.000Z","updatedAt":"2022-03-24T01:37:41.000Z","balance":0},{"id":952,"name":"Betino Gonçalves","email":"betino.goncalves@example.com","password":"12345678","phone_number":"(88) 3495-4594","nid":"69634488","role":"Customer","createdAt":"2022-03-24T04:43:40.000Z","updatedAt":"2022-03-24T04:43:40.000Z","balance":0},{"id":953,"name":"Victor Beck","email":"victor.beck@example.com","password":"12345678","phone_number":"013873 42028","nid":"19720932","role":"Customer","createdAt":"2022-03-24T05:05:44.000Z","updatedAt":"2022-03-24T05:05:44.000Z","balance":0},{"id":954,"name":"Salman Rahman","email":"salman@grr.la","password":"12345678","phone_number":"017683 54345","nid":"50236189","role":"Customer","createdAt":"2022-03-24T05:14:32.000Z","updatedAt":"2022-03-24T05:22:29.000Z","balance":0},{"id":956,"name":"Oliver Mortensen","email":"oliver.mortensen@example.com","password":"12345678","phone_number":"84537305","nid":"84746456","role":"Customer","createdAt":"2022-03-24T05:30:50.000Z","updatedAt":"2022-03-24T05:30:50.000Z","balance":0},{"id":965,"name":"testuser 78411","email":"testmail 78411@gmail.com","password":"12345678","phone_number":"01600 78411","nid":"BD 78411","role":"Customer 001","createdAt":"2022-03-24T09:36:19.000Z","updatedAt":"2022-03-24T09:36:19.000Z","balance":0},{"id":966,"name":"testuser 74517","email":"testmail 74517@gmail.com","password":"12345678","phone_number":"01600 74517","nid":"BD 74517","role":"Customer 001","createdAt":"2022-03-24T09:38:44.000Z","updatedAt":"2022-03-24T09:38:44.000Z","balance":0},{"id":967,"name":"Aléxia Duarte","email":"alexia.duarte@example.com","password":"{{Password}}","phone_number":"(18) 8027-6648","nid":"23694903","role":"Customer","createdAt":"2022-03-24T09:42:13.000Z","updatedAt":"2022-03-24T09:42:13.000Z","balance":0},{"id":968,"name":"testuser 78472","email":"testmail 78472@gmail.com","password":"12345678","phone_number":"01600 78472","nid":"BD 78472","role":"Customer 001","createdAt":"2022-03-24T09:43:06.000Z","updatedAt":"2022-03-24T09:43:06.000Z","balance":0},{"id":969,"name":" Levi","email":"levi.drablos@example.com","password":"12345678","phone_number":"55183060","nid":"${nid}","role":"Customer 001","createdAt":"2022-03-24T09:52:47.000Z","updatedAt":"2022-03-24T09:52:47.000Z","balance":0},{"id":975,"name":"Bessie Lowe","email":"bessie.lowe@example.com","password":"12345678","phone_number":"(140)-582-3615","nid":"17216392","role":"Customer","createdAt":"2022-03-25T10:20:15.000Z","updatedAt":"2022-03-25T10:20:15.000Z","balance":0},{"id":976,"name":"Nella Niska","email":"nella.niska@example.com","password":"12345678","phone_number":"04-354-078","nid":"68398098","role":"Customer","createdAt":"2022-03-25T10:39:33.000Z","updatedAt":"2022-03-25T10:39:33.000Z","balance":0},{"id":978,"name":"Mahmud43999","email":"mahmud43999@grr.la","password":"66670043999","phone_number":"01773343999","nid":"45643999","role":"Customer","createdAt":"2022-03-26T03:14:47.000Z","updatedAt":"2022-03-26T03:14:47.000Z","balance":0},{"id":979,"name":"Mahmud96668","email":"mahmud96668@grr.la","password":"66670096668","phone_number":"01773396668","nid":"45696668","role":"Customer","createdAt":"2022-03-26T03:16:06.000Z","updatedAt":"2022-03-26T03:16:06.000Z","balance":0},{"id":982,"name":"Mahmud37299","email":"mahmud37299@grr.la","password":"66670037299","phone_number":"01773337299","nid":"45637299","role":"Customer","createdAt":"2022-03-26T03:22:06.000Z","updatedAt":"2022-03-26T03:22:06.000Z","balance":0},{"id":984,"name":"Mahmud62671","email":"mahmud62671@grr.la","password":"66670062671","phone_number":"01773362671","nid":"45662671","role":"Customer","createdAt":"2022-03-26T03:23:53.000Z","updatedAt":"2022-03-26T03:23:53.000Z","balance":0},{"id":986,"name":"Mahmud53962","email":"mahmud53962@grr.la","password":"66670053962","phone_number":"01773353962","nid":"45653962","role":"Customer","createdAt":"2022-03-26T03:33:03.000Z","updatedAt":"2022-03-26T03:33:03.000Z","balance":0},{"id":987,"name":"Mahmud15850","email":"mahmud15850@grr.la","password":"66670015850","phone_number":"01773315850","nid":"45615850","role":"Customer","createdAt":"2022-03-26T03:34:15.000Z","updatedAt":"2022-03-26T03:34:15.000Z","balance":0},{"id":989,"name":"Mahmud35753","email":"mahmud35753@grr.la","password":"66670035753","phone_number":"01773335753","nid":"45635753","role":"Customer","createdAt":"2022-03-26T03:36:11.000Z","updatedAt":"2022-03-26T03:36:11.000Z","balance":0},{"id":991,"name":"testuser 99156","email":"testmail 99156@gmail.com","password":"12345678","phone_number":"01600 99156","nid":"BD 99156","role":"Customer 001","createdAt":"2022-03-26T03:37:16.000Z","updatedAt":"2022-03-26T03:37:16.000Z","balance":0},{"id":992,"name":"testuser 32553","email":"testmail 32553@gmail.com","password":"12345678","phone_number":"01600 00000","nid":"BD 32553","role":"Customer 001","createdAt":"2022-03-26T03:37:47.000Z","updatedAt":"2022-03-27T13:30:10.000Z","balance":0},{"id":997,"name":"testuser 51683","email":"testmail 51683@gmail.com","password":"12345678","phone_number":"01600 51683","nid":"BD 51683","role":"Customer 001","createdAt":"2022-03-26T05:09:43.000Z","updatedAt":"2022-03-26T05:09:43.000Z","balance":0},{"id":998,"name":"testuser 79779","email":"testmail 79779@gmail.com","password":"12345678","phone_number":"01600 79779","nid":"BD 79779","role":"Customer 001","createdAt":"2022-03-26T05:11:01.000Z","updatedAt":"2022-03-26T05:11:01.000Z","balance":0},{"id":999,"name":"testuser 35347","email":"testmail 35347@gmail.com","password":"12345678","phone_number":"01600 35347","nid":"BD 35347","role":"Customer 001","createdAt":"2022-03-26T05:11:25.000Z","updatedAt":"2022-03-26T05:11:25.000Z","balance":0},{"id":1001,"name":"testuser 44788","email":"testmail 44788@gmail.com","password":"12345678","phone_number":"01600 44788","nid":"BD 44788","role":"Customer 001","createdAt":"2022-03-26T05:12:31.000Z","updatedAt":"2022-03-26T05:12:31.000Z","balance":0},{"id":1002,"name":"testuser 75828","email":"testmail 75828@gmail.com","password":"12345678","phone_number":"01600 75828","nid":"BD 75828","role":"Customer 001","createdAt":"2022-03-26T05:14:12.000Z","updatedAt":"2022-03-26T05:14:12.000Z","balance":0},{"id":1003,"name":"testuser 26818","email":"testmail 26818@gmail.com","password":"12345678","phone_number":"01600 26818","nid":"BD 26818","role":"Customer 001","createdAt":"2022-03-26T05:26:25.000Z","updatedAt":"2022-03-26T05:26:25.000Z","balance":0},{"id":1004,"name":"testuser 36497","email":"testmail 36497@gmail.com","password":"12345678","phone_number":"01600 36497","nid":"BD 36497","role":"Customer 001","createdAt":"2022-03-26T05:38:18.000Z","updatedAt":"2022-03-26T05:38:18.000Z","balance":0},{"id":1005,"name":"testuser 11699","email":"testmail 11699@gmail.com","password":"12345678","phone_number":"01600 11699","nid":"BD 11699","role":"Customer 001","createdAt":"2022-03-26T05:47:56.000Z","updatedAt":"2022-03-26T05:47:56.000Z","balance":0},{"id":1006,"name":"testuser 39466","email":"testmail 39466@gmail.com","password":"12345678","phone_number":"01600 39466","nid":"BD 39466","role":"Customer 001","createdAt":"2022-03-26T05:47:57.000Z","updatedAt":"2022-03-26T05:47:57.000Z","balance":0},{"id":1007,"name":"testuser 60826","email":"testmail 60826@gmail.com","password":"12345678","phone_number":"01600 60826","nid":"BD 60826","role":"Customer 001","createdAt":"2022-03-26T05:50:17.000Z","updatedAt":"2022-03-26T05:50:17.000Z","balance":0},{"id":1008,"name":"testuser 87938","email":"testmail 87938@gmail.com","password":"12345678","phone_number":"01600 87938","nid":"BD 87938","role":"Customer 001","createdAt":"2022-03-26T05:50:17.000Z","updatedAt":"2022-03-26T05:50:17.000Z","balance":0},{"id":1009,"name":"testuser 37019","email":"testmail 37019@gmail.com","password":"12345678","phone_number":"01600 37019","nid":"BD 37019","role":"Customer 001","createdAt":"2022-03-26T05:53:50.000Z","updatedAt":"2022-03-26T05:53:50.000Z","balance":0},{"id":1010,"name":"testuser 38009","email":"testmail 38009@gmail.com","password":"12345678","phone_number":"01600 38009","nid":"BD 38009","role":"Customer 001","createdAt":"2022-03-26T05:53:50.000Z","updatedAt":"2022-03-26T05:53:50.000Z","balance":0},{"id":1011,"name":"testuser 97418","email":"testmail 97418@gmail.com","password":"12345678","phone_number":"01600 97418","nid":"BD 97418","role":"Customer 001","createdAt":"2022-03-26T05:57:52.000Z","updatedAt":"2022-03-26T05:57:52.000Z","balance":0},{"id":1012,"name":"User {$id}","email":"test94863@test.com","password":"12345678","phone_number":"018135594863","nid":"{{nid}}","role":"Customer","createdAt":"2022-03-26T06:00:47.000Z","updatedAt":"2022-03-26T06:00:47.000Z","balance":0},{"id":1013,"name":"User {$id}","email":"test85805@test.com","password":"12345678","phone_number":"018135585805","nid":"{{nid}}","role":"Customer","createdAt":"2022-03-26T06:02:16.000Z","updatedAt":"2022-03-26T06:02:16.000Z","balance":0},{"id":1014,"name":"User {$id}","email":"test98665@test.com","password":"12345678","phone_number":"018135598665","nid":"{{nid}}","role":"Customer","createdAt":"2022-03-26T06:09:10.000Z","updatedAt":"2022-03-26T06:09:10.000Z","balance":0},{"id":1015,"name":"User {$id}","email":"test17721@test.com","password":"12345678","phone_number":"018135517721","nid":"{{nid}}","role":"Customer","createdAt":"2022-03-26T06:09:26.000Z","updatedAt":"2022-03-26T06:09:26.000Z","balance":0},{"id":1016,"name":"User {$id}","email":"test42169@test.com","password":"12345678","phone_number":"018135542169","nid":"{{nid}}","role":"Customer","createdAt":"2022-03-26T06:12:21.000Z","updatedAt":"2022-03-26T06:12:21.000Z","balance":0},{"id":1017,"name":"User {$id}","email":"test81883@test.com","password":"12345678","phone_number":"018135581883","nid":"420236930","role":"Customer","createdAt":"2022-03-26T06:12:56.000Z","updatedAt":"2022-03-26T06:12:56.000Z","balance":0},{"id":1018,"name":"User {$id}","email":"test61758@test.com","password":"12345678","phone_number":"018135561758","nid":"420236930","role":"Customer","createdAt":"2022-03-26T06:16:30.000Z","updatedAt":"2022-03-26T06:16:30.000Z","balance":0},{"id":1019,"name":"User {$id}","email":"test81109@test.com","password":"12345678","phone_number":"018135581109","nid":"420236930","role":"Customer","createdAt":"2022-03-26T06:16:35.000Z","updatedAt":"2022-03-26T06:16:35.000Z","balance":0},{"id":1020,"name":"User {$id}","email":"test78543@test.com","password":"12345678","phone_number":"018135578543","nid":"420236930","role":"Customer","createdAt":"2022-03-26T06:18:17.000Z","updatedAt":"2022-03-26T06:18:17.000Z","balance":0},{"id":1021,"name":"User 68793","email":"test68793@test.com","password":"12345678","phone_number":"018135568793","nid":"420236930","role":"Customer","createdAt":"2022-03-26T06:22:01.000Z","updatedAt":"2022-03-26T06:22:01.000Z","balance":0},{"id":1022,"name":"User 79839","email":"test79839@test.com","password":"12345678","phone_number":"018135579839","nid":"420236930","role":"Customer","createdAt":"2022-03-26T06:22:25.000Z","updatedAt":"2022-03-26T06:22:25.000Z","balance":0},{"id":1023,"name":"User 43136","email":"test43136@test.com","password":"12345678","phone_number":"018135543136","nid":"420236930","role":"Customer","createdAt":"2022-03-26T06:23:05.000Z","updatedAt":"2022-03-26T06:23:05.000Z","balance":0},{"id":1024,"name":"User 74392","email":"test74392@test.com","password":"12345678","phone_number":"018135574392","nid":"420236930","role":"Customer","createdAt":"2022-03-26T06:23:08.000Z","updatedAt":"2022-03-26T06:23:08.000Z","balance":0},{"id":1025,"name":"User 88933","email":"test88933@test.com","password":"12345678","phone_number":"018135588933","nid":"420236930","role":"Customer","createdAt":"2022-03-26T06:25:21.000Z","updatedAt":"2022-03-26T06:25:21.000Z","balance":0},{"id":1026,"name":"User 22386","email":"test22386@test.com","password":"12345678","phone_number":"018135522386","nid":"420236930","role":"Customer","createdAt":"2022-03-26T06:26:45.000Z","updatedAt":"2022-03-26T06:26:45.000Z","balance":0},{"id":1027,"name":"Akram Uddin","email":"Ted25@yahoo.com","password":"ax1e8TVY3yi76LP","phone_number":"01701019351","nid":"1458208","role":"Agent","createdAt":"2022-03-26T06:26:48.000Z","updatedAt":"2022-06-27T10:45:47.000Z","balance":0},{"id":1028,"name":"User 28461","email":"test28461@test.com","password":"12345678","phone_number":"018135528461","nid":"420236930","role":"Customer","createdAt":"2022-03-26T06:26:53.000Z","updatedAt":"2022-03-26T06:26:53.000Z","balance":0},{"id":1029,"name":"User 66367","email":"test66367@test.com","password":"12345678","phone_number":"018135566367","nid":"420236930","role":"Customer","createdAt":"2022-03-26T06:29:41.000Z","updatedAt":"2022-03-26T06:29:41.000Z","balance":0},{"id":1030,"name":"User 13094","email":"test13094@test.com","password":"12345678","phone_number":"018135513094","nid":"420236930","role":"Customer","createdAt":"2022-03-26T06:29:56.000Z","updatedAt":"2022-03-26T06:29:56.000Z","balance":0},{"id":1031,"name":"User 20356","email":"test20356@test.com","password":"12345678","phone_number":"018135520356","nid":"420236930","role":"Customer","createdAt":"2022-03-26T06:32:59.000Z","updatedAt":"2022-03-26T06:32:59.000Z","balance":0},{"id":1032,"name":"User 18726","email":"test18726@test.com","password":"12345678","phone_number":"018135518726","nid":"420236930","role":"Customer","createdAt":"2022-03-26T06:33:53.000Z","updatedAt":"2022-03-26T06:33:53.000Z","balance":0},{"id":1033,"name":"User 54369","email":"test54369@test.com","password":"12345678","phone_number":"018135554369","nid":"420236930","role":"Customer","createdAt":"2022-03-26T06:40:51.000Z","updatedAt":"2022-03-26T06:40:51.000Z","balance":0},{"id":1034,"name":"User 42965","email":"test42965@test.com","password":"12345678","phone_number":"018135542965","nid":"420236930","role":"Customer","createdAt":"2022-03-26T06:43:37.000Z","updatedAt":"2022-03-26T06:43:37.000Z","balance":0},{"id":1035,"name":"User 11493","email":"test11493@test.com","password":"12345678","phone_number":"018135511493","nid":"420236930","role":"Customer","createdAt":"2022-03-26T06:44:02.000Z","updatedAt":"2022-03-26T06:44:02.000Z","balance":0},{"id":1036,"name":"User 28755","email":"test28755@test.com","password":"12345678","phone_number":"018135528755","nid":"420236930","role":"Customer","createdAt":"2022-03-26T06:44:37.000Z","updatedAt":"2022-03-26T06:44:37.000Z","balance":0},{"id":1037,"name":"User 47343","email":"test47343@test.com","password":"12345678","phone_number":"018135547343","nid":"420236930","role":"Customer","createdAt":"2022-03-26T06:59:37.000Z","updatedAt":"2022-03-26T06:59:37.000Z","balance":0},{"id":1038,"name":"User 72482","email":"test72482@test.com","password":"12345678","phone_number":"018135572482","nid":"420236930","role":"Customer","createdAt":"2022-03-26T07:03:10.000Z","updatedAt":"2022-03-26T07:03:10.000Z","balance":0},{"id":1039,"name":"User 45404","email":"test45404@test.com","password":"12345678","phone_number":"018135545404","nid":"420236930","role":"Customer","createdAt":"2022-03-26T07:03:13.000Z","updatedAt":"2022-03-26T07:03:13.000Z","balance":0},{"id":1040,"name":"User 88192","email":"test88192@test.com","password":"12345678","phone_number":"018135588192","nid":"420236930","role":"Customer","createdAt":"2022-03-26T07:26:35.000Z","updatedAt":"2022-03-26T07:26:35.000Z","balance":0},{"id":1041,"name":"User 44542","email":"test44542@test.com","password":"12345678","phone_number":"018135544542","nid":"420236930","role":"Customer","createdAt":"2022-03-26T07:26:38.000Z","updatedAt":"2022-03-26T07:26:38.000Z","balance":0},{"id":1042,"name":"User 35882","email":"test35882@test.com","password":"12345678","phone_number":"018135535882","nid":"420236930","role":"Customer","createdAt":"2022-03-26T07:26:58.000Z","updatedAt":"2022-03-26T07:26:58.000Z","balance":0},{"id":1043,"name":"User 27072","email":"test27072@test.com","password":"12345678","phone_number":"018135527072","nid":"420236930","role":"Customer","createdAt":"2022-03-26T07:27:42.000Z","updatedAt":"2022-03-26T07:27:42.000Z","balance":0},{"id":1044,"name":"testuser 22078","email":"testmail 22078@gmail.com","password":"12345678","phone_number":"01600 22078","nid":"BD 22078","role":"Customer 001","createdAt":"2022-03-26T07:55:29.000Z","updatedAt":"2022-03-26T07:55:29.000Z","balance":0},{"id":1045,"name":"user77074","email":"testuser77074@test.com","password":"12345678","phone_number":"014356677074","nid":"127707443","role":"Customer","createdAt":"2022-03-26T07:56:22.000Z","updatedAt":"2022-03-26T07:56:22.000Z","balance":0},{"id":1046,"name":"user53066","email":"testuser53066@test.com","password":"12345678","phone_number":"014356653066","nid":"125306643","role":"Customer","createdAt":"2022-03-26T07:57:48.000Z","updatedAt":"2022-03-26T07:57:48.000Z","balance":0},{"id":1047,"name":"testuser 68472","email":"testmail 68472@gmail.com","password":"12345678","phone_number":"01600 68472","nid":"BD 68472","role":"Customer 001","createdAt":"2022-03-26T07:58:52.000Z","updatedAt":"2022-03-26T07:58:52.000Z","balance":0},{"id":1048,"name":"testuser 92827","email":"testmail 92827@gmail.com","password":"12345678","phone_number":"01600 92827","nid":"BD 92827","role":"Customer 001","createdAt":"2022-03-26T07:59:10.000Z","updatedAt":"2022-03-26T07:59:10.000Z","balance":0},{"id":1049,"name":"testuser 62749","email":"testmail 62749@gmail.com","password":"12345678","phone_number":"01600 62749","nid":"BD 62749","role":"Customer 001","createdAt":"2022-03-26T07:59:46.000Z","updatedAt":"2022-03-26T07:59:46.000Z","balance":0},{"id":1050,"name":"user85198","email":"testuser85198@test.com","password":"12345678","phone_number":"014356685198","nid":"128519843","role":"Customer","createdAt":"2022-03-26T08:08:27.000Z","updatedAt":"2022-03-26T08:08:27.000Z","balance":0},{"id":1055,"name":"user21157","email":"testuser21157@test.com","password":"12345678","phone_number":"014356621157","nid":"122115743","role":"Customer","createdAt":"2022-03-26T08:27:03.000Z","updatedAt":"2022-03-26T08:27:03.000Z","balance":0},{"id":1057,"name":"user36631","email":"testuser36631@test.com","password":"12345678","phone_number":"014356636631","nid":"123663143","role":"Customer","createdAt":"2022-03-26T08:32:12.000Z","updatedAt":"2022-03-26T08:32:12.000Z","balance":0},{"id":1059,"name":"user17434","email":"testuser17434@test.com","password":"12345678","phone_number":"014356617434","nid":"121743443","role":"Customer","createdAt":"2022-03-26T08:34:38.000Z","updatedAt":"2022-03-26T08:34:38.000Z","balance":0},{"id":1060,"name":"user76784","email":"testuser76784@test.com","password":"12345678","phone_number":"014356676784","nid":"127678443","role":"Customer","createdAt":"2022-03-26T08:35:34.000Z","updatedAt":"2022-03-26T08:35:34.000Z","balance":0},{"id":1061,"name":"user77308","email":"testuser77308@test.com","password":"12345678","phone_number":"014356677308","nid":"127730843","role":"Customer","createdAt":"2022-03-26T08:37:45.000Z","updatedAt":"2022-03-26T08:37:45.000Z","balance":0},{"id":1063,"name":"user22005","email":"testuser22005@test.com","password":"12345678","phone_number":"014356622005","nid":"122200543","role":"Customer","createdAt":"2022-03-26T08:39:29.000Z","updatedAt":"2022-03-26T08:39:29.000Z","balance":0},{"id":1064,"name":"user53478","email":"testuser53478@test.com","password":"12345678","phone_number":"014356653478","nid":"125347843","role":"Customer","createdAt":"2022-03-26T08:44:16.000Z","updatedAt":"2022-03-26T08:44:16.000Z","balance":0},{"id":1065,"name":"user10111","email":"testuser10111@test.com","password":"12345678","phone_number":"014356610111","nid":"121011143","role":"Customer","createdAt":"2022-03-26T08:53:12.000Z","updatedAt":"2022-03-26T08:53:12.000Z","balance":0},{"id":1066,"name":"ashiq7233","email":"gmail7233@ashiq.com","password":"1217233212","phone_number":"0000723300000000","nid":"012345723367","role":"Customer","createdAt":"2022-03-26T13:28:27.000Z","updatedAt":"2022-03-26T13:28:27.000Z","balance":0},{"id":1067,"name":"ashiq6670","email":"gmail6670@ashiq.com","password":"1216670212","phone_number":"0000667000000000","nid":"012345667067","role":"Customer","createdAt":"2022-03-26T13:33:53.000Z","updatedAt":"2022-03-26T13:33:53.000Z","balance":0},{"id":1068,"name":"ashiq5750","email":"gmail5750@ashiq.com","password":"1215750212","phone_number":"0000575000000000","nid":"012345575067","role":"Customer","createdAt":"2022-03-26T13:35:41.000Z","updatedAt":"2022-03-26T13:35:41.000Z","balance":0},{"id":1069,"name":"user45609","email":"testuser45609@test.com","password":"12345678","phone_number":"014356645609","nid":"124560943","role":"Customer","createdAt":"2022-03-26T14:17:08.000Z","updatedAt":"2022-03-26T14:17:08.000Z","balance":0},{"id":1070,"name":"user 38573","email":"testuser38573@test.com","password":"12345678","phone_number":"01501238573","nid":"897897897","role":"Customer","createdAt":"2022-03-26T14:48:29.000Z","updatedAt":"2022-03-26T14:48:29.000Z","balance":0},{"id":1072,"name":"user55648","email":"testuser55648@test.com","password":"12345678","phone_number":"014356655648","nid":"125564843","role":"Customer","createdAt":"2022-03-26T14:50:53.000Z","updatedAt":"2022-03-26T14:50:53.000Z","balance":0},{"id":1073,"name":"user75856","email":"testuser75856@test.com","password":"12345678","phone_number":"014356675856","nid":"127585643","role":"Customer","createdAt":"2022-03-26T14:52:50.000Z","updatedAt":"2022-03-26T14:52:50.000Z","balance":0},{"id":1074,"name":"user34896","email":"testuser34896@test.com","password":"12345678","phone_number":"014356634896","nid":"123489643","role":"Customer","createdAt":"2022-03-26T14:54:51.000Z","updatedAt":"2022-03-26T14:54:51.000Z","balance":0},{"id":1076,"name":"user58411","email":"testuser58411@test.com","password":"12345678","phone_number":"014356658411","nid":"125841143","role":"Customer","createdAt":"2022-03-26T15:00:50.000Z","updatedAt":"2022-03-26T15:00:50.000Z","balance":0},{"id":1077,"name":"user 58545","email":"testuser58545@test.com","password":"12345678","phone_number":"01501258545","nid":"897897897","role":"Customer","createdAt":"2022-03-26T15:22:05.000Z","updatedAt":"2022-03-26T15:22:05.000Z","balance":0},{"id":1078,"name":"user65484","email":"testuser65484@test.com","password":"12345678","phone_number":"014356665484","nid":"126548443","role":"Customer","createdAt":"2022-03-26T15:26:03.000Z","updatedAt":"2022-03-26T15:26:03.000Z","balance":0},{"id":1079,"name":"Avery","email":"avery.chan@example.com","password":"12345678","phone_number":"922-441-9136","nid":"897897897","role":"Customer","createdAt":"2022-03-26T15:56:35.000Z","updatedAt":"2022-03-26T15:56:35.000Z","balance":0},{"id":1081,"name":"Mahmud48108","email":"mahmud48108@grr.la","password":"66670048108","phone_number":"{01711223344}","nid":"45648108","role":"Customer","createdAt":"2022-03-27T05:29:46.000Z","updatedAt":"2022-03-27T05:45:16.000Z","balance":0},{"id":1082,"name":"Mahmud25031","email":"mahmud25031@grr.la","password":"66670025031","phone_number":"01773325031","nid":"45625031","role":"Customer","createdAt":"2022-03-27T05:32:43.000Z","updatedAt":"2022-03-27T05:32:43.000Z","balance":0},{"id":1083,"name":"Mahmud20388","email":"mahmud20388@grr.la","password":"66670020388","phone_number":"01773320388","nid":"45620388","role":"Customer","createdAt":"2022-03-27T05:45:16.000Z","updatedAt":"2022-03-27T05:45:16.000Z","balance":0},{"id":1085,"name":"Mahmud24165","email":"mahmud24165@grr.la","password":"66670024165","phone_number":"01773324165","nid":"45624165","role":"Customer","createdAt":"2022-03-27T05:48:44.000Z","updatedAt":"2022-03-27T05:48:44.000Z","balance":0},{"id":1087,"name":"Mahmud87609","email":"mahmud87609@grr.la","password":"66670087609","phone_number":"01773387609","nid":"45687609","role":"Customer","createdAt":"2022-03-27T05:52:06.000Z","updatedAt":"2022-03-27T05:52:06.000Z","balance":0},{"id":1088,"name":"Mahmud60792","email":"mahmud60792@grr.la","password":"66670060792","phone_number":"01773360792","nid":"45660792","role":"Customer","createdAt":"2022-03-27T05:54:58.000Z","updatedAt":"2022-03-27T05:54:58.000Z","balance":0},{"id":1089,"name":"ashiq8798","email":"gmail8798@ashiq.com","password":"1218798212","phone_number":"0000879800000000","nid":"012345879867","role":"Customer","createdAt":"2022-03-27T12:48:12.000Z","updatedAt":"2022-03-27T12:48:12.000Z","balance":0},{"id":1090,"name":"User 19350","email":"test19350@gmail.com","password":"1234567","phone_number":"0181319350","nid":"4207236921","role":"Customer","createdAt":"2022-03-27T12:49:10.000Z","updatedAt":"2022-03-27T12:49:10.000Z","balance":0},{"id":1091,"name":"User 65199","email":"test65199@gmail.com","password":"1234567","phone_number":"0181365199","nid":"4207236921","role":"Customer","createdAt":"2022-03-27T12:52:17.000Z","updatedAt":"2022-03-27T12:52:17.000Z","balance":0},{"id":1092,"name":"User 47657","email":"test47657@gmail.com","password":"1234567","phone_number":"0181347657","nid":"4207236921","role":"Customer","createdAt":"2022-03-27T12:52:56.000Z","updatedAt":"2022-03-27T12:52:56.000Z","balance":0},{"id":1093,"name":"User 75631","email":"test75631@gmail.com","password":"1234567","phone_number":"0181375631","nid":"4207236921","role":"Customer","createdAt":"2022-03-27T12:56:50.000Z","updatedAt":"2022-03-27T12:56:50.000Z","balance":0},{"id":1094,"name":"User 45234","email":"test45234@gmail.com","password":"1234567","phone_number":"0181345234","nid":"4207236921","role":"Customer","createdAt":"2022-03-27T12:58:08.000Z","updatedAt":"2022-03-27T12:58:08.000Z","balance":0},{"id":1095,"name":"User 20857","email":"test20857@gmail.com","password":"1234567","phone_number":"0181320857","nid":"4207236921","role":"Customer","createdAt":"2022-03-27T12:59:05.000Z","updatedAt":"2022-03-27T12:59:05.000Z","balance":0},{"id":1096,"name":"User 82083","email":"test82083@gmail.com","password":"1234567","phone_number":"0181382083","nid":"4207236921","role":"Customer","createdAt":"2022-03-27T12:59:25.000Z","updatedAt":"2022-03-27T12:59:25.000Z","balance":0},{"id":1097,"name":"User 49779","email":"test49779@gmail.com","password":"1234567","phone_number":"0181349779","nid":"4207236921","role":"Customer","createdAt":"2022-03-27T13:02:28.000Z","updatedAt":"2022-03-27T13:02:28.000Z","balance":0},{"id":1098,"name":"ashiq8207","email":"gmail8207@ashiq.com","password":"1218207212","phone_number":"0000820700000000","nid":"012345820767","role":"Customer","createdAt":"2022-03-27T13:04:52.000Z","updatedAt":"2022-03-27T13:04:52.000Z","balance":0},{"id":1099,"name":"ashiq9518","email":"gmail9518@ashiq.com","password":"1219518212","phone_number":"0000951800000000","nid":"012345951867","role":"Customer","createdAt":"2022-03-27T13:08:24.000Z","updatedAt":"2022-03-27T13:08:24.000Z","balance":0},{"id":1100,"name":"testuser 53238","email":"testmail 53238@gmail.com","password":"12345678","phone_number":"01600 53238","nid":"BD 53238","role":"Customer 001","createdAt":"2022-03-27T13:30:10.000Z","updatedAt":"2022-03-27T13:30:10.000Z","balance":0},{"id":1101,"name":"ashiq8013","email":"gmail8013@ashiq.com","password":"1218013212","phone_number":"0000801300000000","nid":"012345801367","role":"Customer","createdAt":"2022-03-27T13:37:17.000Z","updatedAt":"2022-03-27T13:37:17.000Z","balance":0},{"id":1102,"name":"ashiq8813","email":"gmail8813@ashiq.com","password":"1218813212","phone_number":"0000881300000000","nid":"012345881367","role":"Customer","createdAt":"2022-03-27T13:44:10.000Z","updatedAt":"2022-03-27T13:44:10.000Z","balance":0},{"id":1103,"name":"User 56961","email":"test56961@gmail.com","password":"1234567","phone_number":"0181356961","nid":"4207236921","role":"Customer","createdAt":"2022-03-27T13:49:22.000Z","updatedAt":"2022-03-27T13:49:22.000Z","balance":0},{"id":1104,"name":"User 99685","email":"test99685@gmail.com","password":"1234567","phone_number":"0181399685","nid":"4207236921","role":"Customer","createdAt":"2022-03-27T13:49:36.000Z","updatedAt":"2022-03-27T13:49:36.000Z","balance":0},{"id":1105,"name":"User 97346","email":"test97346@gmail.com","password":"1234567","phone_number":"0181397346","nid":"4207236921","role":"Customer","createdAt":"2022-03-27T13:51:53.000Z","updatedAt":"2022-03-27T13:51:53.000Z","balance":0},{"id":1106,"name":"User 21508","email":"test21508@gmail.com","password":"1234567","phone_number":"0181321508","nid":"4207236921","role":"Customer","createdAt":"2022-03-27T13:53:46.000Z","updatedAt":"2022-03-27T13:53:46.000Z","balance":0},{"id":1107,"name":"User 84955","email":"test84955@gmail.com","password":"1234567","phone_number":"0181384955","nid":"4207236921","role":"Customer","createdAt":"2022-03-27T13:54:06.000Z","updatedAt":"2022-03-27T13:54:06.000Z","balance":0},{"id":1108,"name":"User 52653","email":"test52653@gmail.com","password":"1234567","phone_number":"0181352653","nid":"4207236921","role":"Customer","createdAt":"2022-03-27T13:57:04.000Z","updatedAt":"2022-03-27T13:57:04.000Z","balance":0},{"id":1109,"name":"ashiq5301","email":"gmail5301@ashiq.com","password":"1215301212","phone_number":"0000530100000000","nid":"012345530167","role":"Customer","createdAt":"2022-03-27T13:58:01.000Z","updatedAt":"2022-03-27T13:58:01.000Z","balance":0},{"id":1110,"name":"testuser 26102","email":"testmail 26102@gmail.com","password":"12345678","phone_number":"01600 26102","nid":"BD 26102","role":"Customer 001","createdAt":"2022-03-27T13:58:13.000Z","updatedAt":"2022-03-27T13:58:13.000Z","balance":0},{"id":1111,"name":"testuser 81286","email":"testmail 81286@gmail.com","password":"12345678","phone_number":"01600 81286","nid":"BD 81286","role":"Customer 001","createdAt":"2022-03-27T13:58:49.000Z","updatedAt":"2022-03-27T13:58:49.000Z","balance":0},{"id":1112,"name":"ashiq7819","email":"gmail7819@ashiq.com","password":"1217819212","phone_number":"0000781900000000","nid":"012345781967","role":"Customer","createdAt":"2022-03-27T13:58:49.000Z","updatedAt":"2022-03-27T13:58:49.000Z","balance":0},{"id":1113,"name":"ashiq4245","email":"gmail4245@ashiq.com","password":"1214245212","phone_number":"0000424500000000","nid":"012345424567","role":"Customer","createdAt":"2022-03-27T14:00:07.000Z","updatedAt":"2022-03-27T14:00:07.000Z","balance":0},{"id":1114,"name":"User 86295","email":"test86295@gmail.com","password":"1234567","phone_number":"0181386295","nid":"4207236921","role":"Customer","createdAt":"2022-03-27T14:03:54.000Z","updatedAt":"2022-03-27T14:03:54.000Z","balance":0},{"id":1115,"name":"User 83961","email":"test83961@gmail.com","password":"1234567","phone_number":"0181383961","nid":"4207236921","role":"Customer","createdAt":"2022-03-27T14:04:45.000Z","updatedAt":"2022-03-27T14:04:45.000Z","balance":0},{"id":1116,"name":"User 69963","email":"test69963@gmail.com","password":"1234567","phone_number":"0181369963","nid":"4207236921","role":"Customer","createdAt":"2022-03-27T14:09:43.000Z","updatedAt":"2022-03-27T14:09:43.000Z","balance":0},{"id":1117,"name":"ashiq1667","email":"gmail1667@ashiq.com","password":"1211667212","phone_number":"0000166700000000","nid":"012345166767","role":"Customer","createdAt":"2022-03-27T14:14:40.000Z","updatedAt":"2022-03-27T14:14:40.000Z","balance":0},{"id":1118,"name":"ashiq7769","email":"gmail7769@ashiq.com","password":"1217769212","phone_number":"0000776900000000","nid":"012345776967","role":"Customer","createdAt":"2022-03-27T14:15:19.000Z","updatedAt":"2022-03-27T14:15:19.000Z","balance":0},{"id":1119,"name":"ashiq7913","email":"gmail7913@ashiq.com","password":"1217913212","phone_number":"0000791300000000","nid":"012345791367","role":"Customer","createdAt":"2022-03-27T14:19:49.000Z","updatedAt":"2022-03-27T14:19:49.000Z","balance":0},{"id":1120,"name":"User 57986","email":"test57986@gmail.com","password":"1234567","phone_number":"0181357986","nid":"4207236921","role":"Customer","createdAt":"2022-03-27T14:19:56.000Z","updatedAt":"2022-03-27T14:19:56.000Z","balance":0},{"id":1121,"name":"ashiq9084","email":"gmail9084@ashiq.com","password":"1219084212","phone_number":"0000908400000000","nid":"012345908467","role":"Customer","createdAt":"2022-03-27T14:20:55.000Z","updatedAt":"2022-03-27T14:20:55.000Z","balance":0},{"id":1122,"name":"ashiq1491","email":"gmail1491@ashiq.com","password":"1211491212","phone_number":"0000149100000000","nid":"012345149167","role":"Customer","createdAt":"2022-03-27T14:21:44.000Z","updatedAt":"2022-03-27T14:21:44.000Z","balance":0},{"id":1123,"name":"ashiq8520","email":"gmail8520@ashiq.com","password":"1218520212","phone_number":"0000852000000000","nid":"012345852067","role":"Customer","createdAt":"2022-03-27T14:22:31.000Z","updatedAt":"2022-03-27T14:22:31.000Z","balance":0},{"id":1124,"name":"ashiq1831","email":"gmail1831@ashiq.com","password":"1211831212","phone_number":"0000183100000000","nid":"012345183167","role":"Customer","createdAt":"2022-03-27T14:23:24.000Z","updatedAt":"2022-03-27T14:23:24.000Z","balance":0},{"id":1125,"name":"ashiq2503","email":"gmail2503@ashiq.com","password":"1212503212","phone_number":"0000250300000000","nid":"012345250367","role":"Customer","createdAt":"2022-03-27T14:23:51.000Z","updatedAt":"2022-03-27T14:23:51.000Z","balance":0},{"id":1126,"name":"ashiq8595","email":"gmail8595@ashiq.com","password":"1218595212","phone_number":"0000859500000000","nid":"012345859567","role":"Customer","createdAt":"2022-03-27T14:24:42.000Z","updatedAt":"2022-03-27T14:24:42.000Z","balance":0},{"id":1127,"name":"testuser 77575","email":"testmail 77575@gmail.com","password":"12345678","phone_number":"01600 77575","nid":"BD 77575","role":"Customer 001","createdAt":"2022-03-27T14:24:42.000Z","updatedAt":"2022-03-27T14:24:42.000Z","balance":0},{"id":1128,"name":"ashiq7771","email":"gmail7771@ashiq.com","password":"1217771212","phone_number":"0000777100000000","nid":"012345777167","role":"Customer","createdAt":"2022-03-27T14:25:51.000Z","updatedAt":"2022-03-27T14:25:51.000Z","balance":0},{"id":1129,"name":"ashiq7701","email":"gmail7701@ashiq.com","password":"1217701212","phone_number":"0000770100000000","nid":"012345770167","role":"Customer","createdAt":"2022-03-27T14:26:26.000Z","updatedAt":"2022-03-27T14:26:26.000Z","balance":0},{"id":1130,"name":"ashiq6676","email":"gmail6676@ashiq.com","password":"1216676212","phone_number":"0000667600000000","nid":"012345667667","role":"Customer","createdAt":"2022-03-27T14:26:45.000Z","updatedAt":"2022-03-27T14:26:45.000Z","balance":0},{"id":1131,"name":"User 61148","email":"test61148@gmail.com","password":"1234567","phone_number":"0181361148","nid":"4207236921","role":"Customer","createdAt":"2022-03-27T14:30:34.000Z","updatedAt":"2022-03-27T14:30:34.000Z","balance":0},{"id":1132,"name":"ashiq8384","email":"gmail8384@ashiq.com","password":"1218384212","phone_number":"123456","nid":"012345838467","role":"Customer","createdAt":"2022-03-27T14:31:04.000Z","updatedAt":"2022-03-27T14:34:58.000Z","balance":0},{"id":1133,"name":"ashiq8836","email":"gmail8836@ashiq.com","password":"1218836212","phone_number":"0000883600000000","nid":"012345883667","role":"Customer","createdAt":"2022-03-27T14:31:26.000Z","updatedAt":"2022-03-27T14:31:26.000Z","balance":0},{"id":1134,"name":"ashiq4499","email":"gmail4499@ashiq.com","password":"1214499212","phone_number":"0000449900000000","nid":"012345449967","role":"Customer","createdAt":"2022-03-27T14:33:51.000Z","updatedAt":"2022-03-27T14:33:51.000Z","balance":0},{"id":1135,"name":"ashiq6834","email":"gmail6834@ashiq.com","password":"1216834212","phone_number":"0000683400000000","nid":"012345683467","role":"Customer","createdAt":"2022-03-27T14:34:19.000Z","updatedAt":"2022-03-27T14:34:19.000Z","balance":0},{"id":1136,"name":"ashiq3999","email":"gmail3999@ashiq.com","password":"1213999212","phone_number":"0000399900000000","nid":"012345399967","role":"Customer","createdAt":"2022-03-27T14:34:58.000Z","updatedAt":"2022-03-27T14:34:58.000Z","balance":0},{"id":1137,"name":"User 56840","email":"test56840@gmail.com","password":"1234567","phone_number":"0181356840","nid":"4207236921","role":"Customer","createdAt":"2022-03-27T14:41:12.000Z","updatedAt":"2022-03-27T14:41:12.000Z","balance":0},{"id":1138,"name":"ashiq9798","email":"gmail9798@ashiq.com","password":"1219798212","phone_number":"0000979800000000","nid":"012345979867","role":"Customer","createdAt":"2022-03-27T14:42:15.000Z","updatedAt":"2022-03-27T14:42:15.000Z","balance":0},{"id":1139,"name":"User 35786","email":"test35786@gmail.com","password":"1234567","phone_number":"0181335786","nid":"4207236921","role":"Customer","createdAt":"2022-03-27T14:43:21.000Z","updatedAt":"2022-03-27T14:43:21.000Z","balance":0},{"id":1140,"name":"User 44637","email":"test44637@gmail.com","password":"1234567","phone_number":"0181344637","nid":"4207236921","role":"Customer","createdAt":"2022-03-27T14:48:26.000Z","updatedAt":"2022-03-27T14:48:26.000Z","balance":0},{"id":1141,"name":"User 62718","email":"test62718@gmail.com","password":"1234567","phone_number":"0181362718","nid":"4207236921","role":"Customer","createdAt":"2022-03-27T14:51:53.000Z","updatedAt":"2022-03-27T14:51:53.000Z","balance":0},{"id":1142,"name":"ashiq2860","email":"gmail2860@ashiq.com","password":"1212860212","phone_number":"0000286000000000","nid":"012345286067","role":"Customer","createdAt":"2022-03-27T15:16:09.000Z","updatedAt":"2022-03-27T15:16:09.000Z","balance":0},{"id":1143,"name":"ashiq2691","email":"gmail2691@ashiq.com","password":"1212691212","phone_number":"0000269100000000","nid":"012345269167","role":"Customer","createdAt":"2022-03-27T15:17:17.000Z","updatedAt":"2022-03-27T15:17:17.000Z","balance":0},{"id":1144,"name":"ashiq2186","email":"gmail2186@ashiq.com","password":"1212186212","phone_number":"0000218600000000","nid":"012345218667","role":"Customer","createdAt":"2022-03-27T15:19:02.000Z","updatedAt":"2022-03-27T15:19:02.000Z","balance":0},{"id":1145,"name":"ashiq3108","email":"gmail3108@ashiq.com","password":"1213108212","phone_number":"0000310800000000","nid":"012345310867","role":"Customer","createdAt":"2022-03-27T15:19:39.000Z","updatedAt":"2022-03-27T15:19:39.000Z","balance":0},{"id":1146,"name":"User 92787","email":"test92787@test.com","password":"12345678","phone_number":"01701292787","nid":"869754376","role":"Customer","createdAt":"2022-03-27T18:40:21.000Z","updatedAt":"2022-03-27T18:40:21.000Z","balance":0},{"id":1147,"name":"User 56849","email":"test56849@gmail.com","password":"1234567","phone_number":"0181356849","nid":"4207236921","role":"Customer","createdAt":"2022-03-27T19:15:57.000Z","updatedAt":"2022-03-27T19:15:57.000Z","balance":0},{"id":1148,"name":"User 43470","email":"test43470@gmail.com","password":"1234567","phone_number":"0181343470","nid":"4207236921","role":"Customer","createdAt":"2022-03-27T19:29:32.000Z","updatedAt":"2022-03-27T19:29:32.000Z","balance":0},{"id":1149,"name":"User 72991","email":"test72991@gmail.com","password":"1234567","phone_number":"0181372991","nid":"4207236921","role":"Customer","createdAt":"2022-03-27T19:34:31.000Z","updatedAt":"2022-03-27T19:34:31.000Z","balance":0},{"id":1150,"name":"User 60763","email":"test60763@test.com","password":"12345678","phone_number":"01701260763","nid":"869754376","role":"Customer","createdAt":"2022-03-27T19:35:30.000Z","updatedAt":"2022-03-27T19:35:30.000Z","balance":0},{"id":1151,"name":"Lopez","email":"clarisse.lopez@example.com","password":"1234","phone_number":"03-85-28-36-11","nid":"77528713","role":"Customer","createdAt":"2022-03-27T19:35:49.000Z","updatedAt":"2022-03-27T19:43:16.000Z","balance":0},{"id":1152,"name":"User85982","email":"test85982@test.com","password":"12345678","phone_number":"01701285982","nid":"869754376","role":"Customer","createdAt":"2022-03-27T19:37:39.000Z","updatedAt":"2022-03-27T19:37:39.000Z","balance":0},{"id":1153,"name":"User77660","email":"test77660@test.com","password":"12345678","phone_number":"01701277660","nid":"869754376","role":"Customer","createdAt":"2022-03-27T19:43:16.000Z","updatedAt":"2022-03-27T19:43:16.000Z","balance":0},{"id":1154,"name":"User23599","email":"test23599@test.com","password":"12345678","phone_number":"03-85-28-36-15","nid":"869754376","role":"Customer","createdAt":"2022-03-27T19:49:50.000Z","updatedAt":"2022-03-27T20:05:49.000Z","balance":0},{"id":1155,"name":"User87763","email":"test87763@test.com","password":"12345678","phone_number":"01701287763","nid":"869754376","role":"Customer","createdAt":"2022-03-27T19:52:00.000Z","updatedAt":"2022-03-27T19:52:00.000Z","balance":0},{"id":1156,"name":"User28225","email":"test28225@test.com","password":"12345678","phone_number":"01701228225","nid":"869754376","role":"Customer","createdAt":"2022-03-27T20:00:15.000Z","updatedAt":"2022-03-27T20:00:15.000Z","balance":0},{"id":1158,"name":"User 77916","email":"test77916@gmail.com","password":"1234567","phone_number":"{01700000000}","nid":"4207236921","role":"Customer","createdAt":"2022-03-28T05:16:56.000Z","updatedAt":"2022-03-28T07:10:34.000Z","balance":0},{"id":1159,"name":"Mahmud42462","email":"mahmud42462@grr.la","password":"66670042462","phone_number":"01773342462","nid":"45642462","role":"Customer","createdAt":"2022-03-28T07:05:00.000Z","updatedAt":"2022-03-28T07:05:00.000Z","balance":0},{"id":1160,"name":"Mahmud99914","email":"mahmud99914@grr.la","password":"66670099914","phone_number":"01773399914","nid":"45699914","role":"Customer","createdAt":"2022-03-28T07:05:33.000Z","updatedAt":"2022-03-28T07:05:33.000Z","balance":0},{"id":1161,"name":"Mahmud92018","email":"mahmud92018@grr.la","password":"66670092018","phone_number":"01773392018","nid":"45692018","role":"Customer","createdAt":"2022-03-28T07:07:06.000Z","updatedAt":"2022-03-28T07:07:06.000Z","balance":0},{"id":1162,"name":"Mahmud89633","email":"mahmud89633@grr.la","password":"66670089633","phone_number":"01773389633","nid":"45689633","role":"Customer","createdAt":"2022-03-28T07:09:14.000Z","updatedAt":"2022-03-28T07:09:14.000Z","balance":0},{"id":1163,"name":"Mahmud12427","email":"mahmud12427@grr.la","password":"66670012427","phone_number":"01773312427","nid":"45612427","role":"Customer","createdAt":"2022-03-28T07:10:34.000Z","updatedAt":"2022-03-28T07:10:34.000Z","balance":0},{"id":1164,"name":"Mahmud14663","email":"mahmud14663@grr.la","password":"66670014663","phone_number":"01773314663","nid":"45614663","role":"Customer","createdAt":"2022-03-28T08:01:04.000Z","updatedAt":"2022-03-28T08:01:04.000Z","balance":0},{"id":1165,"name":"Mahmud41899","email":"mahmud41899@grr.la","password":"66670041899","phone_number":"01773341899","nid":"45641899","role":"Customer","createdAt":"2022-03-28T08:01:42.000Z","updatedAt":"2022-03-28T08:01:42.000Z","balance":0},{"id":1166,"name":"Mahmud58674","email":"mahmud58674@grr.la","password":"66670058674","phone_number":"01773358674","nid":"45658674","role":"Customer","createdAt":"2022-03-28T08:02:39.000Z","updatedAt":"2022-03-28T08:02:39.000Z","balance":0},{"id":1167,"name":"Mahmud20746","email":"mahmud20746@grr.la","password":"66670020746","phone_number":"01773320746","nid":"45620746","role":"Customer","createdAt":"2022-03-28T08:03:53.000Z","updatedAt":"2022-03-28T08:03:53.000Z","balance":0},{"id":1168,"name":"Mahmud22127","email":"mahmud22127@grr.la","password":"66670022127","phone_number":"01773322127","nid":"45622127","role":"Customer","createdAt":"2022-03-28T08:04:28.000Z","updatedAt":"2022-03-28T08:04:28.000Z","balance":0},{"id":1169,"name":"Mahmud36982","email":"mahmud36982@grr.la","password":"66670036982","phone_number":"01773336982","nid":"45636982","role":"Customer","createdAt":"2022-03-28T08:07:42.000Z","updatedAt":"2022-03-28T08:07:42.000Z","balance":0},{"id":1170,"name":"Mahmud54387","email":"mahmud54387@grr.la","password":"66670054387","phone_number":"01773354387","nid":"45654387","role":"Customer","createdAt":"2022-03-28T08:09:41.000Z","updatedAt":"2022-03-28T08:09:41.000Z","balance":0},{"id":1171,"name":"Mahmud22214","email":"mahmud22214@grr.la","password":"66670022214","phone_number":"01773322214","nid":"45622214","role":"Customer","createdAt":"2022-03-28T08:10:19.000Z","updatedAt":"2022-03-28T08:10:19.000Z","balance":0},{"id":1172,"name":"Mahmud58512","email":"mahmud58512@grr.la","password":"66670058512","phone_number":"01773358512","nid":"45658512","role":"Customer","createdAt":"2022-03-28T08:11:05.000Z","updatedAt":"2022-03-28T08:11:05.000Z","balance":0},{"id":1173,"name":"Mahmud92146","email":"mahmud92146@grr.la","password":"66670092146","phone_number":"01773392146","nid":"45692146","role":"Customer","createdAt":"2022-03-28T08:13:50.000Z","updatedAt":"2022-03-28T08:13:50.000Z","balance":0},{"id":1174,"name":"Mahmud30479","email":"mahmud30479@grr.la","password":"66670030479","phone_number":"01773330479","nid":"45630479","role":"Customer","createdAt":"2022-03-28T08:15:19.000Z","updatedAt":"2022-03-28T08:15:19.000Z","balance":0},{"id":1175,"name":"Mahmud44503","email":"mahmud44503@grr.la","password":"66670044503","phone_number":"01773344503","nid":"45644503","role":"Customer","createdAt":"2022-03-28T08:15:33.000Z","updatedAt":"2022-03-28T08:15:33.000Z","balance":0},{"id":1176,"name":"Mahmud87653","email":"mahmud87653@grr.la","password":"66670087653","phone_number":"01773387653","nid":"45687653","role":"Customer","createdAt":"2022-03-28T08:16:59.000Z","updatedAt":"2022-03-28T08:16:59.000Z","balance":0},{"id":1177,"name":"Mahmud78797","email":"mahmud78797@grr.la","password":"66670078797","phone_number":"01773378797","nid":"45678797","role":"Customer","createdAt":"2022-03-28T08:21:03.000Z","updatedAt":"2022-03-28T08:21:03.000Z","balance":0},{"id":1178,"name":"Mahmud74764","email":"mahmud74764@grr.la","password":"66670074764","phone_number":"01773374764","nid":"45674764","role":"Customer","createdAt":"2022-03-28T08:25:36.000Z","updatedAt":"2022-03-28T08:25:36.000Z","balance":0},{"id":1179,"name":"Mahmud45751","email":"mahmud45751@grr.la","password":"66670045751","phone_number":"01773345751","nid":"45645751","role":"Customer","createdAt":"2022-03-28T08:27:02.000Z","updatedAt":"2022-03-28T08:27:02.000Z","balance":0},{"id":1180,"name":"Mahmud82470","email":"mahmud82470@grr.la","password":"66670082470","phone_number":"01900000000","nid":"45682470","role":"Customer","createdAt":"2022-03-28T08:27:30.000Z","updatedAt":"2022-03-28T09:35:06.000Z","balance":0},{"id":1181,"name":"Mahmud75506","email":"mahmud75506@grr.la","password":"66670075506","phone_number":"01773375506","nid":"45675506","role":"Customer","createdAt":"2022-03-28T08:28:34.000Z","updatedAt":"2022-03-28T08:28:34.000Z","balance":0},{"id":1182,"name":"testuser 39888","email":"testmail 39888@gmail.com","password":"12345678","phone_number":"01600 39888","nid":"BD 39888","role":"Customer 001","createdAt":"2022-03-28T08:29:53.000Z","updatedAt":"2022-03-28T08:29:53.000Z","balance":0},{"id":1183,"name":"Mahmud60239","email":"mahmud60239@grr.la","password":"66670060239","phone_number":"01773360239","nid":"45660239","role":"Customer","createdAt":"2022-03-28T08:32:44.000Z","updatedAt":"2022-03-28T08:32:44.000Z","balance":0},{"id":1184,"name":"Mahmud34190","email":"mahmud34190@grr.la","password":"66670034190","phone_number":"01773334190","nid":"45634190","role":"Customer","createdAt":"2022-03-28T08:34:48.000Z","updatedAt":"2022-03-28T08:34:48.000Z","balance":0},{"id":1185,"name":"Mahmud86362","email":"mahmud86362@grr.la","password":"66670086362","phone_number":"01773386362","nid":"45686362","role":"Customer","createdAt":"2022-03-28T08:39:38.000Z","updatedAt":"2022-03-28T08:39:38.000Z","balance":0},{"id":1186,"name":"Mahmud27672","email":"mahmud27672@grr.la","password":"66670027672","phone_number":"01773327672","nid":"45627672","role":"Customer","createdAt":"2022-03-28T08:42:36.000Z","updatedAt":"2022-03-28T08:42:36.000Z","balance":0},{"id":1187,"name":"Mahmud78334","email":"mahmud78334@grr.la","password":"66670078334","phone_number":"01773378334","nid":"45678334","role":"Customer","createdAt":"2022-03-28T08:44:11.000Z","updatedAt":"2022-03-28T08:44:11.000Z","balance":0},{"id":1188,"name":"Mahmud93754","email":"mahmud93754@grr.la","password":"66670093754","phone_number":"01773393754","nid":"45693754","role":"Customer","createdAt":"2022-03-28T08:50:53.000Z","updatedAt":"2022-03-28T08:50:53.000Z","balance":0},{"id":1189,"name":"Mahmud89668","email":"mahmud89668@grr.la","password":"66670089668","phone_number":"01773389668","nid":"45689668","role":"Customer","createdAt":"2022-03-28T08:54:20.000Z","updatedAt":"2022-03-28T08:54:20.000Z","balance":0},{"id":1190,"name":"Mahmud30471","email":"mahmud30471@grr.la","password":"66670030471","phone_number":"01773330471","nid":"45630471","role":"Customer","createdAt":"2022-03-28T08:55:40.000Z","updatedAt":"2022-03-28T08:55:40.000Z","balance":0},{"id":1191,"name":"testuser 48467","email":"testmail 48467@gmail.com","password":"12345678","phone_number":"01600 48467","nid":"BD 48467","role":"Customer 001","createdAt":"2022-03-28T08:57:26.000Z","updatedAt":"2022-03-28T08:57:26.000Z","balance":0},{"id":1192,"name":"Mahmud29560","email":"mahmud29560@grr.la","password":"66670029560","phone_number":"01773329560","nid":"45629560","role":"Customer","createdAt":"2022-03-28T08:58:29.000Z","updatedAt":"2022-03-28T08:58:29.000Z","balance":0},{"id":1193,"name":"Mahmud48658","email":"mahmud48658@grr.la","password":"66670048658","phone_number":"01773348658","nid":"45648658","role":"Customer","createdAt":"2022-03-28T08:59:06.000Z","updatedAt":"2022-03-28T08:59:06.000Z","balance":0},{"id":1194,"name":"testuser 15707","email":"testmail 15707@gmail.com","password":"12345678","phone_number":"01600 15707","nid":"BD 15707","role":"Customer 001","createdAt":"2022-03-28T08:59:14.000Z","updatedAt":"2022-03-28T08:59:14.000Z","balance":0},{"id":1195,"name":"testuser 70882","email":"testmail 70882@gmail.com","password":"12345678","phone_number":"01600 70882","nid":"BD 70882","role":"Customer 001","createdAt":"2022-03-28T08:59:37.000Z","updatedAt":"2022-03-28T08:59:37.000Z","balance":0},{"id":1196,"name":"testuser 39780","email":"testmail 39780@gmail.com","password":"12345678","phone_number":"01600 39780","nid":"BD 39780","role":"Customer 001","createdAt":"2022-03-28T09:00:14.000Z","updatedAt":"2022-03-28T09:00:14.000Z","balance":0},{"id":1197,"name":"Mahmud18083","email":"mahmud18083@grr.la","password":"66670018083","phone_number":"01773318083","nid":"45618083","role":"Customer","createdAt":"2022-03-28T09:02:31.000Z","updatedAt":"2022-03-28T09:02:31.000Z","balance":0},{"id":1198,"name":"testuser 28531","email":"testmail 28531@gmail.com","password":"12345678","phone_number":"01600 28531","nid":"BD 28531","role":"Customer 001","createdAt":"2022-03-28T09:02:42.000Z","updatedAt":"2022-03-28T09:02:42.000Z","balance":0},{"id":1199,"name":"testuser 72101","email":"testmail 72101@gmail.com","password":"12345678","phone_number":"01600 72101","nid":"BD 72101","role":"Customer 001","createdAt":"2022-03-28T09:03:29.000Z","updatedAt":"2022-03-28T09:03:29.000Z","balance":0},{"id":1200,"name":"testuser 30231","email":"testmail 30231@gmail.com","password":"12345678","phone_number":"01900000000","nid":"BD 30231","role":"Customer 001","createdAt":"2022-03-28T09:15:33.000Z","updatedAt":"2022-03-28T09:42:00.000Z","balance":0},{"id":1201,"name":"testuser 38021","email":"testmail 38021@gmail.com","password":"12345678","phone_number":"01600 38021","nid":"BD 38021","role":"Customer 001","createdAt":"2022-03-28T09:21:26.000Z","updatedAt":"2022-03-28T09:21:26.000Z","balance":0},{"id":1203,"name":"Mahmud65425","email":"mahmud65425@grr.la","password":"66670065425","phone_number":"01773365425","nid":"45665425","role":"Customer","createdAt":"2022-03-28T09:22:51.000Z","updatedAt":"2022-03-28T09:22:51.000Z","balance":0},{"id":1204,"name":"testuser 27101","email":"testmail 27101@gmail.com","password":"12345678","phone_number":"01600 27101","nid":"BD 27101","role":"Customer 001","createdAt":"2022-03-28T09:23:15.000Z","updatedAt":"2022-03-28T09:23:15.000Z","balance":0},{"id":1207,"name":"testuser 74362","email":"testmail 74362@gmail.com","password":"12345678","phone_number":"01600 74362","nid":"BD 74362","role":"Customer 001","createdAt":"2022-03-28T09:28:17.000Z","updatedAt":"2022-03-28T09:28:17.000Z","balance":0},{"id":1208,"name":"Mahmud40318","email":"mahmud40318@grr.la","password":"66670040318","phone_number":"01773340318","nid":"45640318","role":"Customer","createdAt":"2022-03-28T09:28:41.000Z","updatedAt":"2022-03-28T09:28:41.000Z","balance":0},{"id":1209,"name":"testuser 66265","email":"testmail 66265@gmail.com","password":"12345678","phone_number":"01600 66265","nid":"BD 66265","role":"Customer 001","createdAt":"2022-03-28T09:31:44.000Z","updatedAt":"2022-03-28T09:31:44.000Z","balance":0},{"id":1210,"name":"testuser 85996","email":"testmail 85996@gmail.com","password":"12345678","phone_number":"01600 85996","nid":"BD 85996","role":"Customer 001","createdAt":"2022-03-28T09:31:56.000Z","updatedAt":"2022-03-28T09:31:56.000Z","balance":0},{"id":1211,"name":"Mahmud34478","email":"mahmud34478@grr.la","password":"66670034478","phone_number":"01773334478","nid":"45634478","role":"Customer","createdAt":"2022-03-28T09:33:13.000Z","updatedAt":"2022-03-28T09:33:13.000Z","balance":0},{"id":1212,"name":"Mahmud18322","email":"mahmud18322@grr.la","password":"66670018322","phone_number":"01773318322","nid":"45618322","role":"Customer","createdAt":"2022-03-28T09:35:04.000Z","updatedAt":"2022-03-28T09:35:04.000Z","balance":0},{"id":1213,"name":"Mahmud93729","email":"mahmud93729@grr.la","password":"66670093729","phone_number":"01773393729","nid":"45693729","role":"Customer","createdAt":"2022-03-28T09:39:40.000Z","updatedAt":"2022-03-28T09:39:40.000Z","balance":0},{"id":1214,"name":"Mahmud43042","email":"mahmud43042@grr.la","password":"66670043042","phone_number":"01773343042","nid":"45643042","role":"Customer","createdAt":"2022-03-28T09:41:59.000Z","updatedAt":"2022-03-28T09:41:59.000Z","balance":0},{"id":1215,"name":"testuser 22130","email":"testmail 22130@gmail.com","password":"12345678","phone_number":"01600 22130","nid":"BD 22130","role":"Customer 001","createdAt":"2022-03-28T09:59:03.000Z","updatedAt":"2022-03-28T09:59:03.000Z","balance":0},{"id":1216,"name":"testuser 97223","email":"testmail 97223@gmail.com","password":"12345678","phone_number":"01600 97223","nid":"BD 97223","role":"Customer 001","createdAt":"2022-03-28T10:00:47.000Z","updatedAt":"2022-03-28T10:00:47.000Z","balance":0},{"id":1217,"name":"testuser 81516","email":"testmail 81516@gmail.com","password":"12345678","phone_number":"01600 81516","nid":"BD 81516","role":"Customer 001","createdAt":"2022-03-28T10:01:46.000Z","updatedAt":"2022-03-28T10:01:46.000Z","balance":0},{"id":1218,"name":"testuser 57365","email":"testmail 57365@gmail.com","password":"12345678","phone_number":"01600 57365","nid":"BD 57365","role":"Customer 001","createdAt":"2022-03-28T10:02:28.000Z","updatedAt":"2022-03-28T10:02:28.000Z","balance":0},{"id":1219,"name":"testuser 86225","email":"testmail 86225@gmail.com","password":"12345678","phone_number":"01600 86225","nid":"BD 86225","role":"Customer 001","createdAt":"2022-03-28T10:03:33.000Z","updatedAt":"2022-03-28T10:03:33.000Z","balance":0},{"id":1220,"name":"testuser 96909","email":"testmail 96909@gmail.com","password":"12345678","phone_number":"01600 96909","nid":"BD 96909","role":"Customer 001","createdAt":"2022-03-28T10:06:10.000Z","updatedAt":"2022-03-28T10:06:10.000Z","balance":0},{"id":1221,"name":"testuser 52393","email":"testmail 52393@gmail.com","password":"12345678","phone_number":"01600 52393","nid":"BD 52393","role":"Customer 001","createdAt":"2022-03-28T10:08:03.000Z","updatedAt":"2022-03-28T10:08:03.000Z","balance":0},{"id":1222,"name":"ashiq2179","email":"gmail2179@ashiq.com","password":"1212179212","phone_number":"0000217900000000","nid":"012345217967","role":"Customer","createdAt":"2022-03-28T11:38:11.000Z","updatedAt":"2022-03-28T11:38:11.000Z","balance":0},{"id":1223,"name":"ashiq5154","email":"gmail5154@ashiq.com","password":"1215154212","phone_number":"0000515400000000","nid":"012345515467","role":"Customer","createdAt":"2022-03-28T11:39:02.000Z","updatedAt":"2022-03-28T11:39:02.000Z","balance":0},{"id":1224,"name":"ashiq3094","email":"gmail3094@ashiq.com","password":"1213094212","phone_number":"0000309400000000","nid":"012345309467","role":"Customer","createdAt":"2022-03-28T11:39:27.000Z","updatedAt":"2022-03-28T11:39:27.000Z","balance":0},{"id":1225,"name":"ashiq4275","email":"gmail4275@ashiq.com","password":"1214275212","phone_number":"0000427500000000","nid":"012345427567","role":"Customer","createdAt":"2022-03-28T11:44:54.000Z","updatedAt":"2022-03-28T11:44:54.000Z","balance":0},{"id":1226,"name":"ashiq1991","email":"gmail1991@ashiq.com","password":"1211991212","phone_number":"0000199100000000","nid":"012345199167","role":"Customer","createdAt":"2022-03-28T11:45:12.000Z","updatedAt":"2022-03-28T11:45:12.000Z","balance":0},{"id":1227,"name":"ashiq8779","email":"gmail8779@ashiq.com","password":"1218779212","phone_number":"0000877900000000","nid":"012345877967","role":"Customer","createdAt":"2022-03-28T11:45:27.000Z","updatedAt":"2022-03-28T11:45:27.000Z","balance":0},{"id":1228,"name":"ashiq8159","email":"gmail8159@ashiq.com","password":"1218159212","phone_number":"0000815900000000","nid":"012345815967","role":"Customer","createdAt":"2022-03-28T11:45:41.000Z","updatedAt":"2022-03-28T11:45:41.000Z","balance":0},{"id":1229,"name":"ashiq7047","email":"gmail7047@ashiq.com","password":"1217047212","phone_number":"0000704700000000","nid":"012345704767","role":"Customer","createdAt":"2022-03-28T11:50:30.000Z","updatedAt":"2022-03-28T11:50:30.000Z","balance":0},{"id":1230,"name":"testuser 36766","email":"testmail 36766@gmail.com","password":"12345678","phone_number":"01600 36766","nid":"BD 36766","role":"Customer 001","createdAt":"2022-03-28T11:56:00.000Z","updatedAt":"2022-03-28T11:56:00.000Z","balance":0},{"id":1231,"name":"testuser 74283","email":"testmail 74283@gmail.com","password":"12345678","phone_number":"01600 74283","nid":"BD 74283","role":"Customer 001","createdAt":"2022-03-28T11:56:17.000Z","updatedAt":"2022-03-28T11:56:17.000Z","balance":0},{"id":1232,"name":"ashiq6068","email":"gmail6068@ashiq.com","password":"1216068212","phone_number":"0000606800000000","nid":"012345606867","role":"Customer","createdAt":"2022-03-28T11:57:53.000Z","updatedAt":"2022-03-28T11:57:53.000Z","balance":0},{"id":1233,"name":"ashiq8054","email":"gmail8054@ashiq.com","password":"1218054212","phone_number":"0000805400000000","nid":"012345805467","role":"Customer","createdAt":"2022-03-28T11:58:36.000Z","updatedAt":"2022-03-28T11:58:36.000Z","balance":0},{"id":1235,"name":"ashiq3780","email":"gmail3780@ashiq.com","password":"1213780212","phone_number":"0000378000000000","nid":"012345378067","role":"Customer","createdAt":"2022-03-28T11:59:33.000Z","updatedAt":"2022-03-28T11:59:33.000Z","balance":0},{"id":1236,"name":"ashiq3963","email":"gmail3963@ashiq.com","password":"1213963212","phone_number":"0000396300000000","nid":"012345396367","role":"Customer","createdAt":"2022-03-28T12:37:00.000Z","updatedAt":"2022-03-28T12:37:00.000Z","balance":0},{"id":1237,"name":"ashiq6323","email":"gmail6323@ashiq.com","password":"1216323212","phone_number":"0000632300000000","nid":"012345632367","role":"Customer","createdAt":"2022-03-28T12:37:23.000Z","updatedAt":"2022-03-28T12:37:23.000Z","balance":0},{"id":1238,"name":"ashiq3014","email":"gmail3014@ashiq.com","password":"1213014212","phone_number":"0000301400000000","nid":"012345301467","role":"Customer","createdAt":"2022-03-28T12:38:38.000Z","updatedAt":"2022-03-28T12:38:38.000Z","balance":0},{"id":1239,"name":"ashiq6911","email":"gmail6911@ashiq.com","password":"1216911212","phone_number":"0000691100000000","nid":"012345691167","role":"Customer","createdAt":"2022-03-28T12:39:23.000Z","updatedAt":"2022-03-28T12:39:23.000Z","balance":0},{"id":1240,"name":"ashiq3173","email":"gmail3173@ashiq.com","password":"1213173212","phone_number":"0000317300000000","nid":"012345317367","role":"Customer","createdAt":"2022-03-28T12:39:44.000Z","updatedAt":"2022-03-28T12:39:44.000Z","balance":0},{"id":1241,"name":"ashiq5453","email":"gmail5453@ashiq.com","password":"1215453212","phone_number":"0000545300000000","nid":"012345545367","role":"Customer","createdAt":"2022-03-28T12:45:15.000Z","updatedAt":"2022-03-28T12:45:15.000Z","balance":0},{"id":1242,"name":"ash8395","email":"gmail8395@ash.com","password":"12839521","phone_number":"0008395000","nid":"0123839567","role":"Customer","createdAt":"2022-03-28T12:58:39.000Z","updatedAt":"2022-03-28T12:58:39.000Z","balance":0},{"id":1243,"name":"ash1740","email":"gmail1740@ash.com","password":"12174021","phone_number":"0001740000","nid":"0123174067","role":"Customer","createdAt":"2022-03-28T13:00:56.000Z","updatedAt":"2022-03-28T13:00:56.000Z","balance":0},{"id":1244,"name":"ash3388","email":"gmail3388@ash.com","password":"12338821","phone_number":"0003388000","nid":"0123338867","role":"Customer","createdAt":"2022-03-28T13:09:00.000Z","updatedAt":"2022-03-28T13:09:00.000Z","balance":0},{"id":1245,"name":"ash3618","email":"gmail3618@ash.com","password":"12361821","phone_number":"0003618000","nid":"0123361867","role":"Customer","createdAt":"2022-03-28T13:10:54.000Z","updatedAt":"2022-03-28T13:10:54.000Z","balance":0},{"id":1246,"name":"ash9292","email":"gmail9292@ash.com","password":"12929221","phone_number":"0009292000","nid":"0123929267","role":"Customer","createdAt":"2022-03-28T14:12:08.000Z","updatedAt":"2022-03-28T14:12:08.000Z","balance":0},{"id":1247,"name":"Lea Korneliussen","email":"lea.korneliussen@example.com","password":"12345678","phone_number":"88824325","nid":"50179194","role":"Customer","createdAt":"2022-03-28T14:12:54.000Z","updatedAt":"2022-03-28T14:12:54.000Z","balance":0},{"id":1249,"name":"User 72006","email":"test72006@test.com","password":"12345678","phone_number":"015012472006","nid":"897897897","role":"Customer","createdAt":"2022-03-28T14:20:23.000Z","updatedAt":"2022-03-28T14:20:23.000Z","balance":0},{"id":1250,"name":"User 97048","email":"test97048@test.com","password":"12345678","phone_number":"015012497048","nid":"897897897","role":"Customer","createdAt":"2022-03-28T14:21:33.000Z","updatedAt":"2022-03-28T14:21:33.000Z","balance":0},{"id":1254,"name":"testuser 47295","email":"testmail 47295@gmail.com","password":"12345678","phone_number":"01600 47295","nid":"BD 47295","role":"Customer 001","createdAt":"2022-03-28T14:25:16.000Z","updatedAt":"2022-03-28T14:25:16.000Z","balance":0},{"id":1256,"name":"ash6579","email":"gmail6579@ash.com","password":"12657921","phone_number":"0006579000","nid":"0123657967","role":"Customer","createdAt":"2022-03-28T14:27:48.000Z","updatedAt":"2022-03-28T14:27:48.000Z","balance":0},{"id":1267,"name":"testuser 56453","email":"testmail 56453@gmail.com","password":"12345678","phone_number":"01600 56453","nid":"BD 56453","role":"Customer 001","createdAt":"2022-03-28T14:42:02.000Z","updatedAt":"2022-03-28T14:42:02.000Z","balance":0},{"id":1269,"name":"testuser 86599","email":"testmail 86599@gmail.com","password":"12345678","phone_number":"01600 86599","nid":"BD 86599","role":"Customer 001","createdAt":"2022-03-28T14:42:40.000Z","updatedAt":"2022-03-28T14:42:40.000Z","balance":0},{"id":1271,"name":"testuser 88570","email":"testmail 88570@gmail.com","password":"12345678","phone_number":"01600 88570","nid":"BD 88570","role":"Customer 001","createdAt":"2022-03-28T14:45:14.000Z","updatedAt":"2022-03-28T14:45:14.000Z","balance":0},{"id":1278,"name":"testuser 29120","email":"testmail 29120@gmail.com","password":"12345678","phone_number":"01600 29120","nid":"BD 29120","role":"Customer 001","createdAt":"2022-03-28T14:50:37.000Z","updatedAt":"2022-03-28T14:50:37.000Z","balance":0},{"id":1280,"name":"User39890","email":"test39890@test.com","password":"12345678","phone_number":"03-85-28-36-15","nid":"869754376","role":"Customer","createdAt":"2022-03-28T14:50:55.000Z","updatedAt":"2022-03-28T14:50:55.000Z","balance":0},{"id":1283,"name":"testuser 13059","email":"testmail 13059@gmail.com","password":"12345678","phone_number":"01600 13059","nid":"BD 13059","role":"Customer 001","createdAt":"2022-03-28T14:51:22.000Z","updatedAt":"2022-03-28T14:51:22.000Z","balance":0},{"id":1284,"name":"User23027","email":"test23027@test.com","password":"12345678","phone_number":"03-85-28-36-15","nid":"869754376","role":"Customer","createdAt":"2022-03-28T14:54:53.000Z","updatedAt":"2022-03-28T14:54:53.000Z","balance":0},{"id":1285,"name":"User42861","email":"test42861@test.com","password":"12345678","phone_number":"03-85-28-36-15","nid":"869754376","role":"Customer","createdAt":"2022-03-28T14:55:13.000Z","updatedAt":"2022-03-28T14:55:13.000Z","balance":0},{"id":1286,"name":"testuser 20163","email":"testmail 20163@gmail.com","password":"12345678","phone_number":"01600 20163","nid":"BD 20163","role":"Customer 001","createdAt":"2022-03-28T14:56:09.000Z","updatedAt":"2022-03-28T14:56:09.000Z","balance":0},{"id":1287,"name":"User","email":"test@test.com","password":"12345678","phone_number":"03-85-28-36-15","nid":"869754376","role":"Customer","createdAt":"2022-03-28T14:56:54.000Z","updatedAt":"2022-03-28T14:56:54.000Z","balance":0},{"id":1291,"name":"User55610","email":"test55610@test.com","password":"12345678","phone_number":"03-85-28-36-15","nid":"869754376","role":"Customer","createdAt":"2022-03-28T15:02:55.000Z","updatedAt":"2022-03-28T15:02:56.000Z","balance":0},{"id":1293,"name":"User65057","email":"test65057@test.com","password":"12345678","phone_number":"03-85-28-36-15","nid":"869754376","role":"Customer","createdAt":"2022-03-28T15:04:17.000Z","updatedAt":"2022-03-28T15:04:17.000Z","balance":0},{"id":1294,"name":"User61856","email":"test61856@test.com","password":"12345678","phone_number":"03-85-28-36-15","nid":"869754376","role":"Customer","createdAt":"2022-03-28T15:05:24.000Z","updatedAt":"2022-03-28T15:05:24.000Z","balance":0},{"id":1295,"name":"User18473","email":"test18473@test.com","password":"12345678","phone_number":"03-85-28-36-15","nid":"869754376","role":"Customer","createdAt":"2022-03-28T15:06:09.000Z","updatedAt":"2022-03-28T15:06:10.000Z","balance":0},{"id":1296,"name":"testuser 99805","email":"testmail 99805@gmail.com","password":"12345678","phone_number":"01600 99805","nid":"BD 99805","role":"Customer 001","createdAt":"2022-03-28T15:06:24.000Z","updatedAt":"2022-03-28T15:06:24.000Z","balance":0},{"id":1297,"name":"User40007","email":"test40007@test.com","password":"12345678","phone_number":"03-85-28-36-15","nid":"869754376","role":"Customer","createdAt":"2022-03-28T15:06:54.000Z","updatedAt":"2022-03-28T15:06:54.000Z","balance":0},{"id":1301,"name":"User91591","email":"test91591@test.com","password":"12345678","phone_number":"03-85-28-36-15","nid":"869754376","role":"Customer","createdAt":"2022-03-28T15:08:46.000Z","updatedAt":"2022-03-28T15:08:46.000Z","balance":0},{"id":1303,"name":"User24330","email":"test24330@test.com","password":"12345678","phone_number":"03-85-28-36-15","nid":"869754376","role":"Customer","createdAt":"2022-03-28T15:10:06.000Z","updatedAt":"2022-03-28T15:10:06.000Z","balance":0},{"id":1305,"name":"User63316","email":"test63316@test.com","password":"12345678","phone_number":"03-85-28-36-15","nid":"869754376","role":"Customer","createdAt":"2022-03-28T15:10:37.000Z","updatedAt":"2022-03-28T15:10:37.000Z","balance":0},{"id":1306,"name":"User79088","email":"test79088@test.com","password":"12345678","phone_number":"03-85-28-36-15","nid":"869754376","role":"Customer","createdAt":"2022-03-28T15:11:01.000Z","updatedAt":"2022-03-28T15:11:01.000Z","balance":0},{"id":1307,"name":"User97327","email":"test97327@test.com","password":"12345678","phone_number":"03-85-28-36-15","nid":"869754376","role":"Customer","createdAt":"2022-03-28T15:11:21.000Z","updatedAt":"2022-03-28T15:11:21.000Z","balance":0},{"id":1309,"name":"User82255","email":"test82255@test.com","password":"12345678","phone_number":"03-85-28-36-15","nid":"869754376","role":"Customer","createdAt":"2022-03-28T15:11:45.000Z","updatedAt":"2022-03-28T15:11:45.000Z","balance":0},{"id":1310,"name":"User81542","email":"test81542@test.com","password":"12345678","phone_number":"03-85-28-36-15","nid":"869754376","role":"Customer","createdAt":"2022-03-28T15:13:07.000Z","updatedAt":"2022-03-28T15:13:07.000Z","balance":0},{"id":1311,"name":"User21584","email":"test21584@test.com","password":"12345678","phone_number":"03-85-28-36-15","nid":"869754376","role":"Customer","createdAt":"2022-03-28T15:13:21.000Z","updatedAt":"2022-03-28T15:13:21.000Z","balance":0},{"id":1313,"name":"User23710","email":"test23710@test.com","password":"12345678","phone_number":"03-85-28-36-15","nid":"869754376","role":"Customer","createdAt":"2022-03-28T15:15:12.000Z","updatedAt":"2022-03-28T15:15:12.000Z","balance":0},{"id":1314,"name":"User48273","email":"test48273@test.com","password":"12345678","phone_number":"03-85-28-36-15","nid":"869754376","role":"Customer","createdAt":"2022-03-28T15:15:36.000Z","updatedAt":"2022-03-28T15:15:36.000Z","balance":0},{"id":1317,"name":"User12627","email":"test12627@test.com","password":"12345678","phone_number":"03-85-28-36-15","nid":"869754376","role":"Customer","createdAt":"2022-03-28T15:19:49.000Z","updatedAt":"2022-03-28T15:19:49.000Z","balance":0},{"id":1318,"name":"User33844","email":"test33844@test.com","password":"12345678","phone_number":"03-85-28-36-15","nid":"869754376","role":"Customer","createdAt":"2022-03-28T15:25:24.000Z","updatedAt":"2022-03-28T15:25:25.000Z","balance":0},{"id":1319,"name":"User30782","email":"test30782@test.com","password":"12345678","phone_number":"03-85-28-36-15","nid":"869754376","role":"Customer","createdAt":"2022-03-28T15:26:31.000Z","updatedAt":"2022-03-28T15:26:31.000Z","balance":0},{"id":1331,"name":"User 61968","email":"test61968@gmail.com","password":"1234567","phone_number":"01580890","nid":"4207236921","role":"Customer","createdAt":"2022-03-28T15:40:53.000Z","updatedAt":"2022-03-28T15:40:53.000Z","balance":0},{"id":1332,"name":"User 95774","email":"test95774@gmail.com","password":"1234567","phone_number":"01580890","nid":"4207236921","role":"Customer","createdAt":"2022-03-28T15:41:41.000Z","updatedAt":"2022-03-28T15:41:41.000Z","balance":0},{"id":1334,"name":"User 89894","email":"test89894@gmail.com","password":"1234567","phone_number":"01580890","nid":"4207236921","role":"Customer","createdAt":"2022-03-28T15:43:25.000Z","updatedAt":"2022-03-28T15:43:25.000Z","balance":0},{"id":1338,"name":"abababjrm960469","email":"abab123789960469@gmail.com","password":"12345678960469","phone_number":"12121245678960469","nid":"23232333890960469","role":"Customer","createdAt":"2022-03-28T15:46:45.000Z","updatedAt":"2022-03-28T15:46:45.000Z","balance":0},{"id":1342,"name":"abababjrm276360","email":"abab123789276360@gmail.com","password":"12345678276360","phone_number":"12121245678276360","nid":"23232333890276360","role":"Customer","createdAt":"2022-03-28T15:48:58.000Z","updatedAt":"2022-03-28T15:48:58.000Z","balance":0},{"id":1344,"name":"abababjrm670850","email":"abab123789670850@gmail.com","password":"12345678670850","phone_number":"12121245678670850","nid":"23232333890670850","role":"Customer","createdAt":"2022-03-28T15:50:51.000Z","updatedAt":"2022-03-28T15:50:51.000Z","balance":0},{"id":1345,"name":"abababjrm121602","email":"abab123789121602@gmail.com","password":"12345678121602","phone_number":"12121245678121602","nid":"23232333890121602","role":"Customer","createdAt":"2022-03-28T15:51:31.000Z","updatedAt":"2022-03-28T15:51:31.000Z","balance":0},{"id":1347,"name":"abababjrm293679","email":"abab123789293679@gmail.com","password":"12345678293679","phone_number":"12121245678293679","nid":"23232333890293679","role":"Customer","createdAt":"2022-03-28T15:52:48.000Z","updatedAt":"2022-03-28T15:52:48.000Z","balance":0},{"id":1367,"name":"Romaine Hackett Clint Willms","email":"userb37616@grr.la","password":"12345678","phone_number":"974-875-8159","nid":"15452557","role":"Customer","createdAt":"2022-03-28T16:59:08.000Z","updatedAt":"2022-03-28T16:59:08.000Z","balance":0},{"id":1368,"name":"Alfonso Rippin Ms. Edmund Marvin","email":"userb36631@grr.la","password":"12345678","phone_number":"630-454-4713","nid":"71250747","role":"Customer","createdAt":"2022-03-28T17:06:18.000Z","updatedAt":"2022-03-28T17:06:18.000Z","balance":0},{"id":1369,"name":"Hank Davis Claude Kassulke Jr.","email":"userb39876@grr.la","password":"12345678","phone_number":"211-748-7696","nid":"60205389","role":"Customer","createdAt":"2022-03-28T17:06:26.000Z","updatedAt":"2022-03-28T17:06:26.000Z","balance":0},{"id":1370,"name":"William McCullough Marcia Donnelly","email":"userb32278@grr.la","password":"12345678","phone_number":"994-220-5959","nid":"37399705","role":"Customer","createdAt":"2022-03-28T17:06:30.000Z","updatedAt":"2022-03-28T17:06:30.000Z","balance":0},{"id":1371,"name":"Michele Watkins","email":"michele.watkins@example.com","password":"12345678","phone_number":"07-9432-9102","nid":"91558051","role":"Customer","createdAt":"2022-03-28T17:07:08.000Z","updatedAt":"2022-03-28T17:07:08.000Z","balance":0},{"id":1372,"name":"Solange Durand","email":"solange.durand@example.com","password":"12345678","phone_number":"075 739 98 85","nid":"34838725","role":"Customer","createdAt":"2022-03-28T17:07:15.000Z","updatedAt":"2022-03-28T17:07:15.000Z","balance":0},{"id":1373,"name":"Lola","email":"lola.davidson@example.com","password":"12345678","phone_number":"016974 43672","nid":"46672038","role":"Customer","createdAt":"2022-03-28T17:12:14.000Z","updatedAt":"2022-03-28T17:12:14.000Z","balance":0},{"id":1374,"name":"Md. Rajibul Palas","email":"rajib@gmail.com","password":"12345678","phone_number":"01956189875","nid":"125453454","role":"Customer","createdAt":"2022-03-30T03:32:34.000Z","updatedAt":"2022-03-30T03:32:34.000Z","balance":0},{"id":1375,"name":"Inmaculada Moya","email":"inmaculada.moya@example.com","password":"12345678","phone_number":"910-301-094","nid":"76741630","role":"Customer","createdAt":"2022-03-30T05:07:28.000Z","updatedAt":"2022-03-30T05:07:28.000Z","balance":0},{"id":1376,"name":"Alice Roy","email":"alice.roy@example.com","password":"12345678","phone_number":"887-616-5406","nid":"47225316","role":"Customer","createdAt":"2022-03-30T05:08:16.000Z","updatedAt":"2022-03-30T05:08:16.000Z","balance":0},{"id":1377,"name":"Antony","email":"antony1@grr.la","password":"12345678","phone_number":"01738154474","nid":"7896587548","role":"Customer","createdAt":"2022-03-30T05:46:22.000Z","updatedAt":"2022-03-30T05:46:22.000Z","balance":0},{"id":1378,"name":"Rosanna Langworth","email":"Brody92@hotmail.com","password":"12345678","phone_number":"747-352-0280","nid":"70826733","role":"Customer","createdAt":"2022-03-30T09:46:26.000Z","updatedAt":"2022-03-30T09:46:26.000Z","balance":0},{"id":1379,"name":"Brandon Donnelly","email":"Thea.Lemke@gmail.com","password":"12345678","phone_number":"520-512-1365","nid":"79947295","role":"Customer","createdAt":"2022-03-30T09:47:49.000Z","updatedAt":"2022-03-30T09:47:49.000Z","balance":0},{"id":1380,"name":"Emely Larson","email":"john40910@grr.la","password":"12345678","phone_number":"458-226-4098","nid":"57777492","role":"Customer","createdAt":"2022-03-30T09:53:49.000Z","updatedAt":"2022-03-30T09:53:49.000Z","balance":0},{"id":1385,"name":"user93692","email":"test93692@test.com","password":"12345678","phone_number":"0150124593692","nid":"897897897","role":"Customer","createdAt":"2022-03-31T18:11:57.000Z","updatedAt":"2022-03-31T18:11:57.000Z","balance":0},{"id":1386,"name":"user58107","email":"test58107@test.com","password":"12345678","phone_number":"0150124558107","nid":"897897897","role":"Customer","createdAt":"2022-03-31T18:16:01.000Z","updatedAt":"2022-03-31T18:16:01.000Z","balance":0},{"id":1387,"name":"user78661","email":"test78661@test.com","password":"12345678","phone_number":"0150124578661","nid":"897897897","role":"Customer","createdAt":"2022-03-31T18:25:25.000Z","updatedAt":"2022-03-31T18:25:25.000Z","balance":0},{"id":1388,"name":"user42992","email":"test42992@test.com","password":"12345678","phone_number":"0150124542992","nid":"897897897","role":"Customer","createdAt":"2022-03-31T18:26:28.000Z","updatedAt":"2022-03-31T18:26:28.000Z","balance":0},{"id":1389,"name":"user23963","email":"test23963@test.com","password":"12345678","phone_number":"0150124523963","nid":"897897897","role":"Customer","createdAt":"2022-03-31T18:28:17.000Z","updatedAt":"2022-03-31T18:28:17.000Z","balance":0},{"id":1390,"name":"user69067","email":"test69067@test.com","password":"12345678","phone_number":"0150124569067","nid":"897897897","role":"Customer","createdAt":"2022-03-31T18:31:25.000Z","updatedAt":"2022-03-31T18:31:25.000Z","balance":0},{"id":1391,"name":"user58013","email":"test58013@test.com","password":"12345678","phone_number":"0150124558013","nid":"897897897","role":"Customer","createdAt":"2022-03-31T18:33:42.000Z","updatedAt":"2022-03-31T18:33:42.000Z","balance":0},{"id":1392,"name":"user73192","email":"test73192@test.com","password":"12345678","phone_number":"0150124573192","nid":"897897897","role":"Customer","createdAt":"2022-03-31T18:33:48.000Z","updatedAt":"2022-03-31T18:33:48.000Z","balance":0},{"id":1393,"name":"user48165","email":"test48165@test.com","password":"12345678","phone_number":"0150124548165","nid":"897897897","role":"Customer","createdAt":"2022-03-31T18:34:02.000Z","updatedAt":"2022-03-31T18:34:02.000Z","balance":0},{"id":1394,"name":"user92847","email":"test92847@test.com","password":"12345678","phone_number":"0150124592847","nid":"897897897","role":"Customer","createdAt":"2022-03-31T18:42:08.000Z","updatedAt":"2022-03-31T18:42:08.000Z","balance":0},{"id":1395,"name":"user69836","email":"test69836@test.com","password":"12345678","phone_number":"0150124569836","nid":"897897897","role":"Customer","createdAt":"2022-03-31T18:42:38.000Z","updatedAt":"2022-03-31T18:42:38.000Z","balance":0},{"id":1396,"name":"user95731","email":"test95731@test.com","password":"12345678","phone_number":"0150124595731","nid":"897897897","role":"Customer","createdAt":"2022-03-31T18:42:55.000Z","updatedAt":"2022-03-31T18:42:55.000Z","balance":0},{"id":1397,"name":"Salman Rahman","email":"salman@grr.la","password":"12345678","phone_number":"415-602-3165","nid":"46326928","role":"Customer","createdAt":"2022-03-31T18:47:57.000Z","updatedAt":"2022-03-31T18:48:00.000Z","balance":0},{"id":1398,"name":"user11009","email":"test11009@test.com","password":"12345678","phone_number":"0150124511009","nid":"897897897","role":"Customer","createdAt":"2022-03-31T18:51:27.000Z","updatedAt":"2022-03-31T18:51:27.000Z","balance":0},{"id":1399,"name":"user72867","email":"test72867@test.com","password":"12345678","phone_number":"0150124572867","nid":"897897897","role":"Customer","createdAt":"2022-03-31T18:51:43.000Z","updatedAt":"2022-03-31T18:51:43.000Z","balance":0},{"id":1400,"name":"user12929","email":"test12929@test.com","password":"12345678","phone_number":"0150124512929","nid":"897897897","role":"Customer","createdAt":"2022-03-31T18:52:21.000Z","updatedAt":"2022-03-31T18:52:21.000Z","balance":0},{"id":1401,"name":"user98866","email":"test98866@test.com","password":"12345678","phone_number":"0150124598866","nid":"897897897","role":"Customer","createdAt":"2022-03-31T18:55:58.000Z","updatedAt":"2022-03-31T18:55:58.000Z","balance":0},{"id":1402,"name":"user57026","email":"test57026@test.com","password":"12345678","phone_number":"0150124557026","nid":"897897897","role":"Customer","createdAt":"2022-03-31T18:59:26.000Z","updatedAt":"2022-03-31T18:59:26.000Z","balance":0},{"id":1403,"name":"user62678","email":"test62678@test.com","password":"12345678","phone_number":"0150124562678","nid":"897897897","role":"Customer","createdAt":"2022-03-31T19:29:59.000Z","updatedAt":"2022-03-31T19:29:59.000Z","balance":0},{"id":1404,"name":"user92165","email":"test92165@test.com","password":"12345678","phone_number":"0150124592165","nid":"897897897","role":"Customer","createdAt":"2022-03-31T19:31:41.000Z","updatedAt":"2022-03-31T19:31:41.000Z","balance":0},{"id":1405,"name":"user82467","email":"test82467@test.com","password":"12345678","phone_number":"0150124582467","nid":"897897897","role":"Customer","createdAt":"2022-03-31T19:33:40.000Z","updatedAt":"2022-03-31T19:33:40.000Z","balance":0},{"id":1406,"name":"user15126","email":"test15126@test.com","password":"12345678","phone_number":"0150124515126","nid":"897897897","role":"Customer","createdAt":"2022-03-31T19:36:25.000Z","updatedAt":"2022-03-31T19:36:25.000Z","balance":0},{"id":1407,"name":"user32700","email":"test32700@test.com","password":"12345678","phone_number":"0150124532700","nid":"897897897","role":"Customer","createdAt":"2022-03-31T19:40:27.000Z","updatedAt":"2022-03-31T19:40:27.000Z","balance":0},{"id":1408,"name":"user38283","email":"test38283@test.com","password":"12345678","phone_number":"0150124538283","nid":"897897897","role":"Customer","createdAt":"2022-03-31T19:43:01.000Z","updatedAt":"2022-03-31T19:43:01.000Z","balance":0},{"id":1409,"name":"user77492","email":"test77492@test.com","password":"12345678","phone_number":"0150124577492","nid":"897897897","role":"Customer","createdAt":"2022-03-31T19:51:41.000Z","updatedAt":"2022-03-31T19:51:41.000Z","balance":0},{"id":1410,"name":"user51099","email":"test51099@test.com","password":"12345678","phone_number":"0150124551099","nid":"897897897","role":"Customer","createdAt":"2022-03-31T19:53:15.000Z","updatedAt":"2022-03-31T19:53:15.000Z","balance":0},{"id":1411,"name":"user69148","email":"test69148@test.com","password":"12345678","phone_number":"0150124569148","nid":"897897897","role":"Customer","createdAt":"2022-03-31T19:55:46.000Z","updatedAt":"2022-03-31T19:55:46.000Z","balance":0},{"id":1412,"name":"user76770","email":"test76770@test.com","password":"12345678","phone_number":"0150124576770","nid":"897897897","role":"Customer","createdAt":"2022-03-31T20:02:07.000Z","updatedAt":"2022-03-31T20:02:07.000Z","balance":0},{"id":1413,"name":"user24485","email":"test24485@test.com","password":"12345678","phone_number":"0150124524485","nid":"897897897","role":"Customer","createdAt":"2022-03-31T20:03:41.000Z","updatedAt":"2022-03-31T20:03:41.000Z","balance":0},{"id":1414,"name":"user56480","email":"test56480@test.com","password":"12345678","phone_number":"0150124556480","nid":"897897897","role":"Customer","createdAt":"2022-03-31T20:05:45.000Z","updatedAt":"2022-03-31T20:05:45.000Z","balance":0},{"id":1415,"name":"user72631","email":"test72631@test.com","password":"12345678","phone_number":"0150124572631","nid":"897897897","role":"Customer","createdAt":"2022-03-31T20:08:59.000Z","updatedAt":"2022-03-31T20:08:59.000Z","balance":0},{"id":1416,"name":"user87092","email":"test87092@test.com","password":"12345678","phone_number":"0150124587092","nid":"897897897","role":"Customer","createdAt":"2022-04-01T03:20:21.000Z","updatedAt":"2022-04-01T03:20:21.000Z","balance":0},{"id":1417,"name":"user38464","email":"test38464@test.com","password":"12345678","phone_number":"0150124538464","nid":"897897897","role":"Customer","createdAt":"2022-04-01T03:21:53.000Z","updatedAt":"2022-04-01T03:21:53.000Z","balance":0},{"id":1418,"name":"user65228","email":"test65228@test.com","password":"12345678","phone_number":"0150124565228","nid":"897897897","role":"Customer","createdAt":"2022-04-01T03:23:52.000Z","updatedAt":"2022-04-01T03:23:52.000Z","balance":0},{"id":1419,"name":"user24038","email":"test24038@test.com","password":"12345678","phone_number":"0150124524038","nid":"897897897","role":"Customer","createdAt":"2022-04-01T03:24:23.000Z","updatedAt":"2022-04-01T03:24:23.000Z","balance":0},{"id":1422,"name":"user96587","email":"test96587@test.com","password":"12345678","phone_number":"0150124596587","nid":"897897897","role":"Customer","createdAt":"2022-04-01T03:44:28.000Z","updatedAt":"2022-04-01T03:44:28.000Z","balance":0},{"id":1423,"name":"user69817","email":"test69817@test.com","password":"12345678","phone_number":"0150124569817","nid":"897897897","role":"Customer","createdAt":"2022-04-01T03:44:38.000Z","updatedAt":"2022-04-01T03:44:38.000Z","balance":0},{"id":1424,"name":"user93604","email":"test93604@test.com","password":"12345678","phone_number":"0150124593604","nid":"897897897","role":"Customer","createdAt":"2022-04-01T03:46:23.000Z","updatedAt":"2022-04-01T03:46:23.000Z","balance":0},{"id":1425,"name":"user39327","email":"test39327@test.com","password":"12345678","phone_number":"0150124539327","nid":"897897897","role":"Customer","createdAt":"2022-04-01T03:46:44.000Z","updatedAt":"2022-04-01T03:46:44.000Z","balance":0},{"id":1426,"name":"user33383","email":"test33383@test.com","password":"12345678","phone_number":"0150124533383","nid":"897897897","role":"Customer","createdAt":"2022-04-01T03:59:55.000Z","updatedAt":"2022-04-01T03:59:55.000Z","balance":0},{"id":1427,"name":"user44498","email":"test44498@test.com","password":"12345678","phone_number":"0150124544498","nid":"897897897","role":"Customer","createdAt":"2022-04-01T04:12:52.000Z","updatedAt":"2022-04-01T04:12:52.000Z","balance":0},{"id":1428,"name":"user87680","email":"test87680@test.com","password":"12345678","phone_number":"0150124587680","nid":"897897897","role":"Customer","createdAt":"2022-04-01T04:14:55.000Z","updatedAt":"2022-04-01T04:14:55.000Z","balance":0},{"id":1429,"name":"user49624","email":"test49624@test.com","password":"12345678","phone_number":"0150124549624","nid":"897897897","role":"Customer","createdAt":"2022-04-01T04:16:48.000Z","updatedAt":"2022-04-01T04:16:48.000Z","balance":0},{"id":1430,"name":"user78051","email":"test78051@test.com","password":"12345678","phone_number":"0150124578051","nid":"897897897","role":"Customer","createdAt":"2022-04-01T04:18:52.000Z","updatedAt":"2022-04-01T04:18:52.000Z","balance":0},{"id":1431,"name":"user99053","email":"test99053@test.com","password":"12345678","phone_number":"0150124599053","nid":"897897897","role":"Customer","createdAt":"2022-04-01T04:19:56.000Z","updatedAt":"2022-04-01T04:19:56.000Z","balance":0},{"id":1432,"name":"user11895","email":"test11895@test.com","password":"12345678","phone_number":"0150124511895","nid":"897897897","role":"Customer","createdAt":"2022-04-01T04:21:46.000Z","updatedAt":"2022-04-01T04:21:46.000Z","balance":0},{"id":1433,"name":"user94964","email":"test94964@test.com","password":"12345678","phone_number":"0150124594964","nid":"897897897","role":"Customer","createdAt":"2022-04-01T04:23:55.000Z","updatedAt":"2022-04-01T04:23:55.000Z","balance":0},{"id":1435,"name":"user30002","email":"test30002@test.com","password":"12345678","phone_number":"0150124530002","nid":"897897897","role":"Customer","createdAt":"2022-04-01T05:15:41.000Z","updatedAt":"2022-04-01T05:15:41.000Z","balance":0},{"id":1436,"name":"user79092","email":"test79092@test.com","password":"12345678","phone_number":"0150124579092","nid":"897897897","role":"Customer","createdAt":"2022-04-01T05:16:46.000Z","updatedAt":"2022-04-01T05:16:46.000Z","balance":0},{"id":1437,"name":"user85544","email":"test85544@test.com","password":"12345678","phone_number":"0150124585544","nid":"897897897","role":"Customer","createdAt":"2022-04-01T05:20:22.000Z","updatedAt":"2022-04-01T05:20:22.000Z","balance":0},{"id":1438,"name":"user57780","email":"test57780@test.com","password":"12345678","phone_number":"0150124557780","nid":"897897897","role":"Customer","createdAt":"2022-04-01T05:21:41.000Z","updatedAt":"2022-04-01T05:21:41.000Z","balance":0},{"id":1439,"name":"user61674","email":"test61674@test.com","password":"12345678","phone_number":"0150124561674","nid":"897897897","role":"Customer","createdAt":"2022-04-01T05:22:50.000Z","updatedAt":"2022-04-01T05:22:50.000Z","balance":0},{"id":1441,"name":"Julius Manni","email":"julius.manni@example.com","password":"12345678","phone_number":"04-295-462","nid":"18103999","role":"Customer","createdAt":"2022-04-01T05:24:27.000Z","updatedAt":"2022-04-01T05:24:27.000Z","balance":0},{"id":1445,"name":"user49454","email":"test49454@test.com","password":"12345678","phone_number":"0150124549454","nid":"897897897","role":"Customer","createdAt":"2022-04-01T05:46:41.000Z","updatedAt":"2022-04-01T05:46:41.000Z","balance":0},{"id":1447,"name":"user48640","email":"test48640@test.com","password":"12345678","phone_number":"0150124548640","nid":"897897897","role":"Customer","createdAt":"2022-04-01T05:48:32.000Z","updatedAt":"2022-04-01T05:48:32.000Z","balance":0},{"id":1448,"name":"Zita Rohan","email":"john79640@grr.la","password":"12345678","phone_number":"492-642-1255","nid":"89212464","role":"Customer","createdAt":"2022-04-01T05:49:49.000Z","updatedAt":"2022-04-01T05:49:49.000Z","balance":0},{"id":1449,"name":"Salman Rahman","email":"salman@grr.la","password":"12345678","phone_number":"51624372","nid":"55706773","role":"Customer","createdAt":"2022-04-01T05:51:15.000Z","updatedAt":"2022-04-01T06:18:08.000Z","balance":0},{"id":1451,"name":"user60613","email":"test60613@test.com","password":"12345678","phone_number":"0150124560613","nid":"897897897","role":"Customer","createdAt":"2022-04-01T05:52:16.000Z","updatedAt":"2022-04-01T05:52:16.000Z","balance":0},{"id":1452,"name":"user41895","email":"test41895@test.com","password":"12345678","phone_number":"0150124541895","nid":"897897897","role":"Customer","createdAt":"2022-04-01T05:53:24.000Z","updatedAt":"2022-04-01T05:53:24.000Z","balance":0},{"id":1453,"name":"user64538","email":"test64538@test.com","password":"12345678","phone_number":"0150124564538","nid":"897897897","role":"Customer","createdAt":"2022-04-01T05:53:53.000Z","updatedAt":"2022-04-01T05:53:53.000Z","balance":0},{"id":1454,"name":"user59128","email":"test59128@test.com","password":"12345678","phone_number":"0150124559128","nid":"897897897","role":"Customer","createdAt":"2022-04-01T06:10:03.000Z","updatedAt":"2022-04-01T06:10:03.000Z","balance":0},{"id":1456,"name":"Dahlia Wilderman","email":"john95289@grr.la","password":"12345678","phone_number":"431-420-9437","nid":"48498847","role":"Customer","createdAt":"2022-04-01T10:34:06.000Z","updatedAt":"2022-04-01T10:34:06.000Z","balance":0},{"id":1457,"name":"Tyrique Hagenes","email":"john27134@grr.la","password":"12345678","phone_number":"410-314-1705","nid":"94150693","role":"Customer","createdAt":"2022-04-01T10:36:13.000Z","updatedAt":"2022-04-01T10:36:13.000Z","balance":0},{"id":1459,"name":"Cora Jacobi","email":"john76912@grr.la","password":"12345678","phone_number":"819-910-8677","nid":"90472099","role":"Customer","createdAt":"2022-04-01T10:38:33.000Z","updatedAt":"2022-04-01T10:38:33.000Z","balance":0},{"id":1462,"name":"Horacio Tremblay","email":"john66277@grr.la","password":"12345678","phone_number":"882-422-0166","nid":"28259226","role":"Customer","createdAt":"2022-04-01T11:00:08.000Z","updatedAt":"2022-04-01T11:00:08.000Z","balance":0},{"id":1465,"name":"user{id}","email":"test{id}@gmail.com","password":"12345{id}","phone_number":"01{id}45","nid":"23{id}","role":"Customer","createdAt":"2022-04-01T11:52:01.000Z","updatedAt":"2022-04-01T11:52:01.000Z","balance":0},{"id":1473,"name":"Bud Grant","email":"john20622@grr.la","password":"12345678","phone_number":"672-280-8472","nid":"36214204","role":"Customer","createdAt":"2022-04-03T04:11:27.000Z","updatedAt":"2022-04-03T04:11:27.000Z","balance":0},{"id":1476,"name":"Romello Buursma","email":"romello.buursma@example.com","password":"12345678","phone_number":"(172)-245-7742","nid":"45618168","role":"Customer","createdAt":"2022-04-03T06:56:28.000Z","updatedAt":"2022-04-03T06:56:28.000Z","balance":0},{"id":1478,"name":"Emilie Miller","email":"emilie.miller@example.com","password":"12345678","phone_number":"769-572-0444","nid":"43510433","role":"Customer","createdAt":"2022-04-03T06:57:48.000Z","updatedAt":"2022-04-03T06:57:48.000Z","balance":0},{"id":1483,"name":"Cecile Goyette","email":"john48023@grr.la","password":"12345678","phone_number":"476-306-1881","nid":"53899943","role":"Customer","createdAt":"2022-04-03T07:31:11.000Z","updatedAt":"2022-04-03T07:31:11.000Z","balance":0},{"id":1484,"name":"Madonna Watsica","email":"john78749@grr.la","password":"12345678","phone_number":"658-560-6413","nid":"14982889","role":"Customer","createdAt":"2022-04-03T07:33:14.000Z","updatedAt":"2022-04-03T07:33:14.000Z","balance":0},{"id":1485,"name":"Grant Kassulke","email":"john52550@grr.la","password":"12345678","phone_number":"623-698-9848","nid":"96941712","role":"Customer","createdAt":"2022-04-03T07:33:38.000Z","updatedAt":"2022-04-03T07:33:38.000Z","balance":0},{"id":1486,"name":"Israel Reichert","email":"john89346@grr.la","password":"12345678","phone_number":"657-232-7197","nid":"24502083","role":"Customer","createdAt":"2022-04-03T07:34:38.000Z","updatedAt":"2022-04-03T07:34:38.000Z","balance":0},{"id":1487,"name":"Cayla Quitzon","email":"john52291@grr.la","password":"12345678","phone_number":"803-397-4230","nid":"18192049","role":"Customer","createdAt":"2022-04-03T07:48:53.000Z","updatedAt":"2022-04-03T07:48:53.000Z","balance":0},{"id":1490,"name":"Marta Carrasco","email":"marta.carrasco@example.com","password":"12345678","phone_number":"988-224-291","nid":"90399727","role":"Customer","createdAt":"2022-04-03T08:35:23.000Z","updatedAt":"2022-04-03T08:35:23.000Z","balance":0},{"id":1491,"name":"Ruben Kessler Beatrice Bosco III","email":"userb35067@grr.la","password":"12345678","phone_number":"614-562-9089","nid":"44468013","role":"Customer","createdAt":"2022-04-03T08:37:10.000Z","updatedAt":"2022-04-03T08:37:10.000Z","balance":0},{"id":1492,"name":"Elvis Hartmann Ernest Flatley","email":"new.user8772@gmail.com","password":"12345678","phone_number":"546-249-7888","nid":"63489864","role":"Customer","createdAt":"2022-04-03T08:38:24.000Z","updatedAt":"2022-04-03T08:38:24.000Z","balance":0},{"id":1493,"name":"Holly Doyle Fernando Mueller","email":"new.user9728@gmail.com","password":"12345678","phone_number":"708-219-1419","nid":"93022519","role":"Customer","createdAt":"2022-04-03T08:38:30.000Z","updatedAt":"2022-04-03T08:38:30.000Z","balance":0},{"id":1494,"name":"Gaylord Larkin Tim White","email":"new.user2474@gmail.com","password":"12345678","phone_number":"356-453-1859","nid":"85499495","role":"Customer","createdAt":"2022-04-03T08:38:45.000Z","updatedAt":"2022-04-03T08:38:45.000Z","balance":0},{"id":1495,"name":"William Hettinger DDS","email":"new.user6213@gmail.com","password":"12345678","phone_number":"233-413-8385","nid":"41797172","role":"Customer","createdAt":"2022-04-03T08:39:30.000Z","updatedAt":"2022-04-03T08:39:30.000Z","balance":0},{"id":1496,"name":"Ms. Kelly Harris","email":"new.user1517@gmail.com","password":"12345678","phone_number":"392-666-9732","nid":"52408301","role":"Customer","createdAt":"2022-04-03T08:39:34.000Z","updatedAt":"2022-04-03T08:39:34.000Z","balance":0},{"id":1497,"name":"Lydia Bergstrom","email":"new.user7813@gmail.com","password":"12345678","phone_number":"829-350-1922","nid":"91393570","role":"Customer","createdAt":"2022-04-03T09:12:39.000Z","updatedAt":"2022-04-03T09:12:39.000Z","balance":0},{"id":1498,"name":"Jacob Senger","email":"new.user5012@gmail.com","password":"12345678","phone_number":"531-768-6916","nid":"76028621","role":"Customer","createdAt":"2022-04-03T09:19:36.000Z","updatedAt":"2022-04-03T09:19:36.000Z","balance":0},{"id":1499,"name":"Wilbert Roob","email":"new.user3854@gmail.com","password":"12345678","phone_number":"903-612-7889","nid":"72956919","role":"Customer","createdAt":"2022-04-03T09:39:54.000Z","updatedAt":"2022-04-03T09:39:54.000Z","balance":0},{"id":1501,"name":"Susie Nicolas","email":"new.user6973@gmail.com","password":"12345678","phone_number":"497-696-7345","nid":"22727054","role":"Customer","createdAt":"2022-04-03T09:54:56.000Z","updatedAt":"2022-04-03T09:54:56.000Z","balance":0},{"id":1502,"name":"Md. Rajibul Palas","email":"rajibul@gmail.com","password":"12345678","phone_number":"957-760-4258","nid":"65301486","role":"Customer","createdAt":"2022-04-03T10:01:41.000Z","updatedAt":"2022-04-03T10:02:18.000Z","balance":0},{"id":1505,"name":"Md. Rajibul Palas","email":"rajibul@gmail.com","password":"12345678","phone_number":"718-312-9051","nid":"14550970","role":"Customer","createdAt":"2022-04-03T11:17:57.000Z","updatedAt":"2022-04-03T11:18:02.000Z","balance":0},{"id":1506,"name":"Md. Rajibul Palas","email":"rajibul@gmail.com","password":"12345678","phone_number":"720-574-9068","nid":"69907328","role":"Customer","createdAt":"2022-04-03T11:18:12.000Z","updatedAt":"2022-04-03T11:18:17.000Z","balance":0},{"id":1507,"name":"Jeff Nikolaus","email":"new.user1268@gmail.com","password":"12345678","phone_number":"400-221-5535","nid":"94925227","role":"Customer","createdAt":"2022-04-03T11:27:19.000Z","updatedAt":"2022-04-03T11:27:19.000Z","balance":0},{"id":1510,"name":"Edmund Gleason","email":"new.user5034@gmail.com","password":"12345678","phone_number":"461-561-8038","nid":"26839577","role":"Customer","createdAt":"2022-04-03T13:47:39.000Z","updatedAt":"2022-04-03T13:47:39.000Z","balance":0},{"id":1518,"name":"user94451","email":"user94451gmail.com","password":"12345678","phone_number":"01994451","nid":"94451","role":"Customer","createdAt":"2022-04-04T18:52:22.000Z","updatedAt":"2022-04-04T18:52:22.000Z","balance":0},{"id":1519,"name":"user60892","email":"user60892gmail.com","password":"12345678","phone_number":"01960892","nid":"60892","role":"Customer","createdAt":"2022-04-04T18:52:52.000Z","updatedAt":"2022-04-04T18:52:52.000Z","balance":0},{"id":1520,"name":"?????","email":"arsyn.hydry@example.com","password":"12345678","phone_number":"067-93669421","nid":"123456","role":"Customer","createdAt":"2022-04-04T19:05:53.000Z","updatedAt":"2022-04-04T19:05:53.000Z","balance":0},{"id":1521,"name":"Dale","email":"dale.duncan@example.com","password":"12345678","phone_number":"01968 247929","nid":"123456","role":"Customer","createdAt":"2022-04-04T19:06:03.000Z","updatedAt":"2022-04-04T19:06:03.000Z","balance":0},{"id":1522,"name":"Marie","email":"marie.andersen@example.com","password":"12345678","phone_number":"84992408","nid":"123456","role":"Customer","createdAt":"2022-04-04T19:24:06.000Z","updatedAt":"2022-04-04T19:24:06.000Z","balance":0},{"id":1523,"name":"Amanda","email":"amanda.wiitala@example.com","password":"12345678","phone_number":"02-186-644","nid":"123456","role":"Customer","createdAt":"2022-04-04T19:25:30.000Z","updatedAt":"2022-04-04T19:25:30.000Z","balance":0},{"id":1524,"name":"Milo","email":"milo.rousseau@example.com","password":"12345678","phone_number":"079 880 36 58","nid":"123456","role":"Customer","createdAt":"2022-04-04T19:27:23.000Z","updatedAt":"2022-04-04T19:27:23.000Z","balance":0},{"id":1525,"name":"user55669","email":"user55669gmail.com","password":"12345678","phone_number":"01955669","nid":"55669","role":"Customer","createdAt":"2022-04-04T19:42:18.000Z","updatedAt":"2022-04-04T19:42:18.000Z","balance":0},{"id":1526,"name":"Tanya","email":"tanya.jones@example.com","password":"12345678","phone_number":"04-5918-1073","nid":"123456","role":"Customer","createdAt":"2022-04-04T19:42:22.000Z","updatedAt":"2022-04-04T19:42:22.000Z","balance":0},{"id":1527,"name":"user78028","email":"user78028gmail.com","password":"12345678","phone_number":"01978028","nid":"78028","role":"Customer","createdAt":"2022-04-04T19:56:31.000Z","updatedAt":"2022-04-04T19:56:31.000Z","balance":0},{"id":1528,"name":"Zoey","email":"zoey.stanley@example.com","password":"12345678","phone_number":"(831)-316-4384","nid":"123456","role":"Customer","createdAt":"2022-04-04T19:56:32.000Z","updatedAt":"2022-04-04T19:56:32.000Z","balance":0},{"id":1529,"name":"user ${id}","email":"test${id}@test.com","password":"12345678","phone_number":"016237(id)","nid":"126374633","role":"Customer","createdAt":"2022-04-04T19:58:23.000Z","updatedAt":"2022-04-04T19:58:23.000Z","balance":0},{"id":1530,"name":"user73370","email":"user73370gmail.com","password":"12345678","phone_number":"01973370","nid":"73370","role":"Customer","createdAt":"2022-04-04T20:06:58.000Z","updatedAt":"2022-04-04T20:06:58.000Z","balance":0},{"id":1531,"name":"Bilal","email":"bilal.kvaal@example.com","password":"12345678","phone_number":"72542833","nid":"123456","role":"Customer","createdAt":"2022-04-04T20:06:59.000Z","updatedAt":"2022-04-04T20:06:59.000Z","balance":0},{"id":1532,"name":"user76280","email":"user76280gmail.com","password":"12345678","phone_number":"01976280","nid":"76280","role":"Customer","createdAt":"2022-04-04T20:07:48.000Z","updatedAt":"2022-04-04T20:07:48.000Z","balance":0},{"id":1533,"name":"Chloe","email":"chloe.anderson@example.com","password":"12345678","phone_number":"015395 33865","nid":"123456","role":"Customer","createdAt":"2022-04-04T20:07:48.000Z","updatedAt":"2022-04-04T20:07:48.000Z","balance":0},{"id":1534,"name":"user46132","email":"user46132gmail.com","password":"12345678","phone_number":"01946132","nid":"46132","role":"Customer","createdAt":"2022-04-04T20:12:52.000Z","updatedAt":"2022-04-04T20:12:52.000Z","balance":0},{"id":1535,"name":"Isaac","email":"isaac.white@example.com","password":"12345678","phone_number":"011-099-0124","nid":"123456","role":"Customer","createdAt":"2022-04-04T20:12:53.000Z","updatedAt":"2022-04-04T20:12:53.000Z","balance":0},{"id":1536,"name":"user71955","email":"user71955gmail.com","password":"12345678","phone_number":"01971955","nid":"71955","role":"Customer","createdAt":"2022-04-04T20:13:55.000Z","updatedAt":"2022-04-04T20:13:55.000Z","balance":0},{"id":1537,"name":"Elsa","email":"elsa.monteiro@example.com","password":"12345678","phone_number":"(08) 9934-9780","nid":"123456","role":"Customer","createdAt":"2022-04-04T20:13:56.000Z","updatedAt":"2022-04-04T20:13:56.000Z","balance":0},{"id":1538,"name":"user71411","email":"user71411gmail.com","password":"12345678","phone_number":"01971411","nid":"71411","role":"Customer","createdAt":"2022-04-04T20:14:12.000Z","updatedAt":"2022-04-04T20:14:12.000Z","balance":0},{"id":1539,"name":"Gary","email":"gary.henry@example.com","password":"12345678","phone_number":"011-512-1201","nid":"123456","role":"Customer","createdAt":"2022-04-04T20:14:13.000Z","updatedAt":"2022-04-04T20:14:13.000Z","balance":0},{"id":1540,"name":"user38560","email":"user38560gmail.com","password":"12345678","phone_number":"01938560","nid":"38560","role":"Customer","createdAt":"2022-04-04T20:14:37.000Z","updatedAt":"2022-04-04T20:14:37.000Z","balance":0},{"id":1541,"name":"Tammy","email":"tammy.castillo@example.com","password":"12345678","phone_number":"02-0547-8502","nid":"123456","role":"Customer","createdAt":"2022-04-04T20:14:37.000Z","updatedAt":"2022-04-04T20:14:37.000Z","balance":0},{"id":1542,"name":"Jasper","email":"jasper.hall@example.com","password":"12345678","phone_number":"(099)-016-8575","nid":"126374633","role":"Customer","createdAt":"2022-04-04T20:22:02.000Z","updatedAt":"2022-04-04T20:22:02.000Z","balance":0},{"id":1543,"name":"user65197","email":"user65197gmail.com","password":"12345678","phone_number":"01965197","nid":"65197","role":"Customer","createdAt":"2022-04-04T20:25:51.000Z","updatedAt":"2022-04-04T20:25:51.000Z","balance":0},{"id":1544,"name":"Pablo","email":"pablo.flores@example.com","password":"12345678","phone_number":"983-060-429","nid":"123456","role":"Customer","createdAt":"2022-04-04T20:25:52.000Z","updatedAt":"2022-04-04T20:25:52.000Z","balance":0},{"id":1545,"name":"user59641","email":"user59641gmail.com","password":"12345678","phone_number":"01959641","nid":"59641","role":"Customer","createdAt":"2022-04-04T20:28:07.000Z","updatedAt":"2022-04-04T20:28:07.000Z","balance":0},{"id":1546,"name":"Eliott","email":"eliott.roger@example.com","password":"12345678","phone_number":"03-99-59-98-85","nid":"123456","role":"Customer","createdAt":"2022-04-04T20:28:08.000Z","updatedAt":"2022-04-04T20:28:08.000Z","balance":0},{"id":1547,"name":"user70642","email":"user70642gmail.com","password":"12345678","phone_number":"01970642","nid":"70642","role":"Customer","createdAt":"2022-04-04T20:42:54.000Z","updatedAt":"2022-04-04T20:42:54.000Z","balance":0},{"id":1548,"name":"Nicolas","email":"nicolas.gauthier@example.com","password":"12345678","phone_number":"820-168-0857","nid":"123456","role":"Customer","createdAt":"2022-04-04T20:42:54.000Z","updatedAt":"2022-04-04T20:42:54.000Z","balance":0},{"id":1549,"name":"user85876","email":"user85876gmail.com","password":"12345678","phone_number":"01985876","nid":"85876","role":"Customer","createdAt":"2022-04-04T20:44:11.000Z","updatedAt":"2022-04-04T20:44:11.000Z","balance":0},{"id":1550,"name":"Lore","email":"lore.wehner@example.com","password":"12345678","phone_number":"0736-0892224","nid":"123456","role":"Customer","createdAt":"2022-04-04T20:44:11.000Z","updatedAt":"2022-04-04T20:44:11.000Z","balance":0},{"id":1551,"name":"user56416","email":"user56416gmail.com","password":"12345678","phone_number":"01956416","nid":"56416","role":"Customer","createdAt":"2022-04-04T20:44:48.000Z","updatedAt":"2022-04-04T20:44:48.000Z","balance":0},{"id":1552,"name":"Nalan","email":"nalan.nalbantoglu@example.com","password":"12345678","phone_number":"(396)-088-1478","nid":"123456","role":"Customer","createdAt":"2022-04-04T20:44:48.000Z","updatedAt":"2022-04-04T20:44:48.000Z","balance":0},{"id":1553,"name":"user80745","email":"user80745gmail.com","password":"12345678","phone_number":"01980745","nid":"80745","role":"Customer","createdAt":"2022-04-04T20:45:14.000Z","updatedAt":"2022-04-04T20:45:14.000Z","balance":0},{"id":1554,"name":"user26708","email":"user26708gmail.com","password":"12345678","phone_number":"01926708","nid":"26708","role":"Customer","createdAt":"2022-04-04T20:46:00.000Z","updatedAt":"2022-04-04T20:46:00.000Z","balance":0},{"id":1555,"name":"Sedef","email":"sedef.ozkok@example.com","password":"12345678","phone_number":"(378)-143-1663","nid":"123456","role":"Customer","createdAt":"2022-04-04T20:46:01.000Z","updatedAt":"2022-04-04T20:46:01.000Z","balance":0},{"id":1556,"name":"user47653","email":"user47653gmail.com","password":"12345678","phone_number":"01947653","nid":"47653","role":"Customer","createdAt":"2022-04-04T20:48:00.000Z","updatedAt":"2022-04-04T20:48:00.000Z","balance":0},{"id":1557,"name":"user12542","email":"user12542gmail.com","password":"12345678","phone_number":"01912542","nid":"12542","role":"Customer","createdAt":"2022-04-04T20:49:24.000Z","updatedAt":"2022-04-04T20:49:24.000Z","balance":0},{"id":1558,"name":"user57210","email":"user57210gmail.com","password":"12345678","phone_number":"01957210","nid":"57210","role":"Customer","createdAt":"2022-04-04T20:49:45.000Z","updatedAt":"2022-04-04T20:49:45.000Z","balance":0},{"id":1559,"name":"user28325","email":"user28325gmail.com","password":"12345678","phone_number":"28325","nid":"545428325","role":"Customer","createdAt":"2022-04-04T20:51:04.000Z","updatedAt":"2022-04-04T20:51:04.000Z","balance":0},{"id":1560,"name":"user93974","email":"user93974gmail.com","password":"12345678","phone_number":"93974","nid":"545493974","role":"Customer","createdAt":"2022-04-04T20:55:05.000Z","updatedAt":"2022-04-04T20:55:05.000Z","balance":0},{"id":1561,"name":"user79222","email":"user79222gmail.com","password":"12345678","phone_number":"79222","nid":"545479222","role":"Customer","createdAt":"2022-04-04T20:56:35.000Z","updatedAt":"2022-04-04T20:56:35.000Z","balance":0},{"id":1562,"name":"user22880","email":"user22880gmail.com","password":"12345678","phone_number":"22880","nid":"545422880","role":"Customer","createdAt":"2022-04-04T20:57:19.000Z","updatedAt":"2022-04-04T20:57:19.000Z","balance":0},{"id":1563,"name":"user12874","email":"user12874gmail.com","password":"12345678","phone_number":"12874","nid":"545412874","role":"Customer","createdAt":"2022-04-04T20:57:58.000Z","updatedAt":"2022-04-04T20:57:58.000Z","balance":0},{"id":1564,"name":"user49463","email":"user49463gmail.com","password":"12345678","phone_number":"49463","nid":"545449463","role":"Customer","createdAt":"2022-04-04T20:58:04.000Z","updatedAt":"2022-04-04T20:58:04.000Z","balance":0},{"id":1565,"name":"user49449","email":"user49449gmail.com","password":"12345678","phone_number":"49449","nid":"545449449","role":"Customer","createdAt":"2022-04-04T20:59:49.000Z","updatedAt":"2022-04-04T20:59:49.000Z","balance":0},{"id":1566,"name":"user21109","email":"user21109gmail.com","password":"12345678","phone_number":"21109","nid":"545421109","role":"Customer","createdAt":"2022-04-04T21:02:30.000Z","updatedAt":"2022-04-04T21:02:30.000Z","balance":0},{"id":1567,"name":"user98252","email":"user98252gmail.com","password":"12345678","phone_number":"98252","nid":"545498252","role":"Customer","createdAt":"2022-04-04T21:03:13.000Z","updatedAt":"2022-04-04T21:03:13.000Z","balance":0},{"id":1568,"name":"user40983","email":"user40983gmail.com","password":"12345678","phone_number":"40983","nid":"545440983","role":"Customer","createdAt":"2022-04-04T21:07:06.000Z","updatedAt":"2022-04-04T21:07:06.000Z","balance":0},{"id":1569,"name":"user30001","email":"user30001gmail.com","password":"12345678","phone_number":"30001","nid":"545430001","role":"Customer","createdAt":"2022-04-04T21:08:59.000Z","updatedAt":"2022-04-04T21:08:59.000Z","balance":0},{"id":1570,"name":"user43392","email":"user43392gmail.com","password":"12345678","phone_number":"43392","nid":"545443392","role":"Customer","createdAt":"2022-04-04T21:09:43.000Z","updatedAt":"2022-04-04T21:09:43.000Z","balance":0},{"id":1571,"name":"user19811","email":"user19811gmail.com","password":"12345678","phone_number":"19811","nid":"545419811","role":"Customer","createdAt":"2022-04-04T21:11:07.000Z","updatedAt":"2022-04-04T21:11:07.000Z","balance":0},{"id":1572,"name":"user87872","email":"user87872gmail.com","password":"12345678","phone_number":"87872","nid":"545487872","role":"Customer","createdAt":"2022-04-04T21:14:35.000Z","updatedAt":"2022-04-04T21:14:35.000Z","balance":0},{"id":1573,"name":"user39539","email":"user39539gmail.com","password":"12345678","phone_number":"39539","nid":"545439539","role":"Customer","createdAt":"2022-04-04T21:14:52.000Z","updatedAt":"2022-04-04T21:14:52.000Z","balance":0},{"id":1574,"name":"user49834","email":"user49834gmail.com","password":"12345678","phone_number":"49834","nid":"545449834","role":"Customer","createdAt":"2022-04-04T21:15:29.000Z","updatedAt":"2022-04-04T21:15:29.000Z","balance":0},{"id":1575,"name":"user16855","email":"user16855gmail.com","password":"12345678","phone_number":"16855","nid":"545416855","role":"Customer","createdAt":"2022-04-04T21:16:11.000Z","updatedAt":"2022-04-04T21:16:11.000Z","balance":0},{"id":1576,"name":"user59966","email":"user59966gmail.com","password":"12345678","phone_number":"59966","nid":"545459966","role":"Customer","createdAt":"2022-04-04T21:16:21.000Z","updatedAt":"2022-04-04T21:16:21.000Z","balance":0},{"id":1577,"name":"user54358","email":"user54358gmail.com","password":"12345678","phone_number":"54358","nid":"545454358","role":"Customer","createdAt":"2022-04-04T21:17:11.000Z","updatedAt":"2022-04-04T21:17:11.000Z","balance":0},{"id":1578,"name":"user53303","email":"user53303gmail.com","password":"12345678","phone_number":"53303","nid":"545453303","role":"Customer","createdAt":"2022-04-04T21:18:44.000Z","updatedAt":"2022-04-04T21:18:44.000Z","balance":0},{"id":1579,"name":"user90735","email":"user90735gmail.com","password":"12345678","phone_number":"90735","nid":"545490735","role":"Customer","createdAt":"2022-04-04T21:21:58.000Z","updatedAt":"2022-04-04T21:21:58.000Z","balance":0},{"id":1580,"name":"user55988","email":"user55988gmail.com","password":"12345678","phone_number":"55988","nid":"545455988","role":"Customer","createdAt":"2022-04-04T21:25:40.000Z","updatedAt":"2022-04-04T21:25:40.000Z","balance":0},{"id":1581,"name":"Gregorio","email":"gregorio.romero@example.com","password":"12345678","phone_number":"937-358-706","nid":"126374633","role":"Customer","createdAt":"2022-04-05T04:18:01.000Z","updatedAt":"2022-04-05T04:18:01.000Z","balance":0},{"id":1582,"name":"Kirk Smith","email":"kirk.smith@example.com","password":"12345678","phone_number":"04-3212-8846","nid":"79310639","role":"Customer","createdAt":"2022-04-05T04:34:52.000Z","updatedAt":"2022-04-05T04:34:52.000Z","balance":0},{"id":1583,"name":"Florence Hall","email":"florence.hall@example.com","password":"12345678","phone_number":"(202)-828-6938","nid":"12278759","role":"Customer","createdAt":"2022-04-05T04:34:57.000Z","updatedAt":"2022-04-05T04:34:57.000Z","balance":0},{"id":1584,"name":"Linda Mcdonalid","email":"linda.mcdonalid@example.com","password":"12345678","phone_number":"0171 691 6728","nid":"87259895","role":"Customer","createdAt":"2022-04-05T04:35:23.000Z","updatedAt":"2022-04-05T04:35:23.000Z","balance":0},{"id":1585,"name":"Marcus Madsen","email":"marcus.madsen@example.com","password":"12345678","phone_number":"06561211","nid":"11497281","role":"Customer","createdAt":"2022-04-05T04:35:33.000Z","updatedAt":"2022-04-05T04:35:33.000Z","balance":0},{"id":1586,"name":"Ryleigh Wisozk Anna Swift","email":"userb34399@grr.la","password":"12345678","phone_number":"986-449-7558","nid":"83990885","role":"Customer","createdAt":"2022-04-05T04:35:58.000Z","updatedAt":"2022-04-05T04:35:58.000Z","balance":0},{"id":1587,"name":"Zümra Hofste","email":"zumra.hofste@example.com","password":"12345678","phone_number":"(096)-040-3698","nid":"82039280","role":"Customer","createdAt":"2022-04-05T04:38:19.000Z","updatedAt":"2022-04-05T04:38:19.000Z","balance":0},{"id":1588,"name":"Viivi","email":"viivi.lehto@example.com","password":"12345678","phone_number":"07-982-320","nid":"126374633","role":"Customer","createdAt":"2022-04-05T05:22:21.000Z","updatedAt":"2022-04-05T05:22:21.000Z","balance":0},{"id":1589,"name":"Fanny","email":"fanny.louis@example.com","password":"12345678","phone_number":"02-09-30-76-76","nid":"126374633","role":"Customer","createdAt":"2022-04-05T05:23:49.000Z","updatedAt":"2022-04-05T05:23:49.000Z","balance":0},{"id":1590,"name":"Annette","email":"annette.menard@example.com","password":"12345678","phone_number":"076 979 04 37","nid":"126374633","role":"Customer","createdAt":"2022-04-05T05:23:58.000Z","updatedAt":"2022-04-05T05:23:58.000Z","balance":0},{"id":1591,"name":"Michael","email":"michael.parker@example.com","password":"12345678","phone_number":"03-8439-6428","nid":"126374633","role":"Customer","createdAt":"2022-04-05T05:24:49.000Z","updatedAt":"2022-04-05T05:24:49.000Z","balance":0},{"id":1592,"name":"Natan","email":"natan.blix@example.com","password":"12345678","phone_number":"38454035","nid":"126374633","role":"Customer","createdAt":"2022-04-05T05:25:09.000Z","updatedAt":"2022-04-05T05:25:09.000Z","balance":0},{"id":1593,"name":"?????","email":"adryn.mrdy@example.com","password":"12345678","phone_number":"017-23223117","nid":"126374633","role":"Customer","createdAt":"2022-04-05T05:29:59.000Z","updatedAt":"2022-04-05T05:29:59.000Z","balance":0},{"id":1594,"name":"Lidia","email":"lidia.bolz@example.com","password":"12345678","phone_number":"0864-3265086","nid":"126374633","role":"Customer","createdAt":"2022-04-05T05:30:52.000Z","updatedAt":"2022-04-05T05:30:52.000Z","balance":0},{"id":1595,"name":"Dayane","email":"dayane.santos@example.com","password":"12345678","phone_number":"(07) 7192-6976","nid":"126374633","role":"Customer","createdAt":"2022-04-05T05:31:36.000Z","updatedAt":"2022-04-05T05:31:36.000Z","balance":0},{"id":1596,"name":"Othelia","email":"othelia.vestby@example.com","password":"12345678","phone_number":"38932581","nid":"126374633","role":"Customer","createdAt":"2022-04-05T05:32:04.000Z","updatedAt":"2022-04-05T05:32:04.000Z","balance":0},{"id":1597,"name":"Inguelore","email":"inguelore.ramos@example.com","password":"12345678","phone_number":"(16) 6917-1018","nid":"126374633","role":"Customer","createdAt":"2022-04-05T05:33:00.000Z","updatedAt":"2022-04-05T05:33:00.000Z","balance":0},{"id":1598,"name":"Terry","email":"terry.cox@example.com","password":"12345678","phone_number":"09-3974-3025","nid":"126374633","role":"Customer","createdAt":"2022-04-05T05:34:37.000Z","updatedAt":"2022-04-05T05:34:37.000Z","balance":0},{"id":1599,"name":"Gustav","email":"gustav.christensen@example.com","password":"12345678","phone_number":"26936141","nid":"126374633","role":"Customer","createdAt":"2022-04-05T05:36:27.000Z","updatedAt":"2022-04-05T05:36:27.000Z","balance":0},{"id":1600,"name":"Okan","email":"okan.kaya@example.com","password":"12345678","phone_number":"(169)-512-1334","nid":"126374633","role":"Customer","createdAt":"2022-04-05T05:37:38.000Z","updatedAt":"2022-04-05T05:37:38.000Z","balance":0},{"id":1601,"name":"Elvera","email":"elvera.koerhuis@example.com","password":"12345678","phone_number":"(870)-121-5422","nid":"126374633","role":"Customer","createdAt":"2022-04-05T05:48:02.000Z","updatedAt":"2022-04-05T05:48:02.000Z","balance":0},{"id":1602,"name":"User 39816","email":"test39816@gmail.com","password":"1234567","phone_number":"0181339816","nid":"4207236921","role":"Customer","createdAt":"2022-04-05T06:34:37.000Z","updatedAt":"2022-04-05T06:34:37.000Z","balance":0},{"id":1603,"name":"User 14796","email":"test14796@gmail.com","password":"1234567","phone_number":"0181314796","nid":"4207236921","role":"Customer","createdAt":"2022-04-05T06:35:16.000Z","updatedAt":"2022-04-05T06:35:16.000Z","balance":0},{"id":1604,"name":"hjhjhjh","email":"rahatnt77@gmail.com","password":"12345678","phone_number":"01956842142","nid":"14525698563","role":"Customer","createdAt":"2022-04-05T07:59:55.000Z","updatedAt":"2022-04-05T07:59:55.000Z","balance":0},{"id":1605,"name":"Montserrat Muñoz","email":"montserrat.munoz@example.com","password":"12345678","phone_number":"909-254-987","nid":"98078992","role":"Customer","createdAt":"2022-04-05T08:36:02.000Z","updatedAt":"2022-04-05T08:36:02.000Z","balance":0},{"id":1606,"name":"Gus Koepp Howard Vandervort","email":"userb34500@grr.la","password":"12345678","phone_number":"369-351-5166","nid":"56010152","role":"Customer","createdAt":"2022-04-05T08:36:10.000Z","updatedAt":"2022-04-05T08:36:10.000Z","balance":0},{"id":1608,"name":"User 76796","email":"test76796@gmail.com","password":"1234567","phone_number":"0181376796","nid":"4207236921","role":"Customer","createdAt":"2022-04-06T09:27:53.000Z","updatedAt":"2022-04-06T09:27:53.000Z","balance":0},{"id":1609,"name":"User 82745","email":"test82745@gmail.com","password":"1234567","phone_number":"0181382745","nid":"4207236921","role":"Customer","createdAt":"2022-04-06T09:30:38.000Z","updatedAt":"2022-04-06T09:30:38.000Z","balance":0},{"id":1610,"name":"User 81674","email":"test81674@gmail.com","password":"1234567","phone_number":"0181381674","nid":"4207236921","role":"Customer","createdAt":"2022-04-06T09:31:05.000Z","updatedAt":"2022-04-06T09:31:05.000Z","balance":0},{"id":1611,"name":"user78002","email":"user78002gmail.com","password":"12345678","phone_number":"01978002","nid":"78002","role":"Customer","createdAt":"2022-04-06T14:12:26.000Z","updatedAt":"2022-04-06T14:12:26.000Z","balance":0},{"id":1612,"name":"Olivia","email":"olivia.johnson@example.com","password":"12345678","phone_number":"031-180-6988","nid":"123456","role":"Customer","createdAt":"2022-04-06T14:12:29.000Z","updatedAt":"2022-04-06T14:12:29.000Z","balance":0},{"id":1613,"name":"user28517","email":"user28517gmail.com","password":"12345678","phone_number":"28517","nid":"545428517","role":"Customer","createdAt":"2022-04-06T14:12:46.000Z","updatedAt":"2022-04-06T14:12:46.000Z","balance":0},{"id":1614,"name":"user58259","email":"user58259gmail.com","password":"12345678","phone_number":"58259","nid":"545458259","role":"Customer","createdAt":"2022-04-09T07:10:55.000Z","updatedAt":"2022-04-09T07:10:55.000Z","balance":0},{"id":1615,"name":"user17327","email":"user17327gmail.com","password":"12345678","phone_number":"17327","nid":"545417327","role":"Customer","createdAt":"2022-04-09T07:11:15.000Z","updatedAt":"2022-04-09T07:11:15.000Z","balance":0},{"id":1616,"name":"user76705","email":"user76705gmail.com","password":"12345678","phone_number":"76705","nid":"545476705","role":"Customer","createdAt":"2022-04-09T07:13:34.000Z","updatedAt":"2022-04-09T07:13:34.000Z","balance":0},{"id":1617,"name":"user45874","email":"user45874gmail.com","password":"12345678","phone_number":"45874","nid":"545445874","role":"Customer","createdAt":"2022-04-09T07:13:53.000Z","updatedAt":"2022-04-09T07:13:53.000Z","balance":0},{"id":1618,"name":"user55027","email":"user55027gmail.com","password":"12345678","phone_number":"55027","nid":"545455027","role":"Customer","createdAt":"2022-04-09T07:18:09.000Z","updatedAt":"2022-04-09T07:18:09.000Z","balance":0},{"id":1619,"name":"user17180","email":"user17180gmail.com","password":"12345678","phone_number":"17180","nid":"545417180","role":"Customer","createdAt":"2022-04-09T07:23:38.000Z","updatedAt":"2022-04-09T07:23:38.000Z","balance":0},{"id":1620,"name":"user15778","email":"user15778gmail.com","password":"12345678","phone_number":"15778","nid":"545415778","role":"Customer","createdAt":"2022-04-09T07:24:13.000Z","updatedAt":"2022-04-09T07:24:13.000Z","balance":0},{"id":1621,"name":"user99403","email":"user99403gmail.com","password":"12345678","phone_number":"99403","nid":"545499403","role":"Customer","createdAt":"2022-04-09T07:31:43.000Z","updatedAt":"2022-04-09T07:31:43.000Z","balance":0},{"id":1622,"name":"user94614","email":"user94614gmail.com","password":"12345678","phone_number":"94614","nid":"545494614","role":"Customer","createdAt":"2022-04-09T07:32:47.000Z","updatedAt":"2022-04-09T07:32:47.000Z","balance":0},{"id":1623,"name":"user10108","email":"user10108gmail.com","password":"12345678","phone_number":"10108","nid":"545410108","role":"Customer","createdAt":"2022-04-09T07:34:02.000Z","updatedAt":"2022-04-09T07:34:02.000Z","balance":0},{"id":1624,"name":"user34411","email":"user34411gmail.com","password":"12345678","phone_number":"34411","nid":"545434411","role":"Customer","createdAt":"2022-04-09T07:34:52.000Z","updatedAt":"2022-04-09T07:34:52.000Z","balance":0},{"id":1625,"name":"user73089","email":"user73089gmail.com","password":"12345678","phone_number":"73089","nid":"545473089","role":"Customer","createdAt":"2022-04-09T07:37:17.000Z","updatedAt":"2022-04-09T07:37:17.000Z","balance":0},{"id":1626,"name":"user61024","email":"user61024gmail.com","password":"12345678","phone_number":"61024","nid":"545461024","role":"Customer","createdAt":"2022-04-09T07:37:25.000Z","updatedAt":"2022-04-09T07:37:25.000Z","balance":0},{"id":1627,"name":"user86274","email":"user86274gmail.com","password":"12345678","phone_number":"86274","nid":"545486274","role":"Customer","createdAt":"2022-04-09T07:38:58.000Z","updatedAt":"2022-04-09T07:38:58.000Z","balance":0},{"id":1628,"name":"user56113","email":"user56113gmail.com","password":"12345678","phone_number":"56113","nid":"545456113","role":"Customer","createdAt":"2022-04-09T07:39:24.000Z","updatedAt":"2022-04-09T07:39:24.000Z","balance":0},{"id":1629,"name":"user10209","email":"user10209gmail.com","password":"12345678","phone_number":"10209","nid":"545410209","role":"Customer","createdAt":"2022-04-09T07:39:40.000Z","updatedAt":"2022-04-09T07:39:40.000Z","balance":0},{"id":1630,"name":"user11934","email":"user11934gmail.com","password":"12345678","phone_number":"11934","nid":"545411934","role":"Customer","createdAt":"2022-04-09T07:39:49.000Z","updatedAt":"2022-04-09T07:39:49.000Z","balance":0},{"id":1631,"name":"user80796","email":"user80796gmail.com","password":"12345678","phone_number":"80796","nid":"545480796","role":"Customer","createdAt":"2022-04-09T07:44:03.000Z","updatedAt":"2022-04-09T07:44:03.000Z","balance":0},{"id":1632,"name":"user46692","email":"user46692gmail.com","password":"12345678","phone_number":"46692","nid":"545446692","role":"Customer","createdAt":"2022-04-09T07:46:00.000Z","updatedAt":"2022-04-09T07:46:00.000Z","balance":0},{"id":1634,"name":"user96920","email":"user96920gmail.com","password":"12345678","phone_number":"96920","nid":"545496920","role":"Customer","createdAt":"2022-04-09T07:52:27.000Z","updatedAt":"2022-04-09T07:52:27.000Z","balance":0},{"id":1635,"name":"user41391","email":"user41391gmail.com","password":"12345678","phone_number":"41391","nid":"545441391","role":"Customer","createdAt":"2022-04-09T07:54:13.000Z","updatedAt":"2022-04-09T07:54:13.000Z","balance":0},{"id":1636,"name":"user35424","email":"user35424gmail.com","password":"12345678","phone_number":"35424","nid":"545435424","role":"Customer","createdAt":"2022-04-09T07:55:55.000Z","updatedAt":"2022-04-09T07:55:55.000Z","balance":0},{"id":1637,"name":"user24488","email":"user24488gmail.com","password":"12345678","phone_number":"03-85-28-36-94","nid":"545424488","role":"Customer","createdAt":"2022-04-09T07:56:50.000Z","updatedAt":"2022-04-09T07:56:50.000Z","balance":0},{"id":1639,"name":"user84701","email":"user84701gmail.com","password":"12345678","phone_number":"03-85-28-36-94","nid":"545484701","role":"Customer","createdAt":"2022-04-09T07:57:49.000Z","updatedAt":"2022-04-09T07:57:49.000Z","balance":0},{"id":1647,"name":"Alexandre Chan","email":"alexandre.chan@example.com","password":"1234","phone_number":"01525213465","nid":"0204d0d7-111f-4a72-9acd-7dd0cce312ce","role":"Customer","createdAt":"2022-04-14T10:18:34.000Z","updatedAt":"2022-04-14T10:18:34.000Z","balance":0},{"id":1648,"name":"Harper Robinson","email":"harper.robinson@example.com","password":"1234","phone_number":"01972712716","nid":"6c9d724e-c33c-4681-a2c4-e17e241654ce","role":"Agent","createdAt":"2022-04-14T10:18:35.000Z","updatedAt":"2022-04-14T10:18:35.000Z","balance":0},{"id":1651,"name":"Ivo Ribeiro","email":"ivo.ribeiro@example.com","password":"1234","phone_number":"01528094897","nid":"8d857753-2ffd-4d8a-93fa-8334bfe04bdb","role":"Customer","createdAt":"2022-04-18T05:11:31.000Z","updatedAt":"2022-04-18T05:11:31.000Z","balance":0},{"id":1652,"name":"Loretta Matthews","email":"loretta.matthews@example.com","password":"1234","phone_number":"01976112240","nid":"986eac90-bccb-42ee-80b9-cc64f49514c6","role":"Agent","createdAt":"2022-04-18T05:11:33.000Z","updatedAt":"2022-04-18T05:11:33.000Z","balance":0},{"id":1654,"name":"Dominic Sjursen","email":"dominic.sjursen@example.com","password":"12345678","phone_number":"86359499","nid":"13571808","role":"Customer","createdAt":"2022-04-26T08:19:23.000Z","updatedAt":"2022-04-26T08:19:23.000Z","balance":0},{"id":1656,"name":"Sabbir M","email":"sabbirm@test.com","password":"asdf1234","phone_number":"01100000000","nid":"1234567890","role":"Customer","createdAt":"2022-05-03T07:14:13.000Z","updatedAt":"2022-05-03T07:14:13.000Z","balance":0},{"id":1657,"name":"Caroline Christiansen","email":"caroline.christiansen@example.com","password":"asdf1234","phone_number":"01501128","nid":"10215466","role":"Customer","createdAt":"2022-05-05T01:23:40.000Z","updatedAt":"2022-05-05T01:23:40.000Z","balance":0},{"id":1658,"name":"Marika Buck","email":"marika.buck@example.com","password":"asdf1234","phone_number":"0137-1476836","nid":"23828359","role":"Customer","createdAt":"2022-05-05T01:24:15.000Z","updatedAt":"2022-05-05T01:24:15.000Z","balance":0},{"id":1659,"name":"Monserrat  Reynolds","email":"Brown_Rogahn35@hotmail.com","password":"asdf1234","phone_number":"476-443-2259","nid":"100000000","role":"Customer","createdAt":"2022-05-05T01:43:36.000Z","updatedAt":"2022-05-05T01:43:36.000Z","balance":0},{"id":1660,"name":"Austen  Ziemann","email":"Zora.Mitchell32@yahoo.com","password":"asdf1234","phone_number":"780-308-8126","nid":"100000000","role":"Customer","createdAt":"2022-05-05T01:43:51.000Z","updatedAt":"2022-05-05T01:43:51.000Z","balance":0},{"id":1661,"name":"Laurel  Rippin","email":"Freda0@gmail.com","password":"asdf1234","phone_number":"427-562-1051","nid":"100000000","role":"Customer","createdAt":"2022-05-05T01:43:59.000Z","updatedAt":"2022-05-05T01:43:59.000Z","balance":0},{"id":1662,"name":"Katelin  Corwin","email":"tet + Emiliano_Price50@hotmail.com","password":"asdf1234","phone_number":"406-795-9428","nid":"100000000","role":"Customer","createdAt":"2022-05-05T01:44:38.000Z","updatedAt":"2022-05-05T01:44:38.000Z","balance":0},{"id":1663,"name":"Ismael  Halvorson","email":"'test'Jose.Medhurst91@hotmail.com","password":"asdf1234","phone_number":"658-486-5441","nid":"100000000","role":"Customer","createdAt":"2022-05-05T01:45:07.000Z","updatedAt":"2022-05-05T01:45:07.000Z","balance":0},{"id":1664,"name":"Jose  Fay","email":"testEmily_Skiles@yahoo.com","password":"asdf1234","phone_number":"758-348-5374","nid":"100000000","role":"Customer","createdAt":"2022-05-05T01:45:14.000Z","updatedAt":"2022-05-05T01:45:14.000Z","balance":0},{"id":1665,"name":"Suzanne  Corwin","email":"Minnie41@yahoo.com","password":"asdf1234","phone_number":"336-610-1287","nid":"100000000","role":"Customer","createdAt":"2022-05-05T01:45:41.000Z","updatedAt":"2022-05-05T01:45:41.000Z","balance":0},{"id":1666,"name":"Carmella  Fadel","email":"Jesse51@yahoo.com","password":"asdf1234","phone_number":"575-310-2473","nid":"100000000","role":"Customer","createdAt":"2022-05-05T01:46:12.000Z","updatedAt":"2022-05-05T01:46:12.000Z","balance":0},{"id":1667,"name":"Emory  Ebert","email":"Eudora.Reynolds55@hotmail.com","password":"asdf1234","phone_number":"866-844-2285","nid":"100000000","role":"Customer","createdAt":"2022-05-05T01:59:55.000Z","updatedAt":"2022-05-05T01:59:55.000Z","balance":0},{"id":1668,"name":"Justine  Berge  Paulette Russel","email":"userv3${randomid}@grr.la","password":"asdf1234","phone_number":"971-441-4494","nid":"100000000","role":"Customer","createdAt":"2022-05-05T02:06:28.000Z","updatedAt":"2022-05-05T02:06:28.000Z","balance":0},{"id":1669,"name":"Lafayette  Kautzer  Clint Olson","email":"userb36251@grr.la","password":"asdf1234","phone_number":"476-677-5416","nid":"100000000","role":"Customer","createdAt":"2022-05-05T02:07:57.000Z","updatedAt":"2022-05-05T02:07:57.000Z","balance":0},{"id":1670,"name":"Lavada  Pfeffer  Ms. Edith Heller","email":"userb34326@grr.la","password":"asdf1234","phone_number":"256-800-6872","nid":"100000000","role":"Customer","createdAt":"2022-05-05T02:08:18.000Z","updatedAt":"2022-05-05T02:08:18.000Z","balance":0},{"id":1671,"name":"Eugenia  Mraz  Louise Windler","email":"userb33529@grr.la","password":"asdf1234","phone_number":"555-699-3918","nid":"100000000","role":"Customer","createdAt":"2022-05-05T02:08:21.000Z","updatedAt":"2022-05-05T02:08:21.000Z","balance":0},{"id":1672,"name":"Kenny  Hagenes  Tom Ferry","email":"userb36507@grr.la","password":"asdf1234","phone_number":"779-863-0228","nid":"100000000","role":"Customer","createdAt":"2022-05-05T02:08:22.000Z","updatedAt":"2022-05-05T02:08:22.000Z","balance":0},{"id":1673,"name":"Aliza  Kulas  Conrad Sawayn","email":"userb39970@grr.la","password":"asdf1234","phone_number":"524-237-4504","nid":"100000000","role":"Customer","createdAt":"2022-05-05T02:08:24.000Z","updatedAt":"2022-05-05T02:08:24.000Z","balance":0},{"id":1674,"name":"Sigrid  Simonis  Dave Kerluke","email":"userb33098@grr.la","password":"asdf1234","phone_number":"711-918-2730","nid":"100000000","role":"Customer","createdAt":"2022-05-05T02:08:26.000Z","updatedAt":"2022-05-05T02:08:26.000Z","balance":0},{"id":1675,"name":"Jacinto  Halvorson  Myrtle Cormier Jr.","email":"userb37608@grr.la","password":"asdf1234","phone_number":"516-752-1764","nid":"100000000","role":"Customer","createdAt":"2022-05-05T02:08:27.000Z","updatedAt":"2022-05-05T02:08:27.000Z","balance":0},{"id":1676,"name":"Bettye  Sporer  Neal Connelly","email":"userb34861@grr.la","password":"asdf1234","phone_number":"770-217-6556","nid":"100000000","role":"Customer","createdAt":"2022-05-05T02:08:28.000Z","updatedAt":"2022-05-05T02:08:28.000Z","balance":0},{"id":1677,"name":"Lilyan  Powlowski  Paula Koch","email":"userb36462@grr.la","password":"asdf1234","phone_number":"589-207-3566","nid":"100000000","role":"Customer","createdAt":"2022-05-05T02:08:29.000Z","updatedAt":"2022-05-05T02:08:29.000Z","balance":0},{"id":1678,"name":"Danika  Lindgren  Shawn Hilll","email":"userb31432@grr.la","password":"asdf1234","phone_number":"568-439-1974","nid":"100000000","role":"Customer","createdAt":"2022-05-05T02:08:30.000Z","updatedAt":"2022-05-05T02:08:30.000Z","balance":0},{"id":1679,"name":"Ella  Greenholt  Myrtle Hickle","email":"userb36276@grr.la","password":"asdf1234","phone_number":"955-632-6163","nid":"100000000","role":"Customer","createdAt":"2022-05-05T02:08:31.000Z","updatedAt":"2022-05-05T02:08:31.000Z","balance":0},{"id":1680,"name":"Nikolas  Ortiz  Ethel Collier","email":"userb32501@grr.la","password":"asdf1234","phone_number":"566-214-3710","nid":"100000000","role":"Customer","createdAt":"2022-05-05T02:08:32.000Z","updatedAt":"2022-05-05T02:08:32.000Z","balance":0},{"id":1681,"name":"Kameron  Emard  Charlene Huel","email":"userb34286@grr.la","password":"asdf1234","phone_number":"227-388-7371","nid":"100000000","role":"Customer","createdAt":"2022-05-05T02:08:33.000Z","updatedAt":"2022-05-05T02:08:33.000Z","balance":0},{"id":1682,"name":"Victor  Schiller  Penny Kling","email":"userb31099@grr.la","password":"asdf1234","phone_number":"441-847-6759","nid":"100000000","role":"Customer","createdAt":"2022-05-05T02:08:34.000Z","updatedAt":"2022-05-05T02:08:34.000Z","balance":0},{"id":1683,"name":"Kimberly  Kozey  Dana Lind","email":"userb35646@grr.la","password":"asdf1234","phone_number":"491-427-3985","nid":"100000000","role":"Customer","createdAt":"2022-05-05T02:08:35.000Z","updatedAt":"2022-05-05T02:08:35.000Z","balance":0},{"id":1684,"name":"Waldo  Breitenberg  Jared Pagac","email":"userb37305@grr.la","password":"asdf1234","phone_number":"677-723-8239","nid":"100000000","role":"Customer","createdAt":"2022-05-05T02:08:36.000Z","updatedAt":"2022-05-05T02:08:36.000Z","balance":0},{"id":1685,"name":"Savannah  Kerluke  Terry Champlin","email":"userb39145@grr.la","password":"asdf1234","phone_number":"312-343-0568","nid":"100000000","role":"Customer","createdAt":"2022-05-05T02:08:37.000Z","updatedAt":"2022-05-05T02:08:37.000Z","balance":0},{"id":1686,"name":"Paige  Kub  Otis Daniel","email":"userb36062@grr.la","password":"asdf1234","phone_number":"779-955-9460","nid":"100000000","role":"Customer","createdAt":"2022-05-05T02:08:38.000Z","updatedAt":"2022-05-05T02:08:38.000Z","balance":0},{"id":1687,"name":"Frederique  Jakubowski  Greg Kautzer","email":"userb35324@grr.la","password":"asdf1234","phone_number":"303-522-2122","nid":"100000000","role":"Customer","createdAt":"2022-05-05T02:08:39.000Z","updatedAt":"2022-05-05T02:08:39.000Z","balance":0},{"id":1688,"name":"Carol  Hauck  Miss Keith DuBuque","email":"userb36775@grr.la","password":"asdf1234","phone_number":"534-797-4765","nid":"100000000","role":"Customer","createdAt":"2022-05-05T02:09:47.000Z","updatedAt":"2022-05-05T02:09:47.000Z","balance":0},{"id":1692,"name":"Anne Robertson","email":"anne.robertson@example.com","password":"asdf1234","phone_number":"(256)-329-8063","nid":"63099775","role":"Customer","createdAt":"2022-05-05T06:54:53.000Z","updatedAt":"2022-05-05T06:54:53.000Z","balance":0},{"id":1694,"name":"Soraya Melo","email":"soraya.melo@example.com","password":"asdf1234","phone_number":"(92) 2990-7482","nid":"46109295","role":"Customer","createdAt":"2022-05-05T09:42:46.000Z","updatedAt":"2022-05-05T09:42:46.000Z","balance":0},{"id":1696,"name":"Francisco Thompson","email":"francisco.thompson@example.com","password":"asdf1234","phone_number":"(120)-773-9148","nid":"92617913","role":"Customer","createdAt":"2022-05-05T09:55:33.000Z","updatedAt":"2022-05-05T09:55:33.000Z","balance":0},{"id":1698,"name":"Simon Singh","email":"simon.singh@example.com","password":"asdf1234","phone_number":"027-525-6001","nid":"33190614","role":"Customer","createdAt":"2022-05-05T10:00:19.000Z","updatedAt":"2022-05-05T10:00:19.000Z","balance":0},{"id":1700,"name":"Corey Beck","email":"corey.beck@example.com","password":"asdf1234","phone_number":"(362)-232-6478","nid":"53890408","role":"Customer","createdAt":"2022-05-06T18:42:54.000Z","updatedAt":"2022-05-06T18:42:54.000Z","balance":0},{"id":1702,"name":"user241150","email":"testuser241150@grr.la","password":"1234","phone_number":"01190241150","nid":"5657{id}","role":"Customer","createdAt":"2022-05-08T05:59:47.000Z","updatedAt":"2022-05-08T05:59:47.000Z","balance":0},{"id":1703,"name":"user27118","email":"testuser27118@grr.la","password":"1234","phone_number":"0119027118","nid":"5657{id}","role":"Customer","createdAt":"2022-05-08T06:00:12.000Z","updatedAt":"2022-05-08T06:00:12.000Z","balance":0},{"id":1704,"name":"user966974","email":"testuser966974@grr.la","password":"1234","phone_number":"01190966974","nid":"5657{id}","role":"Customer","createdAt":"2022-05-08T06:00:21.000Z","updatedAt":"2022-05-08T06:00:21.000Z","balance":0},{"id":1705,"name":"user364264","email":"testuser364264@grr.la","password":"1234","phone_number":"01190364264","nid":"5657{id}","role":"Customer","createdAt":"2022-05-09T16:15:58.000Z","updatedAt":"2022-05-09T16:15:58.000Z","balance":0},{"id":1706,"name":"user57561","email":"testuser57561@grr.la","password":"1234","phone_number":"0119057561","nid":"5657{id}","role":"Customer","createdAt":"2022-05-09T16:15:58.000Z","updatedAt":"2022-05-09T16:15:58.000Z","balance":0},{"id":1707,"name":"user737991","email":"testuser737991@grr.la","password":"1234","phone_number":"01190737991","nid":"5657{id}","role":"Customer","createdAt":"2022-05-09T16:15:58.000Z","updatedAt":"2022-05-09T16:15:58.000Z","balance":0},{"id":1709,"name":"user187523","email":"testuser187523@grr.la","password":"1234","phone_number":"01190187523","nid":"5657{id}","role":"Customer","createdAt":"2022-05-09T16:15:58.000Z","updatedAt":"2022-05-09T16:15:58.000Z","balance":0},{"id":1710,"name":"user293778","email":"testuser293778@grr.la","password":"1234","phone_number":"01190293778","nid":"5657{id}","role":"Customer","createdAt":"2022-05-09T16:15:58.000Z","updatedAt":"2022-05-09T16:15:58.000Z","balance":0},{"id":1711,"name":"user388788","email":"testuser388788@grr.la","password":"1234","phone_number":"01190388788","nid":"5657{id}","role":"Customer","createdAt":"2022-05-09T16:15:58.000Z","updatedAt":"2022-05-09T16:15:58.000Z","balance":0},{"id":1712,"name":"user855177","email":"testuser855177@grr.la","password":"1234","phone_number":"01190855177","nid":"5657{id}","role":"Customer","createdAt":"2022-05-09T16:15:58.000Z","updatedAt":"2022-05-09T16:15:58.000Z","balance":0},{"id":1713,"name":"user646380","email":"testuser646380@grr.la","password":"1234","phone_number":"01190646380","nid":"5657{id}","role":"Customer","createdAt":"2022-05-09T16:15:58.000Z","updatedAt":"2022-05-09T16:15:58.000Z","balance":0},{"id":1714,"name":"user305257","email":"testuser305257@grr.la","password":"1234","phone_number":"01190305257","nid":"5657{id}","role":"Customer","createdAt":"2022-05-09T16:15:58.000Z","updatedAt":"2022-05-09T16:15:58.000Z","balance":0},{"id":1715,"name":"user648646","email":"testuser648646@grr.la","password":"1234","phone_number":"01190648646","nid":"5657{id}","role":"Customer","createdAt":"2022-05-09T16:15:58.000Z","updatedAt":"2022-05-09T16:15:58.000Z","balance":0},{"id":1716,"name":"user79258","email":"testuser79258@grr.la","password":"1234","phone_number":"0119079258","nid":"5657{id}","role":"Customer","createdAt":"2022-05-09T16:15:58.000Z","updatedAt":"2022-05-09T16:15:58.000Z","balance":0},{"id":1717,"name":"user492350","email":"testuser492350@grr.la","password":"1234","phone_number":"01190492350","nid":"5657{id}","role":"Customer","createdAt":"2022-05-09T16:15:58.000Z","updatedAt":"2022-05-09T16:15:58.000Z","balance":0},{"id":1718,"name":"user32398","email":"testuser32398@grr.la","password":"1234","phone_number":"0119032398","nid":"5657{id}","role":"Customer","createdAt":"2022-05-09T16:15:58.000Z","updatedAt":"2022-05-09T16:15:58.000Z","balance":0},{"id":1719,"name":"user533876","email":"testuser533876@grr.la","password":"1234","phone_number":"01190533876","nid":"5657{id}","role":"Customer","createdAt":"2022-05-09T16:15:58.000Z","updatedAt":"2022-05-09T16:15:58.000Z","balance":0},{"id":1720,"name":"user343381","email":"testuser343381@grr.la","password":"1234","phone_number":"01190343381","nid":"5657{id}","role":"Customer","createdAt":"2022-05-09T16:15:58.000Z","updatedAt":"2022-05-09T16:15:58.000Z","balance":0},{"id":1721,"name":"user633414","email":"testuser633414@grr.la","password":"1234","phone_number":"01190633414","nid":"5657{id}","role":"Customer","createdAt":"2022-05-09T16:15:58.000Z","updatedAt":"2022-05-09T16:15:58.000Z","balance":0},{"id":1722,"name":"user849064","email":"testuser849064@grr.la","password":"1234","phone_number":"01190849064","nid":"5657{id}","role":"Customer","createdAt":"2022-05-09T16:15:58.000Z","updatedAt":"2022-05-09T16:15:58.000Z","balance":0},{"id":1723,"name":"user835573","email":"testuser835573@grr.la","password":"1234","phone_number":"01190835573","nid":"5657{id}","role":"Customer","createdAt":"2022-05-09T16:15:58.000Z","updatedAt":"2022-05-09T16:15:58.000Z","balance":0},{"id":1724,"name":"user415786","email":"testuser415786@grr.la","password":"1234","phone_number":"01190415786","nid":"5657{id}","role":"Customer","createdAt":"2022-05-09T16:15:58.000Z","updatedAt":"2022-05-09T16:15:58.000Z","balance":0},{"id":1725,"name":"user68706","email":"testuser68706@grr.la","password":"1234","phone_number":"0119068706","nid":"5657{id}","role":"Customer","createdAt":"2022-05-09T16:15:58.000Z","updatedAt":"2022-05-09T16:15:58.000Z","balance":0},{"id":1726,"name":"user12595","email":"testuser12595@grr.la","password":"1234","phone_number":"0119012595","nid":"5657{id}","role":"Customer","createdAt":"2022-05-09T16:15:58.000Z","updatedAt":"2022-05-09T16:15:58.000Z","balance":0},{"id":1727,"name":"user342170","email":"testuser342170@grr.la","password":"1234","phone_number":"01190342170","nid":"5657{id}","role":"Customer","createdAt":"2022-05-09T16:15:58.000Z","updatedAt":"2022-05-09T16:15:58.000Z","balance":0},{"id":1728,"name":"user704331","email":"testuser704331@grr.la","password":"1234","phone_number":"01190704331","nid":"5657{id}","role":"Customer","createdAt":"2022-05-09T16:15:58.000Z","updatedAt":"2022-05-09T16:15:58.000Z","balance":0},{"id":1729,"name":"user139368","email":"testuser139368@grr.la","password":"1234","phone_number":"01190139368","nid":"5657{id}","role":"Customer","createdAt":"2022-05-09T16:15:58.000Z","updatedAt":"2022-05-09T16:15:58.000Z","balance":0},{"id":1730,"name":"user635574","email":"testuser635574@grr.la","password":"1234","phone_number":"01190635574","nid":"5657{id}","role":"Customer","createdAt":"2022-05-09T16:15:58.000Z","updatedAt":"2022-05-09T16:15:58.000Z","balance":0},{"id":1731,"name":"user610963","email":"testuser610963@grr.la","password":"1234","phone_number":"01190610963","nid":"5657{id}","role":"Customer","createdAt":"2022-05-09T16:15:58.000Z","updatedAt":"2022-05-09T16:15:58.000Z","balance":0},{"id":1732,"name":"user68480","email":"testuser68480@grr.la","password":"1234","phone_number":"0119068480","nid":"5657{id}","role":"Customer","createdAt":"2022-05-09T16:15:58.000Z","updatedAt":"2022-05-09T16:15:58.000Z","balance":0},{"id":1733,"name":"user237549","email":"testuser237549@grr.la","password":"1234","phone_number":"01190237549","nid":"5657{id}","role":"Customer","createdAt":"2022-05-09T16:15:58.000Z","updatedAt":"2022-05-09T16:15:58.000Z","balance":0},{"id":1734,"name":"user31572","email":"testuser31572@grr.la","password":"1234","phone_number":"0119031572","nid":"5657{id}","role":"Customer","createdAt":"2022-05-09T16:15:58.000Z","updatedAt":"2022-05-09T16:15:58.000Z","balance":0},{"id":1735,"name":"user487657","email":"testuser487657@grr.la","password":"1234","phone_number":"01190487657","nid":"5657{id}","role":"Customer","createdAt":"2022-05-09T16:15:58.000Z","updatedAt":"2022-05-09T16:15:58.000Z","balance":0},{"id":1736,"name":"user502812","email":"testuser502812@grr.la","password":"1234","phone_number":"01190502812","nid":"5657{id}","role":"Customer","createdAt":"2022-05-09T16:15:58.000Z","updatedAt":"2022-05-09T16:15:58.000Z","balance":0},{"id":1737,"name":"user184942","email":"testuser184942@grr.la","password":"1234","phone_number":"01190184942","nid":"5657{id}","role":"Customer","createdAt":"2022-05-09T16:15:58.000Z","updatedAt":"2022-05-09T16:15:58.000Z","balance":0},{"id":1738,"name":"user183275","email":"testuser183275@grr.la","password":"1234","phone_number":"01190183275","nid":"5657{id}","role":"Customer","createdAt":"2022-05-09T16:15:58.000Z","updatedAt":"2022-05-09T16:15:58.000Z","balance":0},{"id":1739,"name":"user506419","email":"testuser506419@grr.la","password":"1234","phone_number":"01190506419","nid":"5657{id}","role":"Customer","createdAt":"2022-05-09T16:15:58.000Z","updatedAt":"2022-05-09T16:15:58.000Z","balance":0},{"id":1740,"name":"user582617","email":"testuser582617@grr.la","password":"1234","phone_number":"01190582617","nid":"5657{id}","role":"Customer","createdAt":"2022-05-09T16:15:58.000Z","updatedAt":"2022-05-09T16:15:58.000Z","balance":0},{"id":1741,"name":"user965772","email":"testuser965772@grr.la","password":"1234","phone_number":"01190965772","nid":"5657{id}","role":"Customer","createdAt":"2022-05-09T16:15:58.000Z","updatedAt":"2022-05-09T16:15:58.000Z","balance":0},{"id":1742,"name":"user916438","email":"testuser916438@grr.la","password":"1234","phone_number":"01190916438","nid":"5657{id}","role":"Customer","createdAt":"2022-05-09T16:15:58.000Z","updatedAt":"2022-05-09T16:15:58.000Z","balance":0},{"id":1743,"name":"user291636","email":"testuser291636@grr.la","password":"1234","phone_number":"01190291636","nid":"5657{id}","role":"Customer","createdAt":"2022-05-09T16:15:58.000Z","updatedAt":"2022-05-09T16:15:58.000Z","balance":0},{"id":1744,"name":"user307981","email":"testuser307981@grr.la","password":"1234","phone_number":"01190307981","nid":"5657{id}","role":"Customer","createdAt":"2022-05-09T16:15:58.000Z","updatedAt":"2022-05-09T16:15:58.000Z","balance":0},{"id":1745,"name":"user594115","email":"testuser594115@grr.la","password":"1234","phone_number":"01190594115","nid":"5657{id}","role":"Customer","createdAt":"2022-05-09T16:20:16.000Z","updatedAt":"2022-05-09T16:20:16.000Z","balance":0},{"id":1746,"name":"user256840","email":"testuser256840@grr.la","password":"1234","phone_number":"01190256840","nid":"5657{id}","role":"Customer","createdAt":"2022-05-09T16:20:56.000Z","updatedAt":"2022-05-09T16:20:56.000Z","balance":0},{"id":1747,"name":"user527825","email":"testuser527825@grr.la","password":"1234","phone_number":"01190527825","nid":"5657{id}","role":"Customer","createdAt":"2022-05-09T16:22:38.000Z","updatedAt":"2022-05-09T16:22:38.000Z","balance":0},{"id":1748,"name":"user773232","email":"testuser773232@grr.la","password":"1234","phone_number":"01190773232","nid":"5657{id}","role":"Customer","createdAt":"2022-05-09T16:22:38.000Z","updatedAt":"2022-05-09T16:22:38.000Z","balance":0},{"id":1749,"name":"user271648","email":"testuser271648@grr.la","password":"1234","phone_number":"01190271648","nid":"5657{id}","role":"Customer","createdAt":"2022-05-09T16:22:38.000Z","updatedAt":"2022-05-09T16:22:38.000Z","balance":0},{"id":1750,"name":"user923919","email":"testuser923919@grr.la","password":"1234","phone_number":"01190923919","nid":"5657{id}","role":"Customer","createdAt":"2022-05-09T16:22:38.000Z","updatedAt":"2022-05-09T16:22:38.000Z","balance":0},{"id":1751,"name":"user862121","email":"testuser862121@grr.la","password":"1234","phone_number":"01190862121","nid":"5657862121","role":"Customer","createdAt":"2022-05-09T16:28:38.000Z","updatedAt":"2022-05-09T16:28:38.000Z","balance":0},{"id":1752,"name":"user800557","email":"testuser800557@grr.la","password":"1234","phone_number":"01190800557","nid":"5657800557","role":"Customer","createdAt":"2022-05-09T16:28:38.000Z","updatedAt":"2022-05-09T16:28:38.000Z","balance":0},{"id":1753,"name":"user643149","email":"testuser643149@grr.la","password":"1234","phone_number":"01190643149","nid":"5657643149","role":"Customer","createdAt":"2022-05-09T16:28:38.000Z","updatedAt":"2022-05-09T16:28:38.000Z","balance":0},{"id":1754,"name":"user759459","email":"testuser759459@grr.la","password":"1234","phone_number":"01190759459","nid":"5657759459","role":"Customer","createdAt":"2022-05-09T16:28:38.000Z","updatedAt":"2022-05-09T16:28:38.000Z","balance":0},{"id":1755,"name":"user998967","email":"testuser998967@grr.la","password":"1234","phone_number":"01190998967","nid":"5657998967","role":"Customer","createdAt":"2022-05-09T16:28:38.000Z","updatedAt":"2022-05-09T16:28:38.000Z","balance":0},{"id":1756,"name":"user187081","email":"testuser187081@grr.la","password":"1234","phone_number":"01190187081","nid":"5657187081","role":"Customer","createdAt":"2022-05-09T16:28:38.000Z","updatedAt":"2022-05-09T16:28:38.000Z","balance":0},{"id":1757,"name":"user584640","email":"testuser584640@grr.la","password":"1234","phone_number":"01190584640","nid":"5657584640","role":"Customer","createdAt":"2022-05-09T16:28:38.000Z","updatedAt":"2022-05-09T16:28:38.000Z","balance":0},{"id":1758,"name":"user509780","email":"testuser509780@grr.la","password":"1234","phone_number":"01190509780","nid":"5657509780","role":"Customer","createdAt":"2022-05-09T16:28:38.000Z","updatedAt":"2022-05-09T16:28:38.000Z","balance":0},{"id":1759,"name":"user923149","email":"testuser923149@grr.la","password":"1234","phone_number":"01190923149","nid":"5657923149","role":"Customer","createdAt":"2022-05-09T16:28:38.000Z","updatedAt":"2022-05-09T16:28:38.000Z","balance":0},{"id":1760,"name":"user413432","email":"testuser413432@grr.la","password":"1234","phone_number":"01190413432","nid":"5657413432","role":"Customer","createdAt":"2022-05-09T16:28:38.000Z","updatedAt":"2022-05-09T16:28:38.000Z","balance":0},{"id":1761,"name":"user240816","email":"testuser240816@grr.la","password":"1234","phone_number":"01190240816","nid":"5657240816","role":"Customer","createdAt":"2022-05-09T16:28:38.000Z","updatedAt":"2022-05-09T16:28:38.000Z","balance":0},{"id":1762,"name":"user630034","email":"testuser630034@grr.la","password":"1234","phone_number":"01190630034","nid":"5657630034","role":"Customer","createdAt":"2022-05-09T16:28:38.000Z","updatedAt":"2022-05-09T16:28:38.000Z","balance":0},{"id":1763,"name":"user795614","email":"testuser795614@grr.la","password":"1234","phone_number":"01190795614","nid":"5657795614","role":"Customer","createdAt":"2022-05-09T16:28:38.000Z","updatedAt":"2022-05-09T16:28:38.000Z","balance":0},{"id":1764,"name":"user935064","email":"testuser935064@grr.la","password":"1234","phone_number":"01190935064","nid":"5657935064","role":"Customer","createdAt":"2022-05-09T16:28:38.000Z","updatedAt":"2022-05-09T16:28:38.000Z","balance":0},{"id":1765,"name":"user892751","email":"testuser892751@grr.la","password":"1234","phone_number":"01190892751","nid":"5657892751","role":"Customer","createdAt":"2022-05-09T16:28:38.000Z","updatedAt":"2022-05-09T16:28:38.000Z","balance":0},{"id":1766,"name":"user395251","email":"testuser395251@grr.la","password":"1234","phone_number":"01190395251","nid":"5657395251","role":"Customer","createdAt":"2022-05-09T16:28:38.000Z","updatedAt":"2022-05-09T16:28:38.000Z","balance":0},{"id":1767,"name":"user931166","email":"testuser931166@grr.la","password":"1234","phone_number":"01190931166","nid":"5657931166","role":"Customer","createdAt":"2022-05-09T16:28:38.000Z","updatedAt":"2022-05-09T16:28:38.000Z","balance":0},{"id":1768,"name":"user714859","email":"testuser714859@grr.la","password":"1234","phone_number":"01190714859","nid":"5657714859","role":"Customer","createdAt":"2022-05-09T16:28:38.000Z","updatedAt":"2022-05-09T16:28:38.000Z","balance":0},{"id":1769,"name":"user45559","email":"testuser45559@grr.la","password":"1234","phone_number":"0119045559","nid":"565745559","role":"Customer","createdAt":"2022-05-09T16:28:38.000Z","updatedAt":"2022-05-09T16:28:38.000Z","balance":0},{"id":1770,"name":"user287218","email":"testuser287218@grr.la","password":"1234","phone_number":"01190287218","nid":"5657287218","role":"Customer","createdAt":"2022-05-09T16:28:38.000Z","updatedAt":"2022-05-09T16:28:38.000Z","balance":0},{"id":1771,"name":"user971544","email":"testuser971544@grr.la","password":"1234","phone_number":"01190971544","nid":"5657971544","role":"Customer","createdAt":"2022-05-09T16:28:38.000Z","updatedAt":"2022-05-09T16:28:38.000Z","balance":0},{"id":1772,"name":"user86625","email":"testuser86625@grr.la","password":"1234","phone_number":"0119086625","nid":"565786625","role":"Customer","createdAt":"2022-05-09T16:28:38.000Z","updatedAt":"2022-05-09T16:28:38.000Z","balance":0},{"id":1773,"name":"user128472","email":"testuser128472@grr.la","password":"1234","phone_number":"01190128472","nid":"5657128472","role":"Customer","createdAt":"2022-05-09T16:28:38.000Z","updatedAt":"2022-05-09T16:28:38.000Z","balance":0},{"id":1774,"name":"user248430","email":"testuser248430@grr.la","password":"1234","phone_number":"01190248430","nid":"5657248430","role":"Customer","createdAt":"2022-05-09T16:28:38.000Z","updatedAt":"2022-05-09T16:28:38.000Z","balance":0},{"id":1775,"name":"user352889","email":"testuser352889@grr.la","password":"1234","phone_number":"01190352889","nid":"5657352889","role":"Customer","createdAt":"2022-05-09T16:28:38.000Z","updatedAt":"2022-05-09T16:28:38.000Z","balance":0},{"id":1776,"name":"user611156","email":"testuser611156@grr.la","password":"1234","phone_number":"01190611156","nid":"5657611156","role":"Customer","createdAt":"2022-05-09T16:28:38.000Z","updatedAt":"2022-05-09T16:28:38.000Z","balance":0},{"id":1777,"name":"user183116","email":"testuser183116@grr.la","password":"1234","phone_number":"01190183116","nid":"5657183116","role":"Customer","createdAt":"2022-05-09T16:28:38.000Z","updatedAt":"2022-05-09T16:28:38.000Z","balance":0},{"id":1778,"name":"user522897","email":"testuser522897@grr.la","password":"1234","phone_number":"01190522897","nid":"5657522897","role":"Customer","createdAt":"2022-05-09T16:28:38.000Z","updatedAt":"2022-05-09T16:28:38.000Z","balance":0},{"id":1779,"name":"user978267","email":"testuser978267@grr.la","password":"1234","phone_number":"01190978267","nid":"5657978267","role":"Customer","createdAt":"2022-05-09T16:28:38.000Z","updatedAt":"2022-05-09T16:28:38.000Z","balance":0},{"id":1780,"name":"user618485","email":"testuser618485@grr.la","password":"1234","phone_number":"01190618485","nid":"5657618485","role":"Customer","createdAt":"2022-05-09T16:28:38.000Z","updatedAt":"2022-05-09T16:28:38.000Z","balance":0},{"id":1781,"name":"user269329","email":"testuser269329@grr.la","password":"1234","phone_number":"01190269329","nid":"5657269329","role":"Customer","createdAt":"2022-05-09T16:28:38.000Z","updatedAt":"2022-05-09T16:28:38.000Z","balance":0},{"id":1782,"name":"user88055","email":"testuser88055@grr.la","password":"1234","phone_number":"0119088055","nid":"565788055","role":"Customer","createdAt":"2022-05-09T16:28:38.000Z","updatedAt":"2022-05-09T16:28:38.000Z","balance":0},{"id":1783,"name":"user643608","email":"testuser643608@grr.la","password":"1234","phone_number":"01190643608","nid":"5657643608","role":"Customer","createdAt":"2022-05-09T16:28:38.000Z","updatedAt":"2022-05-09T16:28:38.000Z","balance":0},{"id":1784,"name":"user393037","email":"testuser393037@grr.la","password":"1234","phone_number":"01190393037","nid":"5657393037","role":"Customer","createdAt":"2022-05-09T16:28:38.000Z","updatedAt":"2022-05-09T16:28:38.000Z","balance":0},{"id":1785,"name":"user548322","email":"testuser548322@grr.la","password":"1234","phone_number":"01190548322","nid":"5657548322","role":"Customer","createdAt":"2022-05-09T16:28:38.000Z","updatedAt":"2022-05-09T16:28:38.000Z","balance":0},{"id":1786,"name":"user240675","email":"testuser240675@grr.la","password":"1234","phone_number":"01190240675","nid":"5657240675","role":"Customer","createdAt":"2022-05-09T16:28:38.000Z","updatedAt":"2022-05-09T16:28:38.000Z","balance":0},{"id":1788,"name":"user702190","email":"testuser702190@grr.la","password":"1234","phone_number":"01190702190","nid":"5657702190","role":"Customer","createdAt":"2022-05-09T16:28:38.000Z","updatedAt":"2022-05-09T16:28:38.000Z","balance":0},{"id":1789,"name":"user241318","email":"testuser241318@grr.la","password":"1234","phone_number":"01190241318","nid":"5657241318","role":"Customer","createdAt":"2022-05-09T16:28:38.000Z","updatedAt":"2022-05-09T16:28:38.000Z","balance":0},{"id":1790,"name":"user722029","email":"testuser722029@grr.la","password":"1234","phone_number":"01190722029","nid":"5657722029","role":"Customer","createdAt":"2022-05-09T16:28:38.000Z","updatedAt":"2022-05-09T16:28:38.000Z","balance":0},{"id":1791,"name":"Sabbir786","email":"smridha786@grr.la","password":"1234","phone_number":"0112111111","nid":"567890349039220","role":"Customer","createdAt":"2022-05-09T16:56:32.000Z","updatedAt":"2022-05-09T16:56:32.000Z","balance":0},{"id":1792,"name":"user858570","email":"testuser858570@grr.la","password":"1234","phone_number":"01190858570","nid":"5657858570","role":"Customer","createdAt":"2022-05-09T16:58:09.000Z","updatedAt":"2022-05-09T16:58:09.000Z","balance":0},{"id":1793,"name":"sazzad Forazi","email":"forazi@gmail.com","password":"1234","phone_number":"01745468693","nid":"9845225436","role":"Customer","createdAt":"2022-05-14T18:09:41.000Z","updatedAt":"2022-05-14T18:09:41.000Z","balance":0},{"id":1794,"name":"James Jackson","email":"james.jackson@example.com","password":"1234","phone_number":"(597)-945-4398","nid":"901025411","role":"Customer","createdAt":"2022-05-15T04:23:42.000Z","updatedAt":"2022-05-15T04:23:42.000Z","balance":0},{"id":1795,"name":"Gauthier Riviere","email":"gauthier.riviere@example.com","password":"1234","phone_number":"02-66-59-65-69","nid":"301762729","role":"Customer","createdAt":"2022-05-15T04:27:01.000Z","updatedAt":"2022-05-15T04:27:01.000Z","balance":0},{"id":1796,"name":"Britney Vasquez","email":"britney.vasquez@example.com","password":"1234","phone_number":"015396 64466","nid":"367258068","role":"Customer","createdAt":"2022-05-15T04:27:08.000Z","updatedAt":"2022-05-15T04:27:08.000Z","balance":0},{"id":1797,"name":"Jim Doyle","email":"jim.doyle@example.com","password":"1234","phone_number":"051-944-3545","nid":"805395389","role":"Customer","createdAt":"2022-05-15T04:27:15.000Z","updatedAt":"2022-05-15T04:27:15.000Z","balance":0},{"id":1798,"name":"Ceyhun Gürmen","email":"ceyhun.gurmen@example.com","password":"1234","phone_number":"(474)-435-3775","nid":"652657621","role":"Customer","createdAt":"2022-05-15T04:27:20.000Z","updatedAt":"2022-05-15T04:27:20.000Z","balance":0},{"id":1799,"name":"Harry Gibson","email":"Mia_Fay@hotmail.com","password":"1234456","phone_number":"681-780-7670","nid":"735603934","role":"Customer","createdAt":"2022-05-15T04:52:45.000Z","updatedAt":"2022-05-15T04:52:45.000Z","balance":0},{"id":1803,"name":"Anniek Kennis","email":"anniek.kennis@example.com","password":"1234","phone_number":"(915)-164-5911","nid":"246467467","role":"Customer","createdAt":"2022-05-15T07:57:12.000Z","updatedAt":"2022-05-15T07:57:12.000Z","balance":0},{"id":1804,"name":"Emmanuel Schmidt","email":"userb32233@grr.la","password":"1234456","phone_number":"759-415-5902","nid":"927922499","role":"Customer","createdAt":"2022-05-15T07:57:13.000Z","updatedAt":"2022-05-15T07:57:13.000Z","balance":0},{"id":1805,"name":"Arthur Brown","email":"arthur.brown@example.com","password":"1234","phone_number":"124-951-8840","nid":"568452407","role":"Customer","createdAt":"2022-05-15T08:04:06.000Z","updatedAt":"2022-05-15T08:04:06.000Z","balance":0},{"id":1806,"name":"Brooke Kreiger","email":"userb35649@grr.la","password":"1234456","phone_number":"607-792-1680","nid":"594006124","role":"Customer","createdAt":"2022-05-15T08:04:06.000Z","updatedAt":"2022-05-15T08:04:06.000Z","balance":0},{"id":1809,"name":"Carmen Wallace","email":"carmen.wallace@example.com","password":"1234","phone_number":"02-1077-3894","nid":"181978969","role":"Customer","createdAt":"2022-05-15T08:28:32.000Z","updatedAt":"2022-05-15T08:28:32.000Z","balance":0},{"id":1810,"name":"Tamia Tremblay","email":"userb36650@grr.la","password":"1234456","phone_number":"698-471-7003","nid":"812441664","role":"Customer","createdAt":"2022-05-15T08:28:33.000Z","updatedAt":"2022-05-15T08:28:33.000Z","balance":0},{"id":1811,"name":"Luís Figo da Conceição","email":"luisfigo.daconceicao@example.com","password":"1234","phone_number":"(08) 0328-4477","nid":"993909414","role":"Customer","createdAt":"2022-05-15T08:30:32.000Z","updatedAt":"2022-05-15T08:30:32.000Z","balance":0},{"id":1813,"name":"Eugene Rodriquez","email":"eugene.rodriquez@example.com","password":"1234","phone_number":"(546)-157-2814","nid":"295642629","role":"Customer","createdAt":"2022-05-15T08:41:41.000Z","updatedAt":"2022-05-15T08:41:41.000Z","balance":0},{"id":1814,"name":"Rosalee Braun","email":"userb35050@grr.la","password":"1234456","phone_number":"675-839-0670","nid":"627282557","role":"Customer","createdAt":"2022-05-15T08:41:41.000Z","updatedAt":"2022-05-15T08:41:41.000Z","balance":0},{"id":1815,"name":"Alban Guerin","email":"alban.guerin@example.com","password":"1234","phone_number":"04-71-97-12-31","nid":"733566438","role":"Customer","createdAt":"2022-05-15T08:43:06.000Z","updatedAt":"2022-05-15T08:43:06.000Z","balance":0},{"id":1816,"name":"Lenny McGlynn","email":"userb33116@grr.la","password":"1234456","phone_number":"687-993-5649","nid":"612056987","role":"Customer","createdAt":"2022-05-15T08:43:06.000Z","updatedAt":"2022-05-15T08:43:06.000Z","balance":0},{"id":1817,"name":"Anna Rodriguez","email":"anna.rodriguez@example.com","password":"1234","phone_number":"019467 41776","nid":"430060864","role":"Customer","createdAt":"2022-05-15T08:46:40.000Z","updatedAt":"2022-05-15T08:46:40.000Z","balance":0},{"id":1818,"name":"Russel Schroeder","email":"userb36087@grr.la","password":"1234456","phone_number":"612-574-2320","nid":"382474510","role":"Customer","createdAt":"2022-05-15T08:46:40.000Z","updatedAt":"2022-05-15T08:46:40.000Z","balance":0},{"id":1819,"name":"Eemil Kurtti","email":"eemil.kurtti@example.com","password":"1234","phone_number":"05-030-294","nid":"539148041","role":"Customer","createdAt":"2022-05-15T08:50:36.000Z","updatedAt":"2022-05-15T08:50:36.000Z","balance":0},{"id":1820,"name":"Florence Beatty","email":"userb36013@grr.la","password":"1234456","phone_number":"359-837-4893","nid":"722700804","role":"Customer","createdAt":"2022-05-15T08:50:36.000Z","updatedAt":"2022-05-15T08:50:36.000Z","balance":0},{"id":1821,"name":"Md. Shiblee Sadik","email":"Dana_Rolfson0@gmail.com","password":"CbSKMVWI3E3OJdn","phone_number":"01506610593","nid":"8906610593","role":"Agent","createdAt":"2022-05-15T08:53:48.000Z","updatedAt":"2022-08-02T00:20:25.000Z","balance":0},{"id":1823,"name":"Scarlett Duncan","email":"scarlett.duncan@example.com","password":"1234","phone_number":"(664)-371-6950","nid":"660782842","role":"Customer","createdAt":"2022-05-15T09:22:10.000Z","updatedAt":"2022-05-15T09:22:10.000Z","balance":0},{"id":1824,"name":"Hillard Schaden","email":"userb38611@grr.la","password":"1234456","phone_number":"629-995-3657","nid":"321757260","role":"Customer","createdAt":"2022-05-15T09:22:10.000Z","updatedAt":"2022-05-15T09:22:10.000Z","balance":0},{"id":1825,"name":"Bobby Stone","email":"bobby.stone@example.com","password":"1234","phone_number":"(518)-944-8607","nid":"708807936","role":"Customer","createdAt":"2022-05-15T09:25:42.000Z","updatedAt":"2022-05-15T09:25:42.000Z","balance":0},{"id":1827,"name":"Devon","email":"devon.horton@example.com","password":"1234","phone_number":"(813)-050-0916","nid":"9845225436","role":"Customer","createdAt":"2022-05-17T19:32:35.000Z","updatedAt":"2022-05-17T19:32:35.000Z","balance":0},{"id":1828,"name":"Santiago","email":"santiago.spoolder@example.com","password":"1234","phone_number":"(647)-595-4662","nid":"9845225436","role":"Customer","createdAt":"2022-05-17T19:42:40.000Z","updatedAt":"2022-05-17T19:42:40.000Z","balance":0},{"id":1829,"name":"Alicia","email":"alicia.flores@example.com","password":"1234","phone_number":"993-673-752","nid":"9845225436","role":"Customer","createdAt":"2022-05-17T19:54:49.000Z","updatedAt":"2022-05-17T19:54:49.000Z","balance":0},{"id":1830,"name":"Marie-Louise","email":"marie-louise.fabre@example.com","password":"1234","phone_number":"078 566 35 12","nid":"9845225436","role":"Customer","createdAt":"2022-05-17T19:57:32.000Z","updatedAt":"2022-05-17T19:57:32.000Z","balance":0},{"id":1831,"name":"Wyatt Wagner","email":"wyatt.wagner@example.com","password":"12345678","phone_number":"04-9242-3891","nid":"26784900","role":"Customer","createdAt":"2022-05-26T09:05:52.000Z","updatedAt":"2022-05-26T09:05:52.000Z","balance":0},{"id":1832,"name":"Chaim Muller Viola Effertz V","email":"userb32481@grr.la","password":"12345678","phone_number":"935-512-6208","nid":"94804488","role":"Customer","createdAt":"2022-05-26T09:06:03.000Z","updatedAt":"2022-05-26T09:06:03.000Z","balance":0},{"id":1833,"name":"Brooke Moore","email":"brooke.moore@example.com","password":"12345678","phone_number":"(113)-440-7830","nid":"12032428","role":"Customer","createdAt":"2022-05-29T02:57:10.000Z","updatedAt":"2022-05-29T02:57:10.000Z","balance":0},{"id":1837,"name":"Reece MacGyver","email":"userb36798@grr.la","password":"1234456","phone_number":"722-850-2555","nid":"447241038","role":"Customer","createdAt":"2022-06-01T01:24:38.000Z","updatedAt":"2022-06-01T01:24:38.000Z","balance":0},{"id":1838,"name":"Ariel Rodrigues","email":"ariel.rodrigues@example.com","password":"1234","phone_number":"(72) 4722-4389","nid":"506810821","role":"Customer","createdAt":"2022-06-01T01:25:23.000Z","updatedAt":"2022-06-01T01:25:23.000Z","balance":0},{"id":1839,"name":"Justine Pelletier","email":"justine.pelletier@example.com","password":"1234","phone_number":"874-571-1585","nid":"459354588","role":"Customer","createdAt":"2022-06-01T01:25:42.000Z","updatedAt":"2022-06-01T01:25:42.000Z","balance":0},{"id":1840,"name":"Matilda Rolfson","email":"userb39128@grr.la","password":"1234456","phone_number":"700-749-2463","nid":"314072300","role":"Customer","createdAt":"2022-06-01T01:25:42.000Z","updatedAt":"2022-06-01T01:25:42.000Z","balance":0},{"id":1841,"name":"Aria Solberg","email":"aria.solberg@example.com","password":"1234","phone_number":"23323453","nid":"975362793","role":"Customer","createdAt":"2022-06-01T01:29:53.000Z","updatedAt":"2022-06-01T01:29:53.000Z","balance":0},{"id":1842,"name":"Frank Ziemann","email":"userb31926@grr.la","password":"1234456","phone_number":"441-620-3840","nid":"813327172","role":"Customer","createdAt":"2022-06-01T01:29:53.000Z","updatedAt":"2022-06-01T01:29:53.000Z","balance":0},{"id":1843,"name":"Katharine Adrian","email":"katharine.adrian@example.com","password":"1234","phone_number":"0560-8551151","nid":"536955259","role":"Customer","createdAt":"2022-06-01T01:30:18.000Z","updatedAt":"2022-06-01T01:30:18.000Z","balance":0},{"id":1846,"name":"Mason Lewis","email":"mason.lewis@example.com","password":"1234","phone_number":"(949)-035-6557","nid":"413088248","role":"Customer","createdAt":"2022-06-01T01:32:50.000Z","updatedAt":"2022-06-01T01:32:50.000Z","balance":0},{"id":1847,"name":"Julio Diez","email":"julio.diez@example.com","password":"1234","phone_number":"958-205-024","nid":"660198457","role":"Customer","createdAt":"2022-06-01T01:33:07.000Z","updatedAt":"2022-06-01T01:33:07.000Z","balance":0},{"id":1849,"name":"Silke Petersen","email":"silke.petersen@example.com","password":"1234","phone_number":"25788818","nid":"175034360","role":"Customer","createdAt":"2022-06-01T01:51:09.000Z","updatedAt":"2022-06-01T01:51:09.000Z","balance":0},{"id":1851,"name":"Jackie Martin","email":"jackie.martin@example.com","password":"1234","phone_number":"00-8627-4801","nid":"841335250","role":"Customer","createdAt":"2022-06-01T02:03:13.000Z","updatedAt":"2022-06-01T02:03:13.000Z","balance":0},{"id":1853,"name":"Celine Toft","email":"celine.toft@example.com","password":"1234","phone_number":"38074491","nid":"918754392","role":"Customer","createdAt":"2022-06-01T05:06:50.000Z","updatedAt":"2022-06-01T05:06:50.000Z","balance":0},{"id":1854,"name":"Delaney Blanda","email":"userb34251@grr.la","password":"1234456","phone_number":"963-465-8121","nid":"292138027","role":"Customer","createdAt":"2022-06-01T05:06:58.000Z","updatedAt":"2022-06-01T05:06:58.000Z","balance":0},{"id":1855,"name":"Daniel Hansen","email":"daniel.hansen@example.com","password":"12345678","phone_number":"16455579","nid":"72937353","role":"Customer","createdAt":"2022-06-01T17:58:55.000Z","updatedAt":"2022-06-01T17:58:55.000Z","balance":0},{"id":1856,"name":"faruk khan","email":"faruk@yopmail.com","password":"12345678","phone_number":"01981234778","nid":"12349875534","role":"Admin","createdAt":"2022-06-01T18:24:09.000Z","updatedAt":"2022-06-01T18:24:09.000Z","balance":0},{"id":1857,"name":"Philip Johnston","email":"philip.johnston@example.com","password":"12345678","phone_number":"(059)-673-1322","nid":"50991746","role":"Customer","createdAt":"2022-06-01T18:27:19.000Z","updatedAt":"2022-06-01T18:27:19.000Z","balance":0},{"id":1858,"name":"Fariha Jabin","email":"fariha.jabin@gmail.com","password":"12345678","phone_number":"01717476191","nid":"12345678","role":"Customer","createdAt":"2022-06-02T16:13:22.000Z","updatedAt":"2022-06-02T16:13:22.000Z","balance":0},{"id":1859,"name":"fariha jabin","email":"fariha.jabin@mailinator.comm","password":"12345678","phone_number":"01190123123","nid":"12345678","role":"Customer","createdAt":"2022-06-03T08:42:07.000Z","updatedAt":"2022-06-03T08:42:07.000Z","balance":0},{"id":1860,"name":"Fariha Jabin","email":"fariha.jabin@maildrop.com","password":"12345678","phone_number":"01190123124","nid":"12345678","role":"Customer","createdAt":"2022-06-03T08:43:38.000Z","updatedAt":"2022-06-03T08:43:38.000Z","balance":0},{"id":1861,"name":"Hildegard Jahn","email":"hildegard.jahn@example.com","password":"12345678","phone_number":"0423-1090447","nid":"29732544","role":"Admin","createdAt":"2022-06-03T13:46:56.000Z","updatedAt":"2022-06-03T13:46:56.000Z","balance":0},{"id":1862,"name":"Julio Martinez","email":"julio.martinez@example.com","password":"12345678","phone_number":"950-396-174","nid":"17178922","role":"Admin","createdAt":"2022-06-03T13:52:23.000Z","updatedAt":"2022-06-03T13:52:23.000Z","balance":0},{"id":1863,"name":"Nélson da Mata","email":"nelson.damata@example.com","password":"12345678","phone_number":"(04) 4123-9570","nid":"10291754","role":"Admin","createdAt":"2022-06-03T13:52:43.000Z","updatedAt":"2022-06-03T13:52:43.000Z","balance":0},{"id":1864,"name":"Andrea Poulsen","email":"andrea.poulsen@example.com","password":"12345678","phone_number":"57689284","nid":"72465428","role":"Admin","createdAt":"2022-06-03T13:52:46.000Z","updatedAt":"2022-06-03T13:52:46.000Z","balance":0},{"id":1865,"name":"Jaime Alvarez","email":"jaime.alvarez@example.com","password":"12345678","phone_number":"929-433-470","nid":"85238273","role":"Admin","createdAt":"2022-06-03T13:58:41.000Z","updatedAt":"2022-06-03T13:58:41.000Z","balance":0},{"id":1866,"name":"Amaury Thomas","email":"amaury.thomas@example.com","password":"12345678","phone_number":"05-87-72-45-43","nid":"97017214","role":"Admin","createdAt":"2022-06-03T13:58:51.000Z","updatedAt":"2022-06-03T13:58:51.000Z","balance":0},{"id":1867,"name":"Gilda+Rippin","email":"Carole87@gmail.com","password":"12345678","phone_number":"735-889-9490","nid":"40716117","role":"Admin","createdAt":"2022-06-03T14:14:15.000Z","updatedAt":"2022-06-03T14:14:15.000Z","balance":0},{"id":1868,"name":"William Harris","email":"Van.McDermott@yahoo.com","password":"12345678","phone_number":"925-791-5316","nid":"31391524","role":"Admin","createdAt":"2022-06-03T14:17:50.000Z","updatedAt":"2022-06-03T14:17:50.000Z","balance":0},{"id":1869,"name":"Laurianne Bauch Kent Satterfield","email":"Elizabeth35@hotmail.com","password":"12345678","phone_number":"244-317-8752","nid":"19853080","role":"Admin","createdAt":"2022-06-03T14:18:51.000Z","updatedAt":"2022-06-03T14:18:51.000Z","balance":0},{"id":1873,"name":"Masha Schulting","email":"masha.schulting@example.com","password":"12345678","phone_number":"(203)-839-3143","nid":"11763152","role":"Admin","createdAt":"2022-06-03T16:03:11.000Z","updatedAt":"2022-06-03T16:03:11.000Z","balance":0},{"id":1874,"name":"Hello sELISE1234","email":"bang@yopmail.com","password":"1234","phone_number":"01454645234778","nid":"12349875534","role":"Admin","createdAt":"2022-06-03T16:03:11.000Z","updatedAt":"2022-06-03T16:56:11.000Z","balance":0},{"id":1875,"name":"Audrey Van Haaren","email":"audrey.vanhaaren@example.com","password":"12345678","phone_number":"(729)-612-7440","nid":"88980306","role":"Admin","createdAt":"2022-06-03T16:04:50.000Z","updatedAt":"2022-06-03T16:04:50.000Z","balance":0},{"id":1876,"name":"Arthur Denis","email":"arthur.denis@example.com","password":"12345678","phone_number":"03-32-84-06-92","nid":"89320571","role":"Admin","createdAt":"2022-06-03T16:05:05.000Z","updatedAt":"2022-06-03T16:05:05.000Z","balance":0},{"id":1877,"name":"Tjarco Sikma","email":"tjarco.sikma@example.com","password":"12345678","phone_number":"(891)-803-6154","nid":"27420640","role":"Admin","createdAt":"2022-06-03T16:05:07.000Z","updatedAt":"2022-06-03T16:05:07.000Z","balance":0},{"id":1878,"name":"Andrée Deschamps","email":"andree.deschamps@example.com","password":"12345678","phone_number":"079 210 51 89","nid":"57981745","role":"Admin","createdAt":"2022-06-03T16:05:08.000Z","updatedAt":"2022-06-03T16:05:08.000Z","balance":0},{"id":1879,"name":"Yassira Ibrahim","email":"yassira.ibrahim@example.com","password":"12345678","phone_number":"(066)-361-6435","nid":"85108025","role":"Admin","createdAt":"2022-06-03T16:05:09.000Z","updatedAt":"2022-06-03T16:05:09.000Z","balance":0},{"id":1880,"name":"Micha Dumas","email":"micha.dumas@example.com","password":"12345678","phone_number":"079 185 36 80","nid":"92309629","role":"Admin","createdAt":"2022-06-03T16:05:10.000Z","updatedAt":"2022-06-03T16:05:10.000Z","balance":0},{"id":1881,"name":"Jacinthe Cormier Cheryl Dooley","email":"Faruk3396@grr.la","password":"12345678","phone_number":"486-217-1893","nid":"36650420","role":"Admin","createdAt":"2022-06-03T16:05:14.000Z","updatedAt":"2022-06-03T16:05:14.000Z","balance":0},{"id":1882,"name":"Vicenta Pastor","email":"vicenta.pastor@example.com","password":"12345678","phone_number":"974-803-746","nid":"12080520","role":"Admin","createdAt":"2022-06-03T16:08:11.000Z","updatedAt":"2022-06-03T16:08:11.000Z","balance":0},{"id":1883,"name":"Leanne Novak","email":"leanne.novak@example.com","password":"12345678","phone_number":"342-409-1687","nid":"14699853","role":"Admin","createdAt":"2022-06-03T16:08:13.000Z","updatedAt":"2022-06-03T16:08:13.000Z","balance":0},{"id":1885,"name":"Sjonnie Van Koert","email":"sjonnie.vankoert@example.com","password":"12345678","phone_number":"(775)-817-6902","nid":"71393569","role":"Admin","createdAt":"2022-06-03T16:10:43.000Z","updatedAt":"2022-06-03T16:10:43.000Z","balance":0},{"id":1887,"name":"Brayden Mills","email":"brayden.mills@example.com","password":"12345678","phone_number":"08-3618-7513","nid":"12982492","role":"Admin","createdAt":"2022-06-03T16:12:09.000Z","updatedAt":"2022-06-03T16:12:09.000Z","balance":0},{"id":1889,"name":"Holly Hopkins","email":"holly.hopkins@example.com","password":"12345678","phone_number":"017684 34890","nid":"79394639","role":"Admin","createdAt":"2022-06-03T16:45:39.000Z","updatedAt":"2022-06-03T16:45:39.000Z","balance":0},{"id":1891,"name":"Florin Pierre","email":"florin.pierre@example.com","password":"12345678","phone_number":"075 718 56 19","nid":"70645834","role":"Admin","createdAt":"2022-06-03T16:56:10.000Z","updatedAt":"2022-06-03T16:56:10.000Z","balance":0},{"id":1893,"name":"Af?ar","email":"afsar.bakircioglu@example.com","password":"1234","phone_number":"(069)-081-9328","nid":"9845225436","role":"Customer","createdAt":"2022-06-06T07:57:57.000Z","updatedAt":"2022-06-06T07:57:57.000Z","balance":0},{"id":1894,"name":"Wayne Reyes","email":"wayne.reyes@example.com","password":"12345678","phone_number":"(430)-802-3035","nid":"14851686","role":"Customer","createdAt":"2022-06-07T18:09:29.000Z","updatedAt":"2022-06-07T18:09:29.000Z","balance":0},{"id":1896,"name":"Mrs. Clyde Osinski","email":"Shaun_Huels20@yahoo.com","password":"1234","phone_number":"01521379658","nid":"1e0ca28b-39d0-4147-85e0-f819e53e611e","role":"Customer","createdAt":"2022-06-09T08:51:13.000Z","updatedAt":"2022-06-09T08:51:13.000Z","balance":0},{"id":1897,"name":"abid","email":"abid@test.com","password":"12345","phone_number":"51515","nid":"251251","role":"Customer","createdAt":"2022-06-17T14:55:42.000Z","updatedAt":"2022-06-17T14:55:42.000Z","balance":0},{"id":1898,"name":"Terrence Feest","email":"Elfrieda_Blick36@gmail.com","password":"itaACTS2_tmhJTa","phone_number":"01504944833","nid":"1234944833","role":"Customer","createdAt":"2022-06-18T04:26:02.000Z","updatedAt":"2022-06-18T04:26:02.000Z","balance":0},{"id":1899,"name":"Mr. Jamal 2","email":"jamal2@test.com","password":"12345678","phone_number":"01504474770","nid":"124654","role":"Customer","createdAt":"2022-06-18T04:26:28.000Z","updatedAt":"2022-06-18T04:26:28.000Z","balance":0},{"id":1901,"name":"Riccardo Schaap","email":"riccardo.schaap@example.com","password":"asdf1234","phone_number":"(872)-867-0938","nid":"52615605","role":"Customer","createdAt":"2022-06-18T04:35:52.000Z","updatedAt":"2022-06-18T04:35:52.000Z","balance":0},{"id":1903,"name":"Gladys O'Kon","email":"Dillan.Lubowitz43@yahoo.com","password":"kegauwWcqvgVjev","phone_number":"01506138842","nid":"1236138842","role":"Customer","createdAt":"2022-06-18T04:37:47.000Z","updatedAt":"2022-06-18T04:37:47.000Z","balance":0},{"id":1904,"name":"Wanda Runte","email":"Morton95@hotmail.com","password":"bt9srMmNZHRQYQP","phone_number":"01504210658","nid":"1234210658","role":"Customer","createdAt":"2022-06-18T04:37:51.000Z","updatedAt":"2022-06-18T04:37:51.000Z","balance":0},{"id":1908,"name":"Kristopher Borer","email":"Lila_Kub@yahoo.com","password":"4t_Rpst69QgwctT","phone_number":"01507427996","nid":"1237427996","role":"Customer","createdAt":"2022-06-18T08:40:21.000Z","updatedAt":"2022-06-18T08:40:21.000Z","balance":0},{"id":1909,"name":"Joyce Skiles","email":"Emory91@yahoo.com","password":"bANoWdKwIblvfIC","phone_number":"01508595862","nid":"1238595862","role":"Customer","createdAt":"2022-06-18T08:40:46.000Z","updatedAt":"2022-06-18T08:40:46.000Z","balance":0},{"id":1912,"name":"Jaime Renner DDS","email":"Emmy12@gmail.com","password":"5ZpN3sNcMOR4mhj","phone_number":"810-468-0513","nid":"5e2ae4de-afaa-4d74-b8ba-58ba0bbff7ae","role":"customer","createdAt":"2022-06-18T10:53:24.000Z","updatedAt":"2022-06-18T10:53:24.000Z","balance":0},{"id":1913,"name":"Inez Lehner","email":"Idella_Feil40@hotmail.com","password":"kliYsp6Ud6jc9Pu","phone_number":"01509173102","nid":"1239173102","role":"Customer","createdAt":"2022-06-18T11:02:14.000Z","updatedAt":"2022-06-18T11:02:14.000Z","balance":0},{"id":1914,"name":"Lucille Lemke","email":"Sigmund_Maggio10@yahoo.com","password":"T9IDNt78m32Qkme","phone_number":"01508614491","nid":"1238614491","role":"Customer","createdAt":"2022-06-18T11:02:46.000Z","updatedAt":"2022-06-18T11:02:46.000Z","balance":0},{"id":1915,"name":"Hector Bartell","email":"Frieda.Rath19@gmail.com","password":"KvPeIstZRUgDZ8v","phone_number":"01507121352","nid":"1237121352","role":"Customer","createdAt":"2022-06-18T11:04:50.000Z","updatedAt":"2022-06-18T11:04:50.000Z","balance":0},{"id":1916,"name":"Doyle Spinka","email":"Amaya20@gmail.com","password":"2nGMtqdiWEhyBrl","phone_number":"696-620-9411","nid":"6d760f79-d50f-48ba-91a8-b10d0992c680","role":"customer","createdAt":"2022-06-18T11:06:34.000Z","updatedAt":"2022-06-18T11:06:34.000Z","balance":0},{"id":1917,"name":"Danielle Reilly","email":"Rossie.Homenick58@yahoo.com","password":"7tae6NjZ_LBGqzf","phone_number":"655-938-8781","nid":"73d66f5b-1d3d-4bab-95e7-52c9f7dc7c8c","role":"customer","createdAt":"2022-06-18T11:13:30.000Z","updatedAt":"2022-06-18T11:13:30.000Z","balance":0},{"id":1918,"name":"Bonnie Hermiston","email":"Mazie_Rau@yahoo.com","password":"G1uxtUrLe8SPY7U","phone_number":"PhoneNumber","nid":"nid","role":"customer","createdAt":"2022-06-18T11:14:12.000Z","updatedAt":"2022-06-18T11:14:12.000Z","balance":0},{"id":1919,"name":"Melody Stamm","email":"Chris.Morissette@gmail.com","password":"5xGNJpbpBt65Lse","phone_number":"{{phoneNumber}}","nid":"5674976","role":"customer","createdAt":"2022-06-18T11:19:44.000Z","updatedAt":"2022-06-18T11:19:44.000Z","balance":0},{"id":1920,"name":"Mark Daugherty","email":"Blanca14@hotmail.com","password":"HG2drAcFxTXRvsL","phone_number":"{{$randomPhoneNumber}","nid":"de466a01-aa61-4ae1-9eeb-66829d7647f6","role":"customer","createdAt":"2022-06-18T11:24:23.000Z","updatedAt":"2022-06-18T11:24:23.000Z","balance":0},{"id":1921,"name":"Raquel Johns","email":"Nathen.Sporer@gmail.com","password":"szmLB7DADsaiDEs","phone_number":"425-523-3593","nid":"ae9d3d35-e1d1-43b5-95bb-6809f6aa8713","role":"customer","createdAt":"2022-06-18T11:24:51.000Z","updatedAt":"2022-06-18T11:24:51.000Z","balance":0},{"id":1922,"name":"Miss Frankie Schneider","email":"Peyton_Herman@yahoo.com","password":"yyNNTTSdO4TYdpM","phone_number":"519-757-5981","nid":"b5cfe1ec-4995-4651-a8d4-d66580e7d261","role":"customer","createdAt":"2022-06-18T11:31:55.000Z","updatedAt":"2022-06-18T11:31:55.000Z","balance":0},{"id":1923,"name":"Gail Krajcik","email":"Nya.Conroy73@hotmail.com","password":"DJR3QQVorKHkGBf","phone_number":"01509963554","nid":"1239963554","role":"customer","createdAt":"2022-06-18T11:50:51.000Z","updatedAt":"2022-06-18T11:50:51.000Z","balance":0},{"id":1924,"name":"Lana Bradtke III","email":"Jennie75@gmail.com","password":"HHIarCdFVMCpeIz","phone_number":"01504551487","nid":"1234551487","role":"customer","createdAt":"2022-06-18T11:52:21.000Z","updatedAt":"2022-06-18T11:52:21.000Z","balance":0},{"id":1925,"name":"Kelvin Swaniawski","email":"Rachelle_Mayer66@yahoo.com","password":"qIQy_hLcxI3wjL6","phone_number":"01505089984","nid":"1235089984","role":"customer","createdAt":"2022-06-18T11:52:36.000Z","updatedAt":"2022-06-18T11:52:36.000Z","balance":0},{"id":1926,"name":"Rodney Bernhard","email":"Dante.Feeney@yahoo.com","password":"9voTNIOBVzx5K6C","phone_number":"01705082","nid":"5675082","role":"customer","createdAt":"2022-06-18T11:57:49.000Z","updatedAt":"2022-06-18T11:57:49.000Z","balance":0},{"id":1927,"name":"Matt Welch","email":"Keanu33@hotmail.com","password":"p0lHxhxPtfKciL7","phone_number":"01704513326","nid":"5676157","role":"customer","createdAt":"2022-06-18T11:58:23.000Z","updatedAt":"2022-06-18T11:58:23.000Z","balance":0},{"id":1928,"name":"Sophia McKenzie","email":"Deanna.Bergstrom@gmail.com","password":"eij2xZaFrjpEjZh","phone_number":"01733683279","nid":"78956428","role":"customer","createdAt":"2022-06-18T12:07:20.000Z","updatedAt":"2022-06-18T12:07:20.000Z","balance":0},{"id":1929,"name":"Carole McKenzie","email":"Christopher.Champlin78@hotmail.com","password":"wz2XcyyAmlEehnD","phone_number":"01707002942","nid":"5671394","role":"customer","createdAt":"2022-06-18T12:09:07.000Z","updatedAt":"2022-06-18T12:09:07.000Z","balance":0},{"id":1930,"name":"Clay Ratke","email":"Rosalind90@gmail.com","password":"U98WVVt2FCFuA86","phone_number":"01707442716","nid":"5675909","role":"customer","createdAt":"2022-06-18T12:09:23.000Z","updatedAt":"2022-06-18T12:09:23.000Z","balance":0},{"id":1931,"name":"Genevieve Lindgren","email":"Albin.Corwin5@yahoo.com","password":"J8iyAFZO34onKb3","phone_number":"01703294580","nid":"5677740","role":"customer","createdAt":"2022-06-18T12:10:21.000Z","updatedAt":"2022-06-18T12:10:21.000Z","balance":0},{"id":1932,"name":"Byron Batz","email":"Selina.Shanahan@hotmail.com","password":"nVQijcdViGOS7RN","phone_number":"01703721804","nid":"5677978","role":"customer","createdAt":"2022-06-18T12:16:18.000Z","updatedAt":"2022-06-18T12:16:18.000Z","balance":0},{"id":1933,"name":"Md. Shiblee Sadik","email":"Gail_Pacocha@hotmail.com","password":"sj55NHhnNQ1qooB","phone_number":"01501151562","nid":"1231151562","role":"Customer","createdAt":"2022-06-18T12:17:28.000Z","updatedAt":"2022-08-01T23:36:35.000Z","balance":0},{"id":1934,"name":"Dominic Abernathy Jr.","email":"Jeff.Hilll1@hotmail.com","password":"BggTDjtz7Xyei7n","phone_number":"01709205147","nid":"5677276","role":"customer","createdAt":"2022-06-18T12:18:45.000Z","updatedAt":"2022-06-18T12:18:45.000Z","balance":0},{"id":1935,"name":"Stanley Becker","email":"Bailey59@gmail.com","password":"INYzxzr8c2vDiuy","phone_number":"01702421508","nid":"5675250","role":"customer","createdAt":"2022-06-18T12:24:12.000Z","updatedAt":"2022-06-18T12:24:12.000Z","balance":0},{"id":1936,"name":"Ada McLaughlin","email":"Francesco80@yahoo.com","password":"uxdlYrkXu6RAcVh","phone_number":"01705935643","nid":"5673703","role":"customer","createdAt":"2022-06-18T12:25:32.000Z","updatedAt":"2022-06-18T12:25:32.000Z","balance":0},{"id":1937,"name":"Thelma Weber","email":"Polly_Abbott67@gmail.com","password":"4bXRgOYMVC8voMV","phone_number":"01706979277","nid":"5672558","role":"customer","createdAt":"2022-06-18T12:26:21.000Z","updatedAt":"2022-06-18T12:26:21.000Z","balance":0},{"id":1938,"name":"Katie Douglas","email":"Annette.Steuber26@yahoo.com","password":"1AkMtNen4QKUAnG","phone_number":"01707863985","nid":"5672811","role":"customer","createdAt":"2022-06-18T12:44:43.000Z","updatedAt":"2022-06-18T12:44:43.000Z","balance":0},{"id":1939,"name":"Frederick Mayert","email":"Tatum.Morar63@hotmail.com","password":"vfrX3xZvTw0WiI1","phone_number":"01736105384","nid":"78920763","role":"customer","createdAt":"2022-06-18T12:44:43.000Z","updatedAt":"2022-06-18T12:44:43.000Z","balance":0},{"id":1940,"name":"Asif","email":"asi@test.com","password":"123","phone_number":"01971819575","nid":"$a432f345-97ff-4f61-b241-f696056197de","role":"Agent","createdAt":"2022-06-19T03:27:49.000Z","updatedAt":"2022-06-19T03:27:49.000Z","balance":0},{"id":1941,"name":"Miss Clarence Dach","email":"Karlee_Conroy@yahoo.com","password":"Gbb6bvVjVQcZaEV","phone_number":"01508916396","nid":"1238916396","role":"Customer","createdAt":"2022-06-19T08:47:08.000Z","updatedAt":"2022-06-19T08:47:08.000Z","balance":0},{"id":1942,"name":"Della Schmeler","email":"Jessy_Cremin0@gmail.com","password":"JjZE_QTp98pUF52","phone_number":"01504639111","nid":"1234639111","role":"Customer","createdAt":"2022-06-19T08:55:19.000Z","updatedAt":"2022-06-20T12:52:48.000Z","balance":0},{"id":1943,"name":"Sarah Hettinger","email":"Rosemary.Kuvalis20@yahoo.com","password":"@1234","phone_number":"01515593955","nid":"034946794","role":"customer","createdAt":"2022-06-19T10:08:54.000Z","updatedAt":"2022-06-19T10:08:54.000Z","balance":0},{"id":1944,"name":"Alice Raynor II","email":"Enrique57@gmail.com","password":"@1234","phone_number":"01514843818","nid":"034946794","role":"customer","createdAt":"2022-06-19T10:12:05.000Z","updatedAt":"2022-06-19T10:12:05.000Z","balance":0},{"id":1945,"name":"Mindy O'Kon","email":"Avery38@gmail.com","password":"@1234","phone_number":"01519348401","nid":"034946794","role":"customer","createdAt":"2022-06-19T10:18:32.000Z","updatedAt":"2022-06-19T10:18:32.000Z","balance":0},{"id":1946,"name":"Mrs. Grant Keebler","email":"Aurore_Kilback@yahoo.com","password":"@1234","phone_number":"01510.42289843335551947","nid":"034946794","role":"customer","createdAt":"2022-06-19T10:19:28.000Z","updatedAt":"2022-06-19T10:19:28.000Z","balance":0},{"id":1947,"name":"Erica Lowe III","email":"Julia.White@gmail.com","password":"UcgAOpUQnXtSOCA","phone_number":"01503682863","nid":"1233682863","role":"Customer","createdAt":"2022-06-19T11:36:00.000Z","updatedAt":"2022-06-19T11:36:00.000Z","balance":0},{"id":1948,"name":"Lorena Beier","email":"Evangeline.Mertz@hotmail.com","password":"SzjYzJyelZbQYJp","phone_number":"01714317875","nid":"6414317875","role":"Customer","createdAt":"2022-06-19T11:36:26.000Z","updatedAt":"2022-06-19T11:36:26.000Z","balance":0},{"id":1949,"name":"Charlie Boyer","email":"Bailey.Kiehn@yahoo.com","password":"cYElgE4kotCDDAb","phone_number":"01712894380","nid":"6412894380","role":"Customer","createdAt":"2022-06-19T11:36:28.000Z","updatedAt":"2022-06-19T11:36:28.000Z","balance":0},{"id":1950,"name":"Mrs. Darryl Johns","email":"Melyssa.Weber25@yahoo.com","password":"84_lc5Z0qUysseB","phone_number":"01711918735","nid":"6411918735","role":"Customer","createdAt":"2022-06-19T11:43:14.000Z","updatedAt":"2022-06-19T11:43:14.000Z","balance":0},{"id":1951,"name":"Becky Corkery","email":"Ada_Collins85@gmail.com","password":"IgArd86XP8NMESX","phone_number":"01715321222","nid":"{{ni}}","role":"Customer","createdAt":"2022-06-19T11:43:33.000Z","updatedAt":"2022-06-19T11:43:33.000Z","balance":0},{"id":1952,"name":"Mabel Crist","email":"Schuyler_Windler10@gmail.com","password":"0whWcOMC2km20C9","phone_number":"01717031920","nid":"6417031920","role":"Customer","createdAt":"2022-06-19T11:45:40.000Z","updatedAt":"2022-06-19T11:45:40.000Z","balance":0},{"id":1953,"name":"Darrell Klocko","email":"Bradly20@yahoo.com","password":"Q84iDMFka_24haI","phone_number":"01717231860","nid":"6417231860","role":"Customer","createdAt":"2022-06-19T11:47:24.000Z","updatedAt":"2022-06-19T11:47:24.000Z","balance":0},{"id":1954,"name":"Rickey Hettinger","email":"Malcolm40@yahoo.com","password":"MA4frbk7CwK0DhZ","phone_number":"","nid":"1238705421","role":"Customer","createdAt":"2022-06-19T11:56:32.000Z","updatedAt":"2022-06-19T11:56:32.000Z","balance":0},{"id":1956,"name":"Anthony Barrows DVM","email":"Scot55@gmail.com","password":"@1234","phone_number":"7202536","nid":"034946794","role":"customer","createdAt":"2022-06-19T13:13:05.000Z","updatedAt":"2022-06-19T13:13:05.000Z","balance":0},{"id":1957,"name":"Paula Smith","email":"Louisa_Herzog@yahoo.com","password":"@1234","phone_number":"01519454616","nid":"034946794","role":"customer","createdAt":"2022-06-19T13:14:19.000Z","updatedAt":"2022-06-19T13:14:19.000Z","balance":0},{"id":1958,"name":"user 1 ","email":"emeeec@gmail.coml","password":"123456","phone_number":"01965453243","nid":"5556465","role":"Customer","createdAt":"2022-06-19T14:22:24.000Z","updatedAt":"2022-06-19T14:22:24.000Z","balance":0},{"id":1959,"name":"Cora Rohan","email":"Cesar_Ebert30@gmail.com","password":"pG9DlY_qItG7Qkd","phone_number":"01501464318","nid":"1231464318","role":"Customer","createdAt":"2022-06-19T15:09:15.000Z","updatedAt":"2022-06-19T15:09:15.000Z","balance":0},{"id":1960,"name":"Bessie Thiel","email":"Christy.Altenwerth45@yahoo.com","password":"tNoOodYnCU158nD","phone_number":"01501971867","nid":"1231971867","role":"Customer","createdAt":"2022-06-19T15:09:31.000Z","updatedAt":"2022-06-19T15:09:31.000Z","balance":0},{"id":1961,"name":"Angie Medhurst","email":"Margarett_Kling@yahoo.com","password":"@1234","phone_number":"01518964499","nid":"034946794","role":"customer","createdAt":"2022-06-19T15:32:40.000Z","updatedAt":"2022-06-19T15:32:40.000Z","balance":0},{"id":1962,"name":"Luz Bogan V","email":"Theresa80@gmail.com","password":"@1234","phone_number":"01518011853","nid":"034946794","role":"customer","createdAt":"2022-06-19T15:33:45.000Z","updatedAt":"2022-06-19T15:33:45.000Z","balance":0},{"id":1963,"name":"Ira Jacobs","email":"Roberta.Kautzer71@hotmail.com","password":"cANk5F25BtJGJ5o","phone_number":"01502373987","nid":"1232373987","role":"Customer","createdAt":"2022-06-19T15:35:16.000Z","updatedAt":"2022-06-19T15:35:16.000Z","balance":0},{"id":1964,"name":"Marco Bauch","email":"Brain_Feil@hotmail.com","password":"1eTU_Sa5gyJ6mZV","phone_number":"01505893510","nid":"1235893510","role":"Customer","createdAt":"2022-06-19T15:35:17.000Z","updatedAt":"2022-06-19T15:35:17.000Z","balance":0},{"id":1965,"name":"Alexis Collins","email":"Eldora_Nitzsche@yahoo.com","password":"5698","phone_number":"01518939938","nid":"7449922663","role":"customer","createdAt":"2022-06-19T15:38:57.000Z","updatedAt":"2022-06-19T15:38:57.000Z","balance":0},{"id":1966,"name":"Ruth Harris III","email":"Destin_Gerlach@yahoo.com","password":"7479","phone_number":"01515266832","nid":"9991432928","role":"customer","createdAt":"2022-06-19T15:39:10.000Z","updatedAt":"2022-06-19T15:39:10.000Z","balance":0},{"id":1967,"name":"Mike Barrows","email":"Marge96@gmail.com","password":"2430","phone_number":"01514683602","nid":"1547399060","role":"customer","createdAt":"2022-06-19T15:40:10.000Z","updatedAt":"2022-06-19T15:40:10.000Z","balance":0},{"id":1968,"name":"Dr. Celia Wiza","email":"Kelli.Schiller@yahoo.com","password":"BEEzvKnsHYaDTsX","phone_number":"01505585067","nid":"1235585067","role":"Customer","createdAt":"2022-06-19T16:53:29.000Z","updatedAt":"2022-06-19T16:53:29.000Z","balance":0},{"id":1969,"name":"Elias Reichel","email":"Michale_Nikolaus60@hotmail.com","password":"Ts1qfgHzUBWif_d","phone_number":"01716428229","nid":"6416428229","role":"Customer","createdAt":"2022-06-19T17:49:27.000Z","updatedAt":"2022-06-19T17:49:27.000Z","balance":0},{"id":1973,"name":"Jamie Wunsch","email":"Leo.Thompson90@gmail.com","password":"nAIpjY4bfXTzQyM","phone_number":"01504070606","nid":"1234070606","role":"Customer","createdAt":"2022-06-19T18:31:43.000Z","updatedAt":"2022-06-19T18:31:43.000Z","balance":0},{"id":1974,"name":"Virginia Harris","email":"Halie.Bahringer@yahoo.com","password":"vOY2hpUNsyy1Y7l","phone_number":"01732589253","nid":"5672589253","role":"Agent","createdAt":"2022-06-19T18:35:35.000Z","updatedAt":"2022-06-19T18:35:35.000Z","balance":0},{"id":1975,"name":"Julius Dickinson","email":"Buck_Ledner3@gmail.com","password":"6rl4WFOQTXERqqP","phone_number":"01735770394","nid":"56766236","role":"Agent","createdAt":"2022-06-19T18:36:13.000Z","updatedAt":"2022-06-19T18:36:13.000Z","balance":0},{"id":1976,"name":"Bessie Abbott","email":"Loma67@gmail.com","password":"1gCptBSTzj1ImPY","phone_number":"01738457331","nid":"56757979","role":"Agent","createdAt":"2022-06-19T18:36:58.000Z","updatedAt":"2022-06-19T18:36:58.000Z","balance":0},{"id":1977,"name":"Louise Barrows","email":"Lelah.Wuckert@gmail.com","password":"vdiUjTp_azGfDtZ","phone_number":"01731889781","nid":"56799320","role":"Agent","createdAt":"2022-06-19T18:39:36.000Z","updatedAt":"2022-06-19T18:45:56.000Z","balance":0},{"id":1978,"name":"Boyd Quitzon I","email":"Odie_Ryan@hotmail.com","password":"8Z6MzvL_KOXMY9p","phone_number":"01504353781","nid":"1234353781","role":"Customer","createdAt":"2022-06-19T18:49:06.000Z","updatedAt":"2022-06-19T18:49:06.000Z","balance":0},{"id":1979,"name":"Judy Miller Jr.","email":"Maximilian11@hotmail.com","password":"G0FsWMt3M3VBDX0","phone_number":"01731889781","nid":"56736313","role":"Agent","createdAt":"2022-06-19T18:49:06.000Z","updatedAt":"2022-06-21T18:28:00.000Z","balance":0},{"id":1981,"name":"Preston Kirlin DDS","email":"Vella_Predovic@yahoo.com","password":"HJIpkl6wpuGFcKT","phone_number":"01502256437","nid":"1232256437","role":"Customer","createdAt":"2022-06-19T19:10:08.000Z","updatedAt":"2022-06-19T19:10:08.000Z","balance":0},{"id":1982,"name":"Mrs. Joanne Nolan","email":"Josefa_Effertz60@hotmail.com","password":"qY7i_dDU_K9E2jj","phone_number":"01505809816","nid":"1235809816","role":"Customer","createdAt":"2022-06-19T19:10:29.000Z","updatedAt":"2022-06-19T19:10:29.000Z","balance":0},{"id":1989,"name":"Reinger","email":"Keyon30@hotmail.com","password":"af","phone_number":"01505712348","nid":"54646464","role":"Customer","createdAt":"2022-06-20T02:11:58.000Z","updatedAt":"2022-06-20T02:11:58.000Z","balance":0},{"id":1990,"name":"ashik","email":"ashik.com","password":"345","phone_number":"013464895300","nid":"034946794","role":"customer","createdAt":"2022-06-20T02:16:23.000Z","updatedAt":"2022-06-24T17:50:02.000Z","balance":0},{"id":1994,"name":"Lyle Farrell","email":"Suzanne_Jaskolski@hotmail.com","password":"@1234","phone_number":"01516110436","nid":"034946794","role":"customer","createdAt":"2022-06-20T05:16:34.000Z","updatedAt":"2022-06-20T05:16:34.000Z","balance":0},{"id":1995,"name":"Ms. Casey Kassulke","email":"Johnathan82@hotmail.com","password":"7745","phone_number":"01516729020","nid":"9888276211","role":"customer","createdAt":"2022-06-20T05:16:34.000Z","updatedAt":"2022-06-20T05:16:34.000Z","balance":0},{"id":1996,"name":"Bruce Krajcik","email":"Ottis_Auer@yahoo.com","password":"@1234","phone_number":"01512670728","nid":"034946794","role":"customer","createdAt":"2022-06-20T05:17:10.000Z","updatedAt":"2022-06-20T05:17:10.000Z","balance":0},{"id":1997,"name":"Roderick Marvin","email":"Vladimir84@yahoo.com","password":"9895","phone_number":"01514822081","nid":"1429769937","role":"customer","createdAt":"2022-06-20T05:17:10.000Z","updatedAt":"2022-06-20T05:17:10.000Z","balance":0},{"id":1998,"name":"Mr. Michelle Jones","email":"Murray.McClure60@gmail.com","password":"@1234","phone_number":"01519866051","nid":"034946794","role":"customer","createdAt":"2022-06-20T05:19:18.000Z","updatedAt":"2022-06-20T05:19:18.000Z","balance":0},{"id":1999,"name":"Angelina Padberg","email":"Elvis_Will@hotmail.com","password":"1065","phone_number":"01516956487","nid":"8105699952","role":"customer","createdAt":"2022-06-20T05:19:18.000Z","updatedAt":"2022-06-20T05:19:18.000Z","balance":0},{"id":2002,"name":"Allan Bauch","email":"Nichole_Fahey12@yahoo.com","password":"@1234","phone_number":"01512116275","nid":"034946794","role":"customer","createdAt":"2022-06-20T05:21:42.000Z","updatedAt":"2022-06-20T05:21:42.000Z","balance":0},{"id":2003,"name":"Nancy Leuschke","email":"Payton_Gottlieb@gmail.com","password":"8061","phone_number":"01511548590","nid":"7292251484","role":"customer","createdAt":"2022-06-20T05:21:42.000Z","updatedAt":"2022-06-20T05:21:42.000Z","balance":0},{"id":2008,"name":"Norman Hilpert","email":"Frederik.Conn25@gmail.com","password":"@1234","phone_number":"01518026860","nid":"034946794","role":"customer","createdAt":"2022-06-20T05:26:48.000Z","updatedAt":"2022-06-20T05:26:48.000Z","balance":0},{"id":2009,"name":"Suzanne Lehner","email":"Briana88@yahoo.com","password":"2980","phone_number":"01519481519","nid":"4867905959","role":"customer","createdAt":"2022-06-20T05:26:49.000Z","updatedAt":"2022-06-20T05:26:49.000Z","balance":0},{"id":2010,"name":"Jay Gibson","email":"Amira37@gmail.com","password":"@1234","phone_number":"01519733952","nid":"034946794","role":"customer","createdAt":"2022-06-20T05:27:22.000Z","updatedAt":"2022-06-20T05:27:22.000Z","balance":0},{"id":2012,"name":"Roxanne Mayert","email":"Rowan62@hotmail.com","password":"@1234","phone_number":"01516901198","nid":"034946794","role":"customer","createdAt":"2022-06-20T05:30:18.000Z","updatedAt":"2022-06-20T05:30:18.000Z","balance":0},{"id":2014,"name":"Richard Weimann","email":"Rogelio_Hegmann@yahoo.com","password":"@1234","phone_number":"01518029979","nid":"034946794","role":"customer","createdAt":"2022-06-20T05:30:39.000Z","updatedAt":"2022-06-20T05:30:39.000Z","balance":0},{"id":2016,"name":"Carmen Schneider","email":"Brannon_Bradtke78@hotmail.com","password":"@1234","phone_number":"01515642302","nid":"034946794","role":"customer","createdAt":"2022-06-20T05:30:58.000Z","updatedAt":"2022-06-20T05:30:58.000Z","balance":0},{"id":2018,"name":"Ramona Johns","email":"Norwood.Stoltenberg23@hotmail.com","password":"@1234","phone_number":"01519209935","nid":"034946794","role":"customer","createdAt":"2022-06-20T05:36:20.000Z","updatedAt":"2022-06-20T05:36:20.000Z","balance":0},{"id":2020,"name":"William Zboncak","email":"Cody.Feest69@hotmail.com","password":"@1234","phone_number":"01518544652","nid":"034946794","role":"customer","createdAt":"2022-06-20T05:36:56.000Z","updatedAt":"2022-06-20T05:36:56.000Z","balance":0},{"id":2022,"name":"Carlton Rowe V","email":"Layne_Rau@hotmail.com","password":"VuRNqc1YiYOXPrn","phone_number":"01506999689","nid":"1236999689","role":"Customer","createdAt":"2022-06-20T05:57:12.000Z","updatedAt":"2022-06-20T05:57:12.000Z","balance":0},{"id":2023,"name":"Glenn Kuhn","email":"Chanel92@hotmail.com","password":"@1234","phone_number":"01514846043","nid":"034946794","role":"customer","createdAt":"2022-06-20T06:41:08.000Z","updatedAt":"2022-06-20T06:41:08.000Z","balance":0},{"id":2025,"name":"Olivia Murray","email":"Elijah22@gmail.com","password":"@1234","phone_number":"01515701219","nid":"034946794","role":"customer","createdAt":"2022-06-20T06:50:53.000Z","updatedAt":"2022-06-20T06:50:53.000Z","balance":0},{"id":2026,"name":"Santiago McKenzie","email":"Vivian3@gmail.com","password":"1525","phone_number":"01514354110","nid":"7982494505","role":"customer","createdAt":"2022-06-20T06:51:01.000Z","updatedAt":"2022-06-20T06:51:01.000Z","balance":0},{"id":2027,"name":"Mable Bernier","email":"Orland75@gmail.com","password":"5366","phone_number":"01513372224","nid":"2260414905","role":"customer","createdAt":"2022-06-20T06:51:24.000Z","updatedAt":"2022-06-20T06:51:24.000Z","balance":0},{"id":2028,"name":"Hugo Quitzon","email":"Patsy.Schroeder@yahoo.com","password":"@1234","phone_number":"01511434926","nid":"034946794","role":"customer","createdAt":"2022-06-20T06:51:34.000Z","updatedAt":"2022-06-20T06:51:34.000Z","balance":0},{"id":2029,"name":"Theresa Stehr","email":"Delfina33@hotmail.com","password":"@1234","phone_number":"01514518475","nid":"034946794","role":"customer","createdAt":"2022-06-20T07:11:39.000Z","updatedAt":"2022-06-20T07:11:39.000Z","balance":0},{"id":2031,"name":"Olga Roberts","email":"River98@hotmail.com","password":"@1234","phone_number":"01511111771","nid":"034946794","role":"customer","createdAt":"2022-06-20T07:13:00.000Z","updatedAt":"2022-06-20T07:13:00.000Z","balance":0},{"id":2033,"name":"Irma Blanda","email":"Donato_Heaney93@hotmail.com","password":"@1234","phone_number":"01514516966","nid":"034946794","role":"customer","createdAt":"2022-06-20T07:13:44.000Z","updatedAt":"2022-06-20T07:13:44.000Z","balance":0},{"id":2035,"name":"Myron Abbott","email":"Esta54@yahoo.com","password":"@1234","phone_number":"01517610782","nid":"034946794","role":"customer","createdAt":"2022-06-20T07:16:34.000Z","updatedAt":"2022-06-20T07:16:34.000Z","balance":0},{"id":2037,"name":"Francis Klein DDS","email":"Hilma_Lockman@yahoo.com","password":"@1234","phone_number":"01512069213","nid":"034946794","role":"customer","createdAt":"2022-06-20T07:18:22.000Z","updatedAt":"2022-06-20T07:18:22.000Z","balance":0},{"id":2039,"name":"Ginger Satterfield","email":"Gerry_Stanton57@gmail.com","password":"@1234","phone_number":"01517900293","nid":"034946794","role":"customer","createdAt":"2022-06-20T07:19:21.000Z","updatedAt":"2022-06-20T07:19:21.000Z","balance":0},{"id":2041,"name":"Connie Ortiz","email":"Emmy17@gmail.com","password":"@1234","phone_number":"01511992848","nid":"034946794","role":"customer","createdAt":"2022-06-20T07:20:21.000Z","updatedAt":"2022-06-20T07:20:21.000Z","balance":0},{"id":2043,"name":"Kirk Walter","email":"Miller_Heidenreich64@hotmail.com","password":"@1234","phone_number":"01517873094","nid":"034946794","role":"customer","createdAt":"2022-06-20T07:23:25.000Z","updatedAt":"2022-06-20T07:23:25.000Z","balance":0},{"id":2046,"name":"Carmen Reinger","email":"Lindsay_Sawayn@gmail.com","password":"44LQ_VwfonLIIkW","phone_number":"01501273390","nid":"54646464","role":"Customer","createdAt":"2022-06-20T09:08:56.000Z","updatedAt":"2022-06-20T11:11:47.000Z","balance":0},{"id":2047,"name":"Enrique Leuschke","email":"Keaton.Williamson@yahoo.com","password":"JdGMdB1OZquYICG","phone_number":"01502464124","nid":"1232464124","role":"Customer","createdAt":"2022-06-20T09:21:19.000Z","updatedAt":"2022-06-20T09:21:19.000Z","balance":0},{"id":2048,"name":"Lori Koss","email":"Payton.Crona36@gmail.com","password":"5O6UzhOwbUADmPL","phone_number":"01505294985","nid":"1235294985","role":"Customer","createdAt":"2022-06-20T10:01:17.000Z","updatedAt":"2022-06-20T10:01:17.000Z","balance":0},{"id":2050,"name":"Jeff Hartmann","email":"Miles.Haley@hotmail.com","password":"@1234","phone_number":"01518026751","nid":"034946794","role":"customer","createdAt":"2022-06-20T11:17:56.000Z","updatedAt":"2022-06-20T11:17:56.000Z","balance":0},{"id":2053,"name":"Dana Green","email":"Jaren.Haag93@yahoo.com","password":"@1234","phone_number":"01515701132","nid":"034946794","role":"customer","createdAt":"2022-06-20T11:25:04.000Z","updatedAt":"2022-06-20T11:25:04.000Z","balance":0},{"id":2055,"name":"Bryant Hickle","email":"Freda48@gmail.com","password":"oud5o8RaIaU37bC","phone_number":"01501767750","nid":"1231767750","role":"Customer","createdAt":"2022-06-20T11:32:57.000Z","updatedAt":"2022-06-20T12:53:00.000Z","balance":0},{"id":2059,"name":"Muhammad Noman","email":"noman@fy.com","password":"@12345?","phone_number":"01633300000","nid":"0000011111","role":"Customer","createdAt":"2022-06-20T12:57:22.000Z","updatedAt":"2022-06-20T12:57:22.000Z","balance":0},{"id":2060,"name":"Nicole Bergnaum","email":"Jewel39@gmail.com","password":"6035","phone_number":"01518497974","nid":"1042856304","role":"customer","createdAt":"2022-06-20T13:07:50.000Z","updatedAt":"2022-06-20T13:07:50.000Z","balance":0},{"id":2061,"name":"Roland Schroeder","email":"Lucious_Treutel@hotmail.com","password":"@1234","phone_number":"01516864128","nid":"034946794","role":"customer","createdAt":"2022-06-20T13:20:41.000Z","updatedAt":"2022-06-20T13:20:41.000Z","balance":0},{"id":2066,"name":"Lori Heathcote","email":"Noemi95@hotmail.com","password":"@1234","phone_number":"01512731993","nid":"034946794","role":"customer","createdAt":"2022-06-20T13:46:29.000Z","updatedAt":"2022-06-20T13:46:29.000Z","balance":0},{"id":2068,"name":"Theodore Sporer","email":"Brenden_Strosin@gmail.com","password":"C6Vrj1zH2JZCbH7","phone_number":"01501527280","nid":"1231527280","role":"Customer","createdAt":"2022-06-20T13:48:06.000Z","updatedAt":"2022-06-20T13:48:06.000Z","balance":0},{"id":2070,"name":"Carmen Reinger","email":"Jayme44@gmail.com","password":"sEDHXvM3MUkzHY2","phone_number":"01509294793","nid":"54646464","role":"Customer","createdAt":"2022-06-20T14:02:27.000Z","updatedAt":"2022-06-20T14:02:38.000Z","balance":0},{"id":2073,"name":"Essie Adams","email":"Clarabelle_Lebsack78@hotmail.com","password":"@1234","phone_number":"01512575224","nid":"034946794","role":"customer","createdAt":"2022-06-20T14:23:57.000Z","updatedAt":"2022-06-20T14:23:57.000Z","balance":0},{"id":2075,"name":"Melinda Fahey","email":"Ted10@hotmail.com","password":"EtEnqjxcAf8rfAt","phone_number":"01506497981","nid":"1236497981","role":"Customer","createdAt":"2022-06-20T14:28:58.000Z","updatedAt":"2022-06-20T14:28:58.000Z","balance":0},{"id":2076,"name":"Aleksi Hatala","email":"aleksi.hatala@example.com","password":"1234","phone_number":"08-172-768","nid":"83760587","role":"Customer","createdAt":"2022-06-20T14:45:40.000Z","updatedAt":"2022-06-20T14:45:40.000Z","balance":0},{"id":2077,"name":"Eunice Mertz III","email":"Wilmer29@hotmail.com","password":"c7gBP8mqG2pr4mU","phone_number":"01503665958","nid":"1233665958","role":"Customer","createdAt":"2022-06-20T16:41:29.000Z","updatedAt":"2022-06-20T16:41:29.000Z","balance":0},{"id":2080,"name":"Beth Thompson","email":"Maddison21@gmail.com","password":"bA8yxbBLoDyGbhm","phone_number":"01507157357","nid":"1237157357","role":"Customer","createdAt":"2022-06-20T17:54:30.000Z","updatedAt":"2022-06-20T17:54:30.000Z","balance":0},{"id":2081,"name":"Miss Evan Schulist","email":"Lonie.Nitzsche18@hotmail.com","password":"xNVwh5jMGFCxdfB","phone_number":"01504118310","nid":"1234118310","role":"Customer","createdAt":"2022-06-20T19:02:42.000Z","updatedAt":"2022-06-20T19:02:42.000Z","balance":0},{"id":2083,"name":"Randy Larson","email":"Reyes_Larkin@hotmail.com","password":"5dd5prcODnByRtT","phone_number":"01122336655","nid":"1236253471","role":"Customer","createdAt":"2022-06-20T19:25:51.000Z","updatedAt":"2022-06-20T19:25:56.000Z","balance":0},{"id":2087,"name":"Abir Hossen","email":"Abir@gmail.com","password":"lOflnJNGaZGQ1dN","phone_number":"01835153875","nid":"54640919","role":"Customer","createdAt":"2022-06-21T00:35:54.000Z","updatedAt":"2022-06-21T00:35:54.000Z","balance":0},{"id":2088,"name":"Abir Hossen Munna","email":"Abir23@gmail.com","password":"lOflnJNGaZGQ1dN","phone_number":"01835153809","nid":"54640920","role":"Customer","createdAt":"2022-06-21T00:43:42.000Z","updatedAt":"2022-06-21T00:43:42.000Z","balance":0},{"id":2089,"name":"Percy Miller","email":"Devante9@yahoo.com","password":"gc7kdiYYsJgbbJT","phone_number":"01833501790","nid":"4223501790","role":"Customer","createdAt":"2022-06-21T01:24:27.000Z","updatedAt":"2022-06-21T01:24:27.000Z","balance":0},{"id":2096,"name":"Dr. Floyd Balistreri","email":"Erick_Conn@yahoo.com","password":"Q2yAW2VzVizREqz","phone_number":"01510000000","nid":"196710000000","role":"Customer","createdAt":"2022-06-21T08:58:23.000Z","updatedAt":"2022-06-21T08:58:23.000Z","balance":0},{"id":2097,"name":"Christopher Hagenes","email":"Sabina_Reynolds@gmail.com","password":"mphhT3k0hslLtAb","phone_number":"01510100016","nid":"196810100016","role":"Customer","createdAt":"2022-06-21T09:08:12.000Z","updatedAt":"2022-06-21T09:08:12.000Z","balance":0},{"id":2103,"name":"Herman Cronin","email":"Gilbert.Parker@yahoo.com","password":"trd1GA8xeCqPE_3","phone_number":"01510634863","nid":"196810634863","role":"Customer","createdAt":"2022-06-21T09:50:49.000Z","updatedAt":"2022-06-21T09:50:49.000Z","balance":0},{"id":2106,"name":"Leslie Cummings PhD","email":"Terry_Orn@hotmail.com","password":"Z_RYuWmiAh8CrLi","phone_number":"01706130888","nid":"9656130888","role":"Customer","createdAt":"2022-06-21T15:15:07.000Z","updatedAt":"2022-06-21T15:15:07.000Z","balance":0},{"id":2107,"name":"Jenny Goldner","email":"Lesly_Torphy@yahoo.com","password":"Z2b5lCSfUjdqAcx","phone_number":"01504685880","nid":"1234685880","role":"Customer","createdAt":"2022-06-21T15:15:32.000Z","updatedAt":"2022-06-21T15:15:32.000Z","balance":0},{"id":2109,"name":"Rosemarie Dibbert","email":"Otho.Moore78@gmail.com","password":"jbnqb_FbzTW1GFB","phone_number":"01706702413","nid":"9656702413","role":"Customer","createdAt":"2022-06-21T15:16:49.000Z","updatedAt":"2022-06-21T15:16:49.000Z","balance":0},{"id":2110,"name":"Jon Grady","email":"Matt.Bednar@hotmail.com","password":"6Q65kUs1o2vQ72j","phone_number":"01708022717","nid":"9658022717","role":"Customer","createdAt":"2022-06-21T15:16:51.000Z","updatedAt":"2022-06-21T15:16:51.000Z","balance":0},{"id":2111,"name":"Ms. Rodolfo Kshlerin","email":"Joseph.Bogisich@gmail.com","password":"nALzsjaq5Jn8jsA","phone_number":"01703773856","nid":"9653773856","role":"Customer","createdAt":"2022-06-21T15:16:53.000Z","updatedAt":"2022-06-21T15:16:53.000Z","balance":0},{"id":2112,"name":"Inez Schmeler","email":"Dayna.Ward52@gmail.com","password":"AO6dPrN45QSDFpe","phone_number":"01703433537","nid":"9653433537","role":"Customer","createdAt":"2022-06-21T15:16:54.000Z","updatedAt":"2022-06-21T15:16:54.000Z","balance":0},{"id":2113,"name":"Bessie Blick","email":"Jarred97@yahoo.com","password":"vJSooCndUhCPC5a","phone_number":"01703382971","nid":"9653382971","role":"Customer","createdAt":"2022-06-21T15:16:55.000Z","updatedAt":"2022-06-21T15:16:55.000Z","balance":0},{"id":2114,"name":"Israel Weissnat","email":"Crystel.Cormier26@yahoo.com","password":"TGF0PAvWG9CvM8B","phone_number":"01704635499","nid":"9654635499","role":"Customer","createdAt":"2022-06-21T15:16:57.000Z","updatedAt":"2022-06-21T15:16:57.000Z","balance":0},{"id":2115,"name":"Dwight Ruecker MD","email":"Amiya.Moore27@yahoo.com","password":"WoMH8Wzgd22t2Jj","phone_number":"01705313221","nid":"9655313221","role":"Customer","createdAt":"2022-06-21T15:16:58.000Z","updatedAt":"2022-06-21T15:16:58.000Z","balance":0},{"id":2116,"name":"Barry Schiller","email":"Willard_Olson@hotmail.com","password":"cdEmt7z8uhbkQa5","phone_number":"01706398944","nid":"9656398944","role":"Customer","createdAt":"2022-06-21T15:17:00.000Z","updatedAt":"2022-06-21T15:17:00.000Z","balance":0},{"id":2117,"name":"Kelley Ernser","email":"Blair.Hermiston@yahoo.com","password":"6SjW7g5OpAooFFg","phone_number":"01703158072","nid":"9653158072","role":"Customer","createdAt":"2022-06-21T15:17:01.000Z","updatedAt":"2022-06-21T15:17:01.000Z","balance":0},{"id":2118,"name":"Pat Durgan","email":"Barton.Mills@yahoo.com","password":"ZM5bGcGOQPlxiWY","phone_number":"01709035619","nid":"9659035619","role":"Customer","createdAt":"2022-06-21T15:17:02.000Z","updatedAt":"2022-06-21T15:17:02.000Z","balance":0},{"id":2119,"name":"Clifford Jenkins","email":"Wiley_Schaden55@hotmail.com","password":"FAftJNenFoID0qK","phone_number":"01707089263","nid":"9657089263","role":"Customer","createdAt":"2022-06-21T15:17:03.000Z","updatedAt":"2022-06-21T15:17:03.000Z","balance":0},{"id":2120,"name":"Stuart Koss","email":"Luther_Ruecker@hotmail.com","password":"EwUISo_MvW7CY0y","phone_number":"0158699957948","nid":"9654062298","role":"Customer","createdAt":"2022-06-21T15:22:06.000Z","updatedAt":"2022-06-23T18:18:48.000Z","balance":0},{"id":2121,"name":"Mrs. Cecelia Mosciski","email":"Jane69@yahoo.com","password":"717tCutDcXsfyVE","phone_number":"01505769503","nid":"1235769503","role":"Customer","createdAt":"2022-06-21T15:48:14.000Z","updatedAt":"2022-06-21T15:48:14.000Z","balance":0},{"id":2122,"name":"Ivan Herman III","email":"Porter.Moore@gmail.com","password":"fwcObkOjeNh1k6Z","phone_number":"01505538552","nid":"1235538552","role":"Customer","createdAt":"2022-06-21T15:58:48.000Z","updatedAt":"2022-06-21T15:58:48.000Z","balance":0},{"id":2123,"name":"Gilberto D'Amore","email":"Roderick_Murray@gmail.com","password":"6jHQyVn8Wico733","phone_number":"01709520280","nid":"9659520280","role":"Customer","createdAt":"2022-06-21T16:10:31.000Z","updatedAt":"2022-06-21T16:10:31.000Z","balance":0},{"id":2124,"name":"Rufus Zemlak","email":"Cordie_Walker@hotmail.com","password":"0mIumu7shzeLP5q","phone_number":"01508711463","nid":"1238711463","role":"Customer","createdAt":"2022-06-21T16:15:31.000Z","updatedAt":"2022-06-21T16:15:31.000Z","balance":0},{"id":2125,"name":"Christopher Corwin DDS","email":"Dennis69@gmail.com","password":"KDoiHXZcsyTkEkO","phone_number":"01703369582","nid":"9653369582","role":"Customer","createdAt":"2022-06-21T16:17:30.000Z","updatedAt":"2022-06-21T16:17:30.000Z","balance":0},{"id":2126,"name":"Pamela Veum","email":"Neoma_Stroman0@hotmail.com","password":"Z0J7OxeM5PysEQO","phone_number":"01718838654","nid":"56718838654","role":"Customer","createdAt":"2022-06-21T16:33:44.000Z","updatedAt":"2022-06-21T16:33:44.000Z","balance":0},{"id":2128,"name":"Justin Ferry","email":"Reba34@hotmail.com","password":"6J5EJBe1EIKwl7l","phone_number":"01750025501","nid":"56750025501","role":"Customer","createdAt":"2022-06-21T16:40:27.000Z","updatedAt":"2022-06-21T16:40:27.000Z","balance":0},{"id":2129,"name":"Krista Kerluke","email":"Beau_Beahan87@yahoo.com","password":"nPptdXBKLeq_ZPd","phone_number":"01763144784","nid":"56763144784","role":"Customer","createdAt":"2022-06-21T16:41:05.000Z","updatedAt":"2022-06-21T16:41:05.000Z","balance":0},{"id":2130,"name":"Jan Walker","email":"Zaria43@yahoo.com","password":"DlG7T7otLpuFpnP","phone_number":"01720879135","nid":"56720879135","role":"Customer","createdAt":"2022-06-21T16:42:09.000Z","updatedAt":"2022-06-21T16:42:09.000Z","balance":0},{"id":2131,"name":"Willis Kunde","email":"Kailey71@hotmail.com","password":"kBsg7FXjUwU1usu","phone_number":"01724243045","nid":"56724243045","role":"Customer","createdAt":"2022-06-21T16:44:22.000Z","updatedAt":"2022-06-21T16:44:22.000Z","balance":0},{"id":2132,"name":"Kerry Haag","email":"Travis89@hotmail.com","password":"jOZMYTzn_mcHfMS","phone_number":"01722591527","nid":"45622591527","role":"Customer","createdAt":"2022-06-21T16:59:03.000Z","updatedAt":"2022-06-21T16:59:03.000Z","balance":0},{"id":2134,"name":"Kathy Batz","email":"Shanelle.Carroll59@gmail.com","password":"z4KeuyI21agZvUQ","phone_number":"01799801038","nid":"45699801038","role":"Customer","createdAt":"2022-06-21T17:00:34.000Z","updatedAt":"2022-06-21T17:00:34.000Z","balance":0},{"id":2136,"name":"Bobby Larson","email":"Amelie15@hotmail.com","password":"0p6vAEAevwAnVlv","phone_number":"01714779563","nid":"45614779563","role":"Customer","createdAt":"2022-06-21T17:12:04.000Z","updatedAt":"2022-06-21T17:12:04.000Z","balance":0},{"id":2138,"name":"Gordon Ryan","email":"Dallas.Littel@yahoo.com","password":"zz4MuD17pDGAI0C","phone_number":"01502422366","nid":"1232422366","role":"Customer","createdAt":"2022-06-21T17:18:00.000Z","updatedAt":"2022-06-21T17:18:00.000Z","balance":0},{"id":2139,"name":"Nicholas Murazik","email":"Madalyn.OConner18@yahoo.com","password":"mROvDi5BOGrG22A","phone_number":"01501320857","nid":"1231320857","role":"Customer","createdAt":"2022-06-21T17:19:55.000Z","updatedAt":"2022-06-21T17:19:55.000Z","balance":0},{"id":2140,"name":"Dan Botsford","email":"Verna_Wehner@gmail.com","password":"QuyFAkPxzlOCU6d","phone_number":"01507676805","nid":"1237676805","role":"Customer","createdAt":"2022-06-21T17:22:04.000Z","updatedAt":"2022-06-21T17:22:04.000Z","balance":0},{"id":2141,"name":"Robert Wunsch","email":"Jake_Armstrong@hotmail.com","password":"ah_NJEBUSF5VW_l","phone_number":"01730896511","nid":"45630896511","role":"Customer","createdAt":"2022-06-21T17:32:16.000Z","updatedAt":"2022-06-21T17:32:16.000Z","balance":0},{"id":2142,"name":"Cassandra Langworth","email":"Andre77@gmail.com","password":"ME69P9lFfnpTGvg","phone_number":"01778894045","nid":"45678894045","role":"Customer","createdAt":"2022-06-21T17:34:01.000Z","updatedAt":"2022-06-21T17:34:01.000Z","balance":0},{"id":2150,"name":"Geoffrey VonRueden","email":"Neha18@gmail.com","password":"HxTntcApYBdA9Ae","phone_number":"01771380093","nid":"45671380093","role":"Customer","createdAt":"2022-06-21T18:05:17.000Z","updatedAt":"2022-06-21T18:05:17.000Z","balance":0},{"id":2151,"name":"Ramona Kassulke","email":"Morgan31@yahoo.com","password":"pvUBAEWr8DYhmQz","phone_number":"01502598065","nid":"1232598065","role":"Customer","createdAt":"2022-06-21T18:11:30.000Z","updatedAt":"2022-06-21T18:11:30.000Z","balance":0},{"id":2152,"name":"Sohel","email":"sohel.qa00@gmail.com","password":"sohel","phone_number":"01521487218","nid":"1111111111","role":"Customer","createdAt":"2022-06-21T18:11:51.000Z","updatedAt":"2022-06-21T18:11:51.000Z","balance":0},{"id":2153,"name":"Arif","email":"sohel@gmail.com","password":"Atrif","phone_number":"01745504304","nid":"1212","role":"Customer","createdAt":"2022-06-21T18:14:49.000Z","updatedAt":"2022-06-21T18:14:49.000Z","balance":0},{"id":2154,"name":"dalim","email":"dalim@gmail.com","password":"dalim","phone_number":"017455043033","nid":"12121211","role":"Customer","createdAt":"2022-06-21T18:17:57.000Z","updatedAt":"2022-06-21T18:17:57.000Z","balance":0},{"id":2155,"name":"Kyle Runolfsdottir","email":"Grant91@yahoo.com","password":"kaDu8p38lMTOgBq","phone_number":"01505491310","nid":"1235491310","role":"Customer","createdAt":"2022-06-21T18:18:07.000Z","updatedAt":"2022-06-21T18:18:07.000Z","balance":0},{"id":2156,"name":"Jeanne Stehr","email":"Graham_Renner@hotmail.com","password":"GnOtL9vcgPEJFh6","phone_number":"01769097324","nid":"45669097324","role":"Customer","createdAt":"2022-06-21T18:23:05.000Z","updatedAt":"2022-06-21T18:23:05.000Z","balance":0},{"id":2157,"name":"Miss Elvira Barton","email":"Sadie_Yundt45@gmail.com","password":"m33l27YwAvJ2W81","phone_number":"01502640856","nid":"1232640856","role":"Customer","createdAt":"2022-06-21T18:24:49.000Z","updatedAt":"2022-06-21T18:24:49.000Z","balance":0},{"id":2158,"name":"Fernando Davis DDS","email":"Kennedi_Bruen@yahoo.com","password":"TdNIB0WgmiIAnZ9","phone_number":"01504964250","nid":"1234964250","role":"Customer","createdAt":"2022-06-21T18:28:00.000Z","updatedAt":"2022-06-21T18:28:00.000Z","balance":0},{"id":2160,"name":"Mr. Sally Kautzer","email":"Henderson.Bauch@hotmail.com","password":"C1Ur4Mj1Uhm3S7V","phone_number":"01502357082","nid":"1232357082","role":"Customer","createdAt":"2022-06-21T19:42:32.000Z","updatedAt":"2022-06-21T19:42:32.000Z","balance":0},{"id":2162,"name":"Darby Baumbach","email":"Maureen17@yahoo.com","password":"123456","phone_number":"410-833-4290","nid":"79656975","role":"Customer","createdAt":"2022-06-21T19:43:32.000Z","updatedAt":"2022-06-21T19:43:32.000Z","balance":0},{"id":2163,"name":"Pattie Labadie","email":"Ignacio_Windler@yahoo.com","password":"123456","phone_number":"832-367-3603","nid":"47206947","role":"Customer","createdAt":"2022-06-21T19:43:38.000Z","updatedAt":"2022-06-21T19:43:38.000Z","balance":0},{"id":2164,"name":"Warren Huels","email":"Samanta_Boyle53@hotmail.com","password":"123456","phone_number":"669-849-0195","nid":"83775233","role":"Customer","createdAt":"2022-06-21T19:43:39.000Z","updatedAt":"2022-06-21T19:43:39.000Z","balance":0},{"id":2165,"name":"Berta O'Keefe","email":"Holly.Schuster@gmail.com","password":"123456","phone_number":"513-348-1582","nid":"39710920","role":"Customer","createdAt":"2022-06-21T19:43:40.000Z","updatedAt":"2022-06-21T19:43:40.000Z","balance":0},{"id":2166,"name":"Kade Mante","email":"Colin94@hotmail.com","password":"123456","phone_number":"793-988-5745","nid":"49689059","role":"Customer","createdAt":"2022-06-21T19:43:42.000Z","updatedAt":"2022-06-21T19:43:42.000Z","balance":0},{"id":2167,"name":"Erna Harris","email":"Susanna_Kemmer58@yahoo.com","password":"123456","phone_number":"587-316-3107","nid":"40027771","role":"Customer","createdAt":"2022-06-21T19:43:44.000Z","updatedAt":"2022-06-21T19:43:44.000Z","balance":0},{"id":2171,"name":"Norberto Roob","email":"Christopher56@gmail.com","password":"123456","phone_number":"843-705-7773","nid":"38031322","role":"Customer","createdAt":"2022-06-21T20:32:42.000Z","updatedAt":"2022-06-21T20:32:42.000Z","balance":0},{"id":2172,"name":"Magnolia Altenwerth","email":"Giuseppe_Roberts@gmail.com","password":"123456","phone_number":"689-885-5130","nid":"67323307","role":"Customer","createdAt":"2022-06-21T20:32:57.000Z","updatedAt":"2022-06-21T20:32:57.000Z","balance":0},{"id":2173,"name":"Zella Price","email":"Liliana.Schmitt@hotmail.com","password":"123456","phone_number":"903-418-4877","nid":"79133678","role":"Customer","createdAt":"2022-06-21T20:33:22.000Z","updatedAt":"2022-06-21T20:33:22.000Z","balance":0},{"id":2174,"name":"Yolanda Von","email":"April_Cole38@hotmail.com","password":"123456","phone_number":"733-750-6079","nid":"89918905","role":"Customer","createdAt":"2022-06-21T20:33:32.000Z","updatedAt":"2022-06-21T20:33:32.000Z","balance":0},{"id":2175,"name":"sohel","email":"dalim12@gmail.com","password":"dali12m","phone_number":"0112517455043033","nid":"12121211123414","role":"Customer","createdAt":"2022-06-21T20:35:08.000Z","updatedAt":"2022-06-21T20:35:08.000Z","balance":0},{"id":2176,"name":"Alisha Ziemann","email":"Imelda30@yahoo.com","password":"123456","phone_number":"915-876-3869","nid":"69951293","role":"Customer","createdAt":"2022-06-21T20:35:24.000Z","updatedAt":"2022-06-21T20:35:24.000Z","balance":0},{"id":2177,"name":"Maryam Hahn","email":"Dedrick61@hotmail.com","password":"123456","phone_number":"215-677-9444","nid":"24101196","role":"Customer","createdAt":"2022-06-21T20:41:24.000Z","updatedAt":"2022-06-21T20:41:24.000Z","balance":0},{"id":2178,"name":"Lorenzo Feest","email":"Anika0@hotmail.com","password":"123456","phone_number":"784-462-0114","nid":"44423270","role":"Customer","createdAt":"2022-06-21T20:42:12.000Z","updatedAt":"2022-06-21T20:42:12.000Z","balance":0},{"id":2179,"name":"soohel","email":"daliim12@gmail.com","password":"dali12m","phone_number":"011o2517455043033","nid":"121212o11123414","role":"Customer","createdAt":"2022-06-21T21:42:58.000Z","updatedAt":"2022-06-21T21:42:58.000Z","balance":0},{"id":2180,"name":"soohrrel","email":"daliim12df@gmail.com","password":"dalia12m","phone_number":"01f1o2517455043033","nid":"121212o11ffffff123414","role":"Customer","createdAt":"2022-06-21T21:44:55.000Z","updatedAt":"2022-06-21T21:44:55.000Z","balance":0},{"id":2181,"name":"Ansel Harris","email":"Jaycee_Dicki81@yahoo.com","password":"123456","phone_number":"433-501-9017","nid":"84376450","role":"Customer","createdAt":"2022-06-21T21:45:08.000Z","updatedAt":"2022-06-21T21:45:08.000Z","balance":0},{"id":2182,"name":"soohrrtgel","email":"daligim12df@gmail.com","password":"dalia12m","phone_number":"01fg1o2517455043033","nid":"12414","role":"Customer","createdAt":"2022-06-21T21:46:19.000Z","updatedAt":"2022-06-21T21:46:19.000Z","balance":0},{"id":2183,"name":"Otis Mills","email":"Chase.Schiller@hotmail.com","password":"123456","phone_number":"564-382-7194","nid":"97249936","role":"Customer","createdAt":"2022-06-21T21:46:35.000Z","updatedAt":"2022-06-21T21:46:35.000Z","balance":0},{"id":2184,"name":"Lionel Murazik","email":"Ozella.Carter26@yahoo.com","password":"2NQkqn_mv6KNk4s","phone_number":"01489489469","nid":"98988","role":"customer","createdAt":"2022-06-22T04:47:24.000Z","updatedAt":"2022-06-22T04:47:24.000Z","balance":0},{"id":2185,"name":"Ms. Shirley Braun","email":"Kirk55@yahoo.com","password":"EbfwnEU1CRRsfOu","phone_number":"01505116943","nid":"1235116943","role":"Customer","createdAt":"2022-06-22T05:04:48.000Z","updatedAt":"2022-06-22T05:04:48.000Z","balance":0},{"id":2186,"name":"Raymond Reinger","email":"Karelle.Shanahan@yahoo.com","password":"uBmXZzxWiQQfq_y","phone_number":"01506821266","nid":"1236821266","role":"Customer","createdAt":"2022-06-22T05:04:50.000Z","updatedAt":"2022-06-22T05:04:50.000Z","balance":0},{"id":2187,"name":"Tim Swift","email":"Arlie.Botsford@yahoo.com","password":"RyYMaBzKlYnHPRQ","phone_number":"724-470-9789","nid":"{{nidNumber}}","role":"Customer","createdAt":"2022-06-22T05:20:31.000Z","updatedAt":"2022-06-22T05:20:31.000Z","balance":0},{"id":2188,"name":"Freddie Muller","email":"Bryon70@hotmail.com","password":"VgLUBKDKnBBFhAb","phone_number":"748-447-3944","nid":"{{nidNumber}}","role":"Customer","createdAt":"2022-06-22T05:21:53.000Z","updatedAt":"2022-06-22T05:21:53.000Z","balance":0},{"id":2189,"name":"Pete Buckridge II","email":"Zachary_Senger@hotmail.com","password":"xwLmCMhwsuOQh5d","phone_number":"+8801804470061","nid":"{{nidNumber}}","role":"Customer","createdAt":"2022-06-22T05:22:43.000Z","updatedAt":"2022-06-22T05:22:43.000Z","balance":0},{"id":2190,"name":"Ethel Bahringer","email":"Vance26@yahoo.com","password":"wEWpcts6UtMjOSb","phone_number":"+8801717497927","nid":"080717497927","role":"Customer","createdAt":"2022-06-22T05:23:11.000Z","updatedAt":"2022-06-22T05:23:11.000Z","balance":0},{"id":2191,"name":"Myra Kshlerin DVM","email":"Reta5@gmail.com","password":"n4ibDBLm1n5HL4I","phone_number":"+8801257437567","nid":"080257437567","role":"Customer","createdAt":"2022-06-22T05:26:07.000Z","updatedAt":"2022-06-22T05:26:07.000Z","balance":0},{"id":2192,"name":"Jaime Cummings","email":"Keeley.Emmerich75@hotmail.com","password":"H1bKO3Kyfe4mykO","phone_number":"+8801540171032","nid":"080540171032","role":"Customer","createdAt":"2022-06-22T05:47:34.000Z","updatedAt":"2022-06-22T05:47:34.000Z","balance":0},{"id":2193,"name":"Timmy Marks","email":"Brenna.Considine34@gmail.com","password":"YEsAqx6ptmuRnM_","phone_number":"+8801417262408","nid":"080417262408","role":"Customer","createdAt":"2022-06-22T05:48:14.000Z","updatedAt":"2022-06-22T05:48:14.000Z","balance":0},{"id":2194,"name":"Pat Quitzon","email":"Gregg63@yahoo.com","password":"VBcjYgG8HhsmGJI","phone_number":"+8801964848879","nid":"080964848879","role":"Customer","createdAt":"2022-06-22T05:49:54.000Z","updatedAt":"2022-06-22T05:54:59.000Z","balance":0},{"id":2195,"name":"Nancy Frami","email":"Danial_Bogan1@hotmail.com","password":"X7HVGngWu0OhRFa","phone_number":"+8801191321571","nid":"080808338251","role":"Customer","createdAt":"2022-06-22T05:55:06.000Z","updatedAt":"2022-06-22T05:58:15.000Z","balance":0},{"id":2196,"name":"Bernadette Boyer","email":"Jaylan_Bartell84@gmail.com","password":"V7R0vVE5E_B92ax","phone_number":"+8801146823924","nid":"080191562842","role":"Customer","createdAt":"2022-06-22T05:58:44.000Z","updatedAt":"2022-06-22T06:01:10.000Z","balance":0},{"id":2198,"name":"sohhel","email":"daligim@gmail.com","password":"daia12m","phone_number":"517455043033","nid":"112114","role":"Customer","createdAt":"2022-06-22T06:06:17.000Z","updatedAt":"2022-06-22T06:06:17.000Z","balance":0},{"id":2199,"name":"Jaclyn Beier","email":"Giovanna49@gmail.com","password":"123456","phone_number":"725-472-8532","nid":"83168346","role":"Customer","createdAt":"2022-06-22T06:06:43.000Z","updatedAt":"2022-06-22T06:06:43.000Z","balance":0},{"id":2201,"name":"Bruce Wilderman II","email":"Nat9@gmail.com","password":"5jhQKeHuP4YwUq6","phone_number":"+8801756915434","nid":"080756915434","role":"Customer","createdAt":"2022-06-22T06:20:08.000Z","updatedAt":"2022-06-22T06:20:08.000Z","balance":0},{"id":2202,"name":"Frances Kunze","email":"Frederique_Kassulke66@yahoo.com","password":"SgfUjYZTXQWHDSU","phone_number":"01508905121","nid":"1238905121","role":"Customer","createdAt":"2022-06-22T06:59:49.000Z","updatedAt":"2022-06-22T06:59:49.000Z","balance":0},{"id":2203,"name":"John Von","email":"Ramiro53@hotmail.com","password":"ZCX80TvlNv0wbrt","phone_number":"01507437075","nid":"1237437075","role":"Customer","createdAt":"2022-06-22T07:09:37.000Z","updatedAt":"2022-06-22T07:09:37.000Z","balance":0},{"id":2204,"name":"Patty Halvorson","email":"Osborne32@yahoo.com","password":"RRVR9Samgt_Yd0W","phone_number":"01503667113","nid":"1233667113","role":"Customer","createdAt":"2022-06-22T07:11:44.000Z","updatedAt":"2022-06-22T07:11:44.000Z","balance":0},{"id":2205,"name":"Georgia Toy","email":"Ben28@gmail.com","password":"ld2cCN6k8XEYjI_","phone_number":"01503728768","nid":"1233728768","role":"Customer","createdAt":"2022-06-22T07:26:02.000Z","updatedAt":"2022-06-22T07:26:02.000Z","balance":0},{"id":2206,"name":"Ms. Marvin Schultz","email":"Bart.Zieme82@gmail.com","password":"jnQ0u8E2BKzKl8F","phone_number":"01506262900","nid":"1236262900","role":"Customer","createdAt":"2022-06-22T07:27:57.000Z","updatedAt":"2022-06-22T07:27:57.000Z","balance":0},{"id":2207,"name":"Warren Kovacek","email":"Emerson67@hotmail.com","password":"Hu8P7v0qLvZHMCr","phone_number":"01508479172","nid":"1238479172","role":"Customer","createdAt":"2022-06-22T07:28:46.000Z","updatedAt":"2022-06-22T07:28:46.000Z","balance":0},{"id":2209,"name":"Cornelius Torphy DDS","email":"Retta78@gmail.com","password":"xmHYaf5rwHGq64O","phone_number":"01504221361","nid":"1234221361","role":"Customer","createdAt":"2022-06-22T07:36:48.000Z","updatedAt":"2022-06-22T07:36:48.000Z","balance":0},{"id":2210,"name":"Cecilia Rau","email":"Aiden.Ratke78@hotmail.com","password":"1QFDA5acIslyvAq","phone_number":"01509115407","nid":"1239115407","role":"Customer","createdAt":"2022-06-22T07:36:58.000Z","updatedAt":"2022-06-22T07:36:58.000Z","balance":0},{"id":2211,"name":"Erin Weissnat","email":"Layla_Larson@gmail.com","password":"Qi4U7JtbAJ7oOxB","phone_number":"01505864786","nid":"1235864786","role":"Customer","createdAt":"2022-06-22T07:37:19.000Z","updatedAt":"2022-06-22T07:37:19.000Z","balance":0},{"id":2212,"name":"Zachary McGlynn","email":"Theresia.Dickinson64@yahoo.com","password":"M9OTArs_AcHAL3M","phone_number":"01504680930","nid":"1234680930","role":"Customer","createdAt":"2022-06-22T07:37:46.000Z","updatedAt":"2022-06-22T07:37:46.000Z","balance":0},{"id":2213,"name":"Miss Cecilia Murray","email":"Bud_Kling60@yahoo.com","password":"SJiTtTjuK3xA_2J","phone_number":"01505328492","nid":"1235328492","role":"Customer","createdAt":"2022-06-22T07:46:43.000Z","updatedAt":"2022-06-22T07:46:43.000Z","balance":0},{"id":2214,"name":"Brittany Collins","email":"Maxwell32@hotmail.com","password":"Mn7lPxvvrHgXIgq","phone_number":"01508453796","nid":"1238453796","role":"Customer","createdAt":"2022-06-22T07:51:24.000Z","updatedAt":"2022-06-22T07:51:24.000Z","balance":0},{"id":2215,"name":"Wilbur Mitchell","email":"Lance_Dach@yahoo.com","password":"bOk2gdq2N5iR7oq","phone_number":"01501985940","nid":"1231985940","role":"Customer","createdAt":"2022-06-22T07:52:06.000Z","updatedAt":"2022-06-22T07:52:06.000Z","balance":0},{"id":2216,"name":"Heidi Wuckert","email":"Jacey.Bahringer@yahoo.com","password":"7gYsBRV7geKQYYJ","phone_number":"01505421628","nid":"1235421628","role":"Customer","createdAt":"2022-06-22T07:52:19.000Z","updatedAt":"2022-06-22T07:52:19.000Z","balance":0},{"id":2217,"name":"Dwight Schiller","email":"Mohamed44@gmail.com","password":"cd5M_XHEdf0LgZm","phone_number":"01506528899","nid":"1236528899","role":"Customer","createdAt":"2022-06-22T07:55:09.000Z","updatedAt":"2022-06-22T07:55:09.000Z","balance":0},{"id":2218,"name":"Tomas Price II","email":"Wilton83@yahoo.com","password":"GPc61uPWtkiEFyU","phone_number":"01506391213","nid":"1236391213","role":"Customer","createdAt":"2022-06-22T08:06:37.000Z","updatedAt":"2022-06-22T08:06:37.000Z","balance":0},{"id":2219,"name":"Eva Kulas","email":"Giles.Rice@gmail.com","password":"5DyyZFzJWhdkC1h","phone_number":"01501525339","nid":"1231525339","role":"Customer","createdAt":"2022-06-22T08:12:28.000Z","updatedAt":"2022-06-22T08:12:28.000Z","balance":0},{"id":2220,"name":"Olive Marquardt","email":"Matteo.Kertzmann@yahoo.com","password":"LxRw8dZwFFFGCEI","phone_number":"1254584844","nid":"1237073414","role":"Customer","createdAt":"2022-06-22T08:14:02.000Z","updatedAt":"2022-06-22T08:33:13.000Z","balance":0},{"id":2221,"name":"{{$randomFullname}}","email":"Henry.Emard15@yahoo.com","password":"GPkrSpqx2N2dYe5","phone_number":"0151270145541","nid":"123270145541","role":"Customer","createdAt":"2022-06-22T09:27:39.000Z","updatedAt":"2022-06-22T09:27:39.000Z","balance":0},{"id":2222,"name":"{{$randomFullname}}","email":"Marta.Rau@gmail.com","password":"ijPLVRbnMxtuNfn","phone_number":"0151777710760","nid":"123777710760","role":"Customer","createdAt":"2022-06-22T09:31:36.000Z","updatedAt":"2022-06-22T09:31:36.000Z","balance":0},{"id":2223,"name":"{{$randomFullname}}","email":"Nathan_Goodwin30@yahoo.com","password":"qThWFL6MyKS0EJl","phone_number":"01512890861","nid":"1232890861","role":"Customer","createdAt":"2022-06-22T09:32:22.000Z","updatedAt":"2022-06-22T09:32:22.000Z","balance":0},{"id":2224,"name":"{{$randomFullname}}","email":"Alvina9@hotmail.com","password":"6cyCCFNqqRm1bt3","phone_number":"01513163644","nid":"1233163644","role":"Customer","createdAt":"2022-06-22T09:32:43.000Z","updatedAt":"2022-06-22T09:32:43.000Z","balance":0},{"id":2225,"name":"Faith Gerhold","email":"Bradly_OConner56@hotmail.com","password":"ABHSWbMB01WBNkR","phone_number":"01503559043","nid":"1233559043","role":"Customer","createdAt":"2022-06-22T10:13:03.000Z","updatedAt":"2022-06-22T10:13:03.000Z","balance":0},{"id":2227,"name":"Mr. Janice Kihn","email":"Archibald.Hammes20@gmail.com","password":"ymRrfQ2cDOcrjCi","phone_number":"01508543198","nid":"1238543198","role":"Customer","createdAt":"2022-06-22T10:24:51.000Z","updatedAt":"2022-06-22T10:24:51.000Z","balance":0},{"id":2229,"name":"Ashik","email":"Delpha_Collier@yahoo.com","password":"T5cnJN70qO5CCYp","phone_number":"01502212471","nid":"1234948770","role":"Customer","createdAt":"2022-06-22T10:26:37.000Z","updatedAt":"2022-06-22T10:37:19.000Z","balance":0},{"id":2230,"name":"Larry Quigley","email":"Lou.Jaskolski@yahoo.com","password":"15xoKk0SR8kYL6a","phone_number":"01507875958","nid":"1237875958","role":"Customer","createdAt":"2022-06-22T10:27:10.000Z","updatedAt":"2022-06-22T10:27:10.000Z","balance":0},{"id":2231,"name":"Rachel Wilkinson","email":"Ryley.Treutel43@yahoo.com","password":"1h4eI1ThKc3dDbG","phone_number":"01505011875","nid":"1235011875","role":"Customer","createdAt":"2022-06-22T10:27:55.000Z","updatedAt":"2022-06-22T10:27:55.000Z","balance":0},{"id":2232,"name":"Mrs. Elvira Armstrong","email":"Carleton81@gmail.com","password":"HdrDZbTZmkBMcsz","phone_number":"01504296364","nid":"1234296364","role":"Customer","createdAt":"2022-06-22T10:31:31.000Z","updatedAt":"2022-06-22T10:31:31.000Z","balance":0},{"id":2234,"name":"Alton Koelpin","email":"Ruthie_Rau@yahoo.com","password":"vz2XWNsOyxhn_kJ","phone_number":"01506910552","nid":"1236910552","role":"Customer","createdAt":"2022-06-22T10:38:09.000Z","updatedAt":"2022-06-22T10:38:09.000Z","balance":0},{"id":2239,"name":"Glenn Satterfield","email":"Glennie20@hotmail.com","password":"FHY3zMCcw2kaRhQ","phone_number":"01509807916","nid":"1239807916","role":"Customer","createdAt":"2022-06-22T12:27:58.000Z","updatedAt":"2022-06-22T12:27:58.000Z","balance":0},{"id":2240,"name":"Christy Gulgowski","email":"Eulalia_Christiansen42@gmail.com","password":"SKRemlgDNhTnmds","phone_number":"01508314350","nid":"1238314350","role":"Customer","createdAt":"2022-06-22T12:29:39.000Z","updatedAt":"2022-06-22T12:29:39.000Z","balance":0},{"id":2242,"name":"Felix Pollich","email":"Damaris32@hotmail.com","password":"1IBZItNhHcXPzNg","phone_number":"0176869067","nid":"1236869067","role":"Customer","createdAt":"2022-06-22T12:34:25.000Z","updatedAt":"2022-06-22T12:34:25.000Z","balance":0},{"id":2243,"name":"Al Amin Choudhury Abeer","email":"Lou_Skiles34@gmail.com","password":"SAthn2zpSS3vVZC","phone_number":"01742667781","nid":"1501888968","role":"Admin","createdAt":"2022-06-22T12:34:32.000Z","updatedAt":"2022-06-22T13:39:48.000Z","balance":0},{"id":2247,"name":"Archie Prohaska","email":"Abraham77@gmail.com","password":"w1AreGTy2huTnmg","phone_number":"01509033940","nid":"1239033940","role":"Teacher","createdAt":"2022-06-22T13:15:39.000Z","updatedAt":"2022-06-22T13:15:40.000Z","balance":0},{"id":2249,"name":"Timmy Heathcote","email":"Bethany.Schmidt6@gmail.com","password":"68x4NdRowMDmspR","phone_number":"0178251917","nid":"1238251917","role":"Customer","createdAt":"2022-06-22T13:40:47.000Z","updatedAt":"2022-06-22T13:40:47.000Z","balance":0},{"id":2250,"name":"Todd Jacobson","email":"Aurelie1@gmail.com","password":"K6xaPTG9QUHGeOO","phone_number":"01920703{randomuserid}","nid":"1233611047","role":"Customer","createdAt":"2022-06-22T13:40:54.000Z","updatedAt":"2022-06-28T10:50:05.000Z","balance":0},{"id":2257,"name":"Ray Schmidt","email":"Rowland.Kutch@hotmail.com","password":"q4PSgIm2W6gq9hy","phone_number":"01507590290","nid":"1237590290","role":"Customer","createdAt":"2022-06-22T14:00:02.000Z","updatedAt":"2022-06-22T14:00:02.000Z","balance":0},{"id":2259,"name":"Leland O'Connell","email":"Lon.Runolfsdottir@yahoo.com","password":"N62SD3wMpDzX4IG","phone_number":"01501121237","nid":"1231121237","role":"Customer","createdAt":"2022-06-22T14:15:31.000Z","updatedAt":"2022-06-22T14:15:31.000Z","balance":0},{"id":2260,"name":"Ralph Hettinger","email":"Carmen_Feeney@yahoo.com","password":"Po4GgGyYve_r44e","phone_number":"01509989223","nid":"1239989223","role":"Customer","createdAt":"2022-06-22T14:15:33.000Z","updatedAt":"2022-06-22T14:15:33.000Z","balance":0},{"id":2261,"name":"Carmen Reinger","email":"Hector43@yahoo.com","password":"47G2PCMsn4mH5CN","phone_number":"01509993861","nid":"54646464","role":"Customer","createdAt":"2022-06-22T14:15:36.000Z","updatedAt":"2022-06-22T14:16:24.000Z","balance":0},{"id":2262,"name":"Barry Smitham","email":"Karley_Runolfsson30@yahoo.com","password":"UpOyYEwNygna7Cj","phone_number":"01508854430","nid":"1238854430","role":"Customer","createdAt":"2022-06-22T14:16:11.000Z","updatedAt":"2022-06-22T14:16:11.000Z","balance":0},{"id":2263,"name":"Alejandro Cronin","email":"Lenny81@gmail.com","password":"pAVc4HNWAdomLMv","phone_number":"01502635088","nid":"1232635088","role":"Customer","createdAt":"2022-06-22T14:16:42.000Z","updatedAt":"2022-06-22T14:16:42.000Z","balance":0},{"id":2264,"name":"Carmen Treutel","email":"Lavon_Conn71@hotmail.com","password":"20E7UBZYFucUB1I","phone_number":"01506779993","nid":"1236779993","role":"Customer","createdAt":"2022-06-22T14:16:42.000Z","updatedAt":"2022-06-22T14:16:42.000Z","balance":0},{"id":2268,"name":"Seth Kessler","email":"Kara59@gmail.com","password":"VghWUem3V_FG3RE","phone_number":"0179982241","nid":"1239982241","role":"Customer","createdAt":"2022-06-22T14:21:25.000Z","updatedAt":"2022-06-22T14:21:25.000Z","balance":0},{"id":2270,"name":"Leah Runolfsdottir","email":"Rory20@yahoo.com","password":"coGI2hjTILkcIBd","phone_number":"01504550911","nid":"1234550911","role":"Customer","createdAt":"2022-06-22T14:33:43.000Z","updatedAt":"2022-06-22T14:33:43.000Z","balance":0},{"id":2271,"name":"Joe Barton","email":"Octavia57@yahoo.com","password":"Tpgz9v0VK5Cc6NK","phone_number":"01504883894","nid":"1234883894","role":"Customer","createdAt":"2022-06-22T14:34:03.000Z","updatedAt":"2022-06-22T14:34:03.000Z","balance":0},{"id":2273,"name":"Lucia Effertz PhD","email":"Katrina_Miller@hotmail.com","password":"M6_QWIQl3grX4I2","phone_number":"0175891985","nid":"1235891985","role":"Customer","createdAt":"2022-06-22T14:48:42.000Z","updatedAt":"2022-06-22T14:48:42.000Z","balance":0},{"id":2274,"name":"Matt Hettinger","email":"Deven.Bayer51@hotmail.com","password":"Rt8qc2X8z2lBruj","phone_number":"01506263273","nid":"1236263273","role":"Customer","createdAt":"2022-06-22T15:17:45.000Z","updatedAt":"2022-06-22T15:17:45.000Z","balance":0},{"id":2275,"name":"Brian Terry","email":"Eulalia.Mante@hotmail.com","password":"4DIFodZFbjzWKf7","phone_number":"01504046537","nid":"1234046537","role":"Customer","createdAt":"2022-06-22T15:38:36.000Z","updatedAt":"2022-06-22T15:38:36.000Z","balance":0},{"id":2276,"name":"Terri Thiel","email":"Gabe.Cartwright@hotmail.com","password":"szV2t7LPUqDpJhX","phone_number":"01509338410","nid":"1239338410","role":"Customer","createdAt":"2022-06-22T15:38:40.000Z","updatedAt":"2022-06-22T15:38:40.000Z","balance":0},{"id":2277,"name":"Rosie Ortiz","email":"Jeramie_Larkin79@yahoo.com","password":"E9UdqYOAGS1KilK","phone_number":"017100000000","nid":"567100000000","role":"Customer","createdAt":"2022-06-22T15:40:26.000Z","updatedAt":"2022-06-22T15:40:26.000Z","balance":0},{"id":2278,"name":"James Sanford","email":"Claud81@hotmail.com","password":"4RmgT3T3wilNA48","phone_number":"01713968470","nid":"56713968470","role":"customer","createdAt":"2022-06-22T16:06:02.000Z","updatedAt":"2022-06-22T16:06:02.000Z","balance":0},{"id":2279,"name":"Ruben Kutch","email":"Vivianne93@yahoo.com","password":"ef_cfgDFq072uG4","phone_number":"01749824488","nid":"56749824488","role":"customer","createdAt":"2022-06-22T16:10:57.000Z","updatedAt":"2022-06-22T16:10:57.000Z","balance":0},{"id":2281,"name":"Joyce Robel","email":"Kimberly.Rowe37@hotmail.com","password":"mtcPSMU1z9Pa5B4","phone_number":"01739907435","nid":"56721723324","role":"customer","createdAt":"2022-06-22T16:21:04.000Z","updatedAt":"2022-06-22T16:21:15.000Z","balance":0},{"id":2289,"name":"Mrs. Roy Hoppe","email":"Gunnar_Stoltenberg@yahoo.com","password":"5Bvkcg5oeVOdXAC","phone_number":"+8801830511387","nid":"080491365328","role":"Customer","createdAt":"2022-06-22T18:18:38.000Z","updatedAt":"2022-06-22T18:19:00.000Z","balance":0},{"id":2294,"name":"Ms. Richard Pollich","email":"Lorenza77@yahoo.com","password":"dW4LZExsOsYw3Qy","phone_number":"+8801671977595","nid":"080671977595","role":"Customer","createdAt":"2022-06-22T18:32:10.000Z","updatedAt":"2022-06-22T18:32:10.000Z","balance":0},{"id":2300,"name":"Claudia Fahey","email":"Johathan17@gmail.com","password":"4Z3aAjhgDy6K4zJ","phone_number":"+8801455782639","nid":"080455782639","role":"Customer","createdAt":"2022-06-22T18:39:11.000Z","updatedAt":"2022-06-22T18:39:11.000Z","balance":0},{"id":2301,"name":"Natalie Zieme","email":"Elvis.Borer24@yahoo.com","password":"UIfa5oEgKAruSoi","phone_number":"+8801654318115","nid":"080654318115","role":"Customer","createdAt":"2022-06-22T18:44:32.000Z","updatedAt":"2022-06-22T18:44:32.000Z","balance":0},{"id":2302,"name":"Rosemary Schroeder","email":"Annette63@hotmail.com","password":"tL8pXLH6kg7BN7A","phone_number":"+8801818570302","nid":"080818570302","role":"Customer","createdAt":"2022-06-22T18:45:20.000Z","updatedAt":"2022-06-22T18:45:20.000Z","balance":0},{"id":2303,"name":"Betsy Hermiston","email":"Laverna.Ziemann@yahoo.com","password":"123456","phone_number":"805-772-9223","nid":"15825327","role":"Customer","createdAt":"2022-06-22T18:50:30.000Z","updatedAt":"2022-06-22T18:50:30.000Z","balance":0},{"id":2304,"name":"{{$randomFullname}}","email":"Twila.Mraz92@hotmail.com","password":"EU1hI5BtmL0InDY","phone_number":"01519886844","nid":"1239886844","role":"Customer","createdAt":"2022-06-22T18:56:02.000Z","updatedAt":"2022-06-22T18:56:02.000Z","balance":0},{"id":2305,"name":"{{$randomFullname}}","email":"Cynthia8@gmail.com","password":"A4LPRIfC0j37lgE","phone_number":"01515545529","nid":"1235545529","role":"Customer","createdAt":"2022-06-22T18:56:29.000Z","updatedAt":"2022-06-22T18:56:29.000Z","balance":0},{"id":2308,"name":"Guillermo Beer","email":"Madonna0@yahoo.com","password":"fTTTI_KdnKnjv5R","phone_number":"01713648066","nid":"6413648066","role":"Customer","createdAt":"2022-06-22T19:19:15.000Z","updatedAt":"2022-06-22T19:19:15.000Z","balance":0},{"id":2310,"name":"Joshua Reinger","email":"Zackery54@yahoo.com","password":"123456","phone_number":"741-598-8047","nid":"13250442","role":"Customer","createdAt":"2022-06-22T19:28:27.000Z","updatedAt":"2022-06-22T19:28:27.000Z","balance":0},{"id":2311,"name":"Wilhelm Lueilwitz","email":"Rosetta.Jones74@yahoo.com","password":"123456","phone_number":"838-308-1397","nid":"96462817","role":"Customer","createdAt":"2022-06-22T19:29:19.000Z","updatedAt":"2022-06-22T19:29:19.000Z","balance":0},{"id":2314,"name":"Cordell Kuhlman","email":"Seamus.Considine96@yahoo.com","password":"123456","phone_number":"532-343-3971","nid":"42569729","role":"Customer","createdAt":"2022-06-22T20:08:27.000Z","updatedAt":"2022-06-22T20:08:27.000Z","balance":0},{"id":2315,"name":"Connie Prosacco","email":"Alyce_Davis8@yahoo.com","password":"123456","phone_number":"782-503-5129","nid":"92987887","role":"Customer","createdAt":"2022-06-22T20:36:32.000Z","updatedAt":"2022-06-22T20:36:32.000Z","balance":0},{"id":2316,"name":"Albin Balistreri","email":"Dustin.Herzog@hotmail.com","password":"123456","phone_number":"973-786-6110","nid":"42906887","role":"Customer","createdAt":"2022-06-22T20:59:37.000Z","updatedAt":"2022-06-22T20:59:37.000Z","balance":0},{"id":2320,"name":"Alexis Krajcik","email":"Jermain57@gmail.com","password":"6dnFzd_cLak6Ecw","phone_number":"01505288327","nid":"1235288327","role":"Customer","createdAt":"2022-06-23T03:18:13.000Z","updatedAt":"2022-06-23T03:18:13.000Z","balance":0},{"id":2321,"name":"Erin Bruen MD","email":"Kenton.Mraz62@hotmail.com","password":"A3Airb3jlOXHA5f","phone_number":"01506890075","nid":"1236890075","role":"Customer","createdAt":"2022-06-23T03:22:39.000Z","updatedAt":"2022-06-23T03:22:39.000Z","balance":0},{"id":2325,"name":"Alfonso Ledner","email":"Jackeline54@hotmail.com","password":"p9WKkBJsh4lffHK","phone_number":"0175009088","nid":"1235009088","role":"Customer","createdAt":"2022-06-23T04:54:09.000Z","updatedAt":"2022-06-23T04:54:09.000Z","balance":0},{"id":2326,"name":"Natasha Berge","email":"Janessa_Muller98@gmail.com","password":"lu6egCfyN5Cim0l","phone_number":"0171426466","nid":"1231426466","role":"Customerv","createdAt":"2022-06-23T04:55:05.000Z","updatedAt":"2022-06-23T04:55:05.000Z","balance":0},{"id":2329,"name":"Jerald MacGyver","email":"Hassan_Moore99@yahoo.com","password":"9ZQ2YZR2PibA81x","phone_number":"01568116082","nid":"1232277469","role":"Customer","createdAt":"2022-06-23T05:03:42.000Z","updatedAt":"2022-06-23T05:07:57.000Z","balance":0},{"id":2330,"name":"Ethel Waters","email":"Gregg.Beatty71@hotmail.com","password":"FrbgB0hMzSHClEB","phone_number":"0179490965","nid":"1239490965","role":"Customer","createdAt":"2022-06-23T05:11:11.000Z","updatedAt":"2022-06-23T05:11:11.000Z","balance":0},{"id":2331,"name":"Patty Mayert PhD","email":"Rosetta.Bode@yahoo.com","password":"7sZ1flqqVLzTNeC","phone_number":"01835307010","nid":"4225307010","role":"Customer","createdAt":"2022-06-23T05:13:39.000Z","updatedAt":"2022-06-23T05:13:39.000Z","balance":0},{"id":2334,"name":"Christopher Blanda","email":"Makenna.Gibson49@gmail.com","password":"h1oAP8m1J0N7Yvu","phone_number":"01835111256","nid":"4225111256","role":"Customer","createdAt":"2022-06-23T05:14:57.000Z","updatedAt":"2022-06-23T05:14:57.000Z","balance":0},{"id":2335,"name":"Devin Purdy","email":"Margot_OReilly@hotmail.com","password":"c4WqeYsPGKgEXvv","phone_number":"01834910231","nid":"4224910231","role":"Customer","createdAt":"2022-06-23T05:16:28.000Z","updatedAt":"2022-06-23T05:16:28.000Z","balance":0},{"id":2336,"name":"Roy O'Conner","email":"Rupert.Friesen71@hotmail.com","password":"gx4p0o2BhZpWI1Z","phone_number":"01831730540","nid":"4221730540","role":"Customer","createdAt":"2022-06-23T05:16:57.000Z","updatedAt":"2022-06-23T05:16:57.000Z","balance":0},{"id":2344,"name":"Cecelia Donnelly","email":"Hal.Luettgen@gmail.com","password":"PEB_PvEo_DlmpH_","phone_number":"0171244009","nid":"1231244009","role":"Customer","createdAt":"2022-06-23T05:29:51.000Z","updatedAt":"2022-06-23T05:29:51.000Z","balance":0},{"id":2346,"name":"Ervin Bogisich","email":"Dakota_OReilly92@gmail.com","password":"IfF0E8uzDnCY35R","phone_number":"0178126354","nid":"1238126354","role":"Customer","createdAt":"2022-06-23T05:35:39.000Z","updatedAt":"2022-06-23T05:35:39.000Z","balance":0},{"id":2352,"name":"Johnny Marks","email":"Elias.Haag64@gmail.com","password":"77GCvyPjgpP6JX0","phone_number":"01502833836","nid":"1232833836","role":"Customer","createdAt":"2022-06-23T05:58:21.000Z","updatedAt":"2022-06-23T05:58:21.000Z","balance":0},{"id":2354,"name":"Silvia Toy PhD","email":"Opal_Ratke@yahoo.com","password":"cjifdTnkjQh_sUV","phone_number":"01506425294","nid":"1236425294","role":"Customer","createdAt":"2022-06-23T06:00:27.000Z","updatedAt":"2022-06-23T06:00:27.000Z","balance":0},{"id":2359,"name":"Pamela Schuster MD","email":"Ulises.Hamill9@gmail.com","password":"SEPrXcQ1fiXsv68","phone_number":"01504405962","nid":"1234405962","role":"Customer","createdAt":"2022-06-23T06:31:19.000Z","updatedAt":"2022-06-23T06:31:19.000Z","balance":0},{"id":2361,"name":"Wayne Hodkiewicz","email":"Flo98@yahoo.com","password":"_lFPJR1hmHjghQ1","phone_number":"01686171713","nid":"4223668535","role":"Customer","createdAt":"2022-06-23T07:25:39.000Z","updatedAt":"2022-06-30T16:37:22.000Z","balance":0},{"id":2368,"name":"Laila","email":"laila@gmail.com","password":"@@@@4","phone_number":"56593470171","nid":"3291550012","role":"Student","createdAt":"2022-06-23T13:12:35.000Z","updatedAt":"2022-06-23T13:12:35.000Z","balance":0},{"id":2369,"name":"Gloria Muller","email":"Joy_Huel18@hotmail.com","password":"_VcH56upNUMM5gS","phone_number":"01505836310","nid":"1235836310","role":"Customer","createdAt":"2022-06-23T13:24:08.000Z","updatedAt":"2022-06-23T13:24:08.000Z","balance":0},{"id":2370,"name":"Eddie Senger","email":"Sister96@gmail.com","password":"oTFwQXUnHnn9RVd","phone_number":"01715199666","nid":"1005199666","role":"Student","createdAt":"2022-06-23T13:33:18.000Z","updatedAt":"2022-06-23T13:33:18.000Z","balance":0},{"id":2371,"name":"Olivia Corwin","email":"Elijah.Grady@hotmail.com","password":"PerjpKabcu30VtQ","phone_number":"01714901067","nid":"1004901067","role":"Student","createdAt":"2022-06-23T13:42:08.000Z","updatedAt":"2022-06-23T13:42:08.000Z","balance":0},{"id":2375,"name":"Floyd Wilkinson","email":"Kathryne17@yahoo.com","password":"V3vAVEb8s_U1h1q","phone_number":"01510806043","nid":"196810806043","role":"Customer","createdAt":"2022-06-23T15:23:10.000Z","updatedAt":"2022-06-23T15:23:10.000Z","balance":0},{"id":2378,"name":"Lori Rice PhD","email":"Maeve_Zemlak@yahoo.com","password":"d31UUB7iItoegTs","phone_number":"01510409780","nid":"196810409780","role":"Customer","createdAt":"2022-06-23T16:15:46.000Z","updatedAt":"2022-06-23T16:15:46.000Z","balance":0},{"id":2379,"name":"Ramiro Kihn I","email":"Roderick_Hoeger72@yahoo.com","password":"LPrxnKZHL90ZVLk","phone_number":"0174658668","nid":"1234658668","role":"Customer","createdAt":"2022-06-23T16:16:53.000Z","updatedAt":"2022-06-23T16:16:53.000Z","balance":0},{"id":2380,"name":"","email":"Elisa_Marvin@hotmail.com","password":"hEjIXHeLz3_GQ7H","phone_number":"01510373848","nid":"196810373848","role":"Customer","createdAt":"2022-06-23T16:17:10.000Z","updatedAt":"2022-06-23T16:17:10.000Z","balance":0},{"id":2382,"name":"Darnell Hills","email":"Anissa.Rutherford@hotmail.com","password":"n8mdj6CBZHy35Vh","phone_number":"0177065821","nid":"1237065821","role":"Customer","createdAt":"2022-06-23T16:19:55.000Z","updatedAt":"2022-06-23T16:19:55.000Z","balance":0},{"id":2383,"name":"Gary Wuckert","email":"Sigrid8@gmail.com","password":"c3FC5WfaCfoLVlm","phone_number":"0175447773","nid":"1235447773","role":"Customer","createdAt":"2022-06-23T16:29:02.000Z","updatedAt":"2022-06-23T16:29:02.000Z","balance":0},{"id":2384,"name":"Alfonso Williamson","email":"Johnnie.McDermott94@yahoo.com","password":"zulFKJBhE9uMrmH","phone_number":"0176391388","nid":"1236391388","role":"Customer","createdAt":"2022-06-23T16:29:30.000Z","updatedAt":"2022-06-23T16:29:30.000Z","balance":0},{"id":2385,"name":"Mr. Inez Wyman","email":"Ceasar.Jast@hotmail.com","password":"9f5lcf9RcTJzdww","phone_number":"0176075817","nid":"1236075817","role":"Customer","createdAt":"2022-06-23T16:33:20.000Z","updatedAt":"2022-06-23T16:33:20.000Z","balance":0},{"id":2386,"name":"Elvira Zieme","email":"Sierra58@yahoo.com","password":"gY0oOlbm8cbSH2G","phone_number":"0173621438","nid":"1233621438","role":"Customer","createdAt":"2022-06-23T16:33:30.000Z","updatedAt":"2022-06-23T16:33:30.000Z","balance":0},{"id":2387,"name":"Shawn Hahn","email":"Glennie_Purdy71@gmail.com","password":"q13djkwDFIXflnq","phone_number":"0171561110","nid":"1231561110","role":"Customer","createdAt":"2022-06-23T16:35:14.000Z","updatedAt":"2022-06-23T16:35:14.000Z","balance":0},{"id":2388,"name":"Nathan Waters","email":"Merritt_Mertz40@yahoo.com","password":"gg7pNDlA9G8Zd3r","phone_number":"0175541477","nid":"1235541477","role":"Customer","createdAt":"2022-06-23T16:39:26.000Z","updatedAt":"2022-06-23T16:39:26.000Z","balance":0},{"id":2389,"name":"Vanessa Lindgren","email":"Alyce.Durgan@yahoo.com","password":"WOgZ7DBKvyXyZ1E","phone_number":"0171758606","nid":"1231758606","role":"Customer","createdAt":"2022-06-23T16:40:38.000Z","updatedAt":"2022-06-23T16:40:38.000Z","balance":0},{"id":2390,"name":"Susie Schinner","email":"Ramona.Gislason95@gmail.com","password":"jqw72w_ayCwPigd","phone_number":"0179209443","nid":"1239209443","role":"Customer","createdAt":"2022-06-23T16:40:48.000Z","updatedAt":"2022-06-23T16:40:48.000Z","balance":0},{"id":2391,"name":"Chad Sanford","email":"Alicia69@yahoo.com","password":"lmIZARC59OsdkEO","phone_number":"0179450692","nid":"1239450692","role":"Customer","createdAt":"2022-06-23T16:42:37.000Z","updatedAt":"2022-06-23T16:42:37.000Z","balance":0},{"id":2392,"name":"Victor Lemke","email":"Bernadine19@yahoo.com","password":"B8BK_1Mxm7wukWt","phone_number":"0173826401","nid":"1233826401","role":"Customer","createdAt":"2022-06-23T16:43:10.000Z","updatedAt":"2022-06-23T16:43:10.000Z","balance":0},{"id":2393,"name":"Erik Hettinger","email":"Lacy_Lockman@hotmail.com","password":"mAIkK4jwxyvNJnZ","phone_number":"0174116287","nid":"1234116287","role":"Customer","createdAt":"2022-06-23T16:45:16.000Z","updatedAt":"2022-06-23T16:45:16.000Z","balance":0},{"id":2394,"name":"Donnie Grady","email":"Elroy.Dietrich53@hotmail.com","password":"Be5G5teVx2iXLoY","phone_number":"0171085571","nid":"1231085571","role":"Customer","createdAt":"2022-06-23T16:45:28.000Z","updatedAt":"2022-06-23T16:45:28.000Z","balance":0},{"id":2395,"name":"Ms. Marty Leuschke","email":"Armani85@yahoo.com","password":"bsZMsQwsqbC_znQ","phone_number":"0172711538","nid":"1232711538","role":"Customer","createdAt":"2022-06-23T16:45:30.000Z","updatedAt":"2022-06-23T16:45:30.000Z","balance":0},{"id":2396,"name":"Dewey Nolan","email":"Nicholaus.Pouros@gmail.com","password":"Rd0yG0BsNC2dOfF","phone_number":"0174338717","nid":"1234338717","role":"Customer","createdAt":"2022-06-23T16:45:31.000Z","updatedAt":"2022-06-23T16:45:31.000Z","balance":0},{"id":2397,"name":"Julie Zboncak","email":"Mariane62@gmail.com","password":"xZXWNZgfxtTcKw4","phone_number":"0179043110","nid":"1239043110","role":"Customer","createdAt":"2022-06-23T16:45:32.000Z","updatedAt":"2022-06-23T16:45:32.000Z","balance":0},{"id":2398,"name":"Francisco Conn","email":"Karelle.Schroeder@gmail.com","password":"5CiAj4hileWMd5M","phone_number":"0174310731","nid":"1234310731","role":"Customer","createdAt":"2022-06-23T16:45:34.000Z","updatedAt":"2022-06-23T16:45:34.000Z","balance":0},{"id":2399,"name":"Miss Fredrick Klocko","email":"Joanny.Koelpin@gmail.com","password":"AtzPEkHBCZg9tdI","phone_number":"0172596154","nid":"1232596154","role":"Customer","createdAt":"2022-06-23T16:45:41.000Z","updatedAt":"2022-06-23T16:45:41.000Z","balance":0},{"id":2400,"name":"Mrs. Victoria Waters","email":"Glenda.Boehm@gmail.com","password":"XE6Kbwc5UPxjL8F","phone_number":"0179194248","nid":"1239194248","role":"Customer","createdAt":"2022-06-23T16:45:42.000Z","updatedAt":"2022-06-23T16:45:42.000Z","balance":0},{"id":2401,"name":"Guy Wisoky","email":"Madelynn.Goldner73@yahoo.com","password":"aZ0FqaT93lASy5g","phone_number":"0174614020","nid":"1234614020","role":"Customer","createdAt":"2022-06-23T16:45:44.000Z","updatedAt":"2022-06-23T16:45:44.000Z","balance":0},{"id":2403,"name":"Mr. Myron Luettgen","email":"Collin_Ryan@hotmail.com","password":"JfnZAoK0mQIVcoG","phone_number":"0177584669","nid":"1237584669","role":"Customer","createdAt":"2022-06-23T16:45:52.000Z","updatedAt":"2022-06-23T16:45:52.000Z","balance":0},{"id":2404,"name":"Alison Nicolas","email":"Jerald.Romaguera8@gmail.com","password":"eiD4Cu5NjLjQ2zl","phone_number":"0175638425","nid":"1235638425","role":"Customer","createdAt":"2022-06-23T16:45:54.000Z","updatedAt":"2022-06-23T16:45:54.000Z","balance":0},{"id":2405,"name":"Pete Schulist","email":"Shaina62@hotmail.com","password":"0_FynJC6N07dQ6m","phone_number":"0179427675","nid":"1239427675","role":"Customer","createdAt":"2022-06-23T16:45:55.000Z","updatedAt":"2022-06-23T16:45:55.000Z","balance":0},{"id":2406,"name":"Spencer Kris","email":"Marina_Schmidt@gmail.com","password":"xv00WxCk3Iwubz3","phone_number":"0173583686","nid":"1233583686","role":"Customer","createdAt":"2022-06-23T16:45:56.000Z","updatedAt":"2022-06-23T16:45:56.000Z","balance":0},{"id":2407,"name":"Bruce Bogisich DDS","email":"Summer7@hotmail.com","password":"3BHBL1bSeWSxRHK","phone_number":"0171713627","nid":"1231713627","role":"Customer","createdAt":"2022-06-23T16:45:57.000Z","updatedAt":"2022-06-23T16:45:57.000Z","balance":0},{"id":2408,"name":"Cheryl Bailey","email":"Madyson_Mueller@hotmail.com","password":"lPD_pXgCLvNe2mP","phone_number":"0175339395","nid":"1235339395","role":"Customer","createdAt":"2022-06-23T16:46:04.000Z","updatedAt":"2022-06-23T16:46:04.000Z","balance":0},{"id":2409,"name":"Susie Mraz","email":"Randy_Botsford58@yahoo.com","password":"_jiTU2g7SNFm7fB","phone_number":"0178647429","nid":"1238647429","role":"Customer","createdAt":"2022-06-23T16:46:06.000Z","updatedAt":"2022-06-23T16:46:06.000Z","balance":0},{"id":2410,"name":"Toby Block","email":"Skyla28@gmail.com","password":"FziWK4JrHrkR7Zh","phone_number":"0175324531","nid":"1235324531","role":"Customer","createdAt":"2022-06-23T16:46:07.000Z","updatedAt":"2022-06-23T16:46:07.000Z","balance":0},{"id":2411,"name":"Phyllis Farrell","email":"Kenton0@yahoo.com","password":"US5vgVGKZLA0uat","phone_number":"01510956273","nid":"196810956273","role":"Customer","createdAt":"2022-06-23T17:02:27.000Z","updatedAt":"2022-06-23T17:02:27.000Z","balance":0},{"id":2412,"name":"Inez Prosacco","email":"Albin_Sauer59@hotmail.com","password":"d8zudPkzDjnSe37","phone_number":"01705082607","nid":"9655082607","role":"Customer","createdAt":"2022-06-23T17:03:22.000Z","updatedAt":"2022-06-23T17:03:22.000Z","balance":0},{"id":2413,"name":"Ms. Sherri Friesen","email":"Angeline52@yahoo.com","password":"nEBeaGOebjkBDXH","phone_number":"01510481824","nid":"196810481824","role":"Customer","createdAt":"2022-06-23T17:03:52.000Z","updatedAt":"2022-06-23T17:03:52.000Z","balance":0},{"id":2414,"name":"Frances Doyle DDS","email":"Marcel_Graham13@gmail.com","password":"odCEYJ8jJ1feXxg","phone_number":"0172792492","nid":"1232792492","role":"Customer","createdAt":"2022-06-23T17:04:59.000Z","updatedAt":"2022-06-23T17:04:59.000Z","balance":0},{"id":2415,"name":"Marion White I","email":"Albin65@gmail.com","password":"jm3MfJFyRUwwy6L","phone_number":"0176901418","nid":"1236901418","role":"Customer","createdAt":"2022-06-23T17:05:27.000Z","updatedAt":"2022-06-23T17:05:27.000Z","balance":0},{"id":2416,"name":"Morris Little","email":"Furman.Bednar95@hotmail.com","password":"zoF9moxAG8QTQT1","phone_number":"0171313020","nid":"1231313020","role":"Customer","createdAt":"2022-06-23T17:05:34.000Z","updatedAt":"2022-06-23T17:05:34.000Z","balance":0},{"id":2417,"name":"Ryan Hessel","email":"Jillian_Cartwright@hotmail.com","password":"d0VWLUbpYDZ5h6o","phone_number":"0176643305","nid":"1236643305","role":"Customer","createdAt":"2022-06-23T17:05:35.000Z","updatedAt":"2022-06-23T17:05:35.000Z","balance":0},{"id":2418,"name":"Gerald Rohan","email":"Oren64@hotmail.com","password":"O5j3rGZlfn1JQfA","phone_number":"0178686525","nid":"1238686525","role":"Customer","createdAt":"2022-06-23T17:06:04.000Z","updatedAt":"2022-06-23T17:06:04.000Z","balance":0},{"id":2419,"name":"Zachary Weimann","email":"Ethel7@gmail.com","password":"1szTHE0V7c0pPAq","phone_number":"0175341547","nid":"1235341547","role":"Customer","createdAt":"2022-06-23T17:06:06.000Z","updatedAt":"2022-06-23T17:06:06.000Z","balance":0},{"id":2420,"name":"Tami Larkin","email":"Clinton_Roob53@gmail.com","password":"DWFKwPYKh30LaWT","phone_number":"0171105250","nid":"1231105250","role":"Customer","createdAt":"2022-06-23T17:06:07.000Z","updatedAt":"2022-06-23T17:06:07.000Z","balance":0},{"id":2421,"name":"Gregg Donnelly","email":"Erik97@gmail.com","password":"OZF6IQXWdBNXsq7","phone_number":"0175034919","nid":"1235034919","role":"Customer","createdAt":"2022-06-23T17:06:09.000Z","updatedAt":"2022-06-23T17:06:09.000Z","balance":0},{"id":2422,"name":"Brenda Crist","email":"Fanny69@yahoo.com","password":"n9vgHnQPTLoize7","phone_number":"0179020235","nid":"1239020235","role":"Customer","createdAt":"2022-06-23T17:06:14.000Z","updatedAt":"2022-06-23T17:06:14.000Z","balance":0},{"id":2423,"name":"Ms. Herbert Waelchi","email":"Kelli_Oberbrunner@gmail.com","password":"kPOoP6ojLGsanoT","phone_number":"0176233383","nid":"1236233383","role":"Customer","createdAt":"2022-06-23T17:06:52.000Z","updatedAt":"2022-06-23T17:06:52.000Z","balance":0},{"id":2424,"name":"Andres Gislason","email":"Ena86@gmail.com","password":"zcf3OxOdwJdmJvj","phone_number":"0172125503","nid":"1232125503","role":"Customer","createdAt":"2022-06-23T17:07:01.000Z","updatedAt":"2022-06-23T17:07:01.000Z","balance":0},{"id":2425,"name":"Gwen Bernier","email":"Domenic.Mayer95@yahoo.com","password":"aBpgQhDmavWEtBE","phone_number":"01510575595","nid":"196810575595","role":"Customer","createdAt":"2022-06-23T17:07:45.000Z","updatedAt":"2022-06-23T17:07:45.000Z","balance":0},{"id":2426,"name":"Jerry Kerluke","email":"Francisco.Schowalter@gmail.com","password":"bjhbhZ0csUYIDMN","phone_number":"01706987836","nid":"9656987836","role":"Customer","createdAt":"2022-06-23T17:08:28.000Z","updatedAt":"2022-06-23T17:08:28.000Z","balance":0},{"id":2428,"name":"Ian Schinner","email":"Lavon.DAmore@gmail.com","password":"AhNhOZyLXJCW2kY","phone_number":"01510259233","nid":"196810259233","role":"Customer","createdAt":"2022-06-23T17:10:05.000Z","updatedAt":"2022-06-23T17:10:05.000Z","balance":0},{"id":2430,"name":"Tracy Roberts","email":"Kavon62@hotmail.com","password":"Og_e8Cmh5nNfSC9","phone_number":"01707807004","nid":"9657807004","role":"Customer","createdAt":"2022-06-23T17:14:08.000Z","updatedAt":"2022-06-23T17:14:08.000Z","balance":0},{"id":2431,"name":"Nicolas Frami","email":"King_Walker99@gmail.com","password":"ZQCLbnLkHSDG5Cy","phone_number":"01510213021","nid":"196810213021","role":"Customer","createdAt":"2022-06-23T17:20:24.000Z","updatedAt":"2022-06-23T17:20:24.000Z","balance":0},{"id":2432,"name":"Sally VonRueden","email":"Reta.Collins12@hotmail.com","password":"MNZoizl_AShkgrY","phone_number":"01510300366","nid":"196810300366","role":"Customer","createdAt":"2022-06-23T17:26:00.000Z","updatedAt":"2022-06-23T17:26:00.000Z","balance":0},{"id":2433,"name":"Sherri Mosciski","email":"Willow_Sawayn68@gmail.com","password":"yfqRbtJc1g2wqn4","phone_number":"01510068646","nid":"196810068646","role":"Customer","createdAt":"2022-06-23T17:26:58.000Z","updatedAt":"2022-06-23T17:26:58.000Z","balance":0},{"id":2434,"name":"Everett Jaskolski","email":"Garret91@hotmail.com","password":"zVi15rrCvz3eFhL","phone_number":"01510592818","nid":"196810592818","role":"Customer","createdAt":"2022-06-23T17:27:24.000Z","updatedAt":"2022-06-23T17:27:24.000Z","balance":0},{"id":2435,"name":"Gary Nitzsche","email":"Foster73@gmail.com","password":"qnTxczD41JHrHQg","phone_number":"01510562580","nid":"196810562580","role":"Customer","createdAt":"2022-06-23T17:27:32.000Z","updatedAt":"2022-06-23T17:27:32.000Z","balance":0},{"id":2436,"name":"Lee Berge","email":"Connie.Rau@hotmail.com","password":"q80TT2DP7Xin32E","phone_number":"01510179362","nid":"196810179362","role":"Customer","createdAt":"2022-06-23T17:31:40.000Z","updatedAt":"2022-06-23T17:31:40.000Z","balance":0},{"id":2437,"name":"Danielle Lubowitz","email":"Hollie_Zboncak@yahoo.com","password":"GSg1eLeGbnnP0Ak","phone_number":"01510602926","nid":"196810602926","role":"Customer","createdAt":"2022-06-23T17:32:11.000Z","updatedAt":"2022-06-23T17:32:11.000Z","balance":0},{"id":2439,"name":"Jose Medhurst","email":"Dawson.Hermann@hotmail.com","password":"wMiDwqriAcTMpEY","phone_number":"01501675056","nid":"1231675056","role":"Customer","createdAt":"2022-06-23T17:56:33.000Z","updatedAt":"2022-06-23T17:56:33.000Z","balance":0},{"id":2440,"name":"Kathleen Balistreri MD","email":"Lavern.Crist79@gmail.com","password":"pfp88AUXlTPepn_","phone_number":"01502875555","nid":"1232875555","role":"Customer","createdAt":"2022-06-23T17:58:02.000Z","updatedAt":"2022-06-23T17:58:02.000Z","balance":0},{"id":2445,"name":"Randall Jacobs","email":"Elise_Schaefer75@gmail.com","password":"lIyYFMSwe7J2oOT","phone_number":"01705789338","nid":"9655789338","role":"Customer","createdAt":"2022-06-23T18:19:13.000Z","updatedAt":"2022-06-23T18:19:13.000Z","balance":0},{"id":2449,"name":"Seth Daugherty","email":"Dorian18@hotmail.com","password":"2DVg4vW0sBYvMvQ","phone_number":"01709038071","nid":"9659038071","role":"Customer","createdAt":"2022-06-23T18:24:37.000Z","updatedAt":"2022-06-23T18:24:37.000Z","balance":0},{"id":2451,"name":"Ali","email":"Irma_Ledner@yahoo.com","password":"jzN2vN4wzgvwU8Z","phone_number":"01718575102","nid":"1008575102","role":"Customer","createdAt":"2022-06-23T18:25:26.000Z","updatedAt":"2022-06-23T18:25:40.000Z","balance":0},{"id":2463,"name":"Rafael Kshlerin","email":"Maynard_OReilly78@gmail.com","password":"6Gkh646XzQqZKlY","phone_number":"01510510329","nid":"196810510329","role":"Customer","createdAt":"2022-06-23T18:58:19.000Z","updatedAt":"2022-06-23T18:58:19.000Z","balance":0},{"id":2464,"name":"Alonzo Schoen","email":"Katelin.Wisozk66@gmail.com","password":"jpIixWYxwzoiLsJ","phone_number":"01718556690","nid":"1008556690","role":"Student","createdAt":"2022-06-23T19:06:03.000Z","updatedAt":"2022-06-23T19:06:03.000Z","balance":0},{"id":2465,"name":"Ali","email":"Robin1@yahoo.com","password":"cGmdJr117XRjAR4","phone_number":"01714420206","nid":"1004420206","role":"Customer","createdAt":"2022-06-23T19:06:49.000Z","updatedAt":"2022-06-23T19:07:34.000Z","balance":0},{"id":2467,"name":"Edith Roberts","email":"Ettie.Wisoky@hotmail.com","password":"jc4ZQnj70rVex57","phone_number":"01713627626","nid":"1003627626","role":"Student","createdAt":"2022-06-23T19:07:48.000Z","updatedAt":"2022-06-23T19:07:48.000Z","balance":0},{"id":2468,"name":"Bruce Kilback","email":"Llewellyn49@hotmail.com","password":"Agx7xKJfFnDLbuN","phone_number":"01714628726","nid":"1004628726","role":"Student","createdAt":"2022-06-23T19:07:51.000Z","updatedAt":"2022-06-23T19:07:51.000Z","balance":0},{"id":2469,"name":"Viola Auer","email":"Gabriel_Armstrong@hotmail.com","password":"NKMcMd0z88KVnkF","phone_number":"01716152495","nid":"1006152495","role":"Student","createdAt":"2022-06-23T19:08:27.000Z","updatedAt":"2022-06-23T19:08:27.000Z","balance":0},{"id":2472,"name":"Christie McDermott III","email":"Efren.Bahringer86@gmail.com","password":"vcm1PRm9HlqqQhF","phone_number":"01715317363","nid":"1005317363","role":"Student","createdAt":"2022-06-23T19:15:48.000Z","updatedAt":"2022-06-23T19:15:48.000Z","balance":0},{"id":2477,"name":"Alvin Schneider","email":"Rocio19@hotmail.com","password":"y2MykW3fYPiBg6k","phone_number":"01712765953","nid":"1002765953","role":"Student","createdAt":"2022-06-23T19:30:24.000Z","updatedAt":"2022-06-23T19:30:24.000Z","balance":0},{"id":2478,"name":"Earnest Gusikowski","email":"Peyton6@yahoo.com","password":"yBFs45eCXZZcGno","phone_number":"01718691311","nid":"1008691311","role":"Student","createdAt":"2022-06-23T19:30:35.000Z","updatedAt":"2022-06-23T19:30:35.000Z","balance":0},{"id":2482,"name":"Shannon Grimes","email":"{{adcg}}","password":"WRhUStnso_k6BVn","phone_number":"01503119961","nid":"1233119961","role":"Customer","createdAt":"2022-06-23T20:04:28.000Z","updatedAt":"2022-06-23T20:04:28.000Z","balance":0},{"id":2483,"name":"Elsa Marks","email":"Hassie.McLaughlin2@gmail.com","password":"Iw39kzFpqyaVf34","phone_number":"01509769401","nid":"1239769401","role":"Customer","createdAt":"2022-06-23T22:10:30.000Z","updatedAt":"2022-06-23T22:10:30.000Z","balance":0},{"id":2484,"name":"Ryan Cruickshank","email":"Shirley_Beer@gmail.com","password":"YViX6GyLJaHlKG0","phone_number":"01502102120","nid":"1232102120","role":"Customer","createdAt":"2022-06-23T22:20:36.000Z","updatedAt":"2022-06-23T22:20:36.000Z","balance":0},{"id":2485,"name":"Dr. Ollie Hilll","email":"Annabell15@gmail.com","password":"lIweFgQAol7i2Tx","phone_number":"01504134053","nid":"1234134053","role":"Customer","createdAt":"2022-06-23T22:22:56.000Z","updatedAt":"2022-06-23T22:22:56.000Z","balance":0},{"id":2486,"name":"May Wiegand","email":"Sydnee25@yahoo.com","password":"vQQr5E_g66twS3N","phone_number":"01507535608","nid":"1237535608","role":"Customer","createdAt":"2022-06-23T22:24:25.000Z","updatedAt":"2022-06-23T22:24:25.000Z","balance":0},{"id":2487,"name":"Angel Runolfsdottir","email":"Savanna57@yahoo.com","password":"l0AiiZGlAWkILBA","phone_number":"01505201296","nid":"1235201296","role":"Customer","createdAt":"2022-06-23T22:25:18.000Z","updatedAt":"2022-06-23T22:25:18.000Z","balance":0},{"id":2488,"name":"Carmen Reinger","email":"Jonatan_Thiel@gmail.com","password":"StZGdCsZEd22qn3","phone_number":"01503899476","nid":"54646464","role":"Customer","createdAt":"2022-06-23T22:26:13.000Z","updatedAt":"2022-06-25T04:13:43.000Z","balance":0},{"id":2489,"name":"Lynn Mitchell","email":"Donald.Ritchie33@yahoo.com","password":"QkrEgaKevdn7ki4","phone_number":"01507432045","nid":"1237432045","role":"Customer","createdAt":"2022-06-23T22:28:00.000Z","updatedAt":"2022-06-23T22:28:00.000Z","balance":0},{"id":2490,"name":"Vickie Jacobi","email":"Alena98@yahoo.com","password":"V5PBYKC2FB13oyF","phone_number":"01504509436","nid":"1234509436","role":"Customer","createdAt":"2022-06-23T22:28:02.000Z","updatedAt":"2022-06-23T22:28:02.000Z","balance":0},{"id":2491,"name":"Rachael Keebler","email":"Janessa.Skiles@gmail.com","password":"_EAcjC1rUDH1VNX","phone_number":"01507666160","nid":"1237666160","role":"Customer","createdAt":"2022-06-23T22:28:12.000Z","updatedAt":"2022-06-23T22:28:12.000Z","balance":0},{"id":2492,"name":"Dr. Melvin Dach","email":"Jaqueline59@yahoo.com","password":"Ij4PhImz_ZyiMSp","phone_number":"01503476883","nid":"1233476883","role":"Customer","createdAt":"2022-06-23T22:28:14.000Z","updatedAt":"2022-06-23T22:28:14.000Z","balance":0},{"id":2493,"name":"William Hessel","email":"Lois61@gmail.com","password":"gEK6saWTwZGgQCt","phone_number":"01504623885","nid":"1234623885","role":"Customer","createdAt":"2022-06-23T22:29:07.000Z","updatedAt":"2022-06-23T22:29:07.000Z","balance":0},{"id":2494,"name":"Iris Considine","email":"Kathryn_Zieme@hotmail.com","password":"hTg4a6u8fchJHPZ","phone_number":"01505776125","nid":"1235776125","role":"Customer","createdAt":"2022-06-23T22:30:49.000Z","updatedAt":"2022-06-23T22:30:49.000Z","balance":0},{"id":2499,"name":"Everett Ortiz","email":"Friedrich.Heathcote@gmail.com","password":"L4LB2Km8rvWcjRx","phone_number":"01712963079","nid":"1002963079","role":"Student","createdAt":"2022-06-24T04:04:00.000Z","updatedAt":"2022-06-24T04:04:00.000Z","balance":0},{"id":2502,"name":"Marion Rohan","email":"Pierce.Hessel0@gmail.com","password":"siW5FG2yds3Sne5","phone_number":"01501104947","nid":"1231104947","role":"Customer","createdAt":"2022-06-24T04:42:06.000Z","updatedAt":"2022-06-24T04:42:06.000Z","balance":0},{"id":2503,"name":"Margie O'Conner V","email":"Royce.Sauer@gmail.com","password":"dgzmX_LZNlysmjd","phone_number":"01506472733","nid":"1236472733","role":"Customer","createdAt":"2022-06-24T04:43:15.000Z","updatedAt":"2022-06-24T04:43:15.000Z","balance":0},{"id":2504,"name":"Doyle Lesch","email":"Javon.Goldner@hotmail.com","password":"6yTkPXF82hjhiap","phone_number":"01501939506","nid":"1231939506","role":"Customer","createdAt":"2022-06-24T04:43:32.000Z","updatedAt":"2022-06-24T04:43:32.000Z","balance":0},{"id":2505,"name":"Neal Streich","email":"Stan.Mills@hotmail.com","password":"rEmWGOpC2VF_0tX","phone_number":"01502746655","nid":"1232746655","role":"Customer","createdAt":"2022-06-24T04:43:59.000Z","updatedAt":"2022-06-24T04:43:59.000Z","balance":0},{"id":2506,"name":"Courtney Nienow","email":"Ambrose.Steuber@hotmail.com","password":"43h01d3dUbFAIpG","phone_number":"01503855359","nid":"1233855359","role":"Customer","createdAt":"2022-06-24T04:44:09.000Z","updatedAt":"2022-06-24T04:44:09.000Z","balance":0},{"id":2507,"name":"Mr. Krista Anderson","email":"Brady.Reynolds35@gmail.com","password":"eydlcLUjLWeZ0xX","phone_number":"01501207449","nid":"1231207449","role":"Customer","createdAt":"2022-06-24T04:44:13.000Z","updatedAt":"2022-06-24T04:44:13.000Z","balance":0},{"id":2508,"name":"Matthew Sauer","email":"Marlee.Osinski@gmail.com","password":"Mo8q16mypVSIB7H","phone_number":"01508489767","nid":"1238489767","role":"Customer","createdAt":"2022-06-24T04:44:17.000Z","updatedAt":"2022-06-24T04:44:17.000Z","balance":0},{"id":2509,"name":"Curtis Gerlach","email":"Jewel.Kozey10@gmail.com","password":"M0ne4YyC9hzHjyK","phone_number":"01505071743","nid":"1235071743","role":"Customer","createdAt":"2022-06-24T04:44:30.000Z","updatedAt":"2022-06-24T04:44:30.000Z","balance":0},{"id":2510,"name":"Dr. Judith Schiller","email":"Enoch_Schneider@hotmail.com","password":"ONzQjM3VMpiZUN9","phone_number":"01508904288","nid":"1238904288","role":"Customer","createdAt":"2022-06-24T04:44:37.000Z","updatedAt":"2022-06-24T04:44:37.000Z","balance":0},{"id":2513,"name":"New user","email":"newuser@gmail.com","password":"1236598","phone_number":"01734659875","nid":"569874562","role":"Customer","createdAt":"2022-06-24T05:01:31.000Z","updatedAt":"2022-06-24T05:01:31.000Z","balance":0},{"id":2514,"name":"Kristie Konopelski","email":"Madyson96@gmail.com","password":"gphGu2v1pHl1EPx","phone_number":"01502307164","nid":"1232307164","role":"Customer","createdAt":"2022-06-24T05:11:17.000Z","updatedAt":"2022-06-24T05:11:17.000Z","balance":0},{"id":2515,"name":"Lynn Smitham","email":"Maggie_Hane61@hotmail.com","password":"O8xQJquqdJkkAGl","phone_number":"01505884471","nid":"1235884471","role":"Customer","createdAt":"2022-06-24T05:15:21.000Z","updatedAt":"2022-06-24T05:15:21.000Z","balance":0},{"id":2516,"name":"Mack Bechtelar","email":"Buster_Altenwerth20@yahoo.com","password":"3kI3UwI9riBP2D_","phone_number":"01509416238","nid":"1239416238","role":"Customer","createdAt":"2022-06-24T05:17:06.000Z","updatedAt":"2022-06-24T05:17:06.000Z","balance":0},{"id":2517,"name":"Carmen Reinger","email":"Keyon29@hotmail.com","password":"lOflnJNGaZGQ1dN","phone_number":"01689150442","nid":"54646464","role":"Agent","createdAt":"2022-06-24T05:17:20.000Z","updatedAt":"2022-06-24T05:17:20.000Z","balance":0},{"id":2518,"name":"Freddie Tremblay PhD","email":"Roselyn95@yahoo.com","password":"gzR0hkh1_X_Ckh6","phone_number":"01503704539","nid":"1233704539","role":"Customer","createdAt":"2022-06-24T05:19:53.000Z","updatedAt":"2022-06-24T05:19:53.000Z","balance":0},{"id":2519,"name":"Miriam White","email":"Cristobal_Gaylord96@gmail.com","password":"xLPNH3Pi3POpX8a","phone_number":"01503548215","nid":"1233548215","role":"Customer","createdAt":"2022-06-24T05:20:49.000Z","updatedAt":"2022-06-24T05:20:49.000Z","balance":0},{"id":2520,"name":"Ellen O'Kon Sr.","email":"Estevan95@gmail.com","password":"aI51DHdfiVDZOUm","phone_number":"01504005722","nid":"1234005722","role":"Customer","createdAt":"2022-06-24T05:21:49.000Z","updatedAt":"2022-06-24T05:21:49.000Z","balance":0},{"id":2521,"name":"Edna Stanton","email":"Tressa.Zieme18@gmail.com","password":"_ZPbEzh30ow3gyg","phone_number":"01507364011","nid":"1237364011","role":"Customer","createdAt":"2022-06-24T05:22:33.000Z","updatedAt":"2022-06-24T05:22:33.000Z","balance":0},{"id":2522,"name":"Johnathan Cole I","email":"Brisa.Brown33@yahoo.com","password":"9MFdbQLhvTaKsBN","phone_number":"01503537033","nid":"1233537033","role":"Customer","createdAt":"2022-06-24T05:23:36.000Z","updatedAt":"2022-06-24T05:23:36.000Z","balance":0},{"id":2528,"name":"Olive Hand DDS","email":"Maximilian_Lubowitz@gmail.com","password":"@1234","phone_number":"01511169277","nid":"034946794","role":"customer","createdAt":"2022-06-24T05:47:56.000Z","updatedAt":"2022-06-24T05:47:56.000Z","balance":0},{"id":2530,"name":"Tanya Leannon","email":"Myron_Reynolds69@hotmail.com","password":"4JnzLr65DMgudTY","phone_number":"01502058530","nid":"1232058530","role":"Customer","createdAt":"2022-06-24T05:50:05.000Z","updatedAt":"2022-06-24T05:50:05.000Z","balance":0},{"id":2531,"name":"Dewey Donnelly","email":"Jamaal.Senger24@gmail.com","password":"uouOEQkVCRizUiR","phone_number":"01507994280","nid":"1237994280","role":"Customer","createdAt":"2022-06-24T05:51:53.000Z","updatedAt":"2022-06-24T05:51:53.000Z","balance":0},{"id":2533,"name":"Maurice Johnston","email":"Jermey58@hotmail.com","password":"9225","phone_number":"01518631668","nid":"1764760179","role":"customer","createdAt":"2022-06-24T05:53:23.000Z","updatedAt":"2022-06-24T05:53:23.000Z","balance":0},{"id":2535,"name":"Mrs. Calvin Johns","email":"Gabriella.Ledner@yahoo.com","password":"@1234","phone_number":"01516943400","nid":"034946794","role":"customer","createdAt":"2022-06-24T05:54:20.000Z","updatedAt":"2022-06-24T05:54:20.000Z","balance":0},{"id":2538,"name":"Kirk Hessel","email":"Noemie.Stokes37@hotmail.com","password":"5nptOcjiw_9Cfet","phone_number":"01504402700","nid":"1234402700","role":"Customer","createdAt":"2022-06-24T05:56:09.000Z","updatedAt":"2022-06-24T05:56:09.000Z","balance":0},{"id":2541,"name":"Vincent Hodkiewicz","email":"8","password":"zsV59MWLz0UdYLf","phone_number":"01508288158","nid":"1238288158","role":"Customer","createdAt":"2022-06-24T05:59:59.000Z","updatedAt":"2022-06-24T05:59:59.000Z","balance":0},{"id":2542,"name":"Leland Wehner","email":"1","password":"CDsaWW4uZfRDZgu","phone_number":"01506938321","nid":"1236938321","role":"Customer","createdAt":"2022-06-24T06:01:31.000Z","updatedAt":"2022-06-24T06:01:31.000Z","balance":0},{"id":2543,"name":"Celia Keebler","email":"Jessy83@gmail.com","password":"j8LO6gskNLvBcxR","phone_number":"01709499167","nid":"9659499167","role":"Customer","createdAt":"2022-06-24T06:04:11.000Z","updatedAt":"2022-06-24T06:04:11.000Z","balance":0},{"id":2545,"name":"Sophia Schmitt","email":"Garry44@hotmail.com","password":"8QBdOhoEDmxVDv6","phone_number":"01509750695","nid":"1239750695","role":"Customer","createdAt":"2022-06-24T06:29:23.000Z","updatedAt":"2022-06-24T06:29:23.000Z","balance":0},{"id":2546,"name":"Mr. Byron Cassin","email":"Kariane_Lesch81@yahoo.com","password":"f7DmD2EaPfVwLBL","phone_number":"01508509673","nid":"1238509673","role":"Customer","createdAt":"2022-06-24T06:29:31.000Z","updatedAt":"2022-06-24T06:29:31.000Z","balance":0},{"id":2547,"name":"Miss Irvin Zemlak","email":"Nichole_Reichel@gmail.com","password":"JcYEXTvxurWka9n","phone_number":"01687250045","nid":"1238976306","role":"Customer","createdAt":"2022-06-24T06:30:58.000Z","updatedAt":"2022-06-24T06:31:52.000Z","balance":0},{"id":2548,"name":"Dean Reichel","email":"Vaughn_Thiel96@gmail.com","password":"@1234","phone_number":"01518507685","nid":"034946794","role":"customer","createdAt":"2022-06-24T06:34:40.000Z","updatedAt":"2022-06-24T06:34:40.000Z","balance":0},{"id":2549,"name":"Daryl Beer DDS","email":"Holly_Casper27@hotmail.com","password":"3000","phone_number":"01512442929","nid":"8537840577","role":"customer","createdAt":"2022-06-24T06:34:46.000Z","updatedAt":"2022-06-24T06:34:46.000Z","balance":0},{"id":2550,"name":"Latoya O'Hara","email":"Katrina_Torphy73@yahoo.com","password":"@1234","phone_number":"01517363526","nid":"034946794","role":"customer","createdAt":"2022-06-24T06:39:18.000Z","updatedAt":"2022-06-24T06:39:18.000Z","balance":0},{"id":2551,"name":"Rosemarie O'Connell","email":"Gilberto.Russel84@gmail.com","password":"8262","phone_number":"01512367072","nid":"2269782626","role":"customer","createdAt":"2022-06-24T06:39:22.000Z","updatedAt":"2022-06-24T06:39:22.000Z","balance":0},{"id":2552,"name":"Heidi Bins PhD","email":"Zita.Heller@gmail.com","password":"@1234","phone_number":"01512146307","nid":"034946794","role":"customer","createdAt":"2022-06-24T06:39:48.000Z","updatedAt":"2022-06-24T06:39:48.000Z","balance":0},{"id":2554,"name":"Kenneth Simmmons","email":"kenneth.simmmons@example.com","password":"12345678","phone_number":"06-0596-2853","nid":"77605760","role":"Customer","createdAt":"2022-06-24T06:48:59.000Z","updatedAt":"2022-06-24T06:48:59.000Z","balance":0},{"id":2555,"name":"Isabella Patel","email":"isabella.patel@example.com","password":"12345678","phone_number":"(333)-812-4711","nid":"88708325","role":"Customer","createdAt":"2022-06-24T06:49:06.000Z","updatedAt":"2022-06-24T06:49:06.000Z","balance":0},{"id":2556,"name":"Justine Fortin","email":"justine.fortin@example.com","password":"12345678","phone_number":"172-209-7474","nid":"93707328","role":"Customer","createdAt":"2022-06-24T06:49:10.000Z","updatedAt":"2022-06-24T06:49:10.000Z","balance":0},{"id":2557,"name":"Leo Hunt","email":"leo.hunt@example.com","password":"12345678","phone_number":"0101 682 4420","nid":"84687566","role":"Customer","createdAt":"2022-06-24T06:49:27.000Z","updatedAt":"2022-06-24T06:49:27.000Z","balance":0},{"id":2558,"name":"Mathew Grimes Jr.","email":"Jeffry.Sipes96@hotmail.com","password":"@1234","phone_number":"01515110030","nid":"034946794","role":"customer","createdAt":"2022-06-24T06:50:30.000Z","updatedAt":"2022-06-24T06:50:30.000Z","balance":0},{"id":2560,"name":"Herman Botsford","email":"Oleta_Quitzon20@yahoo.com","password":"@1234","phone_number":"01512173978","nid":"034946794","role":"customer","createdAt":"2022-06-24T06:55:02.000Z","updatedAt":"2022-06-24T06:55:02.000Z","balance":0},{"id":2562,"name":"Daisy Waelchi","email":"Opal73@gmail.com","password":"@1234","phone_number":"01511156899","nid":"034946794","role":"customer","createdAt":"2022-06-24T06:56:14.000Z","updatedAt":"2022-06-24T06:56:14.000Z","balance":0},{"id":2563,"name":"Alfonso VonRueden","email":"Lexus.Grant@hotmail.com","password":"4073","phone_number":"01514948319","nid":"5190379001","role":"customer","createdAt":"2022-06-24T06:56:15.000Z","updatedAt":"2022-06-24T06:56:15.000Z","balance":0},{"id":2564,"name":"Johnnie Osinski MD","email":"Elton.Shanahan94@yahoo.com","password":"@1234","phone_number":"01512736372","nid":"034946794","role":"customer","createdAt":"2022-06-24T06:56:50.000Z","updatedAt":"2022-06-24T06:56:50.000Z","balance":0},{"id":2566,"name":"Orville McLaughlin","email":"Martine_Barrows54@hotmail.com","password":"@1234","phone_number":"01516877342","nid":"034946794","role":"customer","createdAt":"2022-06-24T07:12:50.000Z","updatedAt":"2022-06-24T07:12:50.000Z","balance":0},{"id":2568,"name":"Ora Bechtelar","email":"Catalina.Grant@yahoo.com","password":"@1234","phone_number":"01512582657","nid":"034946794","role":"customer","createdAt":"2022-06-24T07:13:46.000Z","updatedAt":"2022-06-24T07:13:46.000Z","balance":0},{"id":2570,"name":"sunny","email":"Maria_Graham75@hotmail.com","password":"z8WCCbSmHx6jXRf","phone_number":"01501943400","nid":"1231943400","role":"Customer","createdAt":"2022-06-24T07:20:34.000Z","updatedAt":"2022-06-24T07:22:04.000Z","balance":0},{"id":2571,"name":"sunny","email":"Wendell14@gmail.com","password":"uGDNC4P7i9eHRXg","phone_number":"01501721564","nid":"1236405499","role":"Customer","createdAt":"2022-06-24T07:22:48.000Z","updatedAt":"2022-06-24T07:23:09.000Z","balance":0},{"id":2572,"name":"Valerie Altenwerth","email":"Adalberto_Rolfson@gmail.com","password":"U8BFGh6p2XRqgZz","phone_number":"01507630354","nid":"1007944007","role":"Student","createdAt":"2022-06-24T07:23:23.000Z","updatedAt":"2022-06-24T07:23:34.000Z","balance":0},{"id":2573,"name":"Kyle O'Hara","email":"Shanelle17@gmail.com","password":"4xNdxpY51o7NBKU","phone_number":"01718019928","nid":"1008019928","role":"Student","createdAt":"2022-06-24T07:25:36.000Z","updatedAt":"2022-06-24T07:25:36.000Z","balance":0},{"id":2574,"name":"Dora Greenholt","email":"Howard_Ryan@gmail.com","password":"5C4QF20B2mxGeX8","phone_number":"01718469778","nid":"1008469778","role":"Student","createdAt":"2022-06-24T07:25:51.000Z","updatedAt":"2022-06-24T07:25:51.000Z","balance":0},{"id":2576,"name":"Ms. Donnie Tromp","email":"Brycen_Hegmann@gmail.com","password":"6FNZuan2jGjZOYX","phone_number":"01503402886","nid":"1005628608","role":"Customer","createdAt":"2022-06-24T07:34:33.000Z","updatedAt":"2022-06-24T07:34:45.000Z","balance":0},{"id":2577,"name":"Jeremy Cassin","email":"Rylee1@gmail.com","password":"DpAAYilKlQ7BmQC","phone_number":"01716857813","nid":"1006857813","role":"Customer","createdAt":"2022-06-24T07:37:21.000Z","updatedAt":"2022-06-24T07:37:21.000Z","balance":0},{"id":2579,"name":"Miranda Homenick","email":"Aaliyah_DuBuque59@yahoo.com","password":"@1234","phone_number":"01511156866","nid":"034946794","role":"customer","createdAt":"2022-06-24T07:54:39.000Z","updatedAt":"2022-06-24T07:54:39.000Z","balance":0},{"id":2581,"name":"Josefina Lakin Sr.","email":"Jeanette71@hotmail.com","password":"@1234","phone_number":"01518711887","nid":"034946794","role":"customer","createdAt":"2022-06-24T07:57:16.000Z","updatedAt":"2022-06-24T07:57:16.000Z","balance":0},{"id":2583,"name":"Bessie Collier","email":"Jayde_Spencer@hotmail.com","password":"@1234","phone_number":"01516416483","nid":"034946794","role":"customer","createdAt":"2022-06-24T08:06:22.000Z","updatedAt":"2022-06-24T08:06:22.000Z","balance":0},{"id":2587,"name":"Morris DuBuque","email":"Jillian42@yahoo.com","password":"@1234","phone_number":"01514755222","nid":"034946794","role":"customer","createdAt":"2022-06-24T08:12:39.000Z","updatedAt":"2022-06-24T08:12:39.000Z","balance":0},{"id":2595,"name":"Ronnie McLaughlin","email":"Grover_Kovacek54@gmail.com","password":"befwjjLvVJtQM94","phone_number":"01502130629","nid":"1232130629","role":"Customer","createdAt":"2022-06-24T08:48:59.000Z","updatedAt":"2022-06-24T08:48:59.000Z","balance":0},{"id":2596,"name":"Andrew McDermott DDS","email":"Eleanore_Rolfson@yahoo.com","password":"u1EzyjtwSZE37Bg","phone_number":"01508210193","nid":"1238210193","role":"Customer","createdAt":"2022-06-24T08:49:35.000Z","updatedAt":"2022-06-24T08:49:35.000Z","balance":0},{"id":2621,"name":"Francis Kirlin","email":"Estel.McLaughlin89@hotmail.com","password":"ukvKXu39N04u6bM","phone_number":"01507048528","nid":"1237048528","role":"Customer","createdAt":"2022-06-24T09:36:04.000Z","updatedAt":"2022-06-24T09:36:04.000Z","balance":0},{"id":2623,"name":"Mrs. Kenny Skiles","email":"Emelia_Kassulke@yahoo.com","password":"RdHJm4rlVUpqtGw","phone_number":"01504828345","nid":"1234810551","role":"Customer","createdAt":"2022-06-24T09:40:13.000Z","updatedAt":"2022-06-24T10:33:03.000Z","balance":0},{"id":2627,"name":"Colleen Prohaska","email":"Dorothy.Kris28@hotmail.com","password":"EvOoSxcuDDAkAqD","phone_number":"01503529669","nid":"1233529669","role":"Customer","createdAt":"2022-06-24T10:08:17.000Z","updatedAt":"2022-06-24T10:08:17.000Z","balance":0},{"id":2628,"name":"Astrid Christiansen","email":"astrid.christiansen@example.com","password":"12345678","phone_number":"09432429","nid":"28799063","role":"Customer","createdAt":"2022-06-24T10:10:39.000Z","updatedAt":"2022-06-24T10:10:39.000Z","balance":0},{"id":2629,"name":"Tessie Osinski Jana Bruen","email":"{{randomEmail}}","password":"12345678","phone_number":"{{randomPhoneNumber}}","nid":"27690531","role":"Customer","createdAt":"2022-06-24T10:10:46.000Z","updatedAt":"2022-06-24T10:10:46.000Z","balance":0},{"id":2633,"name":"Mable Ritchie","email":"Anibal.Vandervort70@yahoo.com","password":"1Swks1ELUCmb38T","phone_number":"01508037363","nid":"1238037363","role":"Customer","createdAt":"2022-06-24T10:38:35.000Z","updatedAt":"2022-06-24T10:38:35.000Z","balance":0},{"id":2635,"name":"Mrs. Kenny Skiles","email":"Isom55@yahoo.com","password":"axwU39PbIcx2USG","phone_number":"01504810551","nid":"1234810551","role":"Customer","createdAt":"2022-06-24T10:40:10.000Z","updatedAt":"2022-06-24T10:40:10.000Z","balance":0},{"id":2636,"name":"Wanda Hartmann","email":"Bart.Dare@gmail.com","password":"@1234","phone_number":"01519525848","nid":"034946794","role":"customer","createdAt":"2022-06-24T10:41:58.000Z","updatedAt":"2022-06-24T10:41:58.000Z","balance":0},{"id":2644,"name":"{{$randomFullname}}","email":"Ciara_Huel42@hotmail.com","password":"crTZaKuHXrT352E","phone_number":"01512453497","nid":"1232453497","role":"Customer","createdAt":"2022-06-24T10:50:50.000Z","updatedAt":"2022-06-24T10:50:50.000Z","balance":0},{"id":2649,"name":"Gladys Gerlach","email":"Minerva.Kuvalis30@hotmail.com","password":"ss5gR7Wcp3Cklb4","phone_number":"01501617926","nid":"1231617926","role":"Customer","createdAt":"2022-06-24T10:58:13.000Z","updatedAt":"2022-06-24T10:58:13.000Z","balance":0},{"id":2650,"name":"{{$randomFullname}}","email":"Ashton.Kohler@yahoo.com","password":"oni7p4ErAnTtAN1","phone_number":"01513121257","nid":"1233121257","role":"Customer","createdAt":"2022-06-24T11:01:20.000Z","updatedAt":"2022-06-24T11:01:20.000Z","balance":0},{"id":2651,"name":"{{$randomFullname}}","email":"Kelsie.Oberbrunner27@yahoo.com","password":"dcCiJco7jf4lt7c","phone_number":"01513108861","nid":"1233108861","role":"Customer","createdAt":"2022-06-24T11:01:47.000Z","updatedAt":"2022-06-24T11:01:47.000Z","balance":0},{"id":2652,"name":"Ms. Gabriel Christiansen","email":"Theodora8@yahoo.com","password":"30hhf03qP1vrxMD","phone_number":"01505212811","nid":"1235212811","role":"Customer","createdAt":"2022-06-24T11:02:52.000Z","updatedAt":"2022-06-24T11:02:52.000Z","balance":0},{"id":2653,"name":"Karl Okuneva","email":"Amos45@hotmail.com","password":"50JWurCTNsdHhcV","phone_number":"01507693552","nid":"1237693552","role":"Customer","createdAt":"2022-06-24T11:03:00.000Z","updatedAt":"2022-06-24T11:03:00.000Z","balance":0},{"id":2654,"name":"Dean Kemmer","email":"Armand_Bosco45@gmail.com","password":"CssvMuMVovDLGyX","phone_number":"01505753486","nid":"1235753486","role":"Customer","createdAt":"2022-06-24T11:03:02.000Z","updatedAt":"2022-06-24T11:03:02.000Z","balance":0},{"id":2655,"name":"Miss Elsie Hilll","email":"Kennedy_Fritsch@gmail.com","password":"@1234","phone_number":"01518273549","nid":"034946794","role":"customer","createdAt":"2022-06-24T11:04:47.000Z","updatedAt":"2022-06-24T11:04:47.000Z","balance":0},{"id":2656,"name":"Miss Mildred Lockman","email":"Keely49@hotmail.com","password":"6120","phone_number":"01513807876","nid":"1874570307","role":"customer","createdAt":"2022-06-24T11:05:05.000Z","updatedAt":"2022-06-24T11:05:05.000Z","balance":0},{"id":2657,"name":"Ms. Neal Schiller","email":"Caleigh29@yahoo.com","password":"tiG9vbG4mgwNQa9","phone_number":"01505327068","nid":"1235327068","role":"Customer","createdAt":"2022-06-24T11:10:12.000Z","updatedAt":"2022-06-24T11:10:12.000Z","balance":0},{"id":2658,"name":"{{$randomFullname}}","email":"Phoebe.Okuneva@yahoo.com","password":"c6maWz7Z6xO0iIm","phone_number":"01515844193","nid":"1235844193","role":"Customer","createdAt":"2022-06-24T11:10:58.000Z","updatedAt":"2022-06-24T11:10:58.000Z","balance":0},{"id":2659,"name":"{{$randomFullname}}","email":"Hosea40@hotmail.com","password":"cwA4YNgX2QNQwkL","phone_number":"01512373762","nid":"1232373762","role":"Customer","createdAt":"2022-06-24T11:12:07.000Z","updatedAt":"2022-06-24T11:12:07.000Z","balance":0},{"id":2660,"name":"Matthew Hickle","email":"Caesar41@yahoo.com","password":"520h3zNOS3wWBlf","phone_number":"01506277192","nid":"1236277192","role":"Customer","createdAt":"2022-06-24T11:12:50.000Z","updatedAt":"2022-06-24T11:12:50.000Z","balance":0},{"id":2662,"name":"Darrin Towne","email":"Esmeralda_Mills@yahoo.com","password":"Cb86YAqzGsNfMaU","phone_number":"01502179387","nid":"1232179387","role":"Customer","createdAt":"2022-06-24T11:22:30.000Z","updatedAt":"2022-06-24T11:22:30.000Z","balance":0},{"id":2663,"name":"Walter Parker","email":"Rahul_Terry@hotmail.com","password":"7aUkCcMFuHWJHPf","phone_number":"01501276186","nid":"1231276186","role":"Customer","createdAt":"2022-06-24T11:25:44.000Z","updatedAt":"2022-06-24T11:25:44.000Z","balance":0},{"id":2665,"name":"Claudia Rau","email":"Wilson.Windler9@gmail.com","password":"1t49QiVur5a0J_t","phone_number":"01509206386","nid":"1239206386","role":"Customer","createdAt":"2022-06-24T11:29:49.000Z","updatedAt":"2022-06-24T11:29:49.000Z","balance":0},{"id":2667,"name":"{{$randomFullname}}","email":"Adolfo_Osinski@gmail.com","password":"CYhNPmx0zKOUe5d","phone_number":"01515485141","nid":"1235485141","role":"Customer","createdAt":"2022-06-24T11:30:07.000Z","updatedAt":"2022-06-24T11:30:07.000Z","balance":0},{"id":2672,"name":"Mr. shihab","email":"shihab@test.co","password":"123458","phone_number":"01767876585","nid":"","role":"Customer","createdAt":"2022-06-24T11:48:06.000Z","updatedAt":"2022-06-24T11:48:06.000Z","balance":0},{"id":2673,"name":"Carmen Reinger","email":"Fatima85@hotmail.com","password":"BHzdGBbHE7Ud85b","phone_number":"code+randomDigits","nid":"54646464","role":"Customer","createdAt":"2022-06-24T11:50:27.000Z","updatedAt":"2022-06-24T12:10:58.000Z","balance":0},{"id":2676,"name":"Miss Steven Abbott","email":"s","password":"bTyD9tFXx_1dziw","phone_number":"01506348713","nid":"1236348713","role":"Customer","createdAt":"2022-06-24T12:05:39.000Z","updatedAt":"2022-06-24T12:05:39.000Z","balance":0},{"id":2677,"name":"Carmen Reinger","email":"Dino41@yahoo.com","password":"_b7WBlT2HfpVKbp","phone_number":"01508113929","nid":"54646464","role":"Agent","createdAt":"2022-06-24T12:06:06.000Z","updatedAt":"2022-06-24T12:07:15.000Z","balance":0},{"id":2678,"name":"Sammy Hoppe","email":"Carley_White1@yahoo.com","password":"X_c4YsMgtQdnjra","phone_number":"01509406847","nid":"1239406847","role":"Agent","createdAt":"2022-06-24T12:06:30.000Z","updatedAt":"2022-06-24T12:15:39.000Z","balance":0},{"id":2683,"name":"Colin Wilkinson","email":"Katelin_Dooley@yahoo.com","password":"@1234","phone_number":"01512230732","nid":"034946794","role":"customer","createdAt":"2022-06-24T13:27:04.000Z","updatedAt":"2022-06-24T13:27:04.000Z","balance":0},{"id":2684,"name":"Ignacio Stiedemann","email":"Roberta.Cormier19@hotmail.com","password":"2620","phone_number":"01516866009","nid":"2111632122","role":"customer","createdAt":"2022-06-24T13:27:09.000Z","updatedAt":"2022-06-24T13:27:09.000Z","balance":0},{"id":2691,"name":"Peter Mohr","email":"Cassie61@yahoo.com","password":"ysF4ofdRCi27Dr6","phone_number":"01501668255","nid":"1231668255","role":"Customer","createdAt":"2022-06-24T13:44:38.000Z","updatedAt":"2022-06-24T13:44:38.000Z","balance":0},{"id":2692,"name":"Eddie Howe","email":"Tillman.Friesen@yahoo.com","password":"XTyptwJEEEhjo9k","phone_number":"01505098144","nid":"1235098144","role":"Customer","createdAt":"2022-06-24T13:44:40.000Z","updatedAt":"2022-06-24T13:44:40.000Z","balance":0},{"id":2695,"name":"Shawn Wilderman","email":"Maybelle61@yahoo.com","password":"OfQKD04tbSodpt3","phone_number":"01502439624","nid":"1232439624","role":"Customer","createdAt":"2022-06-24T13:50:11.000Z","updatedAt":"2022-06-24T13:50:11.000Z","balance":0},{"id":2696,"name":"Georgia Kuhlman","email":"Brendon_Kozey51@yahoo.com","password":"0_KvRFxwNwAQNcy","phone_number":"01508163450","nid":"1238163450","role":"Customer","createdAt":"2022-06-24T13:52:12.000Z","updatedAt":"2022-06-24T13:52:12.000Z","balance":0},{"id":2697,"name":"Sammy Vandervort","email":"Brice.Jakubowski27@yahoo.com","password":"hjfMPOmevSG7RyW","phone_number":"01504993994","nid":"1234993994","role":"Customer","createdAt":"2022-06-24T13:52:58.000Z","updatedAt":"2022-06-24T13:52:58.000Z","balance":0},{"id":2698,"name":"Teri Howe","email":"Leda_Hodkiewicz27@yahoo.com","password":"5gSt3kcBP_20J2N","phone_number":"01506358274","nid":"1236358274","role":"Customer","createdAt":"2022-06-24T13:54:06.000Z","updatedAt":"2022-06-24T13:54:06.000Z","balance":0},{"id":2699,"name":"Wallace Abernathy I","email":"Enos71@hotmail.com","password":"@1234","phone_number":"01517684323","nid":"034946794","role":"customer","createdAt":"2022-06-24T13:55:46.000Z","updatedAt":"2022-06-24T13:55:46.000Z","balance":0},{"id":2700,"name":"Isabel Reichert","email":"Nedra0@yahoo.com","password":"8236","phone_number":"01517150813","nid":"6458782402","role":"customer","createdAt":"2022-06-24T13:55:46.000Z","updatedAt":"2022-06-24T13:55:46.000Z","balance":0},{"id":2701,"name":"Bridget Zulauf","email":"Alex30@yahoo.com","password":"McNyPBVbTxmh7DG","phone_number":"0179852468","nid":"1239852468","role":"Customer","createdAt":"2022-06-24T14:01:57.000Z","updatedAt":"2022-06-24T14:01:57.000Z","balance":0},{"id":2705,"name":"Erick Satterfield","email":"Kirstin_Murazik21@hotmail.com","password":"lhHQBhBTgYZVNJ5","phone_number":"0174554372","nid":"1234554372","role":"Customer","createdAt":"2022-06-24T14:04:43.000Z","updatedAt":"2022-06-24T14:04:43.000Z","balance":0},{"id":2706,"name":"Elijah Effertz","email":"Gwendolyn_Padberg@yahoo.com","password":"JS6iaBl2F7v6Y0Z","phone_number":"0179278169","nid":"1239278169","role":"Customer","createdAt":"2022-06-24T14:05:43.000Z","updatedAt":"2022-06-24T14:05:43.000Z","balance":0},{"id":2707,"name":"{{$randomFullname}}","email":"Florencio.Kuhn@yahoo.com","password":"xR_BiUphdVJLD3J","phone_number":"01511507459","nid":"1231507459","role":"Customer","createdAt":"2022-06-24T14:08:26.000Z","updatedAt":"2022-06-24T14:08:26.000Z","balance":0},{"id":2708,"name":"Sandrino Moreira","email":"sandrino.moreira@example.com","password":"12345678","phone_number":"(90) 8072-7898","nid":"31675369","role":"Customer","createdAt":"2022-06-24T14:21:41.000Z","updatedAt":"2022-06-24T14:21:41.000Z","balance":0},{"id":2709,"name":"Julie Cole","email":"julie.cole@example.com","password":"12345678","phone_number":"0131 326 7170","nid":"92001962","role":"Customer","createdAt":"2022-06-24T14:21:43.000Z","updatedAt":"2022-06-24T14:21:43.000Z","balance":0},{"id":2710,"name":"{{$randomFullname}}","email":"Lacy93@gmail.com","password":"JXzRBL5M9NfKyn3","phone_number":"01511738675","nid":"1231738675","role":"Customer","createdAt":"2022-06-24T14:24:31.000Z","updatedAt":"2022-06-24T14:24:31.000Z","balance":0},{"id":2711,"name":"Esmeralda Carroll Jerry Hickle","email":"userb3$[randomid]@gtt.la","password":"12345678","phone_number":"461-742-5772","nid":"26483506","role":"Customer","createdAt":"2022-06-24T14:27:54.000Z","updatedAt":"2022-06-24T14:27:54.000Z","balance":0},{"id":2712,"name":"Nia Nikolaus Jesse Kirlin","email":"userb3${randomid}@gtt.la","password":"123475678","phone_number":"993-861-2740","nid":"16636799","role":"Customer","createdAt":"2022-06-24T14:31:14.000Z","updatedAt":"2022-06-24T14:31:14.000Z","balance":0},{"id":2713,"name":"Chris Dickinson","email":"Dallas85@gmail.com","password":"82XY66gNbKLvROJ","phone_number":"01502755033","nid":"1232755033","role":"Customer","createdAt":"2022-06-24T14:39:15.000Z","updatedAt":"2022-06-24T14:39:15.000Z","balance":0},{"id":2714,"name":"Alfredo Pfannerstill","email":"Jaden27@yahoo.com","password":"vCVxgGsj3kvuhlV","phone_number":"01508369035","nid":"1238369035","role":"Customer","createdAt":"2022-06-24T14:41:20.000Z","updatedAt":"2022-06-24T14:41:20.000Z","balance":0},{"id":2715,"name":"Silke Kristensen","email":"silke.kristensen@example.com","password":"12345678","phone_number":"06388817","nid":"63292152","role":"Customer","createdAt":"2022-06-24T14:41:23.000Z","updatedAt":"2022-06-24T14:41:23.000Z","balance":0},{"id":2716,"name":"Felicia Tillman V","email":"Lia.Kertzmann@hotmail.com","password":"L4GViA33UOuDwOh","phone_number":"01506340217","nid":"1236340217","role":"Customer","createdAt":"2022-06-24T14:43:15.000Z","updatedAt":"2022-06-24T14:43:15.000Z","balance":0},{"id":2717,"name":"JMeter user 100","email":"jmeteruser@test.com","password":"1234","phone_number":"01506656541","nid":"589778","role":"Customer","createdAt":"2022-06-24T15:32:38.000Z","updatedAt":"2022-06-24T15:32:38.000Z","balance":0},{"id":2718,"name":"Eric Lind","email":"Jabari47@hotmail.com","password":"9McKl4F_f5TdWd0","phone_number":"01505200913","nid":"1235200913","role":"Customer","createdAt":"2022-06-24T15:33:09.000Z","updatedAt":"2022-06-24T15:33:09.000Z","balance":0},{"id":2719,"name":"JMeter user 101","email":"jmeteruser1@test.com","password":"1234","phone_number":"01506656542","nid":"589778","role":"Customer","createdAt":"2022-06-24T15:36:27.000Z","updatedAt":"2022-06-24T15:36:27.000Z","balance":0},{"id":2720,"name":"JMeter user 102","email":"jmeteruser2@test.com","password":"1234","phone_number":"01506656543","nid":"589778","role":"Customer","createdAt":"2022-06-24T15:38:12.000Z","updatedAt":"2022-06-24T15:38:12.000Z","balance":0},{"id":2723,"name":"JMeter user 6096","email":"jmeteruser6096@test.com","password":"1234","phone_number":"01506656096","nid":"589778","role":"Customer","createdAt":"2022-06-24T15:41:58.000Z","updatedAt":"2022-06-24T15:41:58.000Z","balance":0},{"id":2724,"name":"JMeter user 1777","email":"jmeteruser1777@test.com","password":"1234","phone_number":"01506651777","nid":"589778","role":"Customer","createdAt":"2022-06-24T15:43:59.000Z","updatedAt":"2022-06-24T15:43:59.000Z","balance":0},{"id":2725,"name":"JMeter user 6766","email":"jmeteruser6766@test.com","password":"1234","phone_number":"01506656766","nid":"589778","role":"Customer","createdAt":"2022-06-24T15:44:28.000Z","updatedAt":"2022-06-24T15:44:28.000Z","balance":0},{"id":2726,"name":"JMeter user 4188","email":"jmeteruser4188@test.com","password":"1234","phone_number":"01506654188","nid":"589778","role":"Customer","createdAt":"2022-06-24T15:46:01.000Z","updatedAt":"2022-06-24T15:46:01.000Z","balance":0},{"id":2727,"name":"JMeter user 9615","email":"jmeteruser9615@test.com","password":"1234","phone_number":"01506659615","nid":"589778","role":"Customer","createdAt":"2022-06-24T15:46:24.000Z","updatedAt":"2022-06-24T15:46:24.000Z","balance":0},{"id":2728,"name":"JMeter user 3464","email":"jmeteruser3464@test.com","password":"1234","phone_number":"01506653464","nid":"589778","role":"Customer","createdAt":"2022-06-24T15:46:50.000Z","updatedAt":"2022-06-24T15:46:50.000Z","balance":0},{"id":2729,"name":"JMeter user 9200","email":"jmeteruser9200@test.com","password":"1234","phone_number":"01506659200","nid":"589778","role":"Customer","createdAt":"2022-06-24T15:46:54.000Z","updatedAt":"2022-06-24T15:46:54.000Z","balance":0},{"id":2730,"name":"JMeter user 1985","email":"jmeteruser1985@test.com","password":"1234","phone_number":"01506651985","nid":"589778","role":"Customer","createdAt":"2022-06-24T15:48:55.000Z","updatedAt":"2022-06-24T15:48:55.000Z","balance":0},{"id":2731,"name":"JMeter user 8498","email":"jmeteruser8498@test.com","password":"1234","phone_number":"01506658498","nid":"589778","role":"Customer","createdAt":"2022-06-24T15:49:42.000Z","updatedAt":"2022-06-24T15:49:42.000Z","balance":0},{"id":2732,"name":"JMeter user 8532","email":"jmeteruser8532@test.com","password":"1234","phone_number":"01506658532","nid":"589778","role":"Customer","createdAt":"2022-06-24T15:52:14.000Z","updatedAt":"2022-06-24T15:52:14.000Z","balance":0},{"id":2738,"name":"Salvador Hilpert","email":"Osborne_Lynch@gmail.com","password":"A6FB7CLX2GLwBb3","phone_number":"01503861985","nid":"1233861985","role":"Customer","createdAt":"2022-06-24T16:50:27.000Z","updatedAt":"2022-06-24T16:50:27.000Z","balance":0},{"id":2739,"name":"Wm Crist","email":"Otha7@yahoo.com","password":"zOLAsenLaPWb7jX","phone_number":"01507246126","nid":"1237246126","role":"Customer","createdAt":"2022-06-24T16:50:50.000Z","updatedAt":"2022-06-24T16:50:50.000Z","balance":0},{"id":2741,"name":"Lindsay Larkin","email":"Bernardo_Keeling@yahoo.com","password":"7uSsRJDNdnfDK6z","phone_number":"01504337113","nid":"1234337113","role":"Customer","createdAt":"2022-06-24T16:54:55.000Z","updatedAt":"2022-06-24T16:54:55.000Z","balance":0},{"id":2743,"name":"Lee Homenick IV","email":"Erika.Bode@gmail.com","password":"mXkp1n_rfFmv_Gl","phone_number":"01506033172","nid":"1236033172","role":"Customer","createdAt":"2022-06-24T16:56:23.000Z","updatedAt":"2022-06-24T16:56:23.000Z","balance":0},{"id":2744,"name":"Denise Torphy","email":"Maeve.Jacobs@yahoo.com","password":"iM7LcSywNEJtPDU","phone_number":"01509370082","nid":"1239370082","role":"Customer","createdAt":"2022-06-24T16:57:32.000Z","updatedAt":"2022-06-24T16:57:32.000Z","balance":0},{"id":2745,"name":"Mr. Sergio Lowe","email":"Clay_Bechtelar@gmail.com","password":"2UxlBHv9aExhd8p","phone_number":"01501425098","nid":"1231425098","role":"Customer","createdAt":"2022-06-24T16:57:48.000Z","updatedAt":"2022-06-24T16:57:48.000Z","balance":0},{"id":2746,"name":"Larry Lind","email":"Gertrude.Swaniawski@gmail.com","password":"iwAlERXwV8xXgl6","phone_number":"01506312756","nid":"1236312756","role":"Customer","createdAt":"2022-06-24T16:58:44.000Z","updatedAt":"2022-06-24T16:58:44.000Z","balance":0},{"id":2747,"name":"Ella Gerlach","email":"Lonnie_Satterfield50@hotmail.com","password":"BpgWdRk06edDyfp","phone_number":"01503019312","nid":"1233019312","role":"Customer","createdAt":"2022-06-24T16:59:02.000Z","updatedAt":"2022-06-24T16:59:02.000Z","balance":0},{"id":2748,"name":"Hazel Zulauf","email":"Tobin65@hotmail.com","password":"_S05ppFJUgRApPV","phone_number":"01505873550","nid":"1235873550","role":"Customer","createdAt":"2022-06-24T16:59:08.000Z","updatedAt":"2022-06-24T16:59:08.000Z","balance":0},{"id":2749,"name":"Ricky Ebert","email":"Royal.Anderson45@gmail.com","password":"7lwLALpRB2FDUJO","phone_number":"01502528050","nid":"1232528050","role":"Customer","createdAt":"2022-06-24T17:01:31.000Z","updatedAt":"2022-06-24T17:01:31.000Z","balance":0},{"id":2750,"name":"Hubert Bechtelar","email":"Dustin.Dicki78@hotmail.com","password":"YSaTXX7ywmT7zoR","phone_number":"01507132333","nid":"1237132333","role":"Customer","createdAt":"2022-06-24T17:02:37.000Z","updatedAt":"2022-06-24T17:02:37.000Z","balance":0},{"id":2751,"name":"Elaine Nolan","email":"Mercedes.Kautzer44@gmail.com","password":"l85vtujvpELTyQA","phone_number":"01509710941","nid":"1239710941","role":"Customer","createdAt":"2022-06-24T17:02:48.000Z","updatedAt":"2022-06-24T17:02:48.000Z","balance":0},{"id":2753,"name":"Shelly Hunter","email":"shelly.hunter@example.com","password":"12345678","phone_number":"01-5147-7836","nid":"47358740","role":"Customer","createdAt":"2022-06-24T17:09:24.000Z","updatedAt":"2022-06-24T17:09:24.000Z","balance":0},{"id":2755,"name":"Mr. Lonnie Wuckert","email":"Julia.Lemke97@yahoo.com","password":"@1234","phone_number":"01518793323","nid":"034946794","role":"customer","createdAt":"2022-06-24T17:24:50.000Z","updatedAt":"2022-06-24T17:24:50.000Z","balance":0},{"id":2757,"name":"Rose Thomas","email":"rose.thomas@example.com","password":"12345678","phone_number":"(656)-419-7354","nid":"83232924","role":"Customer","createdAt":"2022-06-24T17:25:09.000Z","updatedAt":"2022-06-24T17:25:09.000Z","balance":0},{"id":2759,"name":"Minnie Aufderhar","email":"Sonia_Pfannerstill@yahoo.com","password":"@1234","phone_number":"01517550629","nid":"034946794","role":"customer","createdAt":"2022-06-24T17:28:46.000Z","updatedAt":"2022-06-24T17:28:46.000Z","balance":0},{"id":2761,"name":"{{$randomFullname}}","email":"Nels_Pagac70@hotmail.com","password":"iQXNqZPKiScoSo9","phone_number":"01518704208","nid":"1238704208","role":"Customer","createdAt":"2022-06-24T17:28:53.000Z","updatedAt":"2022-06-24T17:28:53.000Z","balance":0},{"id":2762,"name":"Ruth Gulgowski","email":"Francisca.Mohr48@yahoo.com","password":"@1234","phone_number":"01515142286","nid":"034946794","role":"customer","createdAt":"2022-06-24T17:30:50.000Z","updatedAt":"2022-06-24T17:30:50.000Z","balance":0},{"id":2764,"name":"{{$randomFullname}}","email":"Polly.Quigley73@hotmail.com","password":"IbqEFQ4qrSvXfIN","phone_number":"01514073410","nid":"1234073410","role":"Customer","createdAt":"2022-06-24T17:31:37.000Z","updatedAt":"2022-06-24T17:31:37.000Z","balance":0},{"id":2765,"name":"Mrs. Velma Macejkovic","email":"Mekhi.VonRueden87@yahoo.com","password":"B16YBXWaWHaj46r","phone_number":"01508408348","nid":"1238408348","role":"Customer","createdAt":"2022-06-24T17:35:33.000Z","updatedAt":"2022-06-24T17:35:33.000Z","balance":0},{"id":2766,"name":"Ramiro Schinner","email":"Guido_Hammes@yahoo.com","password":"bQ5ixal5iGKHUAV","phone_number":"01502799612","nid":"1232799612","role":"Customer","createdAt":"2022-06-24T17:35:46.000Z","updatedAt":"2022-06-24T17:35:46.000Z","balance":0},{"id":2768,"name":"Raquel Nolan","email":"Aurelie48@yahoo.com","password":"FVJt4sv0W8AtzkW","phone_number":"01504507527","nid":"1234507527","role":"Customer","createdAt":"2022-06-24T17:42:36.000Z","updatedAt":"2022-06-24T17:42:36.000Z","balance":0},{"id":2769,"name":"Terry Abernathy","email":"Lauretta19@hotmail.com","password":"RcLomParc5RNTwb","phone_number":"01505818600","nid":"1235818600","role":"Customer","createdAt":"2022-06-24T17:44:13.000Z","updatedAt":"2022-06-24T17:44:13.000Z","balance":0},{"id":2770,"name":"Don Thiel","email":"Ethan_Stokes@gmail.com","password":"Ajs5yQjwCFzlJYi","phone_number":"01502533692","nid":"1232533692","role":"Customer","createdAt":"2022-06-24T17:44:48.000Z","updatedAt":"2022-06-24T17:44:48.000Z","balance":0},{"id":2771,"name":"Angel Swift","email":"Janick_Jast14@gmail.com","password":"1t_MKC24id7wM4Y","phone_number":"01503669015","nid":"1233669015","role":"Customer","createdAt":"2022-06-24T17:48:05.000Z","updatedAt":"2022-06-24T17:48:05.000Z","balance":0},{"id":2773,"name":"Luis Abshire","email":"Araceli31@yahoo.com","password":"@1234","phone_number":"01518100374","nid":"034946794","role":"customer","createdAt":"2022-06-24T17:50:01.000Z","updatedAt":"2022-06-24T17:50:01.000Z","balance":0},{"id":2779,"name":"Mrs. Gilberto Hodkiewicz","email":"Ellen_Gottlieb@yahoo.com","password":"OT1Prtq16RiX3LH","phone_number":"01509131986","nid":"1239131986","role":"Customer","createdAt":"2022-06-24T18:04:32.000Z","updatedAt":"2022-06-24T18:04:32.000Z","balance":0},{"id":2781,"name":"Ms. Cornelius Wolf","email":"Theodore_Langworth65@yahoo.com","password":"LRvdNI7gc5PrN4y","phone_number":"01505510271","nid":"1235510271","role":"Agent","createdAt":"2022-06-24T18:06:22.000Z","updatedAt":"2022-06-24T18:08:40.000Z","balance":0},{"id":2789,"name":"Ida Breitenberg","email":"John85@gmail.com","password":"zD4jMpSK41tVMLk","phone_number":"01506991892","nid":"1236991892","role":"Agent","createdAt":"2022-06-24T18:22:06.000Z","updatedAt":"2022-06-24T18:28:10.000Z","balance":0},{"id":2802,"name":"Wm Mosciski","email":"h","password":"8IzIwplIH4kcteB","phone_number":"01504774206","nid":"1234774206","role":"Customer","createdAt":"2022-06-24T18:41:01.000Z","updatedAt":"2022-06-24T18:41:01.000Z","balance":0},{"id":2807,"name":"Ivan Dare","email":"i","password":"H9dinkWL55TkGZZ","phone_number":"01506950772","nid":"1236950772","role":"Customer","createdAt":"2022-06-24T18:44:24.000Z","updatedAt":"2022-06-24T18:44:24.000Z","balance":0},{"id":2812,"name":"Peggy Brekke","email":"r","password":"r74THtboML9i2Sc","phone_number":"01506179874","nid":"1236179874","role":"Customer","createdAt":"2022-06-24T18:46:06.000Z","updatedAt":"2022-06-24T18:46:06.000Z","balance":0},{"id":2815,"name":"Forrest Pacocha","email":"5","password":"tbm7ePmjHWLsdEM","phone_number":"01503822364","nid":"1233822364","role":"Customer","createdAt":"2022-06-24T18:48:45.000Z","updatedAt":"2022-06-24T18:48:45.000Z","balance":0},{"id":2817,"name":"Diane Feeney","email":"l","password":"r9NtaTMvDXyRD60","phone_number":"01508900864","nid":"1238900864","role":"Customer","createdAt":"2022-06-24T18:51:23.000Z","updatedAt":"2022-06-24T18:51:23.000Z","balance":0},{"id":2819,"name":"Supta","email":"Kallie_Huel93@yahoo.com","password":"2R50fT3NbnninNs","phone_number":"01502192932","nid":"123456789","role":"Agent","createdAt":"2022-06-24T18:55:41.000Z","updatedAt":"2022-06-24T18:55:41.000Z","balance":0},{"id":2822,"name":"Tommy Lebsack","email":"t","password":"uhMTb15OqnEIwPp","phone_number":"01506277061","nid":"1236277061","role":"Customer","createdAt":"2022-06-24T18:57:34.000Z","updatedAt":"2022-06-24T18:57:34.000Z","balance":0},{"id":2823,"name":"Supta","email":"Breanna_Heaney53@gmail.com","password":"k8_U_bgFrZc9QX8","phone_number":"01506487094","nid":"123456789","role":"Agent","createdAt":"2022-06-24T18:57:56.000Z","updatedAt":"2022-06-24T18:57:56.000Z","balance":0},{"id":2824,"name":"Oliver Medhurst","email":"b","password":"fPQ2Z4meJLsaO09","phone_number":"01505435492","nid":"1235435492","role":"Customer","createdAt":"2022-06-24T18:57:56.000Z","updatedAt":"2022-06-24T18:57:56.000Z","balance":0},{"id":2826,"name":"Supta","email":"Robert88@hotmail.com","password":"D5CG1iU82fA2Fw7","phone_number":"01505555676","nid":"123456789","role":"Agent","createdAt":"2022-06-24T19:06:55.000Z","updatedAt":"2022-06-24T19:06:55.000Z","balance":0},{"id":2827,"name":"Marlon McKenzie","email":"4","password":"OTY1jeqn97bRmkM","phone_number":"01509230030","nid":"1239230030","role":"Customer","createdAt":"2022-06-24T19:06:55.000Z","updatedAt":"2022-06-24T19:06:55.000Z","balance":0},{"id":2831,"name":"Esther Schinner","email":"Vergie_Ebert93@yahoo.com","password":"LETf06csvHdU7hV","phone_number":"01508574308","nid":"1238574308","role":"Customer","createdAt":"2022-06-24T19:24:09.000Z","updatedAt":"2022-06-24T19:24:09.000Z","balance":0},{"id":2832,"name":"Supta","email":"Audreanne84@hotmail.com","password":"r4y2rQvxD8hyVl3","phone_number":"01504255500","nid":"123456789","role":"Agent","createdAt":"2022-06-24T19:27:08.000Z","updatedAt":"2022-06-24T19:27:08.000Z","balance":0},{"id":2833,"name":"Mrs. Jerome Osinski","email":"7","password":"8d04cwRsVmTqbrz","phone_number":"01502452910","nid":"1232452910","role":"Customer","createdAt":"2022-06-24T19:27:08.000Z","updatedAt":"2022-06-24T19:27:08.000Z","balance":0},{"id":2841,"name":"Orville Witting","email":"Lenora_Senger29@hotmail.com","password":"pVRzPINWgPdNB2I","phone_number":"01717251355","nid":"1237251355","role":"Customer","createdAt":"2022-06-24T19:45:27.000Z","updatedAt":"2022-06-24T19:45:27.000Z","balance":0},{"id":2842,"name":"Supta","email":"Federico.McDermott59@yahoo.com","password":"HUZLEI2kKr4CBsD","phone_number":"01502441049","nid":"123456789","role":"Agent","createdAt":"2022-06-24T19:52:22.000Z","updatedAt":"2022-06-24T19:52:23.000Z","balance":0},{"id":2844,"name":"Johnnie Kulas","email":"w","password":"5Idv7jcg_eXjXyt","phone_number":"01505819708","nid":"1235819708","role":"Customer","createdAt":"2022-06-24T20:00:33.000Z","updatedAt":"2022-06-24T20:00:33.000Z","balance":0},{"id":2845,"name":"Tamara Denesik","email":"z","password":"6Tc3BeL8P3_76Fw","phone_number":"01501875612","nid":"1231875612","role":"Customer","createdAt":"2022-06-24T20:01:41.000Z","updatedAt":"2022-06-24T20:01:41.000Z","balance":0},{"id":2846,"name":"Doyle Swaniawski DVM","email":"Janelle_Kerluke20@yahoo.com","password":"obCSdKMz7rfAyBL","phone_number":"01506878596","nid":"1236878596","role":"Customer","createdAt":"2022-06-24T20:01:51.000Z","updatedAt":"2022-06-24T20:01:51.000Z","balance":0},{"id":2848,"name":"Lola D'Amore","email":"Emerson_Graham41@gmail.com","password":"l50YaGvlBhpOl2L","phone_number":"01506731172","nid":"1236731172","role":"Customer","createdAt":"2022-06-24T22:52:16.000Z","updatedAt":"2022-06-24T22:52:16.000Z","balance":0},{"id":2849,"name":"Dr. Anne Yost","email":"Octavia51@yahoo.com","password":"fNdYnSDWNjFiAcn","phone_number":"01501163403","nid":"1231163403","role":"Customer","createdAt":"2022-06-24T22:52:25.000Z","updatedAt":"2022-06-24T22:52:25.000Z","balance":0},{"id":2850,"name":"Paula Schinner","email":"Graham25@gmail.com","password":"Lhu76iHdH3ZOzV0","phone_number":"01509425955","nid":"1239425955","role":"Customer","createdAt":"2022-06-24T22:52:28.000Z","updatedAt":"2022-06-24T22:52:28.000Z","balance":0},{"id":2851,"name":"Tyler Kovacek","email":"Kayden25@yahoo.com","password":"TJ8Gpac5OxEM3CB","phone_number":"01508745827","nid":"1238745827","role":"Customer","createdAt":"2022-06-24T22:52:50.000Z","updatedAt":"2022-06-24T22:52:50.000Z","balance":0},{"id":2852,"name":"Gustavo Lindgren","email":"Patsy66@gmail.com","password":"Oo4yRpL6vIHTtUa","phone_number":"01507243541","nid":"1237243541","role":"Customer","createdAt":"2022-06-24T22:52:53.000Z","updatedAt":"2022-06-24T22:52:53.000Z","balance":0},{"id":2853,"name":"Anita Bernier","email":"Lia.Weimann60@hotmail.com","password":"1Qx_BG6WtY73VWn","phone_number":"01509136822","nid":"1239136822","role":"Customer","createdAt":"2022-06-24T22:52:55.000Z","updatedAt":"2022-06-24T22:52:55.000Z","balance":0},{"id":2854,"name":"Barry Wintheiser","email":"Rupert.Koss19@hotmail.com","password":"V_DfrdEM0gydY36","phone_number":"01505496992","nid":"1235496992","role":"Customer","createdAt":"2022-06-24T22:52:56.000Z","updatedAt":"2022-06-24T22:52:56.000Z","balance":0},{"id":2855,"name":"Clayton Kertzmann","email":"Alexys.Hayes55@gmail.com","password":"lqiIVhiqZrTYwUj","phone_number":"01504900762","nid":"1234900762","role":"Customer","createdAt":"2022-06-24T22:52:57.000Z","updatedAt":"2022-06-24T22:52:57.000Z","balance":0},{"id":2856,"name":"Ken Little","email":"Brice17@hotmail.com","password":"ku10ZZfBgXRr2Q4","phone_number":"01503379109","nid":"1233379109","role":"Customer","createdAt":"2022-06-24T22:52:58.000Z","updatedAt":"2022-06-24T22:52:58.000Z","balance":0},{"id":2862,"name":"Carmen Reinger","email":"Jerel.Walker@yahoo.com","password":"qzl8RSmQMyDWm2W","phone_number":"01503975867","nid":"54646464","role":"Agent","createdAt":"2022-06-25T03:34:23.000Z","updatedAt":"2022-06-25T03:36:04.000Z","balance":0},{"id":2868,"name":"Tonya Kuhic","email":"Korbin_Schowalter78@gmail.com","password":"y5IMYZnkxVSnbky","phone_number":"01508057469","nid":"1238057469","role":"Customer","createdAt":"2022-06-25T04:45:26.000Z","updatedAt":"2022-06-25T04:45:26.000Z","balance":0},{"id":2876,"name":"alaminchoudhury@gmail.com","email":"Della35@yahoo.com","password":"Alamin@sdet","phone_number":"0179629523","nid":"1239629523","role":"Customer","createdAt":"2022-06-25T05:34:01.000Z","updatedAt":"2022-06-25T05:34:01.000Z","balance":0},{"id":2877,"name":"Timothy Mosciski","email":"alaminchoudhury@gmail.com","password":"Alamin@sdet","phone_number":"0175390790","nid":"1235390790","role":"Customer","createdAt":"2022-06-25T05:35:41.000Z","updatedAt":"2022-06-25T05:35:41.000Z","balance":0},{"id":2880,"name":"Jay Pouros","email":"Damien10@yahoo.com","password":"UWbpl9TnKHF2BAi","phone_number":"0179289623","nid":"1239289623","role":"Customer","createdAt":"2022-06-25T05:49:37.000Z","updatedAt":"2022-06-25T05:49:37.000Z","balance":0},{"id":2883,"name":"Donnie Conn","email":"Johnpaul_Ondricka@yahoo.com","password":"ENvX_Kw7hIb1i9a","phone_number":"01504849187","nid":"1234849187","role":"Customer","createdAt":"2022-06-25T06:10:13.000Z","updatedAt":"2022-06-25T06:10:13.000Z","balance":0},{"id":2884,"name":"Sonya Russel","email":"Rick73@gmail.com","password":"X7IkAeK1aoqkAhe","phone_number":"01506868800","nid":"1236868800","role":"Customer","createdAt":"2022-06-25T06:11:23.000Z","updatedAt":"2022-06-25T06:11:23.000Z","balance":0},{"id":2885,"name":"Sherri Beer","email":"Claude.Becker@yahoo.com","password":"26xtre205jCDsgH","phone_number":"01503823583","nid":"1233823583","role":"Customer","createdAt":"2022-06-25T06:13:30.000Z","updatedAt":"2022-06-25T06:13:30.000Z","balance":0},{"id":2886,"name":"Ron Franecki","email":"Katharina_Corkery@gmail.com","password":"0u8W196SiW8Dqil","phone_number":"01501840049","nid":"1231840049","role":"Customer","createdAt":"2022-06-25T06:14:37.000Z","updatedAt":"2022-06-25T06:14:37.000Z","balance":0},{"id":2889,"name":"Stanley Dicki","email":"Saige50@hotmail.com","password":"mHZwc3DjHbc_P7M","phone_number":"01504631789","nid":"1234631789","role":"Customer","createdAt":"2022-06-25T06:19:43.000Z","updatedAt":"2022-06-25T06:19:43.000Z","balance":0},{"id":2890,"name":"Winston Lueilwitz","email":"Wendy.Welch14@gmail.com","password":"7o52yfo7DsOcxy7","phone_number":"01505048639","nid":"1235048639","role":"Customer","createdAt":"2022-06-25T06:19:50.000Z","updatedAt":"2022-06-25T06:19:50.000Z","balance":0},{"id":2891,"name":"Neal Heathcote","email":"Maida_Hoppe60@yahoo.com","password":"7ay8wXKriPCv2Hp","phone_number":"01508744728","nid":"1238744728","role":"Customer","createdAt":"2022-06-25T06:19:51.000Z","updatedAt":"2022-06-25T06:19:51.000Z","balance":0},{"id":2894,"name":"Elvira Nienow","email":"Humberto3@hotmail.com","password":"Ibwna2HEjvXU2Lc","phone_number":"01503645041","nid":"1233645041","role":"Customer","createdAt":"2022-06-25T06:23:47.000Z","updatedAt":"2022-06-25T06:23:47.000Z","balance":0},{"id":2895,"name":"Diane Weber","email":"Myriam.Schmitt20@yahoo.com","password":"XJ9nWP12kyqam_L","phone_number":"01501592819","nid":"1231592819","role":"Customer","createdAt":"2022-06-25T06:24:44.000Z","updatedAt":"2022-06-25T06:24:44.000Z","balance":0},{"id":2896,"name":"Gilberto Kreiger","email":"Otho22@yahoo.com","password":"ADk0kx1E2EF05H2","phone_number":"01506114570","nid":"1236114570","role":"Customer","createdAt":"2022-06-25T06:25:15.000Z","updatedAt":"2022-06-25T06:25:15.000Z","balance":0},{"id":2897,"name":"Steve Heller","email":"abcd.cd9534631","password":"9R8PlNZfF0hBp1r","phone_number":"01509534631","nid":"1239534631","role":"Customer","createdAt":"2022-06-25T06:54:22.000Z","updatedAt":"2022-06-25T06:54:22.000Z","balance":0},{"id":2898,"name":"Carrie Schiller","email":"abcd.cd3212161","password":"pKbE21OISZw3TCR","phone_number":"01503212161","nid":"1233212161","role":"Customer","createdAt":"2022-06-25T06:55:29.000Z","updatedAt":"2022-06-25T06:55:29.000Z","balance":0},{"id":2899,"name":"Daisy Hilpert","email":"abcd.cd1437034","password":"Wjpyc9cj4U_uxZ3","phone_number":"01501437034","nid":"1231437034","role":"Customer","createdAt":"2022-06-25T06:55:49.000Z","updatedAt":"2022-06-25T06:55:49.000Z","balance":0},{"id":2900,"name":"Carmen Reinger","email":"Jamil.Considine50@gmail.com","password":"8IM5gIlbTOCix3T","phone_number":"01505038636","nid":"54646464","role":"Customer","createdAt":"2022-06-25T06:55:50.000Z","updatedAt":"2022-06-25T07:13:58.000Z","balance":0},{"id":2901,"name":"Supta","email":"Mary_Wehner46@gmail.com","password":"XeOU4UHDK4mb8UM","phone_number":"01503542574","nid":"123456789","role":"Agent","createdAt":"2022-06-25T06:56:52.000Z","updatedAt":"2022-06-25T06:56:53.000Z","balance":0},{"id":2902,"name":"Ms. Ken Stroman","email":"abcd.cd6132547","password":"3_3ez9fIljl_6DZ","phone_number":"01506132547","nid":"1236132547","role":"Customer","createdAt":"2022-06-25T06:56:52.000Z","updatedAt":"2022-06-25T06:56:52.000Z","balance":0},{"id":2903,"name":"Mr. Margie Purdy","email":"Brad99@hotmail.com","password":"ah4ZvaoQ6wosJvl","phone_number":"01501199226","nid":"1231199226","role":"Customer","createdAt":"2022-06-25T07:05:26.000Z","updatedAt":"2022-06-25T07:05:26.000Z","balance":0},{"id":2904,"name":"Daniel Schaefer","email":"Buck_Ortiz68@hotmail.com","password":"a3iq35nKHtrAvf_","phone_number":"01508390018","nid":"1238390018","role":"Customer","createdAt":"2022-06-25T07:05:55.000Z","updatedAt":"2022-06-25T07:05:55.000Z","balance":0},{"id":2907,"name":"Armando Veum","email":"Randall75@yahoo.com","password":"z65YUcoXQPL8znF","phone_number":"01509829227","nid":"1234362572","role":"Customer","createdAt":"2022-06-25T07:12:57.000Z","updatedAt":"2022-06-25T16:18:25.000Z","balance":0},{"id":2917,"name":"Supta","email":"Alfonso.Cummings@gmail.com","password":"Qs6GlAWGGm0QJTg","phone_number":"01509099086","nid":"123456789","role":"Agent","createdAt":"2022-06-25T07:51:29.000Z","updatedAt":"2022-06-25T07:51:31.000Z","balance":0},{"id":2918,"name":"Darrin Kuhic","email":"abcd.cd3745478","password":"C8wcyYuAFe8vg2y","phone_number":"01503745478","nid":"1233745478","role":"Customer","createdAt":"2022-06-25T07:51:30.000Z","updatedAt":"2022-06-25T07:51:30.000Z","balance":0},{"id":2920,"name":"Carmen Reinger","email":"Leland2@hotmail.com","password":"SKhVbuHiQ03mgT4","phone_number":"01505116308","nid":"54646464","role":"Customer","createdAt":"2022-06-25T08:17:33.000Z","updatedAt":"2022-06-28T18:07:08.000Z","balance":0},{"id":2921,"name":"Dwight Zulauf","email":"Veda.Oberbrunner93@hotmail.com","password":"azZYhSgprjBZfut","phone_number":"01507438854","nid":"1237438854","role":"Customer","createdAt":"2022-06-25T08:17:57.000Z","updatedAt":"2022-06-25T08:17:57.000Z","balance":0},{"id":2922,"name":"Caleb O'Kon","email":"Bo_Brekke12@hotmail.com","password":"ZOp8LXbUdMtx9Fu","phone_number":"01508602808","nid":"1238602808","role":"Customer","createdAt":"2022-06-25T08:20:07.000Z","updatedAt":"2022-06-25T08:20:07.000Z","balance":0},{"id":2924,"name":"Chelsea Fisher","email":"Brennon.Schoen32@hotmail.com","password":"JGDELUVcdOWT1cW","phone_number":"01506331885","nid":"1236331885","role":"Customer","createdAt":"2022-06-25T08:30:54.000Z","updatedAt":"2022-06-25T08:30:54.000Z","balance":0},{"id":2925,"name":"Neil Zieme","email":"Lenna_Mayer52@yahoo.com","password":"UbZFG5rsyzk1Pkt","phone_number":"01507496397","nid":"1237496397","role":"Customer","createdAt":"2022-06-25T08:53:20.000Z","updatedAt":"2022-06-25T08:53:20.000Z","balance":0},{"id":2926,"name":"Sandra Pacocha","email":"Connor42@yahoo.com","password":"Pze0tMOYK76kOX2","phone_number":"01504336312","nid":"1234336312","role":"Customer","createdAt":"2022-06-25T08:53:23.000Z","updatedAt":"2022-06-25T08:53:23.000Z","balance":0},{"id":2927,"name":"Isabel Bode","email":"Ward.Veum@hotmail.com","password":"BC3ikmVf9R7MN6X","phone_number":"01503745158","nid":"1233745158","role":"Customer","createdAt":"2022-06-25T08:53:25.000Z","updatedAt":"2022-06-25T08:53:25.000Z","balance":0},{"id":2928,"name":"Wilbur Emmerich","email":"Henriette.Kilback31@hotmail.com","password":"ZcMGIlgocbFqasM","phone_number":"01504421760","nid":"1234421760","role":"Customer","createdAt":"2022-06-25T08:55:15.000Z","updatedAt":"2022-06-25T08:55:15.000Z","balance":0},{"id":2932,"name":"{{$randomFullname}}","email":"Eudora_Mayer63@yahoo.com","password":"OQvpaISvVvFO_8S","phone_number":"01517616034","nid":"1237616034","role":"Customer","createdAt":"2022-06-25T09:21:14.000Z","updatedAt":"2022-06-25T09:21:14.000Z","balance":0},{"id":2935,"name":"{{$randomFullname}}","email":"Crystal_Dibbert@gmail.com","password":"RNsPpNzBB9LvYsN","phone_number":"01519578261","nid":"1239578261","role":"Customer","createdAt":"2022-06-25T09:24:16.000Z","updatedAt":"2022-06-25T09:24:16.000Z","balance":0},{"id":2937,"name":"Al Pollich","email":"Dagmar73@gmail.com","password":"keeTjiO_CN3t6Kw","phone_number":"01506751721","nid":"1236751721","role":"Customer","createdAt":"2022-06-25T09:25:31.000Z","updatedAt":"2022-06-25T09:25:31.000Z","balance":0},{"id":2938,"name":"{{$randomFullname}}","email":"Abbie75@gmail.com","password":"IzrwhuJSr4ayssM","phone_number":"01514506811","nid":"1234506811","role":"Customer","createdAt":"2022-06-25T09:25:46.000Z","updatedAt":"2022-06-25T09:25:46.000Z","balance":0},{"id":2940,"name":"{{$randomFullname}}","email":"Kayden.Ortiz@yahoo.com","password":"apdwkvCI8DiMXvU","phone_number":"01518789198","nid":"1238789198","role":"Customer","createdAt":"2022-06-25T09:29:28.000Z","updatedAt":"2022-06-25T09:29:28.000Z","balance":0},{"id":2944,"name":"{{$randomFullname}}","email":"Coby.Herman@hotmail.com","password":"QxdMO5Nb4fMDvUz","phone_number":"01515209640","nid":"1235209640","role":"Customer","createdAt":"2022-06-25T09:37:55.000Z","updatedAt":"2022-06-25T09:37:55.000Z","balance":0},{"id":2945,"name":"{{$randomFullname}}","email":"Gerson_Pouros36@hotmail.com","password":"O5mn5LOMHH8k8mE","phone_number":"01518206258","nid":"1238206258","role":"Customer","createdAt":"2022-06-25T09:46:20.000Z","updatedAt":"2022-06-25T09:46:20.000Z","balance":0},{"id":2947,"name":"Loretta Gulgowski","email":"Gus.Gulgowski88@yahoo.com","password":"A6QFbbjeuHm5AV5","phone_number":"01507390389","nid":"1237390389","role":"Customer","createdAt":"2022-06-25T09:53:02.000Z","updatedAt":"2022-06-25T09:53:02.000Z","balance":0},{"id":2948,"name":"Alexandra Bogisich","email":"Katrina81@gmail.com","password":"9NkYQ9aOXsxtvgY","phone_number":"01506879004","nid":"1236879004","role":"Customer","createdAt":"2022-06-25T10:15:21.000Z","updatedAt":"2022-06-25T10:15:21.000Z","balance":0},{"id":2949,"name":"JMeter user 9323","email":"jmeteruser9323@test.com","password":"1234","phone_number":"01506659323","nid":"589778","role":"Customer","createdAt":"2022-06-25T10:41:45.000Z","updatedAt":"2022-06-25T10:41:45.000Z","balance":0},{"id":2950,"name":"Mitchell Bogan","email":"Molly43@hotmail.com","password":"1h9rRjJaK_coTE0","phone_number":"01509170233","nid":"1239170233","role":"Customer","createdAt":"2022-06-25T12:54:05.000Z","updatedAt":"2022-06-25T12:54:05.000Z","balance":0},{"id":2951,"name":"Johnny Veum Sr.","email":"Camren28@hotmail.com","password":"DpjAmfvAKQMHueK","phone_number":"01502643570","nid":"1232643570","role":"Customer","createdAt":"2022-06-25T13:03:58.000Z","updatedAt":"2022-06-25T13:03:58.000Z","balance":0},{"id":2952,"name":"Van Ullrich","email":"Federico.Stehr99@hotmail.com","password":"PrlgoOqgqfLNctu","phone_number":"01503619125","nid":"1233619125","role":"Customer","createdAt":"2022-06-25T13:07:24.000Z","updatedAt":"2022-06-25T13:07:24.000Z","balance":0},{"id":2953,"name":"Johanna Keeling","email":"Camren7@yahoo.com","password":"_nnlpJhs8wOSG78","phone_number":"01501971076","nid":"1231971076","role":"Customer","createdAt":"2022-06-25T13:39:16.000Z","updatedAt":"2022-06-25T13:39:16.000Z","balance":0},{"id":2954,"name":"Rachael Glover","email":"Kallie6@gmail.com","password":"5Mbaa5Dw_GVLa_P","phone_number":"01507265831","nid":"1237265831","role":"Customer","createdAt":"2022-06-25T13:40:43.000Z","updatedAt":"2022-06-25T13:40:43.000Z","balance":0},{"id":2955,"name":"Jasmine Mayer II","email":"Susan67@gmail.com","password":"rzCRiRt6qjpao3u","phone_number":"01501206798","nid":"1231206798","role":"Customer","createdAt":"2022-06-25T13:42:20.000Z","updatedAt":"2022-06-25T13:42:20.000Z","balance":0},{"id":2958,"name":"John Satterfield","email":"Maria.Stroman@hotmail.com","password":"yvJQHBJKqyVzMXd","phone_number":"01504244896","nid":"1234244896","role":"Customer","createdAt":"2022-06-25T13:47:26.000Z","updatedAt":"2022-06-25T13:47:26.000Z","balance":0},{"id":2959,"name":"Miss Mark Mertz","email":"Kris.Hoppe@yahoo.com","password":"Zamy1_SiafWuZgj","phone_number":"01501926451","nid":"1231926451","role":"Customer","createdAt":"2022-06-25T13:47:29.000Z","updatedAt":"2022-06-25T13:47:29.000Z","balance":0},{"id":2962,"name":"Clayton Vandervort","email":"Delbert_Bernhard@yahoo.com","password":"ZRVDMLJ6SivrKyC","phone_number":"01503371083","nid":"1233371083","role":"Customer","createdAt":"2022-06-25T13:49:23.000Z","updatedAt":"2022-06-25T13:49:23.000Z","balance":0},{"id":2965,"name":"Rufus Mertz","email":"Antwon_Powlowski@gmail.com","password":"ablLUF8y3dasGSr","phone_number":"01507600226","nid":"1237600226","role":"Customer","createdAt":"2022-06-25T13:50:45.000Z","updatedAt":"2022-06-25T13:50:45.000Z","balance":0},{"id":2968,"name":"Dale Cormier","email":"Candace_McCullough@gmail.com","password":"nhHIsQrcveOL4ek","phone_number":"01509950280","nid":"1239950280","role":"Customer","createdAt":"2022-06-25T13:55:53.000Z","updatedAt":"2022-06-25T13:55:53.000Z","balance":0},{"id":2969,"name":"Wilfred Bahringer","email":"Brandt.Purdy@gmail.com","password":"T1hPcOsmCpgnRLy","phone_number":"01502527270","nid":"1232527270","role":"Customer","createdAt":"2022-06-25T13:55:54.000Z","updatedAt":"2022-06-25T13:55:54.000Z","balance":0},{"id":2973,"name":"Heidi Ward","email":"Bianka_Swift92@yahoo.com","password":"k5iU2AdgWcw6D5L","phone_number":"01508124719","nid":"1238124719","role":"Customer","createdAt":"2022-06-25T14:05:00.000Z","updatedAt":"2022-06-25T14:05:00.000Z","balance":0},{"id":2989,"name":"Conrad Jenkins","email":"Amaya_Pouros96@gmail.com","password":"zpHV6tIWk8BHmig","phone_number":"01506846202","nid":"1236846202","role":"Customer","createdAt":"2022-06-25T15:00:17.000Z","updatedAt":"2022-06-25T15:00:17.000Z","balance":0},{"id":2990,"name":"Carmen Reinger","email":"Thora_Zulauf79@hotmail.com","password":"tTi_mqPVPRn__sp","phone_number":"01502953251","nid":"54646464","role":"Customer","createdAt":"2022-06-25T15:08:02.000Z","updatedAt":"2022-06-25T15:08:06.000Z","balance":0},{"id":2991,"name":"Ruth Becker PhD","email":"Kane29@yahoo.com","password":"mUGWi_kWMv2ehyQ","phone_number":"01506009909","nid":"1236009909","role":"Customer","createdAt":"2022-06-25T15:08:17.000Z","updatedAt":"2022-06-25T15:08:17.000Z","balance":0},{"id":2995,"name":"Frank Boyle","email":"Tiara.Runte@hotmail.com","password":"DW3ujktUPxXj9mC","phone_number":"01509293058","nid":"1239293058","role":"Customer","createdAt":"2022-06-25T15:11:26.000Z","updatedAt":"2022-06-25T15:11:26.000Z","balance":0},{"id":2998,"name":"Mrs. Kenny Skiles","email":"Gerardo.Grimes33@gmail.com","password":"AH0VDqukAoRpaGh","phone_number":"01504828345","nid":"1234810551","role":"Customer","createdAt":"2022-06-25T15:15:09.000Z","updatedAt":"2022-06-25T15:15:14.000Z","balance":0},{"id":3011,"name":"Adrienne Mante","email":"Sam57@gmail.com","password":"Dv10fFfW0lrzKba","phone_number":"01507797434","nid":"1237797434","role":"Customer","createdAt":"2022-06-25T16:14:02.000Z","updatedAt":"2022-06-25T16:14:02.000Z","balance":0},{"id":3012,"name":"Glen Rutherford","email":"Guido5@yahoo.com","password":"kEsTaCtiLDOh2ev","phone_number":"01504065495","nid":"1234065495","role":"Customer","createdAt":"2022-06-25T16:20:10.000Z","updatedAt":"2022-06-25T16:20:10.000Z","balance":0},{"id":3013,"name":"Ervin Cassin IV","email":"Lilla_Stokes65@hotmail.com","password":"KMFNvw_OKNUnsoH","phone_number":"01506717954","nid":"1236717954","role":"Customer","createdAt":"2022-06-25T16:21:53.000Z","updatedAt":"2022-06-25T16:21:53.000Z","balance":0},{"id":3014,"name":"{{$randomFullname}}","email":"Reva16@hotmail.com","password":"49FZ2bKb3kqWmd7","phone_number":"01514270321","nid":"1234270321","role":"Customer","createdAt":"2022-06-25T16:23:13.000Z","updatedAt":"2022-06-25T16:23:13.000Z","balance":0},{"id":3016,"name":"{{$randomFullname}}","email":"Kaylah.Carroll92@yahoo.com","password":"P_cRigJEwilOvDJ","phone_number":"01515291174","nid":"1235291174","role":"Customer","createdAt":"2022-06-25T16:26:28.000Z","updatedAt":"2022-06-25T16:26:28.000Z","balance":0},{"id":3017,"name":"Armando Veum","email":"Fae.Franecki@hotmail.com","password":"eHxnyJ86BsuGfgi","phone_number":"01509843008","nid":"1234362572","role":"Customer","createdAt":"2022-06-25T16:28:19.000Z","updatedAt":"2022-06-25T16:29:42.000Z","balance":0},{"id":3018,"name":"Carmen Reinger","email":"Marc.Johnson96@gmail.com","password":"UXp6OjJgHj3CyAW","phone_number":"01504435280","nid":"54646464","role":"Customer","createdAt":"2022-06-25T16:30:49.000Z","updatedAt":"2022-06-25T16:31:20.000Z","balance":0},{"id":3019,"name":"{{$randomFullname}}","email":"Carmella_Sipes83@gmail.com","password":"Ueko8TgItRGkl6L","phone_number":"01516664182","nid":"1236664182","role":"Customer","createdAt":"2022-06-25T16:39:24.000Z","updatedAt":"2022-06-25T16:39:24.000Z","balance":0},{"id":3021,"name":"{{$randomFullname}}","email":"Mallory.Hessel4@yahoo.com","password":"7_S2Ju8CN1bOoCG","phone_number":"01517048514","nid":"1237048514","role":"Customer","createdAt":"2022-06-25T16:48:54.000Z","updatedAt":"2022-06-25T16:48:54.000Z","balance":0},{"id":3023,"name":"{{$randomFullname}}","email":"Miles37@hotmail.com","password":"Z0LqQztnxUC3vj5","phone_number":"01518326543","nid":"1238326543","role":"Customer","createdAt":"2022-06-25T16:55:46.000Z","updatedAt":"2022-06-25T16:55:46.000Z","balance":0},{"id":3025,"name":"{{$randomFullname}}","email":"Reed.Schneider68@hotmail.com","password":"NkuBJ1thte2RYzM","phone_number":"01712034325","nid":"1237340482","role":"Customer","createdAt":"2022-06-25T16:57:52.000Z","updatedAt":"2022-06-25T17:17:49.000Z","balance":0},{"id":3026,"name":"Thomas Tillman","email":"Polly.Runolfsson53@hotmail.com","password":"7sdsdReGsZAGmCl","phone_number":"01502131379","nid":"1232131379","role":"Customer","createdAt":"2022-06-25T17:09:00.000Z","updatedAt":"2022-06-25T17:09:00.000Z","balance":0},{"id":3027,"name":"{{$randomFullname}}","email":"Isadore.Stehr@yahoo.com","password":"gxo4hYf7HSdgqWx","phone_number":"01515649160","nid":"1235649160","role":"Customer","createdAt":"2022-06-25T17:19:07.000Z","updatedAt":"2022-06-25T17:23:58.000Z","balance":0},{"id":3028,"name":"Dr. Betty Schultz","email":"Cristal_Ziemann78@hotmail.com","password":"QSr9_SL6HZJ34aq","phone_number":"01503445523","nid":"1233445523","role":"Customer","createdAt":"2022-06-25T17:20:42.000Z","updatedAt":"2022-06-25T17:20:42.000Z","balance":0},{"id":3029,"name":"{{$randomFullname}}","email":"Gideon.OKeefe47@yahoo.com","password":"ngh_x_NYxWmJjre","phone_number":"01511060101","nid":"1231060101","role":"Customer","createdAt":"2022-06-25T17:24:37.000Z","updatedAt":"2022-06-25T17:25:37.000Z","balance":0},{"id":3030,"name":"Carmen Reinger","email":"Johnson70@gmail.com","password":"7ji6yaw4y2D9D3v","phone_number":"code+randomDigits","nid":"54646464","role":"Customer","createdAt":"2022-06-25T17:25:43.000Z","updatedAt":"2022-06-25T17:31:30.000Z","balance":0},{"id":3031,"name":"Virgil Crist","email":"Archibald70@gmail.com","password":"NgfxM8PpgbfxO0b","phone_number":"01508887586","nid":"1238887586","role":"Customer","createdAt":"2022-06-25T17:28:24.000Z","updatedAt":"2022-06-25T17:28:24.000Z","balance":0},{"id":3032,"name":"Carmen Reinger","email":"Loyce.Beatty@hotmail.com","password":"zDlybpZMRPZf2En","phone_number":"01505580566","nid":"54646464","role":"Customer","createdAt":"2022-06-25T17:28:54.000Z","updatedAt":"2022-06-25T17:28:55.000Z","balance":0},{"id":3033,"name":"Alison DuBuque","email":"Modesta_Hoppe@gmail.com","password":"9F0c8Euae0PRZu7","phone_number":"01506136980","nid":"1236136980","role":"Customer","createdAt":"2022-06-25T17:29:12.000Z","updatedAt":"2022-06-25T17:29:12.000Z","balance":0},{"id":3034,"name":"Marlene Walter","email":"Telly_Koepp@yahoo.com","password":"VEofovzCWlBQOSB","phone_number":"01507061533","nid":"1237061533","role":"Customer","createdAt":"2022-06-25T17:40:11.000Z","updatedAt":"2022-06-25T17:40:11.000Z","balance":0},{"id":3038,"name":"Kerry Schmidt","email":"Kellie_Emard19@gmail.com","password":"zYt_D7glcdu7Ugr","phone_number":"01504652005","nid":"1234652005","role":"Customer","createdAt":"2022-06-25T18:04:17.000Z","updatedAt":"2022-06-25T18:04:17.000Z","balance":0},{"id":3040,"name":"Carmen Reinger","email":"Timmothy32@hotmail.com","password":"ED8q9Vhm02yfSL7","phone_number":"01507983764","nid":"54646464","role":"Customer","createdAt":"2022-06-25T18:19:32.000Z","updatedAt":"2022-06-25T18:54:41.000Z","balance":0},{"id":3043,"name":"Kristine Strosin","email":"Cara62@gmail.com","password":"@1234","phone_number":"01513016503","nid":"034946794","role":"customer","createdAt":"2022-06-25T18:35:37.000Z","updatedAt":"2022-06-25T18:35:37.000Z","balance":0},{"id":3044,"name":"Mehe Sultana","email":"mehe@gmail.com","password":"1234@","phone_number":"0100000","nid":"00230","role":"student","createdAt":"2022-06-25T18:37:33.000Z","updatedAt":"2022-06-25T18:37:33.000Z","balance":0},{"id":3048,"name":"Carmen Reinger","email":"Isai17@yahoo.com","password":"2Oee4LcQ5YACAPd","phone_number":"01503357685","nid":"54646464","role":"Customer","createdAt":"2022-06-25T18:58:26.000Z","updatedAt":"2022-06-25T19:01:09.000Z","balance":0},{"id":3049,"name":"Nicholas Beatty","email":"Estelle.Emmerich@hotmail.com","password":"nm0ZSN4CjDswIuI","phone_number":"01508915352","nid":"1238915352","role":"Customer","createdAt":"2022-06-25T19:03:04.000Z","updatedAt":"2022-06-25T19:03:04.000Z","balance":0},{"id":3051,"name":"Carmen Reinger","email":"Laurine20@yahoo.com","password":"sUWFRiAMjAZCxjf","phone_number":"01509517174","nid":"54646464","role":"Customer","createdAt":"2022-06-25T19:08:05.000Z","updatedAt":"2022-06-25T19:11:01.000Z","balance":0},{"id":3052,"name":"Ashley Block","email":"Dayne96@yahoo.com","password":"wFrP5z12vGY9pEc","phone_number":"01508015032","nid":"1238015032","role":"Customer","createdAt":"2022-06-25T19:14:34.000Z","updatedAt":"2022-06-25T19:14:34.000Z","balance":0},{"id":3060,"name":"Adrian Mills Sr.","email":"Horace66@gmail.com","password":"zdgbB2fvaNWvmst","phone_number":"01504370797","nid":"1234370797","role":"Customer","createdAt":"2022-06-25T20:34:46.000Z","updatedAt":"2022-06-25T20:34:46.000Z","balance":0},{"id":3062,"name":"Ms. Colin Grant","email":"Camille.Labadie32@yahoo.com","password":"2RaAVAL29XKKp7U","phone_number":"01505882658","nid":"1235882658","role":"Customer","createdAt":"2022-06-25T20:37:43.000Z","updatedAt":"2022-06-25T20:39:06.000Z","balance":0},{"id":3065,"name":"Doyle Hickle","email":"Larry_Kunze@yahoo.com","password":"CvwrkWoqJhYbdB2","phone_number":"01771712946","nid":"456298964","role":"Customer","createdAt":"2022-06-25T20:41:53.000Z","updatedAt":"2022-06-25T20:41:53.000Z","balance":0},{"id":3067,"name":"Josefina Wolff","email":"Tod_Bernier@yahoo.com","password":"ffdkprrLmn4NcXg","phone_number":"01730623062","nid":"456516844","role":"Customer","createdAt":"2022-06-25T20:44:16.000Z","updatedAt":"2022-06-25T20:44:16.000Z","balance":0},{"id":3076,"name":"Marie Kuhn","email":"Kyla55@hotmail.com","password":"9Ym3E2Rb8GNzz14","phone_number":"01743444620","nid":"456285583","role":"Customer","createdAt":"2022-06-25T21:21:49.000Z","updatedAt":"2022-06-25T21:21:49.000Z","balance":0},{"id":3077,"name":"Clinton Cartwright","email":"Ines8@gmail.com","password":"xxMgBqvUQyul7Bj","phone_number":"01776965549","nid":"456903506","role":"Customer","createdAt":"2022-06-25T21:23:42.000Z","updatedAt":"2022-06-25T21:23:42.000Z","balance":0},{"id":3078,"name":"Wendell Raynor","email":"Ocie46@gmail.com","password":"lxfi3kG4ZvgEAGG","phone_number":"01719066434","nid":"456140956","role":"Customer","createdAt":"2022-06-25T21:25:33.000Z","updatedAt":"2022-06-25T21:25:33.000Z","balance":0},{"id":3079,"name":"Rodney Beahan","email":"Justina_Maggio49@yahoo.com","password":"yWLOb48ABr7iM4j","phone_number":"01722002974","nid":"456273921","role":"Customer","createdAt":"2022-06-25T21:31:27.000Z","updatedAt":"2022-06-25T21:31:27.000Z","balance":0},{"id":3080,"name":"Charlene Senger","email":"Charles64@yahoo.com","password":"3ESY6_vjkEUBI_q","phone_number":"01744588822","nid":"456669719","role":"Customer","createdAt":"2022-06-25T21:33:07.000Z","updatedAt":"2022-06-25T21:33:07.000Z","balance":0},{"id":3081,"name":"Karla Anderson","email":"Ardella.Pollich44@gmail.com","password":"dvZGpmyhEi2sd6v","phone_number":"01717308448","nid":"456195231","role":"Customer","createdAt":"2022-06-25T21:34:59.000Z","updatedAt":"2022-06-25T21:34:59.000Z","balance":0},{"id":3082,"name":"Gretchen Ernser","email":"Jerrold_Cassin@yahoo.com","password":"fJmM80zh0wOwqrj","phone_number":"01732540480","nid":"456814963","role":"Customer","createdAt":"2022-06-25T21:35:42.000Z","updatedAt":"2022-06-25T21:35:42.000Z","balance":0},{"id":3083,"name":"Melba Bashirian Sr.","email":"Christy45@yahoo.com","password":"gMiKopx1P1iS1Dk","phone_number":"01780808591","nid":"456864721","role":"Customer","createdAt":"2022-06-25T21:39:54.000Z","updatedAt":"2022-06-25T21:39:54.000Z","balance":0},{"id":3084,"name":"Tanvir Mitul","email":"tanvirmitul@gmail.com","password":"in6jLk8y_gU1HBv","phone_number":"01755715549","nid":"456901713","role":"Manager","createdAt":"2022-06-25T21:44:10.000Z","updatedAt":"2022-06-25T22:07:12.000Z","balance":0},{"id":3085,"name":"Tanvir Mitul","email":"tanvirmitul@gmail.com","password":"nc2v1w_fTkxgZ4R","phone_number":"01755715549","nid":"456923907","role":"Manager","createdAt":"2022-06-25T22:08:56.000Z","updatedAt":"2022-06-25T22:08:57.000Z","balance":0},{"id":3093,"name":"Stephanie Rutherford","email":"Sheila.Schulist@gmail.com","password":"1_yTjLS92mV10JW","phone_number":"01793235910","nid":"456527753","role":"Customer","createdAt":"2022-06-25T23:37:20.000Z","updatedAt":"2022-06-25T23:37:20.000Z","balance":0},{"id":3096,"name":"Rodolfo Langworth","email":"Salvador.Harvey@yahoo.com","password":"hirrESEb8C18Ugy","phone_number":"01750645062","nid":"456479059","role":"Customer","createdAt":"2022-06-26T00:39:26.000Z","updatedAt":"2022-06-26T00:39:26.000Z","balance":0},{"id":3104,"name":"Peggy Dare","email":"Antonina_Cartwright@gmail.com","password":"ZrGqJJuIbTtGU4G","phone_number":"01501420646","nid":"1231420646","role":"Customer","createdAt":"2022-06-26T03:30:56.000Z","updatedAt":"2022-06-26T03:30:56.000Z","balance":0},{"id":3105,"name":"Brett Aufderhar","email":"Joan.Rodriguez@gmail.com","password":"4JalXNYzwkIxh7v","phone_number":"01504732253","nid":"1234732253","role":"Customer","createdAt":"2022-06-26T03:31:02.000Z","updatedAt":"2022-06-26T03:31:02.000Z","balance":0},{"id":3106,"name":"Dianne Kshlerin","email":"Arlo12@hotmail.com","password":"qkan1Ykmz4HA8ma","phone_number":"01502110754","nid":"1232110754","role":"Customer","createdAt":"2022-06-26T03:31:21.000Z","updatedAt":"2022-06-26T03:31:21.000Z","balance":0},{"id":3107,"name":"Angel Dickinson","email":"Theresa.Harris47@hotmail.com","password":"JUaQRX20Z2FML1E","phone_number":"01501183676","nid":"1231183676","role":"Customer","createdAt":"2022-06-26T03:31:45.000Z","updatedAt":"2022-06-26T03:31:45.000Z","balance":0},{"id":3108,"name":"Raquel Block","email":"Emery.Kirlin30@hotmail.com","password":"gg1BrJJMz_kn6ek","phone_number":"01507191610","nid":"1237191610","role":"Customer","createdAt":"2022-06-26T03:33:12.000Z","updatedAt":"2022-06-26T03:33:12.000Z","balance":0},{"id":3109,"name":"Delbert Cassin","email":"Muhammad.Gorczany29@yahoo.com","password":"SO7DCHXwVCHUJmf","phone_number":"01505210927","nid":"1235210927","role":"Customer","createdAt":"2022-06-26T03:34:43.000Z","updatedAt":"2022-06-26T03:34:43.000Z","balance":0},{"id":3110,"name":"Shelley Feest","email":"Alycia.Rice49@hotmail.com","password":"5tIwmlA1lNWhXDf","phone_number":"01509858343","nid":"1239858343","role":"Customer","createdAt":"2022-06-26T03:50:13.000Z","updatedAt":"2022-06-26T03:50:13.000Z","balance":0},{"id":3111,"name":"Curtis Zemlak","email":"Daniela41@gmail.com","password":"CspAwEZFL2V_ody","phone_number":"01505022718","nid":"1235022718","role":"Customer","createdAt":"2022-06-26T03:57:25.000Z","updatedAt":"2022-06-26T03:57:25.000Z","balance":0},{"id":3112,"name":"Allan White","email":"Dell23@gmail.com","password":"RZ359VJBlkyPe56","phone_number":"01507251047","nid":"1237251047","role":"Customer","createdAt":"2022-06-26T04:00:50.000Z","updatedAt":"2022-06-26T04:00:50.000Z","balance":0},{"id":3114,"name":"Carmen Reinger","email":"Cleora_Keebler@hotmail.com","password":"rg5xOSnYkiDJAH2","phone_number":"01509097563","nid":"54646464","role":"Customer","createdAt":"2022-06-26T04:15:09.000Z","updatedAt":"2022-06-26T04:15:15.000Z","balance":0},{"id":3115,"name":"Brittany Volkman","email":"Rocky81@gmail.com","password":"Tbh9fYcJXkCGEwT","phone_number":"01507182957","nid":"1237182957","role":"Customer","createdAt":"2022-06-26T04:22:24.000Z","updatedAt":"2022-06-26T04:22:24.000Z","balance":0},{"id":3119,"name":"Patsy Cruickshank","email":"Cleve73@yahoo.com","password":"KaX5cW_OHznV8is","phone_number":"01501755349","nid":"1231755349","role":"Customer","createdAt":"2022-06-26T04:46:09.000Z","updatedAt":"2022-06-26T04:46:09.000Z","balance":0},{"id":3120,"name":"Yvette Braun","email":"Jeremie_Wisozk83@gmail.com","password":"cblVPNWrf_cSgGB","phone_number":"01509484840","nid":"1239484840","role":"Customer","createdAt":"2022-06-26T04:47:54.000Z","updatedAt":"2022-06-26T04:47:54.000Z","balance":0},{"id":3121,"name":"Wanda Kessler","email":"Pearline.Boyle24@hotmail.com","password":"COk6KF2Js_e7tfR","phone_number":"01504572686","nid":"1234572686","role":"Customer","createdAt":"2022-06-26T04:48:46.000Z","updatedAt":"2022-06-26T04:48:46.000Z","balance":0},{"id":3122,"name":"Rodolfo Halvorson","email":"Ivah39@yahoo.com","password":"ZcgLGErPoCJWB_6","phone_number":"01504120126","nid":"1234120126","role":"Customer","createdAt":"2022-06-26T04:49:43.000Z","updatedAt":"2022-06-26T04:49:43.000Z","balance":0},{"id":3123,"name":"Mrs. Jamie Feest","email":"Laron.Heathcote35@gmail.com","password":"ZK3xvrRTvT6iUHh","phone_number":"01507615062","nid":"1237615062","role":"Customer","createdAt":"2022-06-26T04:50:00.000Z","updatedAt":"2022-06-26T04:50:00.000Z","balance":0},{"id":3124,"name":"shahnaz begum","email":"Susana.Hodkiewicz@hotmail.com","password":"t1wrgNgq1Y7d0ja","phone_number":"01502792051","nid":"1232792051","role":"Customer","createdAt":"2022-06-26T04:50:40.000Z","updatedAt":"2022-06-26T04:50:40.000Z","balance":0},{"id":3125,"name":"shahnaz begum","email":"Kiera51@yahoo.com","password":"OH5zX7I2tBgTAIk","phone_number":"01505116264","nid":"1235116264","role":"Customer","createdAt":"2022-06-26T04:51:09.000Z","updatedAt":"2022-06-26T04:51:09.000Z","balance":0},{"id":3126,"name":"shahnaz begum","email":"Coy47@gmail.com","password":"IiESJCi8xqBkKqT","phone_number":"01501783664","nid":"1231783664","role":"Customer","createdAt":"2022-06-26T04:53:16.000Z","updatedAt":"2022-06-26T04:53:16.000Z","balance":0},{"id":3127,"name":"Muhammad Noman","email":"noman@gmail.com","password":"1234@","phone_number":"0001122","nid":"01554","role":"student","createdAt":"2022-06-26T04:53:27.000Z","updatedAt":"2022-06-26T04:53:27.000Z","balance":0},{"id":3128,"name":"Shahnaz Begum","email":"Chauncey.Lesch@gmail.com","password":"Gh3vOjt__ht8u8N","phone_number":"01509393623","nid":"1239393623","role":"Customer","createdAt":"2022-06-26T04:55:59.000Z","updatedAt":"2022-06-26T04:55:59.000Z","balance":0},{"id":3129,"name":"Shahnaz Begum","email":"Cleo27@yahoo.com","password":"v8Hy0w1Y0xP5kXJ","phone_number":"01504903526","nid":"1234903526","role":"Customer","createdAt":"2022-06-26T04:56:09.000Z","updatedAt":"2022-06-26T04:56:09.000Z","balance":0},{"id":3130,"name":"Shahnaz Begum","email":"Tomas37@gmail.com","password":"3V3vgUG23uk8Ple","phone_number":"01503720498","nid":"1233720498","role":"Customer","createdAt":"2022-06-26T04:57:31.000Z","updatedAt":"2022-06-26T04:57:31.000Z","balance":0},{"id":3131,"name":"Shahnaz Begum","email":"Broderick28@hotmail.com","password":"UoTw4M4iz5qNOeU","phone_number":"01503832809","nid":"1233832809","role":"Customer","createdAt":"2022-06-26T04:59:03.000Z","updatedAt":"2022-06-26T04:59:03.000Z","balance":0},{"id":3138,"name":"Pedro Windler","email":"Eden_Bode@gmail.com","password":"J4hXywzsIWZGbDb","phone_number":"01712034325","nid":"","role":"Agent","createdAt":"2022-06-26T05:33:03.000Z","updatedAt":"2022-06-26T05:33:07.000Z","balance":0},{"id":3142,"name":"{{$randomFullname}}","email":"Toni_Ferry@gmail.com","password":"LWyG04c3PVFYAQ3","phone_number":"012345678","nid":"1231199391","role":"Customer","createdAt":"2022-06-26T05:35:46.000Z","updatedAt":"2022-06-26T06:45:10.000Z","balance":0},{"id":3143,"name":"Marshall Beatty","email":"Reagan_Maggio18@yahoo.com","password":"CE64g_4pLbJ1fbR","phone_number":"01501096015","nid":"1231096015","role":"Customer","createdAt":"2022-06-26T05:36:17.000Z","updatedAt":"2022-06-26T05:36:17.000Z","balance":0},{"id":3146,"name":"Jmeter 9599","email":"jmeter9599@gmail.com","password":"1234@","phone_number":"+8801339599","nid":"01009599","role":"student","createdAt":"2022-06-26T05:40:03.000Z","updatedAt":"2022-06-26T05:40:03.000Z","balance":0},{"id":3147,"name":"Jmeter 1638","email":"jmeter1638@gmail.com","password":"1234@","phone_number":"+8801331638","nid":"01001638","role":"student","createdAt":"2022-06-26T05:40:27.000Z","updatedAt":"2022-06-26T05:40:27.000Z","balance":0},{"id":3154,"name":"Enrique McCullough PhD","email":"Carlos62@hotmail.com","password":"1xLqXrYS6CcdB9E","phone_number":"01507835360","nid":"1237835360","role":"Customer","createdAt":"2022-06-26T06:36:25.000Z","updatedAt":"2022-06-26T06:36:25.000Z","balance":0},{"id":3155,"name":"Miss Roberto Friesen","email":"Jessyca10@hotmail.com","password":"ZMBWGff4nGu8vTN","phone_number":"01506912239","nid":"1236912239","role":"Customer","createdAt":"2022-06-26T06:40:01.000Z","updatedAt":"2022-06-26T06:40:01.000Z","balance":0},{"id":3156,"name":"{{$randomFullname}}","email":"Kelvin5@gmail.com","password":"e8A4Sv2KSQsD67Z","phone_number":"01519541862","nid":"1239541862","role":"Customer","createdAt":"2022-06-26T06:45:35.000Z","updatedAt":"2022-06-26T06:46:29.000Z","balance":0},{"id":3159,"name":"Shahnaz Begum","email":"Holly43@gmail.com","password":"FJBE7vwSqKsvqk9","phone_number":"01508930618","nid":"1238930618","role":"Customer","createdAt":"2022-06-26T06:48:49.000Z","updatedAt":"2022-06-26T06:48:49.000Z","balance":0},{"id":3161,"name":"Shahnaz Begum","email":"Donnell.Huels47@gmail.com","password":"eX40J6JSwCGxXfd","phone_number":"01501431468","nid":"1231431468","role":"Customer","createdAt":"2022-06-26T06:50:46.000Z","updatedAt":"2022-06-26T06:50:46.000Z","balance":0},{"id":3162,"name":"Penny Senger","email":"Yazmin.Klein@yahoo.com","password":"KbOH0i5ufGFZaiR","phone_number":"01501391348","nid":"1231391348","role":"Customer","createdAt":"2022-06-26T06:50:50.000Z","updatedAt":"2022-06-26T06:50:50.000Z","balance":0},{"id":3165,"name":"Carmen Reinger","email":"Margret39@hotmail.com","password":"8mTRsMXWWfSDDMB","phone_number":"01505108217","nid":"54646464","role":"Customer","createdAt":"2022-06-26T06:57:05.000Z","updatedAt":"2022-06-26T06:57:14.000Z","balance":0},{"id":3167,"name":"Carmen Reinger","email":"Tomas66@hotmail.com","password":"iZm4FuDuRpZTXPG","phone_number":"01508699677","nid":"54646464","role":"Customer","createdAt":"2022-06-26T06:58:10.000Z","updatedAt":"2022-06-26T07:17:57.000Z","balance":0},{"id":3169,"name":"Martha Beahan","email":"Nels_Jerde40@gmail.com","password":"0udxN9AQhZpJ9B5","phone_number":"01504306045","nid":"1234306045","role":"Customer","createdAt":"2022-06-26T06:59:52.000Z","updatedAt":"2022-06-26T06:59:52.000Z","balance":0},{"id":3171,"name":"Lora Murphy","email":"Jerald96@gmail.com","password":"cfWNaQgNrF10yhb","phone_number":"01507972244","nid":"1237972244","role":"Customer","createdAt":"2022-06-26T07:01:13.000Z","updatedAt":"2022-06-26T07:01:13.000Z","balance":0},{"id":3172,"name":"Lorenzo Will","email":"Raymundo.Graham76@hotmail.com","password":"sJcXhJYlScdap6l","phone_number":"01501765361","nid":"1231765361","role":"Customer","createdAt":"2022-06-26T07:02:03.000Z","updatedAt":"2022-06-26T07:02:03.000Z","balance":0},{"id":3173,"name":"Julius Leffler","email":"Sierra.Thiel6@gmail.com","password":"sUP48tu5xLcmqoC","phone_number":"01509273941","nid":"1239273941","role":"Customer","createdAt":"2022-06-26T07:02:25.000Z","updatedAt":"2022-06-26T07:02:25.000Z","balance":0},{"id":3174,"name":"Elijah Hyatt","email":"Cullen70@yahoo.com","password":"UCi60QOl9UpW4BW","phone_number":"01503518301","nid":"1233518301","role":"Customer","createdAt":"2022-06-26T07:02:26.000Z","updatedAt":"2022-06-26T07:02:26.000Z","balance":0},{"id":3175,"name":"Natasha Rohan","email":"Taya.Aufderhar@yahoo.com","password":"xKARJw5HtdEHJu7","phone_number":"01506003301","nid":"1236003301","role":"Customer","createdAt":"2022-06-26T07:04:20.000Z","updatedAt":"2022-06-26T07:04:20.000Z","balance":0},{"id":3177,"name":"Ignacio Spinka","email":"Ed88@yahoo.com","password":"ff2MrT9PPqj7Tfc","phone_number":"01507904238","nid":"1237904238","role":"Customer","createdAt":"2022-06-26T07:04:38.000Z","updatedAt":"2022-06-26T07:04:38.000Z","balance":0},{"id":3178,"name":"Van Boyle","email":"Marty_Williamson@gmail.com","password":"7hbYL4NsoJ2B9VD","phone_number":"01509716133","nid":"1239716133","role":"Customer","createdAt":"2022-06-26T07:04:58.000Z","updatedAt":"2022-06-26T07:04:58.000Z","balance":0},{"id":3179,"name":"Lela Homenick","email":"Lesly11@gmail.com","password":"0keVme1w9RCrv8C","phone_number":"01506548345","nid":"1236548345","role":"Customer","createdAt":"2022-06-26T07:06:04.000Z","updatedAt":"2022-06-26T07:06:04.000Z","balance":0},{"id":3180,"name":"Shahnaz Begum","email":"Brandyn24@yahoo.com","password":"7XueHEeLGqGtM6F","phone_number":"01506328153","nid":"54646464","role":"Customer","createdAt":"2022-06-26T07:06:30.000Z","updatedAt":"2022-06-26T07:10:38.000Z","balance":0},{"id":3182,"name":"{{$randomFullname}}","email":"Lucie_Green93@yahoo.com","password":"kpe62xk5beGLXsu","phone_number":"01512124480","nid":"1232124480","role":"Customer","createdAt":"2022-06-26T07:08:40.000Z","updatedAt":"2022-06-26T07:08:56.000Z","balance":0},{"id":3185,"name":"Pat Gislason","email":"Jessy_Rempel67@gmail.com","password":"RJXSnsfVmjk1iom","phone_number":"01509714598","nid":"1239714598","role":"Customer","createdAt":"2022-06-26T07:17:14.000Z","updatedAt":"2022-06-26T07:17:14.000Z","balance":0},{"id":3187,"name":"Peter Boyle","email":"Katarina_Schowalter@yahoo.com","password":"r7Nn0cljzWqlH5_","phone_number":"01502381617","nid":"1232381617","role":"Customer","createdAt":"2022-06-26T08:14:24.000Z","updatedAt":"2022-06-26T08:14:24.000Z","balance":0},{"id":3193,"name":"{{$randomFullname}}","email":"Gwen69@yahoo.com","password":"KaPq9V7NnsvbMfe","phone_number":"01512220617","nid":"1232220617","role":"Customer","createdAt":"2022-06-26T09:29:28.000Z","updatedAt":"2022-06-26T09:29:28.000Z","balance":0},{"id":3194,"name":"Austin Homenick","email":"Leann_Pollich95@gmail.com","password":"P9h5Jryi4dFNNmE","phone_number":"01510310984","nid":"196810310984","role":"Customer","createdAt":"2022-06-26T09:29:36.000Z","updatedAt":"2022-06-26T09:29:36.000Z","balance":0},{"id":3196,"name":"Marcos Reilly PhD","email":"Manley_Rodriguez3@hotmail.com","password":"aXzSeU8LRSihMFB","phone_number":"01519329653","nid":"1239329653","role":"Customer","createdAt":"2022-06-26T09:37:39.000Z","updatedAt":"2022-06-26T09:37:39.000Z","balance":0},{"id":3198,"name":"Leona Reynolds III","email":"Theodore11@gmail.com","password":"rsHEN5jJH84gioa","phone_number":"01512205628","nid":"1232205628","role":"Customer","createdAt":"2022-06-26T09:43:33.000Z","updatedAt":"2022-06-26T09:43:33.000Z","balance":0},{"id":3199,"name":"Reginald Cremin","email":"Elyssa51@hotmail.com","password":"bUODnWFlANVWbJt","phone_number":"01511951925","nid":"1231951925","role":"Customer","createdAt":"2022-06-26T09:43:40.000Z","updatedAt":"2022-06-26T09:43:40.000Z","balance":0},{"id":3200,"name":"Christian Grady","email":"Kirsten_Kemmer@hotmail.com","password":"LdGpEgptCxA9jYf","phone_number":"01514571177","nid":"1234571177","role":"Customer","createdAt":"2022-06-26T09:44:55.000Z","updatedAt":"2022-06-26T09:44:55.000Z","balance":0},{"id":3202,"name":"Victoria Satterfield","email":"Augustus_Rau@hotmail.com","password":"6rGMh8WXVnYLQFm","phone_number":"01514525176","nid":"1234525176","role":"Customer","createdAt":"2022-06-26T10:02:48.000Z","updatedAt":"2022-06-26T10:02:48.000Z","balance":0},{"id":3203,"name":"Marlene McDermott","email":"Karen_Daugherty49@gmail.com","password":"Ky9x7C5X1esU57G","phone_number":"01512447245","nid":"1232447245","role":"Customer","createdAt":"2022-06-26T10:06:20.000Z","updatedAt":"2022-06-26T10:06:20.000Z","balance":0},{"id":3205,"name":"Johnny Doyle II","email":"Murl_Crona@hotmail.com","password":"BDmrUPvYQRcPwKY","phone_number":"01516706715","nid":"1236706715","role":"Customer","createdAt":"2022-06-26T10:19:54.000Z","updatedAt":"2022-06-26T10:19:54.000Z","balance":0},{"id":3210,"name":"Inez Kassulke","email":"Abigayle_Quitzon@yahoo.com","password":"NJGP1wN_bMRLdKI","phone_number":"01515268580","nid":"1235268580","role":"Customer","createdAt":"2022-06-26T10:58:46.000Z","updatedAt":"2022-06-26T10:58:46.000Z","balance":0},{"id":3214,"name":"Irvin Kunde","email":"Reyna.Berge81@yahoo.com","password":"vOI8YqavJVzJI53","phone_number":"01515988759","nid":"1235988759","role":"Customer","createdAt":"2022-06-26T11:09:23.000Z","updatedAt":"2022-06-26T11:09:52.000Z","balance":0},{"id":3215,"name":"Jennie Swift","email":"Davion.Dietrich@hotmail.com","password":"UzHLk50FsU3R1gI","phone_number":"01516534971","nid":"1236534971","role":"Customer","createdAt":"2022-06-26T11:11:05.000Z","updatedAt":"2022-06-26T11:11:05.000Z","balance":0},{"id":3230,"name":"Sofia Moilanen","email":"sofia.moilanen@example.com","password":"1234","phone_number":"03-511-546","nid":"1231887154","role":"Customer","createdAt":"2022-06-26T11:36:00.000Z","updatedAt":"2022-06-26T11:36:00.000Z","balance":0},{"id":3235,"name":"Luukas Salmela","email":"luukas.salmela@example.com","password":"1234","phone_number":"09-164-107","nid":"1236151856","role":"Customer","createdAt":"2022-06-26T11:36:55.000Z","updatedAt":"2022-06-26T11:36:55.000Z","balance":0},{"id":3239,"name":"Leticia Cremin","email":"Elyssa.Labadie@gmail.com","password":"r9lx6YGNB8WupFQ","phone_number":"01502651074","nid":"1232651074","role":"Customer","createdAt":"2022-06-26T11:40:30.000Z","updatedAt":"2022-06-26T11:40:30.000Z","balance":0},{"id":3245,"name":"Penny Jones","email":"penny.jones@example.com","password":"1234","phone_number":"(030)-112-0964","nid":"1231957797","role":"Customer","createdAt":"2022-06-26T11:45:26.000Z","updatedAt":"2022-06-26T11:45:26.000Z","balance":0},{"id":3247,"name":"Alex Neal","email":"alex.neal@example.com","password":"1234","phone_number":"015242 55234","nid":"1235135877","role":"Customer","createdAt":"2022-06-26T11:46:23.000Z","updatedAt":"2022-06-26T11:46:23.000Z","balance":0},{"id":3251,"name":"Caroline Wisozk III","email":"Dennis48@yahoo.com","password":"VXZwCppu5zYQHft","phone_number":"01505478146","nid":"1235478146","role":"Customer","createdAt":"2022-06-26T11:49:05.000Z","updatedAt":"2022-06-26T11:49:05.000Z","balance":0},{"id":3252,"name":"Bradford Fay Jr.","email":"Jeanie.Parisian@yahoo.com","password":"ePkbEltjUEyTLOw","phone_number":"01509381822","nid":"1239381822","role":"Customer","createdAt":"2022-06-26T11:49:15.000Z","updatedAt":"2022-06-26T11:49:15.000Z","balance":0},{"id":3266,"name":"Marion Marks DVM","email":"Darby.Mayert@yahoo.com","password":"9mgvLX8t5H2jg_V","phone_number":"01504204751","nid":"1234204751","role":"Customer","createdAt":"2022-06-26T13:43:31.000Z","updatedAt":"2022-06-26T13:43:31.000Z","balance":0},{"id":3267,"name":"Jmeter 7646","email":"jmeter7646@gmail.com","password":"1234@","phone_number":"+8801337646","nid":"01007646","role":"student","createdAt":"2022-06-26T13:58:03.000Z","updatedAt":"2022-06-26T13:58:03.000Z","balance":0},{"id":3268,"name":"Jmeter 5175","email":"jmeter5175@gmail.com","password":"1234@","phone_number":"+8801335175","nid":"01005175","role":"student","createdAt":"2022-06-26T13:59:15.000Z","updatedAt":"2022-06-26T13:59:15.000Z","balance":0},{"id":3269,"name":"Jmeter 9439","email":"jmeter9439@gmail.com","password":"1234@","phone_number":"+8801339439","nid":"01009439","role":"student","createdAt":"2022-06-26T13:59:32.000Z","updatedAt":"2022-06-26T13:59:32.000Z","balance":0},{"id":3270,"name":"Jmeter 7248","email":"jmeter7248@gmail.com","password":"1234@","phone_number":"+8801337248","nid":"01007248","role":"student","createdAt":"2022-06-26T14:00:35.000Z","updatedAt":"2022-06-26T14:00:35.000Z","balance":0},{"id":3271,"name":"Jmeter 4652","email":"jmeter4652@gmail.com","password":"1234@","phone_number":"+8801334652","nid":"01004652","role":"student","createdAt":"2022-06-26T14:00:46.000Z","updatedAt":"2022-06-26T14:00:46.000Z","balance":0},{"id":3272,"name":"Jmeter 2067","email":"jmeter2067@gmail.com","password":"1234@","phone_number":"+8801332067","nid":"01002067","role":"student","createdAt":"2022-06-26T14:04:22.000Z","updatedAt":"2022-06-26T14:04:22.000Z","balance":0},{"id":3273,"name":"William O'Conner","email":"Torey.Grimes@yahoo.com","password":"Thsa_R4dPWf0RWa","phone_number":"01509155329","nid":"1239155329","role":"Customer","createdAt":"2022-06-26T14:21:15.000Z","updatedAt":"2022-06-26T14:21:15.000Z","balance":0},{"id":3274,"name":"Angie Howell","email":"Mckenzie_Hamill86@yahoo.com","password":"8T0YaMkGSVY6G2b","phone_number":"01508480537","nid":"1238480537","role":"Customer","createdAt":"2022-06-26T14:26:01.000Z","updatedAt":"2022-06-26T14:26:01.000Z","balance":0},{"id":3275,"name":"Zobayer Bin Sharif","email":"zobayersdet@gmail.com","password":"1234","phone_number":"01733032575","nid":"1233043330","role":"Customer","createdAt":"2022-06-26T14:27:18.000Z","updatedAt":"2022-06-26T14:28:53.000Z","balance":0},{"id":3277,"name":"Wade Dibbert","email":"Lenny_Fadel32@gmail.com","password":"Xt3klpAdTsn5ZcL","phone_number":"01733032575","nid":"1233101685","role":"Customer","createdAt":"2022-06-26T14:30:38.000Z","updatedAt":"2022-06-26T14:31:10.000Z","balance":0},{"id":3278,"name":"Jmeter 8611","email":"jmeter8611@gmail.com","password":"1234@","phone_number":"+88067584508","nid":"01008611","role":"student","createdAt":"2022-06-26T14:33:39.000Z","updatedAt":"2022-06-26T14:33:39.000Z","balance":0},{"id":3279,"name":"Janie Zemlak","email":"Jaida.Ebert99@yahoo.com","password":"rSa0zLmOMIz3KWy","phone_number":"01508728372","nid":"1238728372","role":"Customer","createdAt":"2022-06-26T14:34:15.000Z","updatedAt":"2022-06-26T14:34:15.000Z","balance":0},{"id":3280,"name":"Jmeter 1990","email":"jmeter1990@gmail.com","password":"1234@","phone_number":"+88074032745","nid":"01001990","role":"student","createdAt":"2022-06-26T14:35:33.000Z","updatedAt":"2022-06-26T14:35:33.000Z","balance":0},{"id":3283,"name":"Hector McGlynn","email":"Sharon_Greenholt@yahoo.com","password":"8cw0xnqBJ0zReIW","phone_number":"01502997599","nid":"1232997599","role":"Customer","createdAt":"2022-06-26T14:40:52.000Z","updatedAt":"2022-06-26T14:40:52.000Z","balance":0},{"id":3284,"name":"Howard Breitenberg","email":"Douglas15@hotmail.com","password":"MK8OzyZLtUN7qwE","phone_number":"01503029952","nid":"1233029952","role":"Customer","createdAt":"2022-06-26T14:40:57.000Z","updatedAt":"2022-06-26T14:40:57.000Z","balance":0},{"id":3289,"name":"Josh Deckow","email":"Colby82@hotmail.com","password":"DY0LWqk2LpKRVBN","phone_number":"01507679835","nid":"1237679835","role":"Customer","createdAt":"2022-06-26T14:56:42.000Z","updatedAt":"2022-06-26T14:56:42.000Z","balance":0},{"id":3290,"name":"Lora Wisoky","email":"David_Hessel@gmail.com","password":"dyuRFgfmTwSZLV4","phone_number":"01503769199","nid":"1233769199","role":"Customer","createdAt":"2022-06-26T14:57:06.000Z","updatedAt":"2022-06-26T14:57:06.000Z","balance":0},{"id":3291,"name":"Lindsay Hane","email":"Zella_Walker73@gmail.com","password":"qtAPdgwLuFDUagx","phone_number":"01505966913","nid":"1235966913","role":"Customer","createdAt":"2022-06-26T14:59:27.000Z","updatedAt":"2022-06-26T14:59:27.000Z","balance":0},{"id":3294,"name":"Maria Cole","email":"Maye.Kunze@gmail.com","password":"z_y8TqYDDQJddI7","phone_number":"01508499818","nid":"1238499818","role":"Customer","createdAt":"2022-06-26T15:05:03.000Z","updatedAt":"2022-06-26T15:05:03.000Z","balance":0},{"id":3296,"name":"Timothy Reichert","email":"Lonie_Zulauf@gmail.com","password":"lKL2zBF3mrQUnl7","phone_number":"01506805324","nid":"1236805324","role":"Customer","createdAt":"2022-06-26T15:07:11.000Z","updatedAt":"2022-06-26T15:07:11.000Z","balance":0},{"id":3300,"name":"Glenda Goodwin","email":"Maeve80@yahoo.com","password":"pMeFlBCz8WMZv4B","phone_number":"01504670159","nid":"1234670159","role":"Customer","createdAt":"2022-06-26T15:16:35.000Z","updatedAt":"2022-06-26T15:16:35.000Z","balance":0},{"id":3301,"name":"Ms. Percy Purdy","email":"Geovanny.Ondricka@gmail.com","password":"n7gurQZ1IfqEHBH","phone_number":"01508178560","nid":"1238178560","role":"Customer","createdAt":"2022-06-26T15:19:54.000Z","updatedAt":"2022-06-26T15:19:54.000Z","balance":0},{"id":3303,"name":"Isabel Rippin","email":"Maryse37@hotmail.com","password":"vIGUAe0QegvfxFa","phone_number":"01508787737","nid":"1238787737","role":"Customer","createdAt":"2022-06-26T15:20:39.000Z","updatedAt":"2022-06-26T15:20:39.000Z","balance":0},{"id":3305,"name":"Pearl Boehm","email":"Saige.Kozey@hotmail.com","password":"iNqxe79yJmDPpux","phone_number":"01503460218","nid":"1233460218","role":"Customer","createdAt":"2022-06-26T15:21:31.000Z","updatedAt":"2022-06-26T15:21:31.000Z","balance":0},{"id":3306,"name":"Brad Lehner","email":"Janie_Rosenbaum@gmail.com","password":"Dzpz8T0ZUEq6yfG","phone_number":"+8801285528829","nid":"1231213978","role":"Customer","createdAt":"2022-06-26T15:22:10.000Z","updatedAt":"2022-06-26T15:28:34.000Z","balance":0},{"id":3309,"name":"Marlene Douglas","email":"Felicity.Lehner50@gmail.com","password":"VGQZhrpwbL1zhij","phone_number":"01507128024","nid":"1237128024","role":"Customer","createdAt":"2022-06-26T15:22:44.000Z","updatedAt":"2022-06-26T15:22:44.000Z","balance":0},{"id":3311,"name":"Clinton Bayer","email":"Blanca_Reilly0@hotmail.com","password":"EtANBTpcSjbw20o","phone_number":"01505435812","nid":"1235435812","role":"Customer","createdAt":"2022-06-26T15:22:56.000Z","updatedAt":"2022-06-26T15:22:56.000Z","balance":0},{"id":3313,"name":"Norman Harvey Sr.","email":"Vernon.Schroeder@gmail.com","password":"95nUoXWfbXutquo","phone_number":"01508956007","nid":"1238956007","role":"Customer","createdAt":"2022-06-26T15:27:50.000Z","updatedAt":"2022-06-26T15:27:50.000Z","balance":0},{"id":3318,"name":"Karl Kilback","email":"Deondre_Brekke@hotmail.com","password":"HDQnHv5oS6zg53e","phone_number":"01508084937","nid":"1238084937","role":"Customer","createdAt":"2022-06-26T15:41:40.000Z","updatedAt":"2022-06-26T15:41:40.000Z","balance":0},{"id":3320,"name":"Edwin Lowe","email":"Toni_Hackett@yahoo.com","password":"X3mSrRZJM67cdrk","phone_number":"01505471196","nid":"1235471196","role":"Customer","createdAt":"2022-06-26T15:54:13.000Z","updatedAt":"2022-06-26T15:54:13.000Z","balance":0},{"id":3322,"name":"Bobby Feil","email":"Cleora_Glover16@gmail.com","password":"jcwpv2zACdugdRx","phone_number":"01507145013","nid":"1237145013","role":"Customer","createdAt":"2022-06-26T15:58:02.000Z","updatedAt":"2022-06-26T15:58:02.000Z","balance":0},{"id":3323,"name":"Chad McDermott","email":"Westley_Schultz@yahoo.com","password":"c3EvfdtV2iRBdVF","phone_number":"01501500750","nid":"1231500750","role":"Customer","createdAt":"2022-06-26T15:58:23.000Z","updatedAt":"2022-06-26T15:58:23.000Z","balance":0},{"id":3333,"name":"Fred Anderson DDS","email":"Dortha25@gmail.com","password":"Ir9uYVITRCDZ7M3","phone_number":"01505127920","nid":"1235127920","role":"Customer","createdAt":"2022-06-26T16:09:54.000Z","updatedAt":"2022-06-26T16:09:54.000Z","balance":0},{"id":3334,"name":"Mary Rice","email":"Aryanna_Schmitt@yahoo.com","password":"Xw0OznFMfCgyYIa","phone_number":"01506893764","nid":"1236893764","role":"Customer","createdAt":"2022-06-26T16:12:46.000Z","updatedAt":"2022-06-26T16:12:46.000Z","balance":0},{"id":3337,"name":"Wayne Von","email":"Damian_Zieme81@yahoo.com","password":"tRvRFflotndxBBZ","phone_number":"01505514013","nid":"1235514013","role":"Customer","createdAt":"2022-06-26T16:13:49.000Z","updatedAt":"2022-06-26T16:13:49.000Z","balance":0},{"id":3338,"name":"Albert Skiles","email":"Benny1@yahoo.com","password":"axK0E13TOYCZvhB","phone_number":"01505746655","nid":"1235746655","role":"Customer","createdAt":"2022-06-26T16:13:56.000Z","updatedAt":"2022-06-26T16:13:56.000Z","balance":0},{"id":3339,"name":"Saul Hansen","email":"Justine_Williamson29@yahoo.com","password":"rAZCVAmJ2mm2ze2","phone_number":"01508669288","nid":"1238669288","role":"Customer","createdAt":"2022-06-26T16:22:17.000Z","updatedAt":"2022-06-26T16:22:17.000Z","balance":0},{"id":3341,"name":"Alyssa Abernathy","email":"Destin87@hotmail.com","password":"MJBZgBV05uKF_fl","phone_number":"01501163660","nid":"1231163660","role":"Customer","createdAt":"2022-06-26T16:22:44.000Z","updatedAt":"2022-06-26T16:22:44.000Z","balance":0},{"id":3342,"name":"Miss Casey Lubowitz","email":"Albina.Hintz89@yahoo.com","password":"QZQO_38LtZ7q3gm","phone_number":"01501459699","nid":"1231459699","role":"Customer","createdAt":"2022-06-26T16:23:04.000Z","updatedAt":"2022-06-26T16:23:04.000Z","balance":0},{"id":3343,"name":"Rudy Jacobs","email":"Stephanie30@hotmail.com","password":"0aO8w2oenzZYYt1","phone_number":"01504316181","nid":"1234316181","role":"Customer","createdAt":"2022-06-26T16:23:10.000Z","updatedAt":"2022-06-26T16:23:10.000Z","balance":0},{"id":3347,"name":"Katrina McCullough","email":"Vicenta_Hodkiewicz50@gmail.com","password":"WB92ho3TDVGyrhZ","phone_number":"01509782097","nid":"1239782097","role":"Customer","createdAt":"2022-06-26T16:33:42.000Z","updatedAt":"2022-06-26T16:33:42.000Z","balance":0},{"id":3352,"name":"Rolando Wilderman","email":"Hertha.Mayert88@hotmail.com","password":"cfiu6AdeNxuiOQw","phone_number":"01506602736","nid":"1236602736","role":"Customer","createdAt":"2022-06-26T16:52:48.000Z","updatedAt":"2022-06-26T16:52:48.000Z","balance":0},{"id":3356,"name":"Austin Crooks","email":"Cathrine.Glover@gmail.com","password":"gFS3Ul_f1ViKFrS","phone_number":"01509387054","nid":"1239387054","role":"Customer","createdAt":"2022-06-26T16:57:23.000Z","updatedAt":"2022-06-26T16:57:23.000Z","balance":0},{"id":3357,"name":"Irma Schulist","email":"Scottie10@yahoo.com","password":"ZbziAdGcocI1C9k","phone_number":"01501717456","nid":"1231717456","role":"Customer","createdAt":"2022-06-26T17:01:05.000Z","updatedAt":"2022-06-26T17:01:05.000Z","balance":0},{"id":3358,"name":"Hilda Lakin","email":"Alek.Koch@gmail.com","password":"vJq0bgC5LXGK1QB","phone_number":"01501289817","nid":"1231289817","role":"Customer","createdAt":"2022-06-26T17:01:33.000Z","updatedAt":"2022-06-26T17:01:33.000Z","balance":0},{"id":3359,"name":"Miss Darryl Nitzsche","email":"Molly92@gmail.com","password":"_wyZLlkmodHTZI4","phone_number":"01509041661","nid":"1239041661","role":"Customer","createdAt":"2022-06-26T17:03:17.000Z","updatedAt":"2022-06-26T17:03:17.000Z","balance":0},{"id":3366,"name":"Priscilla Ziemann I","email":"Sandra54@yahoo.com","password":"0dXs1NQs4_MFfik","phone_number":"01501605026","nid":"1231605026","role":"Customer","createdAt":"2022-06-26T17:38:36.000Z","updatedAt":"2022-06-26T17:38:36.000Z","balance":0},{"id":3367,"name":"Felix Koelpin","email":"Diego74@yahoo.com","password":"fka8CsIRIpUy7Uk","phone_number":"01501142944","nid":"1231142944","role":"Customer","createdAt":"2022-06-26T17:46:25.000Z","updatedAt":"2022-06-26T17:46:25.000Z","balance":0},{"id":3370,"name":"Carmen Reinger","email":"Raoul_Bernhard@hotmail.com","password":"dLTRKB72fMZvT_5","phone_number":"01506591656","nid":"54646464","role":"Customer","createdAt":"2022-06-26T18:08:05.000Z","updatedAt":"2022-06-26T18:09:15.000Z","balance":0},{"id":3373,"name":"Alonzo Wiza","email":"Rosina.Satterfield@hotmail.com","password":"lR4V454nJQVL94T","phone_number":"01501521524","nid":"1231521524","role":"Customer","createdAt":"2022-06-26T18:16:24.000Z","updatedAt":"2022-06-26T18:16:24.000Z","balance":0},{"id":3379,"name":"Deanna Ritchie","email":"Kendrick_Hettinger@hotmail.com","password":"2lNLaUdviELYU9a","phone_number":"01505106016","nid":"1235106016","role":"Customer","createdAt":"2022-06-26T18:27:14.000Z","updatedAt":"2022-06-26T18:27:14.000Z","balance":0},{"id":3380,"name":"Audrey Kuvalis","email":"Diamond17@hotmail.com","password":"atWfjiTHWtSRSwM","phone_number":"01501450255","nid":"1231450255","role":"Customer","createdAt":"2022-06-26T18:34:49.000Z","updatedAt":"2022-06-26T18:34:49.000Z","balance":0},{"id":3381,"name":"Angie McDermott","email":"Alessia.Robel68@gmail.com","password":"SSkxbkjeVBFG1_G","phone_number":"01505797340","nid":"1235797340","role":"Customer","createdAt":"2022-06-26T18:36:11.000Z","updatedAt":"2022-06-26T18:36:11.000Z","balance":0},{"id":3397,"name":"Miss Betsy Davis","email":"Nathen.Vandervort55@gmail.com","password":"AZZqRdg8pB_iilv","phone_number":"+8801373758916","nid":"1236452511","role":"Customer","createdAt":"2022-06-26T19:51:52.000Z","updatedAt":"2022-06-26T20:01:15.000Z","balance":0},{"id":3413,"name":"Rene Will","email":"Marcia.Walter19@hotmail.com","password":"eoM_K2YeRzicB69","phone_number":"01508188162","nid":"1238188162","role":"Customer","createdAt":"2022-06-27T01:44:39.000Z","updatedAt":"2022-06-27T01:44:39.000Z","balance":0},{"id":3416,"name":"Bennie Williamson","email":"Loy.Hettinger@hotmail.com","password":"8FNXAfuIuvVpxiD","phone_number":"01506661972","nid":"1236661972","role":"Customer","createdAt":"2022-06-27T02:01:31.000Z","updatedAt":"2022-06-27T02:01:31.000Z","balance":0},{"id":3417,"name":"Nicolas Considine","email":"Kathleen_Prohaska63@gmail.com","password":"pvRwlLYF5f5sKAW","phone_number":"01503083848","nid":"1233083848","role":"Customer","createdAt":"2022-06-27T02:06:54.000Z","updatedAt":"2022-06-27T02:06:54.000Z","balance":0},{"id":3424,"name":"Shahnaz Begum","email":"Hazle_Koepp52@yahoo.com","password":"Lqoo0ckzdsvruhu","phone_number":"01505248174","nid":"54646464","role":"Customer","createdAt":"2022-06-27T03:01:14.000Z","updatedAt":"2022-06-27T03:03:25.000Z","balance":0},{"id":3425,"name":"Hannah Yundt","email":"Alexys_Dicki@hotmail.com","password":"A2mNzABjzTER7AS","phone_number":"01508739546","nid":"1238739546","role":"Customer","createdAt":"2022-06-27T03:05:32.000Z","updatedAt":"2022-06-27T03:05:32.000Z","balance":0},{"id":3426,"name":"Wilson Braun","email":"Tyler87@gmail.com","password":"2KX8Xn4Dnxs67pU","phone_number":"01501729860","nid":"1231729860","role":"Customer","createdAt":"2022-06-27T03:08:29.000Z","updatedAt":"2022-06-27T03:08:29.000Z","balance":0},{"id":3430,"name":"Archie Welch","email":"Zoe94@yahoo.com","password":"gC0w91soZiRRRj_","phone_number":"01509047804","nid":"1239047804","role":"Customer","createdAt":"2022-06-27T03:37:56.000Z","updatedAt":"2022-06-27T03:37:56.000Z","balance":0},{"id":3431,"name":"Carmen Reinger","email":"Prince53@hotmail.com","password":"oO3jhk_qaGBpycx","phone_number":"01502828720","nid":"54646464","role":"Customer","createdAt":"2022-06-27T03:45:52.000Z","updatedAt":"2022-06-27T03:48:44.000Z","balance":0},{"id":3432,"name":"Carmen Reinger","email":"Joanie.Funk@yahoo.com","password":"Fuj0DJHb3vnFCTB","phone_number":"01503767619","nid":"54646464","role":"Customer","createdAt":"2022-06-27T03:49:08.000Z","updatedAt":"2022-06-27T03:49:14.000Z","balance":0},{"id":3433,"name":"Ray Hodkiewicz II","email":"Rosendo_Kiehn@hotmail.com","password":"I9LoR6xme9t5vEg","phone_number":"01508480804","nid":"1238480804","role":"Customer","createdAt":"2022-06-27T03:51:08.000Z","updatedAt":"2022-06-27T03:51:08.000Z","balance":0},{"id":3434,"name":"Melissa Sawayn IV","email":"Nicola.Kshlerin@yahoo.com","password":"7ZZW471UvZzeOiR","phone_number":"01509506773","nid":"1239506773","role":"Customer","createdAt":"2022-06-27T03:54:05.000Z","updatedAt":"2022-06-27T03:54:05.000Z","balance":0},{"id":3435,"name":"Miss Hector Nikolaus","email":"Geraldine_Altenwerth@yahoo.com","password":"dtJ7OkJeiNPkQ0D","phone_number":"01505930939","nid":"1235930939","role":"Customer","createdAt":"2022-06-27T03:55:50.000Z","updatedAt":"2022-06-27T03:55:50.000Z","balance":0},{"id":3436,"name":"Ms. Lula Kassulke","email":"Gerhard.Carter@gmail.com","password":"wZaQk_7AWlWjKYk","phone_number":"01507140992","nid":"1237140992","role":"Customer","createdAt":"2022-06-27T03:58:24.000Z","updatedAt":"2022-06-27T03:58:24.000Z","balance":0},{"id":3437,"name":"Eleanor Haley DDS","email":"Esmeralda_Rosenbaum@hotmail.com","password":"5a820Ec9Fz59TGL","phone_number":"01508517306","nid":"1238517306","role":"Customer","createdAt":"2022-06-27T03:58:26.000Z","updatedAt":"2022-06-27T03:58:26.000Z","balance":0},{"id":3438,"name":"Ryan Hauck","email":"Carson98@gmail.com","password":"jBl7ZPPYvIQLWjq","phone_number":"01501901517","nid":"1231901517","role":"Customer","createdAt":"2022-06-27T03:58:28.000Z","updatedAt":"2022-06-27T03:58:28.000Z","balance":0},{"id":3439,"name":"Elizabeth Witting","email":"Jerrell91@gmail.com","password":"o_znyVPSiNvRZJj","phone_number":"01501579559","nid":"1231579559","role":"Customer","createdAt":"2022-06-27T03:59:09.000Z","updatedAt":"2022-06-27T03:59:09.000Z","balance":0},{"id":3443,"name":"Dustin Grimes","email":"Gavin27@gmail.com","password":"6loxgBiUeCVB8er","phone_number":"01501902316","nid":"1231902316","role":"Customer","createdAt":"2022-06-27T04:15:30.000Z","updatedAt":"2022-06-27T04:15:30.000Z","balance":0},{"id":3444,"name":"Roy Bernhard","email":"Kelsie_Powlowski60@gmail.com","password":"nbW8UOthGKLo4BV","phone_number":"01508283182","nid":"1238283182","role":"Customer","createdAt":"2022-06-27T04:20:06.000Z","updatedAt":"2022-06-27T04:20:06.000Z","balance":0},{"id":3450,"name":"Darrell Rippin","email":"Ardella_Sporer@yahoo.com","password":"cv7z00F6IMTmXgm","phone_number":"01503648406","nid":"1233648406","role":"Customer","createdAt":"2022-06-27T05:19:07.000Z","updatedAt":"2022-06-27T05:19:07.000Z","balance":0},{"id":3451,"name":"Orlando Schiller","email":"Robbie45@gmail.com","password":"MGDGITufNN3siJu","phone_number":"01505516704","nid":"1235516704","role":"Customer","createdAt":"2022-06-27T05:19:33.000Z","updatedAt":"2022-06-27T05:19:33.000Z","balance":0},{"id":3453,"name":"Scott Gerlach","email":"Rudolph_Price7@yahoo.com","password":"DPUwreKCO7ritum","phone_number":"01505016299","nid":"1235016299","role":"Customer","createdAt":"2022-06-27T05:20:11.000Z","updatedAt":"2022-06-27T05:20:11.000Z","balance":0},{"id":3455,"name":"Gabriel Labadie","email":"Bo.Adams83@hotmail.com","password":"Mz3S5HoLPilaXvN","phone_number":"01506912426","nid":"1236912426","role":"Customer","createdAt":"2022-06-27T05:22:06.000Z","updatedAt":"2022-06-27T05:22:06.000Z","balance":0},{"id":3457,"name":"Mrs. Wilma Cronin","email":"Vernon.OConnell74@hotmail.com","password":"UAPXgu8eS50PK5r","phone_number":"01502307427","nid":"1232307427","role":"Customer","createdAt":"2022-06-27T05:23:53.000Z","updatedAt":"2022-06-27T05:23:53.000Z","balance":0},{"id":3458,"name":"Eula Schowalter","email":"Tod_Douglas76@hotmail.com","password":"5BJtIXdW0sif1Gj","phone_number":"01507641084","nid":"1237641084","role":"Customer","createdAt":"2022-06-27T05:24:06.000Z","updatedAt":"2022-06-27T05:24:06.000Z","balance":0},{"id":3464,"name":"Ross Stracke","email":"Marc96@gmail.com","password":"P4f9EWJWaTA1HSL","phone_number":"01507928720","nid":"1237928720","role":"Customer","createdAt":"2022-06-27T05:30:23.000Z","updatedAt":"2022-06-27T05:30:23.000Z","balance":0},{"id":3468,"name":"Emanuel DuBuque III","email":"Aryanna_Wehner@yahoo.com","password":"Xj1mWpVlddqiBZN","phone_number":"01508204585","nid":"1238204585","role":"Customer","createdAt":"2022-06-27T05:39:58.000Z","updatedAt":"2022-06-27T05:39:58.000Z","balance":0},{"id":3469,"name":"Julius Graham V","email":"Kaylie20@gmail.com","password":"YXsm0zNwXxrAkfQ","phone_number":"01501349237","nid":"1231349237","role":"Customer","createdAt":"2022-06-27T05:41:53.000Z","updatedAt":"2022-06-27T05:41:53.000Z","balance":0},{"id":3471,"name":"Alif","email":"Carleton30@yahoo.com","password":"i1MCuqjEYQrpe2l","phone_number":"01505205818","nid":"54646464","role":"Agent","createdAt":"2022-06-27T05:46:10.000Z","updatedAt":"2022-06-27T05:47:00.000Z","balance":0},{"id":3473,"name":"Delia VonRueden","email":"Brooks82@hotmail.com","password":"ULtKVxUNRPThGF6","phone_number":"01502782425","nid":"1232782425","role":"Customer","createdAt":"2022-06-27T06:08:40.000Z","updatedAt":"2022-06-27T06:08:40.000Z","balance":0},{"id":3477,"name":"Nelson Schuppe","email":"Isabella48@hotmail.com","password":"R0TZ0HsfLW5A_vZ","phone_number":"01504390959","nid":"1234390959","role":"Customer","createdAt":"2022-06-27T07:32:18.000Z","updatedAt":"2022-06-27T07:32:18.000Z","balance":0},{"id":3478,"name":"Jonathan Vandervort","email":"Frida.OKon@gmail.com","password":"DL285VIUURwIzKp","phone_number":"01503248777","nid":"1233248777","role":"Customer","createdAt":"2022-06-27T07:41:25.000Z","updatedAt":"2022-06-27T07:41:25.000Z","balance":0},{"id":3481,"name":"Ross Armstrong","email":"Wilmer_Klocko6@yahoo.com","password":"hJJlMTrR1gXfKs4","phone_number":"2222","nid":"1234908824","role":"Customer","createdAt":"2022-06-27T07:59:45.000Z","updatedAt":"2022-06-27T08:02:11.000Z","balance":0},{"id":3484,"name":"Stephen Graham","email":"Cassidy.Yost7@gmail.com","password":"ceqSHQ54kezEgqa","phone_number":"01504395591","nid":"1234395591","role":"Customer","createdAt":"2022-06-27T08:13:17.000Z","updatedAt":"2022-06-27T08:13:17.000Z","balance":0},{"id":3487,"name":"Eileen Luettgen","email":"Tyree.Wolff@hotmail.com","password":"E1GVxKaYMR0_iEJ","phone_number":"01504610016","nid":"1234610016","role":"Customer","createdAt":"2022-06-27T08:21:55.000Z","updatedAt":"2022-06-27T08:21:55.000Z","balance":0},{"id":3488,"name":"Sherry Gulgowski","email":"Oceane_Lang63@gmail.com","password":"2f4ZbwWfDJFrNhu","phone_number":"01501623862","nid":"1231623862","role":"Customer","createdAt":"2022-06-27T08:27:22.000Z","updatedAt":"2022-06-27T08:27:22.000Z","balance":0},{"id":3489,"name":"Leslie Ryan","email":"Ayden_Greenfelder@yahoo.com","password":"JQGqSc9hLOzSJLq","phone_number":"01502620049","nid":"1232620049","role":"Customer","createdAt":"2022-06-27T08:32:43.000Z","updatedAt":"2022-06-27T08:32:43.000Z","balance":0},{"id":3491,"name":"Miss Chad Schmidt","email":"Kristina6@gmail.com","password":"ZF7qBNvQ33OCOlZ","phone_number":"01509846261","nid":"1239846261","role":"Customer","createdAt":"2022-06-27T08:34:44.000Z","updatedAt":"2022-06-27T08:34:44.000Z","balance":0},{"id":3506,"name":"Billie Abshire","email":"Lacey_Wunsch@gmail.com","password":"o6dqxBpitmMP7vt","phone_number":"01502090107","nid":"1232090107","role":"Customer","createdAt":"2022-06-27T09:56:57.000Z","updatedAt":"2022-06-27T09:56:57.000Z","balance":0},{"id":3508,"name":"Melissa McLaughlin","email":"Vaughn13@gmail.com","password":"IdCNL26CV8wDXWY","phone_number":"01507702534","nid":"1237702534","role":"Customer","createdAt":"2022-06-27T10:04:11.000Z","updatedAt":"2022-06-27T10:04:11.000Z","balance":0},{"id":3509,"name":"Cheryl Hudson","email":"Jedidiah.Cummerata@hotmail.com","password":"LWZifSKdm4XL3aN","phone_number":"01503304221","nid":"1233304221","role":"Customer","createdAt":"2022-06-27T10:04:29.000Z","updatedAt":"2022-06-27T10:04:29.000Z","balance":0},{"id":3510,"name":"Mr. Julius Bashirian","email":"Manuela.Rempel@hotmail.com","password":"B4dydVuc5eb6Opt","phone_number":"01504428760","nid":"1234428760","role":"Customer","createdAt":"2022-06-27T10:05:01.000Z","updatedAt":"2022-06-27T10:05:01.000Z","balance":0},{"id":3511,"name":"Della Toy","email":"Tyrese.Erdman5@yahoo.com","password":"sTIHhisy8gsR0lE","phone_number":"01501692343","nid":"1231692343","role":"Customer","createdAt":"2022-06-27T10:09:59.000Z","updatedAt":"2022-06-27T10:09:59.000Z","balance":0},{"id":3512,"name":"Barry Larson","email":"Cordie.Schmitt@hotmail.com","password":"Hp4JYGyWXnNbtLg","phone_number":"01509740611","nid":"1239740611","role":"Customer","createdAt":"2022-06-27T10:15:30.000Z","updatedAt":"2022-06-27T10:15:30.000Z","balance":0},{"id":3514,"name":"Sherri Bechtelar II","email":"Connie.Stoltenberg24@yahoo.com","password":"d4e0xU8RyLCTO9l","phone_number":"{{phoaneNumber}}","nid":"{{nid}}","role":"Customer","createdAt":"2022-06-27T10:24:19.000Z","updatedAt":"2022-06-27T10:24:19.000Z","balance":0},{"id":3515,"name":"Eleanor Lubowitz","email":"Claudine33@gmail.com","password":"Cmomy7iozlHFr3Z","phone_number":"01682818554","nid":"{{nid}}","role":"Customer","createdAt":"2022-06-27T10:25:10.000Z","updatedAt":"2022-06-27T10:25:10.000Z","balance":0},{"id":3516,"name":"Patsy Sawayn","email":"Kyle42@gmail.com","password":"88KTjeN4q8NL7Zr","phone_number":"01504558422","nid":"1234558422","role":"Customer","createdAt":"2022-06-27T10:34:11.000Z","updatedAt":"2022-06-27T10:34:11.000Z","balance":0},{"id":3517,"name":"Woodrow Quigley","email":"Newell73@yahoo.com","password":"oSCRqWY2NEGJEvg","phone_number":"01509863560","nid":"1239863560","role":"Customer","createdAt":"2022-06-27T10:34:17.000Z","updatedAt":"2022-06-27T10:34:17.000Z","balance":0},{"id":3522,"name":"Barry Douglas","email":"Nellie_Miller@gmail.com","password":"8twox18PUFUn7Ux","phone_number":"01503631045","nid":"1233631045","role":"Customer","createdAt":"2022-06-27T10:44:22.000Z","updatedAt":"2022-06-27T10:44:22.000Z","balance":0},{"id":3527,"name":"Terrell Hahn","email":"Halle59@hotmail.com","password":"JUCHTvp0S8xtieG","phone_number":"01507213152","nid":"1237213152","role":"Customer","createdAt":"2022-06-27T10:51:19.000Z","updatedAt":"2022-06-27T10:51:19.000Z","balance":0},{"id":3528,"name":"Gretchen Wisozk","email":"Wyman.Botsford@hotmail.com","password":"rPV0mXk81fXOF3T","phone_number":"01508968532","nid":"1238968532","role":"Customer","createdAt":"2022-06-27T10:51:52.000Z","updatedAt":"2022-06-27T10:51:52.000Z","balance":0},{"id":3529,"name":"Mike Robel","email":"Kaleb.Heidenreich47@gmail.com","password":"F54d0Ce5d0mEnuq","phone_number":"01504905161","nid":"1234905161","role":"Customer","createdAt":"2022-06-27T10:52:10.000Z","updatedAt":"2022-06-27T10:52:10.000Z","balance":0},{"id":3530,"name":"Abraham White","email":"Cordie87@yahoo.com","password":"pJjsKb_9dBeZbTW","phone_number":"01506566244","nid":"1236566244","role":"Customer","createdAt":"2022-06-27T10:53:12.000Z","updatedAt":"2022-06-27T10:53:12.000Z","balance":0},{"id":3533,"name":"Lance West","email":"Art.Fadel@hotmail.com","password":"E4TZ3y4n85Tc6i9","phone_number":"01503099990","nid":"1233099990","role":"Customer","createdAt":"2022-06-27T10:56:45.000Z","updatedAt":"2022-06-27T10:56:45.000Z","balance":0},{"id":3536,"name":"Gilbert Steuber III","email":"Bryon75@hotmail.com","password":"u4CsWyhbkV56WOB","phone_number":"01509579605","nid":"1239579605","role":"Customer","createdAt":"2022-06-27T11:02:01.000Z","updatedAt":"2022-06-27T11:02:01.000Z","balance":0},{"id":3538,"name":"Laurence Willms","email":"Tatyana_Collier@gmail.com","password":"SnPL7aFW9NG4Ohe","phone_number":"01506830607","nid":"1236830607","role":"Customer","createdAt":"2022-06-27T11:02:56.000Z","updatedAt":"2022-06-27T11:02:56.000Z","balance":0},{"id":3539,"name":"jerry","email":"Immanuel.Rath93@gmail.com","password":"77XsX45fI3llf4S","phone_number":"01506232100","nid":"94646461","role":"shopkeeper","createdAt":"2022-06-27T11:03:08.000Z","updatedAt":"2022-06-27T11:07:08.000Z","balance":0},{"id":3540,"name":"Lindsay McGlynn","email":"Danny66@gmail.com","password":"gSHR5VaNMQyg2ea","phone_number":"01509943219","nid":"1239943219","role":"Customer","createdAt":"2022-06-27T11:03:30.000Z","updatedAt":"2022-06-27T11:03:30.000Z","balance":0},{"id":3541,"name":"Johnnie Towne","email":"Travis9@hotmail.com","password":"JrI9sIlWejq89t3","phone_number":"01504938804","nid":"1234938804","role":"Customer","createdAt":"2022-06-27T11:03:31.000Z","updatedAt":"2022-06-27T11:03:31.000Z","balance":0},{"id":3542,"name":"Brent Boehm","email":"Effie_Leannon83@hotmail.com","password":"Ypa9eSu2DIHMZ4F","phone_number":"01503740188","nid":"1233740188","role":"Customer","createdAt":"2022-06-27T11:04:05.000Z","updatedAt":"2022-06-27T11:04:05.000Z","balance":0},{"id":3546,"name":"efan","email":"efan@gmail.com","password":"12345","phone_number":"016808","nid":"1234","role":"Customer","createdAt":"2022-06-27T11:22:45.000Z","updatedAt":"2022-06-27T11:22:45.000Z","balance":0},{"id":3547,"name":"efan068","email":"efan066@gmail.com","password":"12345","phone_number":"01680800","nid":"12345","role":"Customer","createdAt":"2022-06-27T11:24:21.000Z","updatedAt":"2022-06-27T11:24:21.000Z","balance":0},{"id":3548,"name":"Diana Buckridge","email":"Ambrose86@yahoo.com","password":"QWM9Uj6urvCeTBn","phone_number":"01686034772","nid":"126034772","role":"Customer","createdAt":"2022-06-27T11:27:38.000Z","updatedAt":"2022-06-27T11:27:38.000Z","balance":0},{"id":3549,"name":"Rita Balistreri","email":"Joaquin.Lebsack23@gmail.com","password":"VD4xkeFDQ688dcS","phone_number":"01689141657","nid":"129141657","role":"Customer","createdAt":"2022-06-27T11:27:43.000Z","updatedAt":"2022-06-27T11:27:43.000Z","balance":0},{"id":3551,"name":"Wallace Kirlin","email":"Taylor59@hotmail.com","password":"sRXFHfASQsySOFe","phone_number":"01501217964","nid":"1231217964","role":"Customer","createdAt":"2022-06-27T11:37:14.000Z","updatedAt":"2022-06-27T11:37:14.000Z","balance":0},{"id":3554,"name":"Kelly Strosin","email":"Turner14@yahoo.com","password":"h6H0dmhjZSHXx9z","phone_number":"01685112639","nid":"125112639","role":"Customer","createdAt":"2022-06-27T11:55:04.000Z","updatedAt":"2022-06-27T11:55:04.000Z","balance":0},{"id":3555,"name":"Everett Tremblay","email":"Lina_Von@hotmail.com","password":"tg8d4RRqbAO8o8y","phone_number":"01689631611","nid":"129631611","role":"Customer","createdAt":"2022-06-27T12:00:13.000Z","updatedAt":"2022-06-27T12:00:13.000Z","balance":0},{"id":3556,"name":"Eunice Mueller","email":"Quentin81@gmail.com","password":"JuhvqblsrmucV0C","phone_number":"01682126887","nid":"122126887","role":"Customer","createdAt":"2022-06-27T12:03:35.000Z","updatedAt":"2022-06-27T12:03:35.000Z","balance":0},{"id":3557,"name":"Darlene Rau","email":"Paul26@yahoo.com","password":"0HqfX_qWtQ1XrNu","phone_number":"01684787231","nid":"124787231","role":"Customer","createdAt":"2022-06-27T12:10:32.000Z","updatedAt":"2022-06-27T12:10:32.000Z","balance":0},{"id":3558,"name":"Alice Hyatt","email":"Katelin.Wehner60@yahoo.com","password":"cBBBYxyIipGu3s8","phone_number":"01682455027","nid":"122455027","role":"Customer","createdAt":"2022-06-27T12:15:38.000Z","updatedAt":"2022-06-27T12:15:38.000Z","balance":0},{"id":3559,"name":"Irvin Brown","email":"Dylan.Douglas@hotmail.com","password":"4kecwmaL4Gh56jq","phone_number":"01685071269","nid":"125071269","role":"Customer","createdAt":"2022-06-27T12:15:50.000Z","updatedAt":"2022-06-27T12:15:50.000Z","balance":0},{"id":3560,"name":"Shelia Oberbrunner","email":"Stephan1@hotmail.com","password":"wRT9987BwJqobDg","phone_number":"01684374558","nid":"124374558","role":"Customer","createdAt":"2022-06-27T12:16:42.000Z","updatedAt":"2022-06-27T12:16:42.000Z","balance":0},{"id":3562,"name":"Alexander Hodkiewicz","email":"Laisha20@yahoo.com","password":"LKextKEsZcQcy7u","phone_number":"914-249-8988","nid":"1234599549","role":"Customer","createdAt":"2022-06-27T12:50:10.000Z","updatedAt":"2022-06-27T14:02:17.000Z","balance":0},{"id":3564,"name":"Russell Hill","email":"russell.hill@example.com","password":"1234","phone_number":"013873 63275","nid":"1232567036","role":"Customer","createdAt":"2022-06-27T13:11:59.000Z","updatedAt":"2022-06-27T13:11:59.000Z","balance":0},{"id":3566,"name":"Daniel Thompson","email":"daniel.thompson@example.com","password":"1234","phone_number":"830-426-1179","nid":"1232783593","role":"Customer","createdAt":"2022-06-27T13:27:56.000Z","updatedAt":"2022-06-27T13:27:56.000Z","balance":0},{"id":3568,"name":"Santiago Gijzen","email":"santiago.gijzen@example.com","password":"1234","phone_number":"(158)-025-7293","nid":"1239636433","role":"Customer","createdAt":"2022-06-27T13:31:49.000Z","updatedAt":"2022-06-27T13:31:49.000Z","balance":0},{"id":3574,"name":"Noel Denesik","email":"Carter_Cummerata@yahoo.com","password":"eqGd8OEnQaboefS","phone_number":"01501419846","nid":"1231419846","role":"Customer","createdAt":"2022-06-27T14:20:34.000Z","updatedAt":"2022-06-27T14:20:34.000Z","balance":0},{"id":3582,"name":"Daisy Kling Sr.","email":"Martine_Corwin@gmail.com","password":"Tq8XpvI1a9HOdIy","phone_number":"01501667844","nid":"1231667844","role":"Customer","createdAt":"2022-06-27T15:19:13.000Z","updatedAt":"2022-06-27T15:19:13.000Z","balance":0},{"id":3583,"name":"Ruben Mosciski Jr.","email":"Nick22@yahoo.com","password":"6UiFqdK3FgI5frr","phone_number":"01503444435","nid":"1233444435","role":"Customer","createdAt":"2022-06-27T15:19:20.000Z","updatedAt":"2022-06-27T15:19:20.000Z","balance":0},{"id":3584,"name":"Norman Jaskolski","email":"Steve.Bartell96@yahoo.com","password":"JuM2ekG7K0rTcRU","phone_number":"01832374005","nid":"1231653798","role":"Customer","createdAt":"2022-06-27T15:19:22.000Z","updatedAt":"2022-06-27T15:20:12.000Z","balance":0},{"id":3585,"name":"Craig Wunsch","email":"Arno.Steuber@yahoo.com","password":"A7CHu48kuWI3OU9","phone_number":"01509189468","nid":"1239189468","role":"Customer","createdAt":"2022-06-27T15:25:43.000Z","updatedAt":"2022-06-27T15:25:43.000Z","balance":0},{"id":3587,"name":"Bridget Lesch","email":"Enrico_Jaskolski11@gmail.com","password":"WZ7DoaMmjsvkAks","phone_number":"01832374005","nid":"1237384625","role":"Customer","createdAt":"2022-06-27T15:27:56.000Z","updatedAt":"2022-06-27T16:03:00.000Z","balance":0},{"id":3590,"name":"Levi Stark","email":"Silas92@gmail.com","password":"rNYtBprurycmJG8","phone_number":"01505505140","nid":"1235505140","role":"Customer","createdAt":"2022-06-27T15:32:34.000Z","updatedAt":"2022-06-27T15:32:34.000Z","balance":0},{"id":3591,"name":"Angelica Sanford","email":"Talia23@hotmail.com","password":"RM_ENeuzx1vgzQH","phone_number":"01505993730","nid":"1235993730","role":"Customer","createdAt":"2022-06-27T15:38:22.000Z","updatedAt":"2022-06-27T15:38:22.000Z","balance":0},{"id":3592,"name":"Krystal Turner","email":"Mya.Satterfield54@gmail.com","password":"IsEnv8HVkuQ46my","phone_number":"01507499001","nid":"1237499001","role":"Customer","createdAt":"2022-06-27T15:40:42.000Z","updatedAt":"2022-06-27T15:40:42.000Z","balance":0},{"id":3593,"name":"Mrs. Kenny Skiles","email":"Neoma21@yahoo.com","password":"y1d6KOkZy72F6uH","phone_number":"01504856238","nid":"1234810551","role":"Customer","createdAt":"2022-06-27T15:40:50.000Z","updatedAt":"2022-06-27T15:40:58.000Z","balance":0},{"id":3594,"name":"Eunice McDermott","email":"Krista19@gmail.com","password":"F0qv4ESJIpcXlws","phone_number":"01508949963","nid":"1238949963","role":"Customer","createdAt":"2022-06-27T15:45:12.000Z","updatedAt":"2022-06-27T15:45:12.000Z","balance":0},{"id":3595,"name":"Karl Mosciski","email":"Brittany.Murray@hotmail.com","password":"jzkoQ8w_ps7ho8W","phone_number":"01508695720","nid":"1238695720","role":"Customer","createdAt":"2022-06-27T15:46:19.000Z","updatedAt":"2022-06-27T15:46:19.000Z","balance":0},{"id":3596,"name":"Teresa Wolff","email":"Hobart.Douglas8@yahoo.com","password":"LGNq8BMfGjeQ7mD","phone_number":"01507081190","nid":"1237081190","role":"Customer","createdAt":"2022-06-27T15:46:56.000Z","updatedAt":"2022-06-27T15:46:56.000Z","balance":0},{"id":3597,"name":"Gwendolyn Mertz","email":"Violet_Schamberger@yahoo.com","password":"9PybZt37WOl4wuj","phone_number":"01506780257","nid":"1236780257","role":"Customer","createdAt":"2022-06-27T15:52:34.000Z","updatedAt":"2022-06-27T15:52:34.000Z","balance":0},{"id":3600,"name":"Alice Hessel","email":"Madie_Spinka10@hotmail.com","password":"D43ZA02SqWXAvaQ","phone_number":"01505362688","nid":"1235362688","role":"Customer","createdAt":"2022-06-27T15:57:36.000Z","updatedAt":"2022-06-27T15:57:36.000Z","balance":0},{"id":3604,"name":"Jana Hahn","email":"Martina.Sipes@gmail.com","password":"UrSaA7IsgIljtyP","phone_number":"01504779548","nid":"1234779548","role":"Customer","createdAt":"2022-06-27T15:59:21.000Z","updatedAt":"2022-06-27T15:59:21.000Z","balance":0},{"id":3605,"name":"Marcia Cruickshank","email":"Llewellyn.Zieme@hotmail.com","password":"TmUHKtYO07tZZoa","phone_number":"01503515903","nid":"1233515903","role":"Customer","createdAt":"2022-06-27T16:02:37.000Z","updatedAt":"2022-06-27T16:02:37.000Z","balance":0},{"id":3606,"name":"Desiree Frami","email":"Elroy_Spinka@hotmail.com","password":"1L2hidDG2L47Ywx","phone_number":"01506455343","nid":"1236455343","role":"Customer","createdAt":"2022-06-27T16:04:33.000Z","updatedAt":"2022-06-27T16:04:33.000Z","balance":0},{"id":3609,"name":"Brad Kuphal","email":"Delta.Friesen@hotmail.com","password":"LXepACozdVBm55C","phone_number":"01505321249","nid":"1235321249","role":"Customer","createdAt":"2022-06-27T16:10:49.000Z","updatedAt":"2022-06-27T16:10:49.000Z","balance":0},{"id":3610,"name":"Julia Toivonen","email":"julia.toivonen@example.com","password":"12345678","phone_number":"08-637-053","nid":"72693797","role":"Customer","createdAt":"2022-06-27T16:11:01.000Z","updatedAt":"2022-06-27T16:11:01.000Z","balance":0},{"id":3611,"name":"Elizabeth Brown","email":"elizabeth.brown@example.com","password":"1234","phone_number":"223-686-6623","nid":"51138982","role":"Customer","createdAt":"2022-06-27T16:12:56.000Z","updatedAt":"2022-06-27T16:12:56.000Z","balance":0},{"id":3613,"name":"Wilfred Bergnaum DVM","email":"Catharine48@hotmail.com","password":"T7xigVNdjsIp0YL","phone_number":"01504394481","nid":"1234394481","role":"Customer","createdAt":"2022-06-27T16:20:23.000Z","updatedAt":"2022-06-27T16:20:23.000Z","balance":0},{"id":3615,"name":"Anna Sørensen","email":"anna.sorensen@example.com","password":"1234","phone_number":"69474191","nid":"70923200","role":"Customer","createdAt":"2022-06-27T16:27:20.000Z","updatedAt":"2022-06-27T16:27:20.000Z","balance":0},{"id":3616,"name":"Mathilde Arnaud","email":"mathilde.arnaud@example.com","password":"12345678","phone_number":"075 187 06 60","nid":"39043024","role":"Customer","createdAt":"2022-06-27T16:28:10.000Z","updatedAt":"2022-06-27T16:28:10.000Z","balance":0},{"id":3617,"name":"Zita Markert","email":"zita.markert@example.com","password":"12345678","phone_number":"0435-2398343","nid":"91067716","role":"Customer","createdAt":"2022-06-27T16:29:31.000Z","updatedAt":"2022-06-27T16:29:31.000Z","balance":0},{"id":3619,"name":"Lana Tysnes","email":"lana.tysnes@example.com","password":"12345678","phone_number":"32879340","nid":"36368025","role":"Customer","createdAt":"2022-06-27T16:32:00.000Z","updatedAt":"2022-06-27T16:32:00.000Z","balance":0},{"id":3620,"name":"Johanne Jørgensen","email":"johanne.jorgensen@example.com","password":"1234","phone_number":"29224310","nid":"27352712","role":"Customer","createdAt":"2022-06-27T16:33:24.000Z","updatedAt":"2022-06-27T16:33:24.000Z","balance":0},{"id":3621,"name":"Alex Reed","email":"alex.reed@example.com","password":"12345678","phone_number":"(401)-062-7637","nid":"20394338","role":"Customer","createdAt":"2022-06-27T16:34:28.000Z","updatedAt":"2022-06-27T16:34:28.000Z","balance":0},{"id":3623,"name":"Lumi Eskola","email":"lumi.eskola@example.com","password":"12345678","phone_number":"07-092-731","nid":"94239793","role":"Customer","createdAt":"2022-06-27T16:41:41.000Z","updatedAt":"2022-06-27T16:41:41.000Z","balance":0},{"id":3624,"name":"Cody Frazier","email":"cody.frazier@example.com","password":"12345678","phone_number":"041-817-5558","nid":"87654159","role":"Customer","createdAt":"2022-06-27T16:42:41.000Z","updatedAt":"2022-06-27T16:42:41.000Z","balance":0},{"id":3625,"name":"Emmeline Årdal","email":"emmeline.ardal@example.com","password":"12345678","phone_number":"33312320","nid":"90673841","role":"Customer","createdAt":"2022-06-27T16:46:22.000Z","updatedAt":"2022-06-27T16:46:22.000Z","balance":0},{"id":3626,"name":"Silas Thomsen","email":"silas.thomsen@example.com","password":"12345678","phone_number":"30929464","nid":"27452121","role":"Customer","createdAt":"2022-06-27T16:48:13.000Z","updatedAt":"2022-06-27T16:48:13.000Z","balance":0},{"id":3630,"name":"Nathan Caron","email":"nathan.caron@example.com","password":"12345678","phone_number":"02-98-92-59-36","nid":"47632609","role":"Customer","createdAt":"2022-06-27T16:52:03.000Z","updatedAt":"2022-06-27T16:52:03.000Z","balance":0},{"id":3631,"name":"Lidia Cruz","email":"lidia.cruz@example.com","password":"12345678","phone_number":"904-430-363","nid":"12217452","role":"Customer","createdAt":"2022-06-27T16:53:04.000Z","updatedAt":"2022-06-27T16:53:04.000Z","balance":0},{"id":3633,"name":"Sabino Nogueira","email":"sabino.nogueira@example.com","password":"12345678","phone_number":"(44) 9882-5827","nid":"86366638","role":"Customer","createdAt":"2022-06-27T17:01:30.000Z","updatedAt":"2022-06-27T17:01:30.000Z","balance":0},{"id":3635,"name":"Ms. Sonia Bode","email":"Fabiola34@yahoo.com","password":"U9ItjiU_SbBOnqV","phone_number":"01832374005","nid":"1237614324","role":"Customer","createdAt":"2022-06-27T17:04:48.000Z","updatedAt":"2022-06-27T17:05:04.000Z","balance":0},{"id":3636,"name":"Andy Chambers","email":"andy.chambers@example.com","password":"12345678","phone_number":"07-5067-0922","nid":"57102279","role":"Customer","createdAt":"2022-06-27T17:05:20.000Z","updatedAt":"2022-06-27T17:05:20.000Z","balance":0},{"id":3638,"name":"Fletcher Roberts","email":"fletcher.roberts@example.com","password":"12345678","phone_number":"(228)-004-7102","nid":"57584712","role":"Customer","createdAt":"2022-06-27T17:05:36.000Z","updatedAt":"2022-06-27T17:05:36.000Z","balance":0},{"id":3642,"name":"Fredrick Stoltenberg","email":"Cordia_Rau@hotmail.com","password":"uR7MScCUxQztoMm","phone_number":"01508975845","nid":"1238975845","role":"Customer","createdAt":"2022-06-27T17:14:51.000Z","updatedAt":"2022-06-27T17:14:51.000Z","balance":0},{"id":3647,"name":"Roosevelt Robel","email":"Rosemary.Gorczany27@hotmail.com","password":"s_Aq0S7BFmK1FRv","phone_number":"01503783235","nid":"1233783235","role":"Customer","createdAt":"2022-06-27T17:20:07.000Z","updatedAt":"2022-06-27T17:20:07.000Z","balance":0},{"id":3650,"name":"Clifton Stark","email":"Georgiana4@gmail.com","password":"70ex5UCKVy9Ob7B","phone_number":"01503585529","nid":"1233585529","role":"Customer","createdAt":"2022-06-27T17:22:59.000Z","updatedAt":"2022-06-27T17:22:59.000Z","balance":0},{"id":3651,"name":"Sidney Waelchi","email":"Reymundo.Brown@hotmail.com","password":"exw26aQQlXUncjI","phone_number":"01505359333","nid":"1235359333","role":"Customer","createdAt":"2022-06-27T17:23:04.000Z","updatedAt":"2022-06-27T17:23:04.000Z","balance":0},{"id":3652,"name":"Gilbert Kozey DDS","email":"April.Schaefer@hotmail.com","password":"nOdyG5kub472BfI","phone_number":"01508853814","nid":"1238853814","role":"Customer","createdAt":"2022-06-27T17:23:09.000Z","updatedAt":"2022-06-27T17:23:09.000Z","balance":0},{"id":3654,"name":"Jimmy Wilderman","email":"Tianna_Jenkins75@hotmail.com","password":"g4IcBNlJ45SZ32a","phone_number":"01504438509","nid":"1234438509","role":"Customer","createdAt":"2022-06-27T17:32:25.000Z","updatedAt":"2022-06-27T17:32:25.000Z","balance":0},{"id":3655,"name":"Stuart Harber","email":"Sylvia.Dickinson@gmail.com","password":"GtqL5YdAkecpKBH","phone_number":"01508901244","nid":"1238901244","role":"Customer","createdAt":"2022-06-27T17:33:00.000Z","updatedAt":"2022-06-27T17:33:00.000Z","balance":0},{"id":3656,"name":"Pearl Mills","email":"Ruben76@yahoo.com","password":"2wiJ2pxVTzX_kph","phone_number":"01508603341","nid":"1238603341","role":"Customer","createdAt":"2022-06-27T17:33:54.000Z","updatedAt":"2022-06-27T17:33:54.000Z","balance":0},{"id":3661,"name":"Naomi Parker","email":"Tatum_Treutel35@yahoo.com","password":"UaIQyGnQyiFoOSP","phone_number":"01503859417","nid":"1233859417","role":"Customer","createdAt":"2022-06-27T17:42:13.000Z","updatedAt":"2022-06-27T17:42:13.000Z","balance":0},{"id":3663,"name":"Ronald Predovic","email":"Merl.Reilly@yahoo.com","password":"yuNvFeUkd5G2gLE","phone_number":"01682631267","nid":"122631267","role":"Customer","createdAt":"2022-06-27T17:43:23.000Z","updatedAt":"2022-06-27T17:43:23.000Z","balance":0},{"id":3665,"name":"Nicholas Kerluke","email":"Toby.Lebsack62@gmail.com","password":"xyFxTo9LptUp_3n","phone_number":"01505211182","nid":"1235211182","role":"Customer","createdAt":"2022-06-27T17:45:23.000Z","updatedAt":"2022-06-27T17:45:23.000Z","balance":0},{"id":3667,"name":"Supta","email":"Nakia82@yahoo.com","password":"BP8cTGKn2YkEn1I","phone_number":"01503068386","nid":"123456789","role":"Agent","createdAt":"2022-06-27T17:46:53.000Z","updatedAt":"2022-06-27T17:46:55.000Z","balance":0},{"id":3668,"name":"Noel Strosin","email":"abcd.cd4275547","password":"0gLbOaB3OK8alI5","phone_number":"01504275547","nid":"1234275547","role":"Customer","createdAt":"2022-06-27T17:46:54.000Z","updatedAt":"2022-06-27T17:46:54.000Z","balance":0},{"id":3672,"name":"JMeter user 3700","email":"jmeteruser3700@test.com","password":"1234","phone_number":"01506653700","nid":"589778","role":"Customer","createdAt":"2022-06-27T19:43:06.000Z","updatedAt":"2022-06-27T19:43:06.000Z","balance":0},{"id":3673,"name":"JMeter user 2447","email":"jmeteruser2447@test.com","password":"1234","phone_number":"01506652447","nid":"589778","role":"Customer","createdAt":"2022-06-27T19:43:34.000Z","updatedAt":"2022-06-27T19:43:34.000Z","balance":0},{"id":3674,"name":"JMeter user 5285","email":"jmeteruser5285@test.com","password":"1234","phone_number":"01506655285","nid":"589778","role":"Customer","createdAt":"2022-06-27T19:44:40.000Z","updatedAt":"2022-06-27T19:44:40.000Z","balance":0},{"id":3675,"name":"JMeter user 4286","email":"jmeteruser4286@test.com","password":"1234","phone_number":"01506654286","nid":"589778","role":"Customer","createdAt":"2022-06-27T19:44:55.000Z","updatedAt":"2022-06-27T19:44:55.000Z","balance":0},{"id":3677,"name":"JMeter user 3528","email":"jmeteruser3528@test.com","password":"1234","phone_number":"01506653528","nid":"589778","role":"Customer","createdAt":"2022-06-27T19:47:17.000Z","updatedAt":"2022-06-27T19:47:17.000Z","balance":0},{"id":3679,"name":"Gayle Fisher","email":"Harry53@gmail.com","password":"E57M21grSgRLwuf","phone_number":"933-054-750","nid":"96595187","role":"Customer","createdAt":"2022-06-27T20:00:17.000Z","updatedAt":"2022-06-27T20:00:17.000Z","balance":0},{"id":3680,"name":"Traci Dibbert","email":"Savanah44@yahoo.com","password":"OzOHZiQvOPmAZQd","phone_number":"09-9491-3622","nid":"96472500","role":"Customer","createdAt":"2022-06-27T20:00:30.000Z","updatedAt":"2022-06-27T20:00:30.000Z","balance":0},{"id":3681,"name":"Lila Schmeler","email":"Timothy.Schaden@yahoo.com","password":"gqXMY3dtW9olJjg","phone_number":"(93) 6990-6892","nid":"47181401","role":"Customer","createdAt":"2022-06-27T20:00:47.000Z","updatedAt":"2022-06-27T20:00:47.000Z","balance":0},{"id":3682,"name":"Mr. Guillermo Glover","email":"Carmen.Lueilwitz@gmail.com","password":"mdcBnXWO29CoJlI","phone_number":"06-6300-9499","nid":"54076541","role":"Customer","createdAt":"2022-06-27T20:01:20.000Z","updatedAt":"2022-06-27T20:01:20.000Z","balance":0},{"id":3683,"name":"Preston Nitzsche","email":"Keira_Heathcote@hotmail.com","password":"rscmmdYCmQe7WiK","phone_number":"(303)-892-1528","nid":"99750964","role":"Customer","createdAt":"2022-06-27T20:01:53.000Z","updatedAt":"2022-06-27T20:01:53.000Z","balance":0},{"id":3684,"name":"Harriet Armstrong","email":"Lilla.Schultz@gmail.com","password":"4btF7w0ORzFDlKn","phone_number":"031-400-5636","nid":"13495555","role":"Customer","createdAt":"2022-06-27T20:02:28.000Z","updatedAt":"2022-06-27T20:02:28.000Z","balance":0},{"id":3685,"name":"Elizabeth Haley","email":"Dayton_Hackett44@yahoo.com","password":"XN7CToibcMTm1qj","phone_number":"09-3468-4476","nid":"38308837","role":"Customer","createdAt":"2022-06-27T20:02:30.000Z","updatedAt":"2022-06-27T20:02:30.000Z","balance":0},{"id":3686,"name":"Wilma Reynolds","email":"Reynold49@gmail.com","password":"rby4iBY2Vzbtr7A","phone_number":"02-125-743","nid":"82848541","role":"Customer","createdAt":"2022-06-27T20:04:51.000Z","updatedAt":"2022-06-27T20:04:51.000Z","balance":0},{"id":3687,"name":"asif mahmood","email":"asif@gmail.com","password":"6251","phone_number":"01866635849","nid":"5556644","role":"Customer","createdAt":"2022-06-27T20:23:10.000Z","updatedAt":"2022-06-27T20:23:10.000Z","balance":0},{"id":3688,"name":"Roberta Wuckert","email":"Maurice.Wisozk@yahoo.com","password":"D9V4qEm0I8Se__3","phone_number":"01505022533","nid":"1235022533","role":"Customer","createdAt":"2022-06-27T20:29:58.000Z","updatedAt":"2022-06-27T20:29:58.000Z","balance":0},{"id":3689,"name":"asifa mahmoodulaa","email":"asifa@gmail.com","password":"6214","phone_number":"0186663569","nid":"5556623","role":"Customer","createdAt":"2022-06-27T20:35:13.000Z","updatedAt":"2022-06-27T20:35:13.000Z","balance":0},{"id":3690,"name":"asifa mahmoodulaa 9967","email":"asifa9967@gmail.com","password":"6214","phone_number":"0186663569967","nid":"5556623","role":"Customer","createdAt":"2022-06-27T20:43:05.000Z","updatedAt":"2022-06-27T20:43:05.000Z","balance":0},{"id":3691,"name":"Mr. Linda Walsh","email":"Cordie.Casper@yahoo.com","password":"i8jsDWhNCYc0uWQ","phone_number":"944-949-861","nid":"32434500","role":"Customer","createdAt":"2022-06-27T20:53:45.000Z","updatedAt":"2022-06-27T20:53:45.000Z","balance":0},{"id":3692,"name":"Alison Krajcik","email":"Anabelle_Schmidt@yahoo.com","password":"7uwS1twBO9_wgk_","phone_number":"078 883 71 77","nid":"32089246","role":"Customer","createdAt":"2022-06-27T20:54:09.000Z","updatedAt":"2022-06-27T20:54:09.000Z","balance":0},{"id":3693,"name":"Eddie Mueller I","email":"Jarrod.Ebert41@yahoo.com","password":"NbgeL1kIthSXw4h","phone_number":"89092918","nid":"84748325","role":"Customer","createdAt":"2022-06-27T20:54:31.000Z","updatedAt":"2022-06-27T20:54:31.000Z","balance":0},{"id":3694,"name":"Clay Kling","email":"Estel_Leffler@gmail.com","password":"7b0Y3jeEcqVInPA","phone_number":"(847)-945-3203","nid":"42565093","role":"Customer","createdAt":"2022-06-27T20:55:31.000Z","updatedAt":"2022-06-27T20:55:31.000Z","balance":0},{"id":3695,"name":"Kirk Reilly","email":"Davin_Bernhard84@yahoo.com","password":"5drHl8byrWXy8wa","phone_number":"(549)-399-5790","nid":"14969779","role":"Customer","createdAt":"2022-06-27T20:57:18.000Z","updatedAt":"2022-06-27T20:57:18.000Z","balance":0},{"id":3696,"name":"Robyn Green","email":"Kory60@hotmail.com","password":"gZAtvMPFCMHg31U","phone_number":"(018)-859-5987","nid":"60821005","role":"Customer","createdAt":"2022-06-27T20:58:13.000Z","updatedAt":"2022-06-27T20:58:13.000Z","balance":0},{"id":3697,"name":"Jimmie Spencer","email":"Lurline_Raynor13@gmail.com","password":"TDWvabbZtPXcQHi","phone_number":"079 991 94 03","nid":"53779353","role":"Customer","createdAt":"2022-06-27T20:58:30.000Z","updatedAt":"2022-06-27T20:58:30.000Z","balance":0},{"id":3698,"name":"Tracy Mitchell DVM","email":"Khalil.Fadel@hotmail.com","password":"Qz9S1zb8iCpb9Vv","phone_number":"061-981-2274","nid":"18615896","role":"Customer","createdAt":"2022-06-27T20:59:01.000Z","updatedAt":"2022-06-27T20:59:01.000Z","balance":0},{"id":3704,"name":"Roberto Grady","email":"Maggie_Grant14@gmail.com","password":"tPCuaYZdwK9fFxz","phone_number":"(47) 3600-3318","nid":"34733671","role":"Customer","createdAt":"2022-06-27T21:39:48.000Z","updatedAt":"2022-06-27T21:39:48.000Z","balance":0},{"id":3707,"name":"JMeter user 8644","email":"jmeteruser8644@test.com","password":"1234","phone_number":"01506658644","nid":"589778","role":"Customer","createdAt":"2022-06-28T04:58:21.000Z","updatedAt":"2022-06-28T04:58:21.000Z","balance":0},{"id":3708,"name":"JMeter user 9899","email":"jmeteruser9899@test.com","password":"1234","phone_number":"01506659899","nid":"589778","role":"Customer","createdAt":"2022-06-28T05:15:33.000Z","updatedAt":"2022-06-28T05:15:33.000Z","balance":0},{"id":3709,"name":"JMeter user 2308","email":"jmeteruser2308@test.com","password":"1234","phone_number":"01506652308","nid":"589778","role":"Customer","createdAt":"2022-06-28T05:17:36.000Z","updatedAt":"2022-06-28T05:17:36.000Z","balance":0},{"id":3710,"name":"JMeter user 4906","email":"jmeteruser4906@test.com","password":"1234","phone_number":"01510616050","nid":"589778","role":"Customer","createdAt":"2022-06-28T05:27:14.000Z","updatedAt":"2022-06-28T05:27:14.000Z","balance":0},{"id":3711,"name":"JMeter user 3660","email":"jmeteruser3660@test.com","password":"1234","phone_number":"01510616050","nid":"589778","role":"Customer","createdAt":"2022-06-28T05:45:37.000Z","updatedAt":"2022-06-28T05:45:37.000Z","balance":0},{"id":3712,"name":"JMeter user 5981","email":"jmeteruser5981@test.com","password":"1234","phone_number":"01510616050","nid":"589778","role":"Customer","createdAt":"2022-06-28T05:47:29.000Z","updatedAt":"2022-06-28T05:47:29.000Z","balance":0},{"id":3713,"name":"JMeter user 7496","email":"jmeteruser7496@test.com","password":"1234","phone_number":"01510616050","nid":"589778","role":"Customer","createdAt":"2022-06-28T05:48:00.000Z","updatedAt":"2022-06-28T05:48:00.000Z","balance":0},{"id":3715,"name":"Annette Stiedemann","email":"Hilda_Fritsch@yahoo.com","password":"tU_0nbvXXVwXLQS","phone_number":"01510616050","nid":"196810963493","role":"Customer","createdAt":"2022-06-28T06:04:12.000Z","updatedAt":"2022-06-28T06:04:28.000Z","balance":0},{"id":3720,"name":"Antonio Bogan","email":"Gaston_Heidenreich@yahoo.com","password":"10Ch6zgubnmEIFp","phone_number":"01832374005","nid":"1237787386","role":"Customer","createdAt":"2022-06-28T06:47:18.000Z","updatedAt":"2022-06-28T06:47:27.000Z","balance":0},{"id":3732,"name":"Emrullah Akdemir","email":"emrullah.akdemir@example.com","password":"1234","phone_number":"(283)-493-6824","nid":"1232433160","role":"Customer","createdAt":"2022-06-28T07:45:04.000Z","updatedAt":"2022-06-28T07:45:04.000Z","balance":0},{"id":3733,"name":"asifa mahmoodulaa 6946","email":"asifa6946@gmail.com","password":"6214","phone_number":"0186663566946","nid":"5556623","role":"Customer","createdAt":"2022-06-28T07:56:06.000Z","updatedAt":"2022-06-28T07:56:06.000Z","balance":0},{"id":3734,"name":"Everett Turner","email":"Nicklaus96@gmail.com","password":"sUAIJ1q0WS3Ik3p","phone_number":"01506255657","nid":"1236255657","role":"Customer","createdAt":"2022-06-28T07:57:10.000Z","updatedAt":"2022-06-28T07:57:10.000Z","balance":0},{"id":3735,"name":"Lidia Vincent","email":"lidia.vincent@example.com","password":"1234","phone_number":"078 540 50 80","nid":"86349471","role":"Customer","createdAt":"2022-06-28T07:57:37.000Z","updatedAt":"2022-06-28T07:57:37.000Z","balance":0},{"id":3736,"name":"asifa mahmoodulaa 5218","email":"asifa5218@gmail.com","password":"6214","phone_number":"0186663565218","nid":"5556623","role":"Customer","createdAt":"2022-06-28T07:59:03.000Z","updatedAt":"2022-06-28T07:59:03.000Z","balance":0},{"id":3738,"name":"Clarence Peters","email":"clarence.peters@example.com","password":"1234","phone_number":"03-5710-3230","nid":"1238763888","role":"Customer","createdAt":"2022-06-28T08:02:22.000Z","updatedAt":"2022-06-28T08:02:22.000Z","balance":0},{"id":3739,"name":"JMeter user 8913","email":"jmeteruser8913@test.com","password":"1234","phone_number":"01506658913","nid":"589778","role":"Customer","createdAt":"2022-06-28T08:06:08.000Z","updatedAt":"2022-06-28T08:06:08.000Z","balance":0},{"id":3740,"name":"asifa mahmoodulaa 4553","email":"asifa4553@gmail.com","password":"6214","phone_number":"0186663564553","nid":"5556623","role":"Customer","createdAt":"2022-06-28T08:12:32.000Z","updatedAt":"2022-06-28T08:12:32.000Z","balance":0},{"id":3741,"name":"Jason Boyer","email":"jason.boyer@example.com","password":"1234","phone_number":"078 932 94 47","nid":"53207093","role":"Customer","createdAt":"2022-06-28T08:19:36.000Z","updatedAt":"2022-06-28T08:19:36.000Z","balance":0},{"id":3742,"name":"Bryan Marie","email":"bryan.marie@example.com","password":"1234","phone_number":"077 013 52 74","nid":"54103653","role":"Customer","createdAt":"2022-06-28T08:24:58.000Z","updatedAt":"2022-06-28T08:24:58.000Z","balance":0},{"id":3743,"name":"Rosa Rasmussen","email":"rosa.rasmussen@example.com","password":"1234","phone_number":"30869800","nid":"55442889","role":"Customer","createdAt":"2022-06-28T08:46:47.000Z","updatedAt":"2022-06-28T08:46:47.000Z","balance":0},{"id":3744,"name":"William Patel","email":"william.patel@example.com","password":"1234","phone_number":"(976)-023-2150","nid":"85110513","role":"Customer","createdAt":"2022-06-28T08:49:49.000Z","updatedAt":"2022-06-28T08:49:49.000Z","balance":0},{"id":3745,"name":"Abeer  jmeter 595","email":"abeerjmeter 595@gmail.com","password":"abeerjmeter","phone_number":"0174266 595","nid":"1231 595","role":"Customer","createdAt":"2022-06-28T09:10:06.000Z","updatedAt":"2022-06-28T09:10:06.000Z","balance":0},{"id":3746,"name":"Abeer  jmeter616","email":"abeerjmeter616@gmail.com","password":"abeerjmeter","phone_number":"0174266616","nid":"1231616","role":"Customer","createdAt":"2022-06-28T09:11:43.000Z","updatedAt":"2022-06-28T09:11:43.000Z","balance":0},{"id":3747,"name":"Abeer  jmeter500","email":"abeerjmeter500@gmail.com","password":"abeerjmeter","phone_number":"0174266500","nid":"1231500","role":"Customer","createdAt":"2022-06-28T09:15:07.000Z","updatedAt":"2022-06-28T09:15:07.000Z","balance":0},{"id":3748,"name":"Abeer  jmeter189","email":"abeerjmeter189@gmail.com","password":"abeerjmeter","phone_number":"0174266189","nid":"1231189","role":"Customer","createdAt":"2022-06-28T09:15:10.000Z","updatedAt":"2022-06-28T09:15:10.000Z","balance":0},{"id":3749,"name":"Abeer  jmeter338","email":"abeerjmeter338@gmail.com","password":"abeerjmeter","phone_number":"0174266338","nid":"1231338","role":"Customer","createdAt":"2022-06-28T09:15:35.000Z","updatedAt":"2022-06-28T09:15:35.000Z","balance":0},{"id":3750,"name":"Abeer  jmeter757","email":"abeerjmeter757@gmail.com","password":"abeerjmeter","phone_number":"0174266757","nid":"1231757","role":"Customer","createdAt":"2022-06-28T09:15:43.000Z","updatedAt":"2022-06-28T09:15:43.000Z","balance":0},{"id":3751,"name":"Abeer  jmeter830","email":"abeerjmeter830@gmail.com","password":"abeerjmeter","phone_number":"0174266830","nid":"1231830","role":"Customer","createdAt":"2022-06-28T09:15:48.000Z","updatedAt":"2022-06-28T09:15:48.000Z","balance":0},{"id":3752,"name":"Abeer  jmeter153","email":"abeerjmeter153@gmail.com","password":"abeerjmeter","phone_number":"0174266153","nid":"1231153","role":"Customer","createdAt":"2022-06-28T09:15:54.000Z","updatedAt":"2022-06-28T09:15:54.000Z","balance":0},{"id":3753,"name":"Abeer  jmeter656","email":"abeerjmeter656@gmail.com","password":"abeerjmeter","phone_number":"0174266656","nid":"1231656","role":"Customer","createdAt":"2022-06-28T09:16:28.000Z","updatedAt":"2022-06-28T09:16:28.000Z","balance":0},{"id":3754,"name":"Pat White","email":"Marina.Friesen35@hotmail.com","password":"k4UzwkMkDmuGQ87","phone_number":"0176801890","nid":"1236801890","role":"Customer","createdAt":"2022-06-28T09:18:05.000Z","updatedAt":"2022-06-28T09:18:05.000Z","balance":0},{"id":3755,"name":"Abeer  jmeter530","email":"abeerjmeter530@gmail.com","password":"abeerjmeter","phone_number":"0174266530","nid":"1231530","role":"Customer","createdAt":"2022-06-28T09:23:25.000Z","updatedAt":"2022-06-28T09:23:25.000Z","balance":0},{"id":3756,"name":"Abeer  jmeter753","email":"abeerjmeter753@gmail.com","password":"abeerjmeter","phone_number":"0174266753","nid":"1231753","role":"Customer","createdAt":"2022-06-28T09:24:50.000Z","updatedAt":"2022-06-28T09:24:50.000Z","balance":0},{"id":3757,"name":"Winston Barrows","email":"Emma.Wintheiser@yahoo.com","password":"yjRTx6DbWsJ_OUx","phone_number":"01742667781","nid":"1235610483","role":"Customer","createdAt":"2022-06-28T09:33:00.000Z","updatedAt":"2022-06-28T09:34:07.000Z","balance":0},{"id":3758,"name":"Abeer  jmeter832","email":"abeerjmeter832@gmail.com","password":"abeerjmeter","phone_number":"0174266832","nid":"1231832","role":"Customer","createdAt":"2022-06-28T09:35:25.000Z","updatedAt":"2022-06-28T09:35:25.000Z","balance":0},{"id":3759,"name":"Abeer  jmeter590","email":"abeerjmeter590@gmail.com","password":"abeerjmeter","phone_number":"0174266590","nid":"1231590","role":"Customer","createdAt":"2022-06-28T09:35:43.000Z","updatedAt":"2022-06-28T09:35:43.000Z","balance":0},{"id":3760,"name":"Abeer  jmeter526","email":"abeerjmeter526@gmail.com","password":"abeerjmeter","phone_number":"0174266526","nid":"1231526","role":"Customer","createdAt":"2022-06-28T09:36:09.000Z","updatedAt":"2022-06-28T09:36:09.000Z","balance":0},{"id":3761,"name":"Abeer  jmeter","email":"abeerjmeter@gmail.com","password":"abeerjmeter","phone_number":"0174266","nid":"1231","role":"Customer","createdAt":"2022-06-28T09:37:08.000Z","updatedAt":"2022-06-28T09:37:08.000Z","balance":0},{"id":3762,"name":"Abeer  aajmeter","email":"abeeraajmeter@gmail.com","password":"aaabeerjmeter","phone_number":"01742667781","nid":"1231","role":"Customer","createdAt":"2022-06-28T09:38:11.000Z","updatedAt":"2022-06-28T09:38:11.000Z","balance":0},{"id":3763,"name":"Al Amin Choudhury Abeer  jmeter235","email":"alaminjmeter{randomuserid}@gmail.com","password":"alaminjmeter","phone_number":"01568116235","nid":"12311232235","role":"Customer","createdAt":"2022-06-28T09:40:14.000Z","updatedAt":"2022-06-28T09:40:14.000Z","balance":0},{"id":3764,"name":"Al Amin Choudhury Abeer  jmeter422","email":"alaminjmeter{randomuserid}@gmail.com","password":"alaminjmeter","phone_number":"01568116422","nid":"12311232422","role":"Customer","createdAt":"2022-06-28T09:41:32.000Z","updatedAt":"2022-06-28T09:41:32.000Z","balance":0},{"id":3767,"name":"Al Amin Choudhury Abeer  jmeter166","email":"alaminjmeter{randomuserid}@gmail.com","password":"alaminjmeter","phone_number":"01568116166","nid":"12311232166","role":"Customer","createdAt":"2022-06-28T09:44:36.000Z","updatedAt":"2022-06-28T09:44:36.000Z","balance":0},{"id":3768,"name":"Al Amin Choudhury Abeer  jmeter939","email":"alaminjmeter{randomuserid}@gmail.com","password":"alaminjmeter","phone_number":"01568116939","nid":"12311232939","role":"Customer","createdAt":"2022-06-28T09:45:31.000Z","updatedAt":"2022-06-28T09:45:31.000Z","balance":0},{"id":3769,"name":"Al Amin Choudhury Abeer  jmeter384","email":"alaminjmeter{randomuserid}@gmail.com","password":"alaminjmeter","phone_number":"01568116384","nid":"12311232384","role":"Customer","createdAt":"2022-06-28T09:49:07.000Z","updatedAt":"2022-06-28T09:49:07.000Z","balance":0},{"id":3770,"name":"Al Amin Choudhury Abeer  jmeter958","email":"alaminjmeter{randomuserid}@gmail.com","password":"alaminjmeter","phone_number":"01568116958","nid":"12311232958","role":"Customer","createdAt":"2022-06-28T09:49:18.000Z","updatedAt":"2022-06-28T09:49:18.000Z","balance":0},{"id":3771,"name":"Al Amin Choudhury Abeer  jmeter491","email":"alaminjmeter{randomuserid}@gmail.com","password":"alaminjmeter","phone_number":"01568116491","nid":"12311232491","role":"Customer","createdAt":"2022-06-28T09:49:21.000Z","updatedAt":"2022-06-28T09:49:21.000Z","balance":0},{"id":3772,"name":"Al Amin Choudhury Abeer  jmeter472","email":"alaminjmeter{randomuserid}@gmail.com","password":"alaminjmeter","phone_number":"01568116472","nid":"12311232472","role":"Customer","createdAt":"2022-06-28T09:51:40.000Z","updatedAt":"2022-06-28T09:51:40.000Z","balance":0},{"id":3773,"name":"Al Amin Choudhury Abeer  jmeter681","email":"alaminjmeter{randomuserid}@gmail.com","password":"alaminjmeter","phone_number":"01568116681","nid":"12311232681","role":"Customer","createdAt":"2022-06-28T09:52:11.000Z","updatedAt":"2022-06-28T09:52:11.000Z","balance":0},{"id":3774,"name":"Al Amin Choudhury Abeer  jmeter851","email":"alaminjmeter{randomuserid}@gmail.com","password":"alaminjmeter","phone_number":"01568116851","nid":"12311232851","role":"Customer","createdAt":"2022-06-28T09:52:28.000Z","updatedAt":"2022-06-28T09:52:28.000Z","balance":0},{"id":3775,"name":"Al Amin Choudhury Abeer  jmeter213","email":"alaminjmeter{randomuserid}@gmail.com","password":"alaminjmeter","phone_number":"01568116213","nid":"12311232213","role":"Customer","createdAt":"2022-06-28T09:52:41.000Z","updatedAt":"2022-06-28T09:52:41.000Z","balance":0},{"id":3776,"name":"Al Amin Choudhury Abeer  jmeter289","email":"alaminjmeter{randomuserid}@gmail.com","password":"alaminjmeter","phone_number":"01568116289","nid":"12311232289","role":"Customer","createdAt":"2022-06-28T09:53:27.000Z","updatedAt":"2022-06-28T09:53:27.000Z","balance":0},{"id":3777,"name":"Al Amin Choudhury Abeer  jmeter713","email":"alaminjmeter{randomuserid}@gmail.com","password":"alaminjmeter","phone_number":"01568116713","nid":"12311232713","role":"Customer","createdAt":"2022-06-28T09:53:37.000Z","updatedAt":"2022-06-28T09:53:37.000Z","balance":0},{"id":3778,"name":"Al Amin Choudhury Abeer  jmeter138","email":"alaminjmeter{randomuserid}@gmail.com","password":"alaminjmeter","phone_number":"01568116138","nid":"12311232138","role":"Customer","createdAt":"2022-06-28T09:55:03.000Z","updatedAt":"2022-06-28T09:55:03.000Z","balance":0},{"id":3779,"name":"Al Amin Choudhury Abeer  jmeter674","email":"alaminjmeter{randomuserid}@gmail.com","password":"alaminjmeter","phone_number":"01568116674","nid":"12311232674","role":"Customer","createdAt":"2022-06-28T09:55:30.000Z","updatedAt":"2022-06-28T09:55:30.000Z","balance":0},{"id":3780,"name":"Al Amin Choudhury Abeer  jmeter890","email":"alaminjmeter{randomuserid}@gmail.com","password":"alaminjmeter","phone_number":"01568116890","nid":"12311232890","role":"Customer","createdAt":"2022-06-28T09:55:52.000Z","updatedAt":"2022-06-28T09:55:52.000Z","balance":0},{"id":3781,"name":"Al Amin Choudhury Abeer  jmeter711","email":"alaminjmeter{randomuserid}@gmail.com","password":"alaminjmeter","phone_number":"01568116711","nid":"12311232711","role":"Customer","createdAt":"2022-06-28T09:56:34.000Z","updatedAt":"2022-06-28T09:56:34.000Z","balance":0},{"id":3782,"name":"Al Amin Choudhury Abeer  jmeter537","email":"alaminjmeter{randomuserid}@gmail.com","password":"alaminjmeter","phone_number":"01568116537","nid":"12311232537","role":"Customer","createdAt":"2022-06-28T09:56:38.000Z","updatedAt":"2022-06-28T09:56:38.000Z","balance":0},{"id":3783,"name":"Al Amin Choudhury Abeer  jmeter840","email":"alaminjmeter{randomuserid}@gmail.com","password":"alaminjmeter","phone_number":"01568116840","nid":"12311232840","role":"Customer","createdAt":"2022-06-28T09:57:54.000Z","updatedAt":"2022-06-28T09:57:54.000Z","balance":0},{"id":3784,"name":"Al Amin Choudhury Abeer  jmeter667","email":"alaminjmeter{randomuserid}@gmail.com","password":"alaminjmeter","phone_number":"01568116667","nid":"12311232667","role":"Customer","createdAt":"2022-06-28T09:58:08.000Z","updatedAt":"2022-06-28T09:58:08.000Z","balance":0},{"id":3785,"name":"Al Amin Choudhury Abeer  jmeter844","email":"alaminjmeter{randomuserid}@gmail.com","password":"alaminjmeter","phone_number":"01568116844","nid":"12311232844","role":"Customer","createdAt":"2022-06-28T09:59:14.000Z","updatedAt":"2022-06-28T09:59:14.000Z","balance":0},{"id":3786,"name":"Al Amin Choudhury Abeer  jmeter741","email":"alaminjmeter{randomuserid}@gmail.com","password":"alaminjmeter","phone_number":"01568116741","nid":"12311232741","role":"Customer","createdAt":"2022-06-28T09:59:26.000Z","updatedAt":"2022-06-28T09:59:26.000Z","balance":0},{"id":3787,"name":"Al Amin Choudhury Abeer  jmeter771","email":"alaminjmeter{randomuserid}@gmail.com","password":"alaminjmeter","phone_number":"01568116771","nid":"12311232771","role":"Customer","createdAt":"2022-06-28T09:59:30.000Z","updatedAt":"2022-06-28T09:59:30.000Z","balance":0},{"id":3788,"name":"Al Amin Choudhury Abeer  jmeter940","email":"alaminjmeter{randomuserid}@gmail.com","password":"alaminjmeter","phone_number":"01568116940","nid":"12311232940","role":"Customer","createdAt":"2022-06-28T10:02:09.000Z","updatedAt":"2022-06-28T10:02:09.000Z","balance":0},{"id":3789,"name":"Al Amin Choudhury Abeer  jmeter387","email":"alaminjmeter{randomuserid}@gmail.com","password":"alaminjmeter","phone_number":"01568116387","nid":"12311232387","role":"Customer","createdAt":"2022-06-28T10:02:19.000Z","updatedAt":"2022-06-28T10:02:19.000Z","balance":0},{"id":3790,"name":"Al Amin Choudhury Abeer  jmeter568","email":"alaminjmeter{randomuserid}@gmail.com","password":"alaminjmeter","phone_number":"01568116568","nid":"12311232568","role":"Customer","createdAt":"2022-06-28T10:02:57.000Z","updatedAt":"2022-06-28T10:02:57.000Z","balance":0},{"id":3791,"name":"Al Amin Choudhury Abeer  jmeter570","email":"alaminjmeter{randomuserid}@gmail.com","password":"alaminjmeter","phone_number":"01568116570","nid":"12311232570","role":"Customer","createdAt":"2022-06-28T10:07:47.000Z","updatedAt":"2022-06-28T10:07:47.000Z","balance":0},{"id":3792,"name":"Al Amin Choudhury Abeer  jmeter179","email":"alaminjmeter{randomuserid}@gmail.com","password":"alaminjmeter","phone_number":"01568116179","nid":"12311232179","role":"Customer","createdAt":"2022-06-28T10:08:36.000Z","updatedAt":"2022-06-28T10:08:36.000Z","balance":0},{"id":3793,"name":"Al Amin Choudhury Abeer  jmeter447","email":"alaminjmeter{randomuserid}@gmail.com","password":"alaminjmeter","phone_number":"01568116447","nid":"12311232447","role":"Customer","createdAt":"2022-06-28T10:09:39.000Z","updatedAt":"2022-06-28T10:09:39.000Z","balance":0},{"id":3794,"name":"Al Amin Choudhury Abeer  jmeter416","email":"alaminjmeter{randomuserid}@gmail.com","password":"alaminjmeter","phone_number":"01568116416","nid":"12311232416","role":"Customer","createdAt":"2022-06-28T10:10:20.000Z","updatedAt":"2022-06-28T10:10:20.000Z","balance":0},{"id":3795,"name":"Al Amin Choudhury Abeer  jmeter512","email":"alaminjmeter{randomuserid}@gmail.com","password":"alaminjmeter","phone_number":"01568116512","nid":"12311232512","role":"Customer","createdAt":"2022-06-28T10:12:07.000Z","updatedAt":"2022-06-28T10:12:07.000Z","balance":0},{"id":3796,"name":"Al Amin Choudhury Abeer  jmeter245","email":"alaminjmeter{randomuserid}@gmail.com","password":"alaminjmeter","phone_number":"01568116245","nid":"12311232245","role":"Customer","createdAt":"2022-06-28T10:12:20.000Z","updatedAt":"2022-06-28T10:12:20.000Z","balance":0},{"id":3797,"name":"Al Amin Choudhury Abeer  jmeter596","email":"alaminjmeter{randomuserid}@gmail.com","password":"alaminjmeter","phone_number":"01568116596","nid":"12311232596","role":"Customer","createdAt":"2022-06-28T10:13:14.000Z","updatedAt":"2022-06-28T10:13:14.000Z","balance":0},{"id":3798,"name":"Al Amin Choudhury Abeer  jmeter121","email":"alaminjmeter{randomuserid}@gmail.com","password":"alaminjmeter","phone_number":"01568116121","nid":"01234567{randomuserid}","role":"Customer","createdAt":"2022-06-28T10:13:40.000Z","updatedAt":"2022-06-28T10:13:40.000Z","balance":0},{"id":3799,"name":"Al Amin Choudhury Abeer  jmeter245","email":"alaminjmeter{randomuserid}@gmail.com","password":"alaminjmeter","phone_number":"01568116245","nid":"12311232245","role":"Customer","createdAt":"2022-06-28T10:15:28.000Z","updatedAt":"2022-06-28T10:15:28.000Z","balance":0},{"id":3800,"name":"Al Amin Choudhury Abeer  jmeter428","email":"alaminjmeter{randomuserid}@gmail.com","password":"alaminjmeter","phone_number":"01568116428","nid":"12311232428","role":"Customer","createdAt":"2022-06-28T10:16:33.000Z","updatedAt":"2022-06-28T10:16:33.000Z","balance":0},{"id":3801,"name":"Al Amin Choudhury Abeer  jmeter648","email":"alaminjmeter{randomuserid}@gmail.com","password":"alaminjmeter","phone_number":"01568116648","nid":"12311232648","role":"Customer","createdAt":"2022-06-28T10:18:17.000Z","updatedAt":"2022-06-28T10:18:17.000Z","balance":0},{"id":3802,"name":"Al Amin Choudhury Abeer  jmeter925","email":"alaminjmeter{randomuserid}@gmail.com","password":"alaminjmeter","phone_number":"01568116925","nid":"12311232925","role":"Customer","createdAt":"2022-06-28T10:18:33.000Z","updatedAt":"2022-06-28T10:18:33.000Z","balance":0},{"id":3803,"name":"Al Amin Choudhury Abeer  jmeter108","email":"alaminjmeter{randomuserid}@gmail.com","password":"alaminjmeter","phone_number":"01568116108","nid":"12311232108","role":"Customer","createdAt":"2022-06-28T10:18:36.000Z","updatedAt":"2022-06-28T10:18:36.000Z","balance":0},{"id":3804,"name":"Al Amin Choudhury Abeer  jmeter469","email":"alaminjmeter{randomuserid}@gmail.com","password":"alaminjmeter","phone_number":"01568116469","nid":"12311232469","role":"Customer","createdAt":"2022-06-28T10:18:39.000Z","updatedAt":"2022-06-28T10:18:39.000Z","balance":0},{"id":3805,"name":"Al Amin Choudhury Abeer  jmeter838","email":"alaminjmeter{randomuserid}@gmail.com","password":"alaminjmeter","phone_number":"01568116838","nid":"12311232838","role":"Customer","createdAt":"2022-06-28T10:19:41.000Z","updatedAt":"2022-06-28T10:19:41.000Z","balance":0},{"id":3806,"name":"Al Amin Choudhury Abeer  jmeter455","email":"alaminjmeter{randomuserid}@gmail.com","password":"alaminjmeter","phone_number":"01568116455","nid":"12311232455","role":"Customer","createdAt":"2022-06-28T10:21:05.000Z","updatedAt":"2022-06-28T10:21:05.000Z","balance":0},{"id":3807,"name":"Al Amin Choudhury Abeer  jmeter915","email":"alaminjmeter{randomuserid}@gmail.com","password":"alaminjmeter","phone_number":"01568116915","nid":"12311232915","role":"Customer","createdAt":"2022-06-28T10:21:32.000Z","updatedAt":"2022-06-28T10:21:32.000Z","balance":0},{"id":3808,"name":"Al Amin Choudhury Abeer  jmeter956","email":"alaminjmeter{randomuserid}@gmail.com","password":"alaminjmeter","phone_number":"01568116956","nid":"12311232956","role":"Customer","createdAt":"2022-06-28T10:21:33.000Z","updatedAt":"2022-06-28T10:21:33.000Z","balance":0},{"id":3809,"name":"Al Amin Choudhury Abeer  jmeter689","email":"alaminjmeter{randomuserid}@gmail.com","password":"alaminjmeter","phone_number":"01568116689","nid":"12311232689","role":"Customer","createdAt":"2022-06-28T10:21:37.000Z","updatedAt":"2022-06-28T10:21:37.000Z","balance":0},{"id":3810,"name":"Al Amin Choudhury Abeer  jmeter430","email":"alaminjmeter{randomuserid}@gmail.com","password":"alaminjmeter","phone_number":"01568116430","nid":"12311232430","role":"Customer","createdAt":"2022-06-28T10:21:59.000Z","updatedAt":"2022-06-28T10:21:59.000Z","balance":0},{"id":3811,"name":"Al Amin Choudhury Abeer  jmeter595","email":"alaminjmeter{randomuserid}@gmail.com","password":"alaminjmeter","phone_number":"01568116595","nid":"12311232595","role":"Customer","createdAt":"2022-06-28T10:23:16.000Z","updatedAt":"2022-06-28T10:23:16.000Z","balance":0},{"id":3817,"name":"Al Amin Choudhury Abeer  jmeter813","email":"alaminjmeter{randomuserid}@gmail.com","password":"alaminjmeter","phone_number":"01568116813","nid":"12311232813","role":"Customer","createdAt":"2022-06-28T10:27:23.000Z","updatedAt":"2022-06-28T10:27:23.000Z","balance":0},{"id":3818,"name":"Al Amin Choudhury Abeer  jmeter927","email":"alaminjmeter{randomuserid}@gmail.com","password":"alaminjmeter","phone_number":"01568116927","nid":"12311232927","role":"Customer","createdAt":"2022-06-28T10:28:23.000Z","updatedAt":"2022-06-28T10:28:23.000Z","balance":0},{"id":3819,"name":"Al Amin Choudhury Abeer  jmeter793","email":"alaminjmeter{randomuserid}@gmail.com","password":"alaminjmeter","phone_number":"01568116793","nid":"12311232793","role":"Customer","createdAt":"2022-06-28T10:28:31.000Z","updatedAt":"2022-06-28T10:28:31.000Z","balance":0},{"id":3820,"name":"Al Amin Choudhury Abeer  jmeter678","email":"alaminjmeter{randomuserid}@gmail.com","password":"alaminjmeter","phone_number":"01568116678","nid":"12311232678","role":"Customer","createdAt":"2022-06-28T10:28:42.000Z","updatedAt":"2022-06-28T10:28:42.000Z","balance":0},{"id":3821,"name":"Al Amin Choudhury Abeer  jmeter885","email":"alaminjmeter{randomuserid}@gmail.com","password":"alaminjmeter","phone_number":"01568116885","nid":"12311232885","role":"Customer","createdAt":"2022-06-28T10:29:40.000Z","updatedAt":"2022-06-28T10:29:40.000Z","balance":0},{"id":3822,"name":"Al Amin Choudhury Abeer  jmeter878","email":"alaminjmeter{randomuserid}@gmail.com","password":"alaminjmeter","phone_number":"01568116878","nid":"12311232878","role":"Customer","createdAt":"2022-06-28T10:30:16.000Z","updatedAt":"2022-06-28T10:30:16.000Z","balance":0},{"id":3823,"name":"Al Amin Choudhury Abeer  jmeter565","email":"alaminjmeter{randomuserid}@gmail.com","password":"alaminjmeter","phone_number":"01568116565","nid":"12311232565","role":"Customer","createdAt":"2022-06-28T10:30:27.000Z","updatedAt":"2022-06-28T10:30:27.000Z","balance":0},{"id":3824,"name":"Al Amin Choudhury Abeer  jmeter514","email":"alaminjmeter{randomuserid}@gmail.com","password":"alaminjmeter","phone_number":"01568116514","nid":"12311232514","role":"Customer","createdAt":"2022-06-28T10:30:51.000Z","updatedAt":"2022-06-28T10:30:51.000Z","balance":0},{"id":3825,"name":"Al Amin Choudhury Abeer  jmeter315","email":"alaminjmeter{randomuserid}@gmail.com","password":"alaminjmeter","phone_number":"01568116315","nid":"12311232315","role":"Customer","createdAt":"2022-06-28T10:31:49.000Z","updatedAt":"2022-06-28T10:31:49.000Z","balance":0},{"id":3826,"name":"Al Amin Choudhury Abeer  jmeter820","email":"alaminjmeter{randomuserid}@gmail.com","password":"alaminjmeter","phone_number":"01568116820","nid":"12311232820","role":"Customer","createdAt":"2022-06-28T10:34:41.000Z","updatedAt":"2022-06-28T10:34:42.000Z","balance":0},{"id":3827,"name":"Al Amin Choudhury Abeer  jmeter545","email":"alaminjmeter{randomuserid}@gmail.com","password":"alaminjmeter","phone_number":"01568116545","nid":"12311232545","role":"Customer","createdAt":"2022-06-28T10:35:54.000Z","updatedAt":"2022-06-28T10:35:54.000Z","balance":0},{"id":3828,"name":"Al Amin Choudhury Abeer  jmeter602","email":"alaminjmeter{randomuserid}@gmail.com","password":"alaminjmeter","phone_number":"01568116602","nid":"12311232602","role":"Customer","createdAt":"2022-06-28T10:36:10.000Z","updatedAt":"2022-06-28T10:36:10.000Z","balance":0},{"id":3829,"name":"Al Amin Choudhury Abeer  jmeter349","email":"alaminjmeter{randomuserid}@gmail.com","password":"alaminjmeter","phone_number":"01568116349","nid":"12311232349","role":"Customer","createdAt":"2022-06-28T10:41:53.000Z","updatedAt":"2022-06-28T10:41:53.000Z","balance":0},{"id":3830,"name":"Al Amin Choudhury Abeer  jmeter711","email":"alaminjmeter{randomuserid}@gmail.com","password":"alaminjmeter","phone_number":"01568116711","nid":"12311232711","role":"Customer","createdAt":"2022-06-28T10:43:52.000Z","updatedAt":"2022-06-28T10:43:52.000Z","balance":0},{"id":3831,"name":"Al Amin Choudhury Abeer  jmeter101","email":"alaminjmeter{randomuserid}@gmail.com","password":"alaminjmeter","phone_number":"01568116101","nid":"12311232101","role":"Customer","createdAt":"2022-06-28T10:48:33.000Z","updatedAt":"2022-06-28T10:48:33.000Z","balance":0},{"id":3832,"name":"Al Amin Choudhury Abeer  jmeter708","email":"alaminjmeter{randomuserid}@gmail.com","password":"alaminjmeter","phone_number":"01568116708","nid":"12311232708","role":"Customer","createdAt":"2022-06-28T10:48:45.000Z","updatedAt":"2022-06-28T10:48:45.000Z","balance":0},{"id":3833,"name":"Al Amin Choudhury Abeer  jmeter326","email":"alaminjmeter{randomuserid}@gmail.com","password":"alaminjmeter","phone_number":"01568116326","nid":"12311232326","role":"Customer","createdAt":"2022-06-28T10:49:09.000Z","updatedAt":"2022-06-28T10:49:09.000Z","balance":0},{"id":3834,"name":"Al Amin Choudhury Abeer  jmeter418","email":"alaminjmeter{randomuserid}@gmail.com","password":"alaminjmeter","phone_number":"01568116418","nid":"12311232418","role":"Customer","createdAt":"2022-06-28T10:49:22.000Z","updatedAt":"2022-06-28T10:49:22.000Z","balance":0},{"id":3835,"name":"Al Amin Choudhury Abeer  jmeter799","email":"alaminjmeter{randomuserid}@gmail.com","password":"alaminjmeter","phone_number":"01568116799","nid":"12311232799","role":"Customer","createdAt":"2022-06-28T10:50:05.000Z","updatedAt":"2022-06-28T10:50:05.000Z","balance":0},{"id":3836,"name":"Al Amin Choudhury Abeer  jmeter905","email":"alaminjmeter{randomuserid}@gmail.com","password":"alaminjmeter","phone_number":"01568116905","nid":"12311232905","role":"Customer","createdAt":"2022-06-28T10:52:41.000Z","updatedAt":"2022-06-28T10:52:41.000Z","balance":0},{"id":3837,"name":"Al Amin Choudhury Abeer  jmeter416","email":"alaminjmeter{randomuserid}@gmail.com","password":"alaminjmeter","phone_number":"01568116416","nid":"12311232416","role":"Customer","createdAt":"2022-06-28T10:53:06.000Z","updatedAt":"2022-06-28T10:53:06.000Z","balance":0},{"id":3838,"name":"JMeter user 8470","email":"jmeteruser8470@test.com","password":"1234","phone_number":"01832374005","nid":"589778","role":"Customer","createdAt":"2022-06-28T11:21:02.000Z","updatedAt":"2022-06-28T11:21:02.000Z","balance":0},{"id":3839,"name":"JMeter user 4729","email":"jmeteruser4729@test.com","password":"1234","phone_number":"01832374005","nid":"589778","role":"Customer","createdAt":"2022-06-28T11:23:40.000Z","updatedAt":"2022-06-28T11:23:40.000Z","balance":0},{"id":3841,"name":"JMeter user 8827","email":"jmeteruser8827@test.com","password":"1234","phone_number":"01832374005","nid":"589778","role":"Customer","createdAt":"2022-06-28T11:28:44.000Z","updatedAt":"2022-06-28T11:28:44.000Z","balance":0},{"id":3844,"name":"Al Amin Choudhury Abeer  jmeter433","email":"alaminjmeter{randomuseridput}@gmail.com","password":"alaminjmeter","phone_number":"01568116433","nid":"12311232433","role":"Customer","createdAt":"2022-06-28T11:34:37.000Z","updatedAt":"2022-06-28T11:34:37.000Z","balance":0},{"id":3845,"name":"Al Amin Choudhury Abeer  jmeter470","email":"alaminjmeter{randomuseridput}@gmail.com","password":"alaminjmeter","phone_number":"01568116470","nid":"12311232470","role":"Customer","createdAt":"2022-06-28T11:35:06.000Z","updatedAt":"2022-06-28T11:35:06.000Z","balance":0},{"id":3846,"name":"Al Amin Choudhury Abeer  jmeter718","email":"alaminjmeter{randomuseridput}@gmail.com","password":"alaminjmeter","phone_number":"01568116718","nid":"12311232718","role":"Customer","createdAt":"2022-06-28T11:36:16.000Z","updatedAt":"2022-06-28T11:36:16.000Z","balance":0},{"id":3847,"name":"Al Amin Choudhury Abeer  jmeter797","email":"alaminjmeter{randomuseridput}@gmail.com","password":"alaminjmeter","phone_number":"01568116797","nid":"12311232797","role":"Customer","createdAt":"2022-06-28T11:37:57.000Z","updatedAt":"2022-06-28T11:37:57.000Z","balance":0},{"id":3848,"name":"Abeer  jmeter183","email":"abeerjmeter183@gmail.com","password":"abeerjmeter","phone_number":"01920703{randomuseridpatch}","nid":"12317896183","role":"Customer","createdAt":"2022-06-28T11:38:21.000Z","updatedAt":"2022-06-28T11:38:21.000Z","balance":0},{"id":3849,"name":"Al Amin Choudhury Abeer  jmeter824","email":"alaminjmeter{randomuseridput}@gmail.com","password":"alaminjmeter","phone_number":"01568116824","nid":"12311232824","role":"Customer","createdAt":"2022-06-28T11:39:04.000Z","updatedAt":"2022-06-28T11:39:04.000Z","balance":0},{"id":3851,"name":"Al Amin Choudhury Abeer  jmeter820","email":"alaminjmeter{randomuseridput}@gmail.com","password":"alaminjmeter","phone_number":"01568116820","nid":"12311232820","role":"Customer","createdAt":"2022-06-28T11:44:46.000Z","updatedAt":"2022-06-28T11:44:46.000Z","balance":0},{"id":3852,"name":"Al Amin Choudhury Abeer  jmeter750","email":"alaminjmeter{randomuseridput}@gmail.com","password":"alaminjmeter","phone_number":"01568116750","nid":"12311232750","role":"Customer","createdAt":"2022-06-28T11:45:03.000Z","updatedAt":"2022-06-28T11:45:03.000Z","balance":0},{"id":3853,"name":"JMeter user 4860","email":"jmeteruser4860@test.com","password":"1234","phone_number":"01506654860","nid":"69454860","role":"Customer","createdAt":"2022-06-28T11:45:48.000Z","updatedAt":"2022-06-28T11:45:48.000Z","balance":0},{"id":3854,"name":"JMeter user 3841","email":"jmeteruser3841@test.com","password":"1234","phone_number":"01506653841","nid":"69453841","role":"Customer","createdAt":"2022-06-28T11:47:02.000Z","updatedAt":"2022-06-28T11:47:02.000Z","balance":0},{"id":3856,"name":"JMeter user 3655","email":"jmeteruser3655@test.com","password":"1234","phone_number":"01506653655","nid":"69453655","role":"Customer","createdAt":"2022-06-28T11:48:05.000Z","updatedAt":"2022-06-28T11:48:05.000Z","balance":0},{"id":3859,"name":"JMeter user 9130","email":"jmeteruser9130@test.com","password":"1234","phone_number":"01506659130","nid":"69459130","role":"Customer","createdAt":"2022-06-28T11:49:59.000Z","updatedAt":"2022-06-28T11:49:59.000Z","balance":0},{"id":3860,"name":"JMeter user 6488","email":"jmeteruser6488@test.com","password":"1234","phone_number":"01506656488","nid":"69456488","role":"Customer","createdAt":"2022-06-28T11:50:34.000Z","updatedAt":"2022-06-28T11:50:34.000Z","balance":0},{"id":3862,"name":"JMeter user 4037","email":"jmeteruser4037@test.com","password":"1234","phone_number":"01506654037","nid":"69454037","role":"Customer","createdAt":"2022-06-28T11:52:56.000Z","updatedAt":"2022-06-28T11:52:56.000Z","balance":0},{"id":3863,"name":"JMeter user 1571","email":"jmeteruser1571@test.com","password":"1234","phone_number":"01506651571","nid":"69451571","role":"Customer","createdAt":"2022-06-28T11:54:09.000Z","updatedAt":"2022-06-28T11:54:09.000Z","balance":0},{"id":3864,"name":"JMeter user 6649","email":"jmeteruser6649@test.com","password":"1234","phone_number":"01506656649","nid":"69456649","role":"Customer","createdAt":"2022-06-28T11:54:43.000Z","updatedAt":"2022-06-28T11:54:43.000Z","balance":0},{"id":3865,"name":"JMeter user 9252","email":"jmeteruser9252@test.com","password":"1234","phone_number":"01506659252","nid":"69459252","role":"Customer","createdAt":"2022-06-28T11:56:01.000Z","updatedAt":"2022-06-28T11:56:01.000Z","balance":0},{"id":3866,"name":"JMeter user 1392","email":"jmeteruser1392@test.com","password":"1234","phone_number":"01506651392","nid":"69451392","role":"Customer","createdAt":"2022-06-28T11:57:22.000Z","updatedAt":"2022-06-28T11:57:22.000Z","balance":0},{"id":3867,"name":"JMeter user 7915","email":"jmeteruser7915@test.com","password":"1234","phone_number":"01506657915","nid":"69457915","role":"Customer","createdAt":"2022-06-28T11:58:10.000Z","updatedAt":"2022-06-28T11:58:10.000Z","balance":0},{"id":3868,"name":"JMeter user 4790","email":"jmeteruser4790@test.com","password":"1234","phone_number":"01506654790","nid":"69454790","role":"Customer","createdAt":"2022-06-28T11:59:10.000Z","updatedAt":"2022-06-28T11:59:10.000Z","balance":0},{"id":3875,"name":"JMeter user 3389","email":"jmeteruser3389@test.com","password":"1234","phone_number":"01506653389","nid":"69453389","role":"Customer","createdAt":"2022-06-28T12:27:11.000Z","updatedAt":"2022-06-28T12:27:11.000Z","balance":0},{"id":3876,"name":"Nibraz Khan","email":"nibrajkhan123@gmail.com","password":"yoyohoneysingh","phone_number":"01780006900","nid":"64167030","role":"Customer","createdAt":"2022-06-28T15:51:20.000Z","updatedAt":"2022-06-28T15:51:20.000Z","balance":0},{"id":3877,"name":"Nibraz Khan","email":"nibrajkhan123@gmail.com","password":"yoyohoneysingh","phone_number":"01780006900","nid":"64164058","role":"Customer","createdAt":"2022-06-28T15:51:20.000Z","updatedAt":"2022-06-28T15:51:20.000Z","balance":0},{"id":3878,"name":"Nibraz Khan","email":"nibrajkhan123@gmail.com","password":"yoyohoneysingh","phone_number":"01780006900","nid":"64169293","role":"Customer","createdAt":"2022-06-28T15:51:20.000Z","updatedAt":"2022-06-28T15:51:20.000Z","balance":0},{"id":3879,"name":"Nibraz Khan","email":"nibrajkhan123@gmail.com","password":"yoyohoneysingh","phone_number":"01780006900","nid":"64162874","role":"Customer","createdAt":"2022-06-28T15:51:20.000Z","updatedAt":"2022-06-28T15:51:20.000Z","balance":0},{"id":3880,"name":"Nibraz Khan","email":"nibrajkhan123@gmail.com","password":"yoyohoneysingh","phone_number":"01780006900","nid":"64165169","role":"Customer","createdAt":"2022-06-28T15:51:20.000Z","updatedAt":"2022-06-28T15:51:20.000Z","balance":0},{"id":3881,"name":"Nibraz Khan","email":"nibrajkhan123@gmail.com","password":"yoyohoneysingh","phone_number":"01780006900","nid":"64162543","role":"Customer","createdAt":"2022-06-28T15:51:20.000Z","updatedAt":"2022-06-28T15:51:20.000Z","balance":0},{"id":3882,"name":"Nibraz Khan","email":"nibrajkhan123@gmail.com","password":"yoyohoneysingh","phone_number":"01780006900","nid":"64165985","role":"Customer","createdAt":"2022-06-28T15:51:20.000Z","updatedAt":"2022-06-28T15:51:20.000Z","balance":0},{"id":3883,"name":"Nibraz Khan","email":"nibrajkhan123@gmail.com","password":"yoyohoneysingh","phone_number":"01780006900","nid":"64161823","role":"Customer","createdAt":"2022-06-28T15:51:20.000Z","updatedAt":"2022-06-28T15:51:20.000Z","balance":0},{"id":3884,"name":"Nibraz Khan","email":"nibrajkhan123@gmail.com","password":"yoyohoneysingh","phone_number":"01780006900","nid":"64166262","role":"Customer","createdAt":"2022-06-28T15:51:20.000Z","updatedAt":"2022-06-28T15:51:20.000Z","balance":0},{"id":3885,"name":"Nibraz Khan","email":"nibrajkhan123@gmail.com","password":"yoyohoneysingh","phone_number":"01780006900","nid":"64168706","role":"Customer","createdAt":"2022-06-28T15:51:20.000Z","updatedAt":"2022-06-28T15:51:20.000Z","balance":0},{"id":3886,"name":"Nibraz Khan","email":"nibrajkhan123@gmail.com","password":"yoyohoneysingh","phone_number":"01780006900","nid":"64163567","role":"Customer","createdAt":"2022-06-28T15:51:47.000Z","updatedAt":"2022-06-28T15:51:47.000Z","balance":0},{"id":3888,"name":"Nibraz Khan","email":"nibrajkhan123@gmail.com","password":"yoyohoneysingh","phone_number":"01780006900","nid":"64164005","role":"Customer","createdAt":"2022-06-28T15:53:24.000Z","updatedAt":"2022-06-28T15:53:24.000Z","balance":0},{"id":3889,"name":"Nibraz Khan","email":"nibrajkhan123@gmail.com","password":"yoyohoneysingh","phone_number":"01780006900","nid":"64167347","role":"Customer","createdAt":"2022-06-28T15:54:08.000Z","updatedAt":"2022-06-28T15:54:08.000Z","balance":0},{"id":3902,"name":"Lewis Nicolas","email":"Moises82@yahoo.com","password":"j_oR0zLZjmoEEWB","phone_number":"01505972326","nid":"1235972326","role":"Customer","createdAt":"2022-06-28T16:47:48.000Z","updatedAt":"2022-06-28T16:47:48.000Z","balance":0},{"id":3904,"name":"Blake Feest MD","email":"Shany.Gleichner@hotmail.com","password":"NmDBIfD4jhz7Fiu","phone_number":"01508464924","nid":"1238464924","role":"Customer","createdAt":"2022-06-28T16:57:41.000Z","updatedAt":"2022-06-28T16:57:41.000Z","balance":0},{"id":3905,"name":"Rene Jerde","email":"Verda19@gmail.com","password":"k0kkTxa8_upM850","phone_number":"01508817912","nid":"1238817912","role":"Customer","createdAt":"2022-06-28T17:19:06.000Z","updatedAt":"2022-06-28T17:19:06.000Z","balance":0},{"id":3906,"name":"Wm Bergnaum","email":"Harmony_Cartwright42@hotmail.com","password":"4_VNXkK6Vd1eu4F","phone_number":"01505475028","nid":"1235475028","role":"Customer","createdAt":"2022-06-28T17:21:28.000Z","updatedAt":"2022-06-28T17:21:28.000Z","balance":0},{"id":3907,"name":"Cathy D'Amore","email":"Deondre16@gmail.com","password":"RTyg6VDheRafPN4","phone_number":"01501049841","nid":"1231049841","role":"Customer","createdAt":"2022-06-28T17:26:44.000Z","updatedAt":"2022-06-28T17:26:44.000Z","balance":0},{"id":3908,"name":"Jody Bartoletti","email":"Regan.Sanford45@yahoo.com","password":"xt2jq5Ym5UDc4nB","phone_number":"01502293753","nid":"1232293753","role":"Customer","createdAt":"2022-06-28T17:27:20.000Z","updatedAt":"2022-06-28T17:27:20.000Z","balance":0},{"id":3909,"name":"Stacey Koch","email":"Melvina.Rodriguez@hotmail.com","password":"VkweADgG3fEaxZw","phone_number":"01507185006","nid":"1237185006","role":"Customer","createdAt":"2022-06-28T17:29:33.000Z","updatedAt":"2022-06-28T17:29:33.000Z","balance":0},{"id":3910,"name":"Faith Cummings","email":"Garry.OKon80@gmail.com","password":"QKrZya0aZfX2X26","phone_number":"01504297453","nid":"1234297453","role":"Customer","createdAt":"2022-06-28T17:32:56.000Z","updatedAt":"2022-06-28T17:32:56.000Z","balance":0},{"id":3911,"name":"Mrs. Sonia Kautzer","email":"Kenny.Rath@hotmail.com","password":"jbvJHACfZHgv5mT","phone_number":"01503248810","nid":"1233248810","role":"Customer","createdAt":"2022-06-28T17:33:23.000Z","updatedAt":"2022-06-28T17:33:23.000Z","balance":0},{"id":3912,"name":"Robert Emmerich","email":"Paul47@hotmail.com","password":"kBxiKO1TpLi093H","phone_number":"01503491812","nid":"1233491812","role":"Customer","createdAt":"2022-06-28T17:33:48.000Z","updatedAt":"2022-06-28T17:33:48.000Z","balance":0},{"id":3913,"name":"Kevin Armstrong","email":"Rusty29@gmail.com","password":"yTJvPEuWpjgGesc","phone_number":"01503985249","nid":"1233985249","role":"Customer","createdAt":"2022-06-28T17:35:44.000Z","updatedAt":"2022-06-28T17:35:44.000Z","balance":0},{"id":3914,"name":"Carla Feest","email":"Thelma34@hotmail.com","password":"imLu81R8mShoVg0","phone_number":"01507987785","nid":"1237987785","role":"Customer","createdAt":"2022-06-28T17:38:29.000Z","updatedAt":"2022-06-28T17:38:29.000Z","balance":0},{"id":3915,"name":"Mrs. Kenneth Sauer","email":"Itzel.Ernser@yahoo.com","password":"nNWcJS0j64TS_Ka","phone_number":"01504707398","nid":"1234707398","role":"Customer","createdAt":"2022-06-28T17:41:38.000Z","updatedAt":"2022-06-28T17:41:38.000Z","balance":0},{"id":3916,"name":"Terrance Abernathy","email":"Jairo_Mitchell58@yahoo.com","password":"nrepJ8XScRh_JuK","phone_number":"01508632296","nid":"1238632296","role":"Customer","createdAt":"2022-06-28T17:42:28.000Z","updatedAt":"2022-06-28T17:42:28.000Z","balance":0},{"id":3917,"name":"Jay McKenzie","email":"Weldon_Blanda13@yahoo.com","password":"7chBrFjGdNkuN2Q","phone_number":"01504040044","nid":"1234040044","role":"Customer","createdAt":"2022-06-28T17:46:53.000Z","updatedAt":"2022-06-28T17:46:53.000Z","balance":0},{"id":3918,"name":"Velma Torphy","email":"Annabelle.Rippin49@gmail.com","password":"C2LjSyjF8X4cmWI","phone_number":"01503197401","nid":"1233197401","role":"Customer","createdAt":"2022-06-28T17:50:06.000Z","updatedAt":"2022-06-28T17:50:06.000Z","balance":0},{"id":3919,"name":"Monique Hudson","email":"Kirstin.Renner@hotmail.com","password":"eUV5ctzHh4A1mTK","phone_number":"01506282386","nid":"1236282386","role":"Customer","createdAt":"2022-06-28T17:57:53.000Z","updatedAt":"2022-06-28T17:57:53.000Z","balance":0},{"id":3920,"name":"Mh_Mizan","email":"{{$mizan.mh404@gmail.com}}","password":"0DwXwt5lkfmhj87","phone_number":"01508559827","nid":"54646464","role":"Customer","createdAt":"2022-06-28T18:05:31.000Z","updatedAt":"2022-06-29T10:55:42.000Z","balance":0},{"id":3921,"name":"Crystal Toy","email":"Issac.Schiller3@yahoo.com","password":"lU2jXkZfrd4AAex","phone_number":"01504561504","nid":"1234561504","role":"Customer","createdAt":"2022-06-28T18:29:02.000Z","updatedAt":"2022-06-28T18:29:02.000Z","balance":0},{"id":3922,"name":"Supta","email":"Jane_Howell@yahoo.com","password":"nTp9kE6Ie_LK9rS","phone_number":"01506083778","nid":"123456789","role":"Agent","createdAt":"2022-06-28T18:43:09.000Z","updatedAt":"2022-06-28T19:10:44.000Z","balance":0},{"id":3923,"name":"Melody Satterfield","email":"abcd.cd1100143","password":"iaHYEbwXxymHPey","phone_number":"01501100143","nid":"1231100143","role":"Customer","createdAt":"2022-06-28T18:47:27.000Z","updatedAt":"2022-06-28T18:47:27.000Z","balance":0},{"id":3924,"name":"Miss Kenneth Adams","email":"Rubie83@gmail.com","password":"h4J6N2OgpEsNLnY","phone_number":"01506875385","nid":"1236875385","role":"Customer","createdAt":"2022-06-28T20:05:17.000Z","updatedAt":"2022-06-28T20:05:17.000Z","balance":0},{"id":3925,"name":"Claude Schuppe","email":"Jarvis.DAmore@hotmail.com","password":"Do5WNZOiC5rgKne","phone_number":"01501413637","nid":"1231413637","role":"Customer","createdAt":"2022-06-28T20:05:27.000Z","updatedAt":"2022-06-28T20:05:27.000Z","balance":0},{"id":3926,"name":"Robert Swift","email":"Marlee_Gutkowski@hotmail.com","password":"RFuO8Hx5JAFGCVR","phone_number":"01505381866","nid":"1235381866","role":"Customer","createdAt":"2022-06-28T20:06:35.000Z","updatedAt":"2022-06-28T20:06:35.000Z","balance":0},{"id":3929,"name":"Brent Gleichner","email":"Wilhelmine_Ebert87@yahoo.com","password":"ClTDeFQesQAz_W4","phone_number":"01507115390","nid":"1237115390","role":"Customer","createdAt":"2022-06-28T21:41:41.000Z","updatedAt":"2022-06-28T21:41:41.000Z","balance":0},{"id":3930,"name":"Randy Armstrong","email":"Cory.Herman@hotmail.com","password":"IpJGU5LpwDQkfUX","phone_number":"01504665551","nid":"1234665551","role":"Customer","createdAt":"2022-06-28T21:43:03.000Z","updatedAt":"2022-06-28T21:43:03.000Z","balance":0},{"id":3931,"name":"Ms. Brandi Pfannerstill","email":"Marlene35@gmail.com","password":"xXK1rrNBAHRLbEM","phone_number":"01503373679","nid":"1233373679","role":"Customer","createdAt":"2022-06-28T22:06:49.000Z","updatedAt":"2022-06-28T22:06:49.000Z","balance":0},{"id":3932,"name":"Jingle bell","email":"shfjhsdg@gmail.com","password":"5678","phone_number":"01770735369","nid":"4281","role":"Customer","createdAt":"2022-06-28T22:07:40.000Z","updatedAt":"2022-06-28T22:07:40.000Z","balance":0},{"id":3933,"name":"Frank Shields","email":"Loyal.Mante11@hotmail.com","password":"JKrmX7nOtf5PSOC","phone_number":"01724777843","nid":"1234777843","role":"Customer","createdAt":"2022-06-29T00:59:30.000Z","updatedAt":"2022-06-29T00:59:30.000Z","balance":0},{"id":3940,"name":"Sheldon Rippin DDS","email":"Alysson_Bergnaum@yahoo.com","password":"LAC7xZ2PBpAdYgS","phone_number":"01503921515","nid":"1233921515","role":"Customer","createdAt":"2022-06-29T03:59:20.000Z","updatedAt":"2022-06-29T03:59:20.000Z","balance":0},{"id":3941,"name":"Jmeter user 200","email":"jmuser@gmail.com","password":"1234","phone_number":"01532145666","nid":"765422","role":"Customer","createdAt":"2022-06-29T04:14:48.000Z","updatedAt":"2022-06-29T04:14:48.000Z","balance":0},{"id":3942,"name":"Alamin","email":"alamin@gmail.com","password":"12345","phone_number":"0177336445","nid":"124578","role":"Customer","createdAt":"2022-06-29T04:16:54.000Z","updatedAt":"2022-06-29T04:16:54.000Z","balance":0},{"id":3943,"name":"Beulah Howe","email":"Sim_Homenick@gmail.com","password":"OrZIzZWwRhnujq9","phone_number":"01503561690","nid":"1233561690","role":"Customer","createdAt":"2022-06-29T04:26:27.000Z","updatedAt":"2022-06-29T04:26:27.000Z","balance":0},{"id":3944,"name":"Alamina ${ranuserid}","email":"alamin@gmail.com ${randuserid}","password":"12345 ${randuserid}","phone_number":"0177336445 ${randserid}","nid":"124578 ${randuserid}","role":"Customer ${randuserid}","createdAt":"2022-06-29T04:27:45.000Z","updatedAt":"2022-06-29T04:27:45.000Z","balance":0},{"id":3945,"name":"Jmeter user 150","email":"jmmuser@gmail.com","password":"1234","phone_number":"01533145666","nid":"765422","role":"Customer","createdAt":"2022-06-29T04:28:50.000Z","updatedAt":"2022-06-29T04:28:50.000Z","balance":0},{"id":3946,"name":"Alamina 7562","email":"7562","password":"12345","phone_number":"7562","nid":"7562","role":"Customer","createdAt":"2022-06-29T04:37:36.000Z","updatedAt":"2022-06-29T04:37:36.000Z","balance":0},{"id":3947,"name":"Alamina 9945","email":"9945","password":"12345","phone_number":"9945","nid":"9945","role":"Customer","createdAt":"2022-06-29T04:37:49.000Z","updatedAt":"2022-06-29T04:37:49.000Z","balance":0},{"id":3948,"name":"Alamina 4674","email":"4674","password":"12345","phone_number":"4674","nid":"4674","role":"Customer","createdAt":"2022-06-29T04:38:42.000Z","updatedAt":"2022-06-29T04:38:42.000Z","balance":0},{"id":3949,"name":"Alamina 1490","email":"1490","password":"12345","phone_number":"1490","nid":"1490","role":"Customer","createdAt":"2022-06-29T04:41:53.000Z","updatedAt":"2022-06-29T04:41:53.000Z","balance":0},{"id":3950,"name":"Jmeter user 9694","email":"jmmuser9694@gmail.com","password":"1234","phone_number":"01533149694","nid":"765422","role":"Customer","createdAt":"2022-06-29T04:42:12.000Z","updatedAt":"2022-06-29T04:42:12.000Z","balance":0},{"id":3951,"name":"Alamina 3842","email":"3842","password":"12345","phone_number":"3842","nid":"3842","role":"Customer","createdAt":"2022-06-29T04:42:44.000Z","updatedAt":"2022-06-29T04:42:44.000Z","balance":0},{"id":3952,"name":"Alamina 5957","email":"5957","password":"12345","phone_number":"5957","nid":"5957","role":"Customer","createdAt":"2022-06-29T04:42:59.000Z","updatedAt":"2022-06-29T04:42:59.000Z","balance":0},{"id":3953,"name":"Alamina 4233","email":"4233","password":"12345","phone_number":" 017730034684233","nid":"4233","role":"Customer","createdAt":"2022-06-29T04:43:54.000Z","updatedAt":"2022-06-29T04:43:54.000Z","balance":0},{"id":3954,"name":"Alamina 7809","email":"7809","password":"12345","phone_number":" 017730034687809","nid":"7809","role":"Customer","createdAt":"2022-06-29T04:44:05.000Z","updatedAt":"2022-06-29T04:44:05.000Z","balance":0},{"id":3955,"name":"Alamina 7070","email":" user7070.com","password":"12345","phone_number":" 017730037070","nid":"12457070","role":"Customer","createdAt":"2022-06-29T04:45:47.000Z","updatedAt":"2022-06-29T04:45:47.000Z","balance":0},{"id":3956,"name":"Alamina 2248","email":" user@2248.com","password":"12345","phone_number":" 017730032248","nid":"12452248","role":"Customer","createdAt":"2022-06-29T04:46:12.000Z","updatedAt":"2022-06-29T04:46:12.000Z","balance":0},{"id":3957,"name":"Alamina 9436","email":" user@9436.com","password":"12345","phone_number":" 017730039436","nid":"12459436","role":"Customer","createdAt":"2022-06-29T04:46:57.000Z","updatedAt":"2022-06-29T04:46:57.000Z","balance":0},{"id":3958,"name":"Jmeter user 9343","email":"jmmuser9343@gmail.com","password":"1234","phone_number":"01533149343","nid":"765422","role":"Customer","createdAt":"2022-06-29T04:47:12.000Z","updatedAt":"2022-06-29T04:47:12.000Z","balance":0},{"id":3959,"name":"Alamina 4479","email":" user@4479.com","password":"12345","phone_number":" 017730034479","nid":"12454479","role":"Customer","createdAt":"2022-06-29T04:47:26.000Z","updatedAt":"2022-06-29T04:47:26.000Z","balance":0},{"id":3960,"name":"Alamina 4057","email":" user@4057.com","password":"12345","phone_number":" 017730034057","nid":"12454057","role":"Customer","createdAt":"2022-06-29T04:47:29.000Z","updatedAt":"2022-06-29T04:47:29.000Z","balance":0},{"id":3961,"name":"Alamina 3903 12","email":" user@3903.com","password":"12345","phone_number":" 017730033903","nid":"12453903","role":"Customer","createdAt":"2022-06-29T04:48:36.000Z","updatedAt":"2022-06-29T04:48:36.000Z","balance":0},{"id":3962,"name":"Alamina 2328 12","email":" user@2328.com","password":"12345","phone_number":" 017730032328","nid":"12452328","role":"Customer","createdAt":"2022-06-29T04:48:41.000Z","updatedAt":"2022-06-29T04:48:41.000Z","balance":0},{"id":3963,"name":"Alamina 60922","email":" user@6092.com","password":"12345","phone_number":" 017730036092","nid":"12456092","role":"Customer","createdAt":"2022-06-29T04:49:13.000Z","updatedAt":"2022-06-29T04:49:13.000Z","balance":0},{"id":3964,"name":"Alamina 34152","email":" user@3415.com","password":"12345","phone_number":" 017730033415","nid":"12453415","role":"Customer","createdAt":"2022-06-29T04:49:41.000Z","updatedAt":"2022-06-29T04:49:41.000Z","balance":0},{"id":3965,"name":"Jmeter user 8773","email":"jmmuser8773@gmail.com","password":"1234","phone_number":"01533148773","nid":"765422","role":"Customer","createdAt":"2022-06-29T04:49:52.000Z","updatedAt":"2022-06-29T04:49:52.000Z","balance":0},{"id":3966,"name":"Alamina 39772","email":" user@3977.com","password":"12345","phone_number":" 017730033977","nid":"12453977","role":"Customer","createdAt":"2022-06-29T04:50:07.000Z","updatedAt":"2022-06-29T04:50:07.000Z","balance":0},{"id":3967,"name":"Alamina 63582","email":" user@6358.com","password":"12345","phone_number":" 017730036358","nid":"12456358","role":"Customer","createdAt":"2022-06-29T04:50:25.000Z","updatedAt":"2022-06-29T04:50:25.000Z","balance":0},{"id":3968,"name":"Alamina 10282","email":" user@1028.com","password":"12345","phone_number":" 017730031028","nid":"12451028","role":"Customer","createdAt":"2022-06-29T04:50:31.000Z","updatedAt":"2022-06-29T04:50:31.000Z","balance":0},{"id":3969,"name":"Jmeter user 2795","email":"jmmuser2795@gmail.com","password":"1234","phone_number":"01533142795","nid":"765422","role":"Customer","createdAt":"2022-06-29T04:50:49.000Z","updatedAt":"2022-06-29T04:50:49.000Z","balance":0},{"id":3970,"name":"Jmeter user 5917","email":"jmmuser5917@gmail.com","password":"1234","phone_number":"01533145917","nid":"765422","role":"Customer","createdAt":"2022-06-29T04:52:45.000Z","updatedAt":"2022-06-29T04:52:45.000Z","balance":0},{"id":3971,"name":"Jmeter user 8248","email":"jmmuser8248@gmail.com","password":"1234","phone_number":"01533148248","nid":"765422","role":"Customer","createdAt":"2022-06-29T04:53:47.000Z","updatedAt":"2022-06-29T04:53:47.000Z","balance":0},{"id":3972,"name":"Jmeter user 2480","email":"jmmuser2480@gmail.com","password":"1234","phone_number":"01533142480","nid":"765422","role":"Customer","createdAt":"2022-06-29T04:54:47.000Z","updatedAt":"2022-06-29T04:54:47.000Z","balance":0},{"id":3973,"name":"Alamina 15372","email":" user@1537.com","password":"12345","phone_number":" 017730031537","nid":"12451537","role":"Customer","createdAt":"2022-06-29T04:55:20.000Z","updatedAt":"2022-06-29T04:55:20.000Z","balance":0},{"id":3974,"name":"Alamina 69982","email":" user@6998.com","password":"12345","phone_number":" 017730036998","nid":"12456998","role":"Customer","createdAt":"2022-06-29T04:55:25.000Z","updatedAt":"2022-06-29T04:55:25.000Z","balance":0},{"id":3975,"name":"Alamina 20992","email":" user@2099.com","password":"12345","phone_number":" 017730032099","nid":"12452099","role":"Customer","createdAt":"2022-06-29T04:55:45.000Z","updatedAt":"2022-06-29T04:55:45.000Z","balance":0},{"id":3976,"name":"Jmeter user 6171","email":"jmmuser6171@gmail.com","password":"1234","phone_number":"01533146171","nid":"765422","role":"Customer","createdAt":"2022-06-29T04:56:25.000Z","updatedAt":"2022-06-29T04:56:25.000Z","balance":0},{"id":3977,"name":"Alamina 52442","email":" user@5244.com","password":"12345","phone_number":" 017730035244","nid":"12455244","role":"Customer","createdAt":"2022-06-29T04:56:27.000Z","updatedAt":"2022-06-29T04:56:27.000Z","balance":0},{"id":3978,"name":"Alamina 60852","email":" user@6085.com","password":"12345","phone_number":" 017730036085","nid":"12456085","role":"Customer","createdAt":"2022-06-29T04:57:22.000Z","updatedAt":"2022-06-29T04:57:22.000Z","balance":0},{"id":3979,"name":"Alamina 91082","email":" user@9108.com","password":"12345","phone_number":" 017730039108","nid":"12459108","role":"Customer","createdAt":"2022-06-29T04:58:05.000Z","updatedAt":"2022-06-29T04:58:05.000Z","balance":0},{"id":3980,"name":"Alamina 56452","email":" user@5645.com","password":"12345","phone_number":" 017730035645","nid":"12455645","role":"Customer","createdAt":"2022-06-29T05:00:12.000Z","updatedAt":"2022-06-29T05:00:12.000Z","balance":0},{"id":3981,"name":"Alamina 12512","email":" user@1251.com","password":"12345","phone_number":" 017730031251","nid":"12451251","role":"Customer","createdAt":"2022-06-29T05:13:08.000Z","updatedAt":"2022-06-29T05:13:08.000Z","balance":0},{"id":3982,"name":"Alamina 19292","email":" user@1929.com","password":"12345","phone_number":" 017730031929","nid":"12451929","role":"Customer","createdAt":"2022-06-29T05:13:26.000Z","updatedAt":"2022-06-29T05:13:26.000Z","balance":0},{"id":3983,"name":"Alamina 87422","email":" user@8742.com","password":"12345","phone_number":" 017730038742","nid":"12458742","role":"Customer","createdAt":"2022-06-29T05:14:28.000Z","updatedAt":"2022-06-29T05:14:28.000Z","balance":0},{"id":3984,"name":"Alamina 24112","email":" user@2411.com","password":"12345","phone_number":" 017730032411","nid":"12452411","role":"Customer","createdAt":"2022-06-29T05:15:26.000Z","updatedAt":"2022-06-29T05:15:26.000Z","balance":0},{"id":3985,"name":"Jmeter user 9219","email":"jmmuser9219@gmail.com","password":"1234","phone_number":"01533149219","nid":"765422","role":"Customer","createdAt":"2022-06-29T05:20:09.000Z","updatedAt":"2022-06-29T05:20:09.000Z","balance":0},{"id":3986,"name":"Jmeter user 8849","email":"jmmuser8849@gmail.com","password":"1234","phone_number":"01533148849","nid":"765422","role":"Customer","createdAt":"2022-06-29T05:25:36.000Z","updatedAt":"2022-06-29T05:25:36.000Z","balance":0},{"id":3987,"name":"Alamina 92472","email":" user@9247.com","password":"12345","phone_number":" 017730039247","nid":"12459247","role":"Customer","createdAt":"2022-06-29T05:26:02.000Z","updatedAt":"2022-06-29T05:26:02.000Z","balance":0},{"id":3988,"name":"Alamina 39202","email":" user@3920.com","password":"12345","phone_number":" 017730033920","nid":"12453920","role":"Customer","createdAt":"2022-06-29T05:27:53.000Z","updatedAt":"2022-06-29T05:27:53.000Z","balance":0},{"id":3989,"name":"Jmeter user 4325","email":"jmmuser4325@gmail.com","password":"1234","phone_number":"01533144325","nid":"765422","role":"Customer","createdAt":"2022-06-29T05:28:53.000Z","updatedAt":"2022-06-29T05:28:53.000Z","balance":0},{"id":3990,"name":"Alamina 22282","email":" user@2228.com","password":"12345","phone_number":" 017730032228","nid":"12452228","role":"Customer","createdAt":"2022-06-29T05:29:38.000Z","updatedAt":"2022-06-29T05:29:38.000Z","balance":0},{"id":3991,"name":"Alamina 90622","email":" user@9062.com","password":"12345","phone_number":" 017730039062","nid":"12459062","role":"Customer","createdAt":"2022-06-29T05:30:12.000Z","updatedAt":"2022-06-29T05:30:12.000Z","balance":0},{"id":3992,"name":"Jmeter user 5807","email":"jmmuser5807@gmail.com","password":"1234","phone_number":"01533145807","nid":"765422","role":"Customer","createdAt":"2022-06-29T05:30:31.000Z","updatedAt":"2022-06-29T05:30:31.000Z","balance":0},{"id":3993,"name":"Alamina 28722","email":" user@2872.com","password":"12345","phone_number":" 017730032872","nid":"12452872","role":"Customer","createdAt":"2022-06-29T05:32:23.000Z","updatedAt":"2022-06-29T05:32:23.000Z","balance":0},{"id":3994,"name":"Alamina 43382","email":" user@4338.com","password":"12345","phone_number":" 017730034338","nid":"12454338","role":"Customer","createdAt":"2022-06-29T05:32:45.000Z","updatedAt":"2022-06-29T05:32:45.000Z","balance":0},{"id":3995,"name":"Alamina 77062","email":" user@7706.com","password":"12345","phone_number":" 017730037706","nid":"12457706","role":"Customer","createdAt":"2022-06-29T05:33:32.000Z","updatedAt":"2022-06-29T05:33:32.000Z","balance":0},{"id":3996,"name":"Alamina 14692","email":" user@1469.com","password":"12345","phone_number":" 017730031469","nid":"12451469","role":"Customer","createdAt":"2022-06-29T05:35:59.000Z","updatedAt":"2022-06-29T05:35:59.000Z","balance":0},{"id":3997,"name":"Jmeter user 4441","email":"jmmuser4441@gmail.com","password":"1234","phone_number":"01533144441","nid":"765422","role":"Student","createdAt":"2022-06-29T05:36:08.000Z","updatedAt":"2022-06-29T05:36:08.000Z","balance":0},{"id":3998,"name":"Jmeter user 3064","email":"jmmuser3064@gmail.com","password":"1234","phone_number":"01533143064","nid":"765422","role":"Student","createdAt":"2022-06-29T05:38:39.000Z","updatedAt":"2022-06-29T05:38:39.000Z","balance":0},{"id":3999,"name":"Alamina 34122","email":" user@3412.com","password":"12345","phone_number":" 017730033412","nid":"12453412","role":"Customer","createdAt":"2022-06-29T05:38:43.000Z","updatedAt":"2022-06-29T05:38:43.000Z","balance":0},{"id":4000,"name":"Alamina 69602","email":" user@6960.com","password":"12345","phone_number":" 017730036960","nid":"12456960","role":"Customer","createdAt":"2022-06-29T05:39:24.000Z","updatedAt":"2022-06-29T05:39:24.000Z","balance":0},{"id":4001,"name":"Alamina 25292","email":" user@2529.com","password":"12345","phone_number":" 017730032529","nid":"12452529","role":"Customer","createdAt":"2022-06-29T05:40:21.000Z","updatedAt":"2022-06-29T05:40:21.000Z","balance":0},{"id":4002,"name":"Alamina 10562","email":" user@1056.com","password":"12345","phone_number":" 017730031056","nid":"12451056","role":"Customer","createdAt":"2022-06-29T05:40:28.000Z","updatedAt":"2022-06-29T05:40:28.000Z","balance":0},{"id":4004,"name":"Alamina 95212","email":" user@9521.com","password":"12345","phone_number":" 017730039521","nid":"12459521","role":"Customer","createdAt":"2022-06-29T05:42:01.000Z","updatedAt":"2022-06-29T05:42:01.000Z","balance":0},{"id":4006,"name":"Alamina 14782","email":" user@1478.com","password":"12345","phone_number":" 017730031478","nid":"12451478","role":"Customer","createdAt":"2022-06-29T05:43:37.000Z","updatedAt":"2022-06-29T05:43:37.000Z","balance":0},{"id":4009,"name":"Alamina 32452","email":" user@3245.com","password":"12345","phone_number":" 017730033245","nid":"12453245","role":"Customer","createdAt":"2022-06-29T05:46:55.000Z","updatedAt":"2022-06-29T05:46:55.000Z","balance":0},{"id":4011,"name":"Alamina 60652","email":" user@6065.com","password":"12345","phone_number":" 017730036065","nid":"12456065","role":"Customer","createdAt":"2022-06-29T05:52:18.000Z","updatedAt":"2022-06-29T05:52:18.000Z","balance":0},{"id":4013,"name":"Alamina 14142","email":" user@1414.com","password":"12345","phone_number":" 017730031414","nid":"12451414","role":"Customer","createdAt":"2022-06-29T05:54:59.000Z","updatedAt":"2022-06-29T05:54:59.000Z","balance":0},{"id":4015,"name":"JMeter user 8414","email":"jmeteruser8414@test.com","password":"1234","phone_number":"01506658414","nid":"589778","role":"Customer","createdAt":"2022-06-29T06:01:32.000Z","updatedAt":"2022-06-29T06:01:32.000Z","balance":0},{"id":4016,"name":"JMeter user 2700","email":"jmeteruser2700@test.com","password":"1234","phone_number":"01506652700","nid":"589778","role":"Customer","createdAt":"2022-06-29T06:01:45.000Z","updatedAt":"2022-06-29T06:01:45.000Z","balance":0},{"id":4017,"name":"JMeter user 6073","email":"jmeteruser6073@test.com","password":"1234","phone_number":"01506656073","nid":"589778","role":"Customer","createdAt":"2022-06-29T06:02:17.000Z","updatedAt":"2022-06-29T06:02:17.000Z","balance":0},{"id":4019,"name":"Alamina 65272","email":" user@6527.com","password":"12345","phone_number":" 017730036527","nid":"12456527","role":"Customer","createdAt":"2022-06-29T10:31:51.000Z","updatedAt":"2022-06-29T10:31:51.000Z","balance":0},{"id":4025,"name":"Jean Gleason","email":"Mohammad_Wisoky4@hotmail.com","password":"R44MmRZJxW5gVYB","phone_number":"01509400869","nid":"1239400869","role":"Customer","createdAt":"2022-06-29T10:45:03.000Z","updatedAt":"2022-06-29T10:45:03.000Z","balance":0},{"id":4026,"name":"Rodolfo Bergnaum","email":"Cristian.Barrows15@gmail.com","password":"GIBvBBfd7OmrYxV","phone_number":"01507917330","nid":"1237917330","role":"Customer","createdAt":"2022-06-29T10:48:04.000Z","updatedAt":"2022-06-29T10:48:04.000Z","balance":0},{"id":4027,"name":"Vernon Blanda","email":"Catalina.Botsford44@gmail.com","password":"mFdSK7OcgX7reFs","phone_number":"01506976128","nid":"1236976128","role":"Customer","createdAt":"2022-06-29T10:52:27.000Z","updatedAt":"2022-06-29T10:52:27.000Z","balance":0},{"id":4028,"name":"Saul Keeling","email":"Felipe.Wuckert@yahoo.com","password":"mjzv7Pw3xPw8s2y","phone_number":"01505004737","nid":"1235004737","role":"Customer","createdAt":"2022-06-29T10:52:55.000Z","updatedAt":"2022-06-29T10:52:55.000Z","balance":0},{"id":4029,"name":"Renee Barton","email":"Kamren.Lehner27@yahoo.com","password":"cWKOebr8yT1HG4G","phone_number":"01504119191","nid":"1234119191","role":"Customer","createdAt":"2022-06-29T10:53:31.000Z","updatedAt":"2022-06-29T10:53:31.000Z","balance":0},{"id":4030,"name":"Natasha Mosciski","email":"Manuel33@hotmail.com","password":"VwoCijBPJ5BhBJX","phone_number":"01507487337","nid":"1237487337","role":"Customer","createdAt":"2022-06-29T10:55:42.000Z","updatedAt":"2022-06-29T10:55:42.000Z","balance":0},{"id":4036,"name":"Jingle boll","email":"gsjkfghdg@gmail.com","password":"5678","phone_number":"01770735339","nid":"4241","role":"Customer","createdAt":"2022-06-29T17:18:31.000Z","updatedAt":"2022-06-29T17:18:31.000Z","balance":0},{"id":4037,"name":"Jose Keeling","email":"Filomena.Koss63@hotmail.com","password":"UE0i2eJAjoQBR_2","phone_number":"01502074760","nid":"1232074760","role":"Customer","createdAt":"2022-06-29T18:30:39.000Z","updatedAt":"2022-06-29T18:30:39.000Z","balance":0},{"id":4038,"name":"Ms. Delores Buckridge","email":"Angeline.Jacobs6@hotmail.com","password":"Gta96Hl2UTauwgk","phone_number":"01768023564","nid":"456558920","role":"Customer","createdAt":"2022-06-29T18:30:42.000Z","updatedAt":"2022-06-29T18:30:42.000Z","balance":0},{"id":4039,"name":"Muhammad noan","email":"noman567@gmail.com","password":"5688","phone_number":"01774735339","nid":"7641","role":"Customer","createdAt":"2022-06-29T18:38:56.000Z","updatedAt":"2022-06-29T18:38:56.000Z","balance":0},{"id":4040,"name":"Muhammad noan","email":"noman467@gmail.com","password":"4688","phone_number":"01772735339","nid":"7841","role":"Customer","createdAt":"2022-06-29T18:41:36.000Z","updatedAt":"2022-06-29T18:41:36.000Z","balance":0},{"id":4041,"name":"Muhammad noan 3744","email":"noman3744467@gmail.com","password":"37444688","phone_number":"01772733744","nid":"3744","role":"Customer","createdAt":"2022-06-29T19:17:45.000Z","updatedAt":"2022-06-29T19:17:45.000Z","balance":0},{"id":4042,"name":"Muhammad noan 7300","email":"noman7300467@gmail.com","password":"73004688","phone_number":"01772737300","nid":"7300","role":"Customer","createdAt":"2022-06-29T19:18:35.000Z","updatedAt":"2022-06-29T19:18:35.000Z","balance":0},{"id":4043,"name":"Json user 1859","email":"tangh1859@gmail.com","password":"1859","phone_number":"01755451859","nid":"1859","role":"Customer","createdAt":"2022-06-29T23:07:41.000Z","updatedAt":"2022-06-29T23:07:41.000Z","balance":0},{"id":4044,"name":"Json user 9382","email":"tangh9382@gmail.com","password":"9382","phone_number":"01755459382","nid":"9382","role":"Customer","createdAt":"2022-06-29T23:11:22.000Z","updatedAt":"2022-06-29T23:11:22.000Z","balance":0},{"id":4045,"name":"Json user 5522","email":"tangh5522@gmail.com","password":"5522","phone_number":"01755455522","nid":"5522","role":"Customer","createdAt":"2022-06-29T23:12:14.000Z","updatedAt":"2022-06-29T23:12:14.000Z","balance":0},{"id":4046,"name":"Json user 1514","email":"tangh1514@gmail.com","password":"1514","phone_number":"01755451514","nid":"1514","role":"Customer","createdAt":"2022-06-29T23:13:57.000Z","updatedAt":"2022-06-29T23:13:57.000Z","balance":0},{"id":4047,"name":"Json user 3639","email":"tangh3639@gmail.com","password":"3639","phone_number":"01755453639","nid":"3639","role":"manager","createdAt":"2022-06-29T23:16:34.000Z","updatedAt":"2022-06-29T23:16:34.000Z","balance":0},{"id":4048,"name":"Json user 4549","email":"tangh4549@gmail.com","password":"4549","phone_number":"01755454549","nid":"4549","role":"manager","createdAt":"2022-06-29T23:18:24.000Z","updatedAt":"2022-06-29T23:18:24.000Z","balance":0},{"id":4057,"name":"Jmeter user 5629","email":"jmeterusers@test.com","password":"1234","phone_number":"01935736598","nid":"546987","role":"Customer","createdAt":"2022-06-30T01:08:01.000Z","updatedAt":"2022-06-30T01:08:01.000Z","balance":0},{"id":4058,"name":"JMeter user 9232","email":"jmeteruser9232@test.com","password":"1234","phone_number":"01506659232","nid":"589778","role":"Customer","createdAt":"2022-06-30T02:04:12.000Z","updatedAt":"2022-06-30T02:04:12.000Z","balance":0},{"id":4059,"name":"JMeter user 1684","email":"jmeteruser1684@test.com","password":"1234","phone_number":"01506651684","nid":"589778","role":"Customer","createdAt":"2022-06-30T02:05:28.000Z","updatedAt":"2022-06-30T02:05:28.000Z","balance":0},{"id":4060,"name":"JMeter user 2804","email":"jmeteruser2804@test.com","password":"1234","phone_number":"01506652804","nid":"589778","role":"Customer","createdAt":"2022-06-30T02:56:28.000Z","updatedAt":"2022-06-30T02:56:28.000Z","balance":0},{"id":4061,"name":"JMeter user 5245","email":"jmeteruser5245@test.com","password":"1234","phone_number":"01506655245","nid":"589778","role":"Customer","createdAt":"2022-06-30T02:57:57.000Z","updatedAt":"2022-06-30T02:57:57.000Z","balance":0},{"id":4062,"name":"JMeter user 1064","email":"jmeteruser1064@test.com","password":"1234","phone_number":"01506651064","nid":"589778","role":"Customer","createdAt":"2022-06-30T02:59:15.000Z","updatedAt":"2022-06-30T02:59:15.000Z","balance":0},{"id":4063,"name":"JMeter user 5911","email":"jmeteruser5911@test.com","password":"1234","phone_number":"01506655911","nid":"589778","role":"Customer","createdAt":"2022-06-30T02:59:43.000Z","updatedAt":"2022-06-30T02:59:43.000Z","balance":0},{"id":4064,"name":"JMeter user 1643","email":"jmeteruser1643@test.com","password":"1234","phone_number":"01506651643","nid":"589778","role":"Customer","createdAt":"2022-06-30T03:00:49.000Z","updatedAt":"2022-06-30T03:00:49.000Z","balance":0},{"id":4065,"name":"JMeter user 6244","email":"jmeteruser6244@test.com","password":"1234","phone_number":"01506656244","nid":"589778","role":"Customer","createdAt":"2022-06-30T03:02:34.000Z","updatedAt":"2022-06-30T03:02:34.000Z","balance":0},{"id":4066,"name":"JMeter user 8359","email":"jmeteruser8359@test.com","password":"1234","phone_number":"01506658359","nid":"589778","role":"Customer","createdAt":"2022-06-30T03:02:58.000Z","updatedAt":"2022-06-30T03:02:58.000Z","balance":0},{"id":4067,"name":"JMeter user 2058","email":"jmeteruser2058@test.com","password":"1234","phone_number":"01506652058","nid":"589778","role":"Customer","createdAt":"2022-06-30T03:03:25.000Z","updatedAt":"2022-06-30T03:03:25.000Z","balance":0},{"id":4068,"name":"JMeter user 8890","email":"jmeteruser8890@test.com","password":"1234","phone_number":"01506658890","nid":"589778","role":"Customer","createdAt":"2022-06-30T03:03:55.000Z","updatedAt":"2022-06-30T03:03:55.000Z","balance":0},{"id":4070,"name":"Jmeter ${randomUserId}","email":"jmeter${randomUserId}@gmail.com","password":"1234@","phone_number":"+880133${randomUserId}","nid":"0100${randomUserId}","role":"student","createdAt":"2022-06-30T03:16:05.000Z","updatedAt":"2022-06-30T03:16:05.000Z","balance":0},{"id":4072,"name":"JMeter user 4060","email":"jmeteruser4060@test.com","password":"1234","phone_number":"01506654060","nid":"589778","role":"Customer","createdAt":"2022-06-30T03:21:14.000Z","updatedAt":"2022-06-30T03:21:14.000Z","balance":0},{"id":4073,"name":"JMeter user 3665","email":"jmeteruser3665@test.com","password":"1234","phone_number":"01506653665","nid":"589778","role":"Customer","createdAt":"2022-06-30T03:22:14.000Z","updatedAt":"2022-06-30T03:22:14.000Z","balance":0},{"id":4074,"name":"JMeter user 6193","email":"jmeteruser6193@test.com","password":"1234","phone_number":"01506656193","nid":"589778","role":"Customer","createdAt":"2022-06-30T03:22:26.000Z","updatedAt":"2022-06-30T03:22:26.000Z","balance":0},{"id":4075,"name":"JMeter user 1548","email":"jmeteruser1548@test.com","password":"1234","phone_number":"01506651548","nid":"589778","role":"Customer","createdAt":"2022-06-30T03:25:45.000Z","updatedAt":"2022-06-30T03:25:45.000Z","balance":0},{"id":4076,"name":"JMeter user 4332","email":"jmeteruser4332@test.com","password":"1234","phone_number":"01506654332","nid":"589778","role":"Customer","createdAt":"2022-06-30T03:30:29.000Z","updatedAt":"2022-06-30T03:30:29.000Z","balance":0},{"id":4077,"name":"JMeter user ${randuserid}","email":"jmeteruser${randuserid}@test.com","password":"1234","phone_number":"0150665${randuserid}","nid":"589778","role":"Customer","createdAt":"2022-06-30T03:31:44.000Z","updatedAt":"2022-06-30T03:31:44.000Z","balance":0},{"id":4078,"name":"JMeter user 4080","email":"jmeteruser4080@test.com","password":"1234","phone_number":"01506654080","nid":"589778","role":"Customer","createdAt":"2022-06-30T03:36:09.000Z","updatedAt":"2022-06-30T03:36:09.000Z","balance":0},{"id":4079,"name":"JMeter user 4748","email":"jmeteruser4748@test.com","password":"1234","phone_number":"01506654748","nid":"589778","role":"Customer","createdAt":"2022-06-30T03:38:16.000Z","updatedAt":"2022-06-30T03:38:16.000Z","balance":0},{"id":4080,"name":"JMeter user 9204","email":"jmeteruser9204@test.com","password":"1234","phone_number":"01506659204","nid":"589778","role":"Customer","createdAt":"2022-06-30T03:39:05.000Z","updatedAt":"2022-06-30T03:39:05.000Z","balance":0},{"id":4081,"name":"JMeter user 2077","email":"jmeteruser2077@test.com","password":"1234","phone_number":"01506652077","nid":"589778","role":"Customer","createdAt":"2022-06-30T03:43:03.000Z","updatedAt":"2022-06-30T03:43:03.000Z","balance":0},{"id":4082,"name":"JMeter user 5656","email":"jmeteruser5656@test.com","password":"1234","phone_number":"01506655656","nid":"589778","role":"Customer","createdAt":"2022-06-30T03:43:12.000Z","updatedAt":"2022-06-30T03:43:12.000Z","balance":0},{"id":4083,"name":"JMeter user 3114","email":"jmeteruser3114@test.com","password":"1234","phone_number":"01506653114","nid":"589778","role":"Customer","createdAt":"2022-06-30T03:50:17.000Z","updatedAt":"2022-06-30T03:50:17.000Z","balance":0},{"id":4084,"name":"JMeter user 5446","email":"jmeteruser5446@test.com","password":"1234","phone_number":"01506655446","nid":"589778","role":"Customer","createdAt":"2022-06-30T03:51:53.000Z","updatedAt":"2022-06-30T03:51:53.000Z","balance":0},{"id":4085,"name":"JMeter user 3852","email":"jmeteruser3852@test.com","password":"1234","phone_number":"01506653852","nid":"589778","role":"Customer","createdAt":"2022-06-30T03:57:00.000Z","updatedAt":"2022-06-30T03:57:00.000Z","balance":0},{"id":4086,"name":"JMeter user 8872","email":"jmeteruser8872@test.com","password":"1234","phone_number":"01506658872","nid":"589778","role":"Customer","createdAt":"2022-06-30T03:57:30.000Z","updatedAt":"2022-06-30T03:57:30.000Z","balance":0},{"id":4087,"name":"JMeter user 5831","email":"jmeteruser5831@test.com","password":"1234","phone_number":"01506655831","nid":"589778","role":"Customer","createdAt":"2022-06-30T03:59:42.000Z","updatedAt":"2022-06-30T03:59:42.000Z","balance":0},{"id":4088,"name":"JMeter user 8985","email":"jmeteruser8985@test.com","password":"1234","phone_number":"01506658985","nid":"589778","role":"Customer","createdAt":"2022-06-30T04:00:52.000Z","updatedAt":"2022-06-30T04:00:52.000Z","balance":0},{"id":4089,"name":"JMeter user 5276","email":"jmeteruser5276@test.com","password":"1234","phone_number":"0198756749","nid":"589778","role":"Customer","createdAt":"2022-06-30T04:01:10.000Z","updatedAt":"2022-06-30T04:01:10.000Z","balance":0},{"id":4090,"name":"JMeter user 2764","email":"jmeteruser2764@test.com","password":"1234","phone_number":"0198756907","nid":"589778","role":"Customer","createdAt":"2022-06-30T04:01:16.000Z","updatedAt":"2022-06-30T04:01:17.000Z","balance":0},{"id":4092,"name":"{{$Jmeter User 100}}","email":"{{$jmeteruser@test.com}}","password":"{{$123456}}","phone_number":"{{01717980623}}","nid":"{{456754}}","role":"Customer","createdAt":"2022-06-30T05:56:52.000Z","updatedAt":"2022-06-30T05:56:52.000Z","balance":0},{"id":4093,"name":"{{$Jmeter user ${randuserid}}","email":"{{$jmeteruser${randuserid}@test.com}}","password":"1234","phone_number":"0171798${randuserid}","nid":"456754","role":"Customer","createdAt":"2022-06-30T07:14:22.000Z","updatedAt":"2022-06-30T07:14:22.000Z","balance":0},{"id":4094,"name":"Jmeter user 4639","email":"jmeteruser4639@test.com","password":"1234","phone_number":"01717984639","nid":"589778","role":"Customer","createdAt":"2022-06-30T07:57:17.000Z","updatedAt":"2022-06-30T07:57:17.000Z","balance":0},{"id":4095,"name":"Jmeter user 8472","email":"jmeteruser8472@test.com","password":"1234","phone_number":"01717988472","nid":"589778","role":"Customer","createdAt":"2022-06-30T08:02:56.000Z","updatedAt":"2022-06-30T08:02:56.000Z","balance":0},{"id":4096,"name":"Jmeter user 3839","email":"jmeteruser3839@test.com","password":"1234","phone_number":"01717983839","nid":"589778","role":"Customer","createdAt":"2022-06-30T08:07:00.000Z","updatedAt":"2022-06-30T08:07:00.000Z","balance":0},{"id":4097,"name":"Jmeter user 7463","email":"jmeteruser7463@test.com","password":"1234","phone_number":"01717987463","nid":"589778","role":"Customer","createdAt":"2022-06-30T08:08:00.000Z","updatedAt":"2022-06-30T08:08:00.000Z","balance":0},{"id":4098,"name":"Jmeter user 1215","email":"jmeteruser1215@test.com","password":"1234","phone_number":"01717981215","nid":"589778","role":"Customer","createdAt":"2022-06-30T08:09:29.000Z","updatedAt":"2022-06-30T08:09:29.000Z","balance":0},{"id":4099,"name":"Jmeter user 1090","email":"jmeteruser1090@test.com","password":"1234","phone_number":"01717981090","nid":"589778","role":"Customer","createdAt":"2022-06-30T08:11:46.000Z","updatedAt":"2022-06-30T08:11:46.000Z","balance":0},{"id":4100,"name":"Jmeter user 9809","email":"jmeteruser9809@test.com","password":"1234","phone_number":"01506659809","nid":"589778","role":"Customer","createdAt":"2022-06-30T08:15:47.000Z","updatedAt":"2022-06-30T08:15:47.000Z","balance":0},{"id":4101,"name":"Jmeter user 7493","email":"jmeteruser7493@test.com","password":"1234","phone_number":"01506657493","nid":"589778","role":"Customer","createdAt":"2022-06-30T08:17:03.000Z","updatedAt":"2022-06-30T08:17:03.000Z","balance":0},{"id":4102,"name":"Jmeter user 5453","email":"jmeteruser5453@test.com","password":"1234","phone_number":"01506655453","nid":"589778","role":"Customer","createdAt":"2022-06-30T08:17:24.000Z","updatedAt":"2022-06-30T08:17:24.000Z","balance":0},{"id":4103,"name":"Jmeter user 6849","email":"jmeteruser6849@test.com","password":"1234","phone_number":"01506656849","nid":"589778","role":"Customer","createdAt":"2022-06-30T08:18:24.000Z","updatedAt":"2022-06-30T08:18:24.000Z","balance":0},{"id":4104,"name":"Jmeter user 8410","email":"jmeteruser8410@test.com","password":"1234","phone_number":"01506658410","nid":"589778","role":"Customer","createdAt":"2022-06-30T08:19:13.000Z","updatedAt":"2022-06-30T08:19:13.000Z","balance":0},{"id":4109,"name":"JMeter user 1580","email":"jmeteruser1580@test.com","password":"1234","phone_number":"015066581580","nid":"589778","role":"Customer","createdAt":"2022-06-30T13:22:50.000Z","updatedAt":"2022-06-30T13:22:50.000Z","balance":0},{"id":4110,"name":"JMeter user 8068","email":"jmeteruser8068@test.com","password":"1234","phone_number":"015066588068","nid":"589778","role":"Customer","createdAt":"2022-06-30T13:25:38.000Z","updatedAt":"2022-06-30T13:25:38.000Z","balance":0},{"id":4111,"name":"JMeter user 9241","email":"jmeteruser9241@test.com","password":"1234","phone_number":"015066589241","nid":"589778","role":"Customer","createdAt":"2022-06-30T13:26:09.000Z","updatedAt":"2022-06-30T13:26:09.000Z","balance":0},{"id":4112,"name":"JMeter user 1755","email":"jmeteruser1755@test.com","password":"1234","phone_number":"015066581755","nid":"589778","role":"Customer","createdAt":"2022-06-30T13:27:08.000Z","updatedAt":"2022-06-30T13:27:09.000Z","balance":0},{"id":4113,"name":"JMeter user 9735","email":"jmeteruser9735@test.com","password":"1234","phone_number":"015066589735","nid":"589778","role":"Customer","createdAt":"2022-06-30T13:27:23.000Z","updatedAt":"2022-06-30T13:27:23.000Z","balance":0},{"id":4114,"name":"JMeter user 5954","email":"jmeteruser5954@test.com","password":"1234","phone_number":"015066585954","nid":"589778","role":"Customer","createdAt":"2022-06-30T13:28:00.000Z","updatedAt":"2022-06-30T13:28:00.000Z","balance":0},{"id":4115,"name":"JMeter user 8877","email":"jmeteruser8877@test.com","password":"1234","phone_number":"015066588877","nid":"589778","role":"Customer","createdAt":"2022-06-30T13:31:57.000Z","updatedAt":"2022-06-30T13:31:58.000Z","balance":0},{"id":4116,"name":"JMeter user 6054","email":"jmeteruser6054@test.com","password":"1234","phone_number":"015066586054","nid":"589778","role":"Customer","createdAt":"2022-06-30T13:34:05.000Z","updatedAt":"2022-06-30T13:34:06.000Z","balance":0},{"id":4117,"name":"JMeter user 8502","email":"jmeteruser8502@test.com","password":"1234","phone_number":"015066588502","nid":"589778","role":"Customer","createdAt":"2022-06-30T13:34:10.000Z","updatedAt":"2022-06-30T13:34:11.000Z","balance":0},{"id":4123,"name":"JMeter user 7852","email":"jmeteruser7852@test.com","password":"1234","phone_number":"01506657852","nid":"589778","role":"Customer","createdAt":"2022-06-30T16:16:44.000Z","updatedAt":"2022-06-30T16:16:44.000Z","balance":0},{"id":4124,"name":"JMeter user 5328","email":"jmeteruser5328@test.com","password":"1234","phone_number":"01506655328","nid":"589778","role":"Customer","createdAt":"2022-06-30T16:21:37.000Z","updatedAt":"2022-06-30T16:21:37.000Z","balance":0},{"id":4125,"name":"JMeter user 7841","email":"jmeteruser7841@test.com","password":"1234","phone_number":"016867841","nid":"589778","role":"Customer","createdAt":"2022-06-30T16:22:12.000Z","updatedAt":"2022-06-30T16:22:12.000Z","balance":0},{"id":4126,"name":"JMeter user 3868","email":"jmeteruser3868@test.com","password":"1234","phone_number":"016863868","nid":"589778","role":"Customer","createdAt":"2022-06-30T16:23:54.000Z","updatedAt":"2022-06-30T16:23:54.000Z","balance":0},{"id":4127,"name":"JMeter user 7799","email":"jmeteruser7799@test.com","password":"1234","phone_number":"016867799","nid":"589778","role":"Customer","createdAt":"2022-06-30T16:25:59.000Z","updatedAt":"2022-06-30T16:26:00.000Z","balance":0},{"id":4128,"name":"JMeter user 6231","email":"jmeteruser6231@test.com","password":"1234","phone_number":"016866231","nid":"589778","role":"Customer","createdAt":"2022-06-30T16:30:56.000Z","updatedAt":"2022-06-30T16:30:56.000Z","balance":0},{"id":4129,"name":"JMeter user 2186","email":"jmeteruser2186@test.com","password":"1234","phone_number":"01897216449","nid":"589778","role":"Customer","createdAt":"2022-06-30T16:58:18.000Z","updatedAt":"2022-06-30T16:58:18.000Z","balance":0},{"id":4130,"name":"JMeter user 2583","email":"jmeteruser2583@test.com","password":"1234","phone_number":"01506652583","nid":"589778","role":"Customer","createdAt":"2022-06-30T16:59:23.000Z","updatedAt":"2022-06-30T16:59:23.000Z","balance":0},{"id":4131,"name":"JMeter user 9077","email":"jmeteruser9077@test.com","password":"1234","phone_number":"01897216449","nid":"589778","role":"Customer","createdAt":"2022-06-30T17:02:33.000Z","updatedAt":"2022-06-30T17:02:33.000Z","balance":0},{"id":4132,"name":"JMeter user 8246","email":"jmeteruser8246@test.com","password":"1234","phone_number":"01897216449","nid":"589778","role":"Customer","createdAt":"2022-06-30T17:02:41.000Z","updatedAt":"2022-06-30T17:02:41.000Z","balance":0},{"id":4133,"name":"JMeter user 5547","email":"jmeteruser5547@test.com","password":"1234","phone_number":"01506655547","nid":"589778","role":"Customer","createdAt":"2022-06-30T17:06:00.000Z","updatedAt":"2022-06-30T17:06:00.000Z","balance":0},{"id":4134,"name":"JMeter user 8385","email":"jmeteruser8385@test.com","password":"1234","phone_number":"01506658385","nid":"589778","role":"Customer","createdAt":"2022-06-30T17:06:31.000Z","updatedAt":"2022-06-30T17:06:31.000Z","balance":0},{"id":4135,"name":"JMeter user 4867","email":"jmeteruser4867@test.com","password":"1234","phone_number":"01506654867","nid":"589778","role":"Customer","createdAt":"2022-06-30T17:06:53.000Z","updatedAt":"2022-06-30T17:06:53.000Z","balance":0},{"id":4136,"name":"JMeter user 3000","email":"jmeteruser3000@test.com","password":"1234","phone_number":"01506653000","nid":"589778","role":"Customer","createdAt":"2022-06-30T17:07:51.000Z","updatedAt":"2022-06-30T17:07:51.000Z","balance":0},{"id":4137,"name":"JMeter user 8895","email":"jmeteruser8895@test.com","password":"1234","phone_number":"016868895","nid":"589778","role":"Customer","createdAt":"2022-06-30T17:08:21.000Z","updatedAt":"2022-06-30T17:08:21.000Z","balance":0},{"id":4139,"name":"JMeter user 4843","email":"jmeteruser4843@test.com","password":"1234","phone_number":"01897216449","nid":"589778","role":"Customer","createdAt":"2022-06-30T17:09:10.000Z","updatedAt":"2022-06-30T17:09:10.000Z","balance":0},{"id":4140,"name":"JMeter user 7409","email":"jmeteruser7409@test.com","password":"1234","phone_number":"01506657409","nid":"589778","role":"Customer","createdAt":"2022-06-30T17:09:42.000Z","updatedAt":"2022-06-30T17:09:42.000Z","balance":0},{"id":4142,"name":"JMeter user 1825","email":"jmeteruser1825@test.com","password":"1234","phone_number":"01506651825","nid":"589778","role":"Agent","createdAt":"2022-06-30T17:11:18.000Z","updatedAt":"2022-06-30T17:11:18.000Z","balance":0},{"id":4143,"name":"JMeter user 2889","email":"jmeteruser2889@test.com","password":"1234","phone_number":"01506652889","nid":"589778","role":"Agent","createdAt":"2022-06-30T17:15:28.000Z","updatedAt":"2022-06-30T17:15:28.000Z","balance":0},{"id":4144,"name":"JMeter user 1085","email":"jmeteruser1085@test.com","password":"1234","phone_number":"01506651085","nid":"589778","role":"Agent","createdAt":"2022-06-30T17:17:43.000Z","updatedAt":"2022-06-30T17:17:43.000Z","balance":0},{"id":4145,"name":"JMeter user 1164","email":"jmeteruser1164@test.com","password":"1234","phone_number":"01897216449","nid":"589778","role":"Customer","createdAt":"2022-06-30T17:18:07.000Z","updatedAt":"2022-06-30T17:18:07.000Z","balance":0},{"id":4149,"name":"JMeter user 2149","email":"jmeteruser2149@test.com","password":"1234","phone_number":"016862149","nid":"589778","role":"Customer","createdAt":"2022-06-30T17:24:35.000Z","updatedAt":"2022-06-30T17:24:35.000Z","balance":0},{"id":4150,"name":"JMeter user 2175","email":"jmeteruser2175@test.com","password":"1234","phone_number":"016862175","nid":"589778","role":"Customer","createdAt":"2022-06-30T17:25:06.000Z","updatedAt":"2022-06-30T17:25:06.000Z","balance":0},{"id":4151,"name":"JMeter user 9624","email":"jmeteruser9624@test.com","password":"1234","phone_number":"01897216449","nid":"589778","role":"Customer","createdAt":"2022-06-30T17:25:54.000Z","updatedAt":"2022-06-30T17:25:54.000Z","balance":0},{"id":4152,"name":"JMeter user 7697","email":"jmeteruser7697@test.com","password":"1234","phone_number":"016867697","nid":"589778","role":"Customer","createdAt":"2022-06-30T17:26:04.000Z","updatedAt":"2022-06-30T17:26:04.000Z","balance":0},{"id":4154,"name":"JMeter user 6083","email":"jmeteruser6083@test.com","password":"1234","phone_number":"01897216449","nid":"589778","role":"Customer","createdAt":"2022-06-30T17:28:25.000Z","updatedAt":"2022-06-30T17:28:25.000Z","balance":0},{"id":4155,"name":"JMeter user 4861","email":"jmeteruser4861@test.com","password":"1234","phone_number":"01897216449","nid":"589778","role":"Customer","createdAt":"2022-06-30T17:36:40.000Z","updatedAt":"2022-06-30T17:36:40.000Z","balance":0},{"id":4158,"name":"JMeter user 3137","email":"jmeteruser3137@test.com","password":"1234","phone_number":"01897216449","nid":"589778","role":"Customer","createdAt":"2022-06-30T17:44:41.000Z","updatedAt":"2022-06-30T17:44:41.000Z","balance":0},{"id":4159,"name":"JMeter user 8927","email":"jmeteruser8927@test.com","password":"1234","phone_number":"01897216449","nid":"589778","role":"Customer","createdAt":"2022-06-30T17:50:55.000Z","updatedAt":"2022-06-30T17:50:56.000Z","balance":0},{"id":4160,"name":"Marco Bashirian","email":"Evie.Oberbrunner@hotmail.com","password":"VNOM4du0LHNCUan","phone_number":"01505558076","nid":"1235558076","role":"Customer","createdAt":"2022-06-30T17:54:20.000Z","updatedAt":"2022-06-30T17:54:20.000Z","balance":0},{"id":4161,"name":"JMeter user 9606","email":"jmeteruser9606@test.com","password":"1234","phone_number":"01897216449","nid":"589778","role":"Customer","createdAt":"2022-06-30T17:54:31.000Z","updatedAt":"2022-06-30T17:54:31.000Z","balance":0},{"id":4162,"name":"JMeter user 3344","email":"jmeteruser3344@test.com","password":"1234","phone_number":"01897216449","nid":"589778","role":"Customer","createdAt":"2022-06-30T17:54:46.000Z","updatedAt":"2022-06-30T17:54:46.000Z","balance":0},{"id":4164,"name":"JMeter user 8748","email":"jmeteruser8748@test.com","password":"1234","phone_number":"01506658748","nid":"589778","role":"Customer","createdAt":"2022-06-30T18:21:40.000Z","updatedAt":"2022-06-30T18:21:40.000Z","balance":0},{"id":4165,"name":"JMeter user 1062","email":"jmeteruser1062@test.com","password":"1234","phone_number":"01506651062","nid":"589778","role":"Customer","createdAt":"2022-06-30T18:29:57.000Z","updatedAt":"2022-06-30T18:29:57.000Z","balance":0},{"id":4166,"name":"JMeter user 1670","email":"jmeteruser1670@test.com","password":"1234","phone_number":"01506651670","nid":"589778","role":"Customer","createdAt":"2022-06-30T18:30:22.000Z","updatedAt":"2022-06-30T18:30:22.000Z","balance":0},{"id":4168,"name":"JMeter user 5367","email":"jmeteruser5367@test.com","password":"1234","phone_number":"01506655367","nid":"589778","role":"Customer","createdAt":"2022-06-30T18:32:33.000Z","updatedAt":"2022-06-30T18:32:33.000Z","balance":0},{"id":4169,"name":"JMeter user 9190","email":"jmeteruser9190@test.com","password":"1234","phone_number":"{{phoneNumber}}","nid":"589778","role":"Customer","createdAt":"2022-06-30T18:33:27.000Z","updatedAt":"2022-06-30T18:33:27.000Z","balance":0},{"id":4170,"name":"JMeter user 8106","email":"jmeteruser8106@test.com","password":"1234","phone_number":"{{phoneNumber}}","nid":"589778","role":"Customer","createdAt":"2022-06-30T18:34:06.000Z","updatedAt":"2022-06-30T18:34:06.000Z","balance":0},{"id":4171,"name":"JMeter user 8222","email":"jmeteruser8222@test.com","password":"1234","phone_number":"{{phoneNumber}}","nid":"589778","role":"Customer","createdAt":"2022-06-30T18:34:36.000Z","updatedAt":"2022-06-30T18:34:36.000Z","balance":0},{"id":4172,"name":"JMeter user 2222","email":"jmeteruser2222@test.com","password":"1234","phone_number":"{{phoneNumber}}","nid":"589778","role":"Customer","createdAt":"2022-06-30T18:34:58.000Z","updatedAt":"2022-06-30T18:34:58.000Z","balance":0},{"id":4173,"name":"JMeter user 9131","email":"jmeteruser9131@test.com","password":"1234","phone_number":"{{phoneNumber}}","nid":"589778","role":"Customer","createdAt":"2022-06-30T18:37:19.000Z","updatedAt":"2022-06-30T18:37:19.000Z","balance":0},{"id":4174,"name":"JMeter user 8295","email":"jmeteruser8295@test.com","password":"1234","phone_number":"{{phoneNumber}}","nid":"589778","role":"Customer","createdAt":"2022-06-30T18:38:55.000Z","updatedAt":"2022-06-30T18:38:55.000Z","balance":0},{"id":4175,"name":"JMeter user 1480","email":"jmeteruser1480@test.com","password":"1234","phone_number":"{{phoneNumber}}","nid":"589778","role":"Customer","createdAt":"2022-06-30T18:40:41.000Z","updatedAt":"2022-06-30T18:40:41.000Z","balance":0},{"id":4176,"name":"JMeter user 5572","email":"jmeteruser5572@test.com","password":"1234","phone_number":"01506655572","nid":"589778","role":"Customer","createdAt":"2022-06-30T18:41:28.000Z","updatedAt":"2022-06-30T18:41:28.000Z","balance":0},{"id":4177,"name":"JMeter user 2293","email":"jmeteruser2293@test.com","password":"1234","phone_number":"{{phoneNumber}}","nid":"589778","role":"Customer","createdAt":"2022-06-30T18:42:54.000Z","updatedAt":"2022-06-30T18:42:54.000Z","balance":0},{"id":4182,"name":"JMeter user 2779","email":"jmeteruser2779@test.com","password":"1234","phone_number":"01506632779","nid":"589778","role":"Customer","createdAt":"2022-06-30T18:48:58.000Z","updatedAt":"2022-06-30T18:48:59.000Z","balance":0},{"id":4183,"name":"JMeter user 2122","email":"jmeteruser2122@test.com","password":"1234","phone_number":"01506632122","nid":"589778","role":"Customer","createdAt":"2022-06-30T18:49:58.000Z","updatedAt":"2022-06-30T18:49:58.000Z","balance":0},{"id":4184,"name":"JMeter user 8358","email":"jmeteruser8358@test.com","password":"1234","phone_number":"01506638358","nid":"589778","role":"Customer","createdAt":"2022-06-30T18:51:20.000Z","updatedAt":"2022-06-30T18:51:20.000Z","balance":0},{"id":4187,"name":"JMeter user 1750","email":"jmeteruser1750@test.com","password":"1234","phone_number":"01897216449","nid":"589778","role":"Customer","createdAt":"2022-06-30T20:04:13.000Z","updatedAt":"2022-06-30T20:04:13.000Z","balance":0},{"id":4188,"name":"JMeter user 4164","email":"jmeteruser4164@test.com","password":"1234","phone_number":"01897216449","nid":"589778","role":"Customer","createdAt":"2022-06-30T20:04:34.000Z","updatedAt":"2022-06-30T20:04:34.000Z","balance":0},{"id":4196,"name":"JMeter user 8551","email":"jmeteruser8551@test.com","password":"1234","phone_number":"01897216449","nid":"589778","role":"Customer","createdAt":"2022-07-01T00:21:41.000Z","updatedAt":"2022-07-01T00:21:41.000Z","balance":0},{"id":4197,"name":"JMeter user 5909","email":"jmeteruser5909@test.com","password":"1234","phone_number":"01897216449","nid":"589778","role":"Customer","createdAt":"2022-07-01T00:24:01.000Z","updatedAt":"2022-07-01T00:24:01.000Z","balance":0},{"id":4198,"name":"JMeter user 6133","email":"jmeteruser6133@test.com","password":"1234","phone_number":"01897216449","nid":"589778","role":"Customer","createdAt":"2022-07-01T00:25:48.000Z","updatedAt":"2022-07-01T00:25:48.000Z","balance":0},{"id":4199,"name":"JMeter user 1443","email":"jmeteruser1443@test.com","password":"1234","phone_number":"01897216449","nid":"589778","role":"Customer","createdAt":"2022-07-01T00:26:48.000Z","updatedAt":"2022-07-01T00:26:48.000Z","balance":0},{"id":4200,"name":"JMeter user 5640","email":"jmeteruser5640@test.com","password":"1234","phone_number":"01897216449","nid":"589778","role":"Customer","createdAt":"2022-07-01T00:28:49.000Z","updatedAt":"2022-07-01T00:28:49.000Z","balance":0},{"id":4201,"name":"JMeter user 9088","email":"jmeteruser9088@test.com","password":"1234","phone_number":"01897216449","nid":"589778","role":"Customer","createdAt":"2022-07-01T00:28:57.000Z","updatedAt":"2022-07-01T00:28:57.000Z","balance":0},{"id":4203,"name":"JMeter user 5074","email":"jmeteruser5074@test.com","password":"1234","phone_number":"01506655074","nid":"589778","role":"Customer","createdAt":"2022-07-01T04:24:54.000Z","updatedAt":"2022-07-01T04:24:54.000Z","balance":0},{"id":4205,"name":"JMeter user 6277","email":"jmeteruser6277@test.com","password":"1234","phone_number":"01506656277","nid":"589778","role":"Customer","createdAt":"2022-07-01T04:30:11.000Z","updatedAt":"2022-07-01T04:30:11.000Z","balance":0},{"id":4206,"name":"JMeter user 4328","email":"jmeteruser4328@test.com","password":"1234","phone_number":"01506654328","nid":"589778","role":"Customer","createdAt":"2022-07-01T04:31:32.000Z","updatedAt":"2022-07-01T04:31:32.000Z","balance":0},{"id":4207,"name":"JMeter user 4820","email":"jmeteruser4820@test.com","password":"1234","phone_number":"01506654820","nid":"589778","role":"Customer","createdAt":"2022-07-01T04:31:57.000Z","updatedAt":"2022-07-01T04:31:57.000Z","balance":0},{"id":4208,"name":"JMeter user 3373","email":"jmeteruser3373@test.com","password":"1234","phone_number":"01506653373","nid":"589778","role":"Customer","createdAt":"2022-07-01T04:33:50.000Z","updatedAt":"2022-07-01T04:33:50.000Z","balance":0},{"id":4209,"name":"JMeter user 1784","email":"jmeteruser1784@test.com","password":"1234","phone_number":"01506651784","nid":"589778","role":"Customer","createdAt":"2022-07-01T04:36:44.000Z","updatedAt":"2022-07-01T04:36:44.000Z","balance":0},{"id":4210,"name":"JMeter user 4143","email":"jmeteruser4143@test.com","password":"1234","phone_number":"01897216449","nid":"589778","role":"Customer","createdAt":"2022-07-01T04:38:35.000Z","updatedAt":"2022-07-01T04:38:35.000Z","balance":0},{"id":4211,"name":"JMeter user 3731","email":"jmeteruser3731@test.com","password":"1234","phone_number":"01506653731","nid":"589778","role":"Customer","createdAt":"2022-07-01T04:41:07.000Z","updatedAt":"2022-07-01T04:41:07.000Z","balance":0},{"id":4212,"name":"JMeter user 7761","email":"jmeteruser7761@test.com","password":"1234","phone_number":"01506657761","nid":"589778","role":"Customer","createdAt":"2022-07-01T04:43:22.000Z","updatedAt":"2022-07-01T04:43:22.000Z","balance":0},{"id":4213,"name":"JMeter user 5015","email":"jmeteruser5015@test.com","password":"1234","phone_number":"01506655015","nid":"589778","role":"Customer","createdAt":"2022-07-01T04:43:57.000Z","updatedAt":"2022-07-01T04:43:57.000Z","balance":0},{"id":4214,"name":"JMeter user 2522","email":"jmeteruser2522@test.com","password":"1234","phone_number":"01506652522","nid":"589778","role":"Customer","createdAt":"2022-07-01T04:44:24.000Z","updatedAt":"2022-07-01T04:44:24.000Z","balance":0},{"id":4215,"name":"JMeter user 3264","email":"jmeteruser3264@test.com","password":"1234","phone_number":"01506653264","nid":"589778","role":"Customer","createdAt":"2022-07-01T04:45:01.000Z","updatedAt":"2022-07-01T04:45:01.000Z","balance":0},{"id":4216,"name":"JMeter user 5450","email":"jmeteruser5450@test.com","password":"1234","phone_number":"01506655450","nid":"589778","role":"Customer","createdAt":"2022-07-01T04:45:46.000Z","updatedAt":"2022-07-01T04:45:46.000Z","balance":0},{"id":4217,"name":"JMeter user 2394","email":"jmeteruser2394@test.com","password":"1234","phone_number":"01506652394","nid":"589778","role":"Customer","createdAt":"2022-07-01T04:45:49.000Z","updatedAt":"2022-07-01T04:45:49.000Z","balance":0},{"id":4218,"name":"JMeter user 6410","email":"jmeteruser6410@test.com","password":"1234","phone_number":"01506656410","nid":"589778","role":"Customer","createdAt":"2022-07-01T04:45:51.000Z","updatedAt":"2022-07-01T04:45:51.000Z","balance":0},{"id":4219,"name":"JMeter user 8806","email":"jmeteruser8806@test.com","password":"1234","phone_number":"01897216449","nid":"589778","role":"Customer","createdAt":"2022-07-01T04:46:13.000Z","updatedAt":"2022-07-01T04:46:13.000Z","balance":0},{"id":4220,"name":"JMeter user 2497","email":"jmeteruser2497@test.com","password":"1234","phone_number":"+880848","nid":"589778","role":"Customer","createdAt":"2022-07-01T04:49:08.000Z","updatedAt":"2022-07-01T04:49:08.000Z","balance":0},{"id":4222,"name":"JMeter user 6524","email":"jmeteruser6524@test.com","password":"1234","phone_number":"+880450","nid":"589778","role":"Customer","createdAt":"2022-07-01T04:49:53.000Z","updatedAt":"2022-07-01T04:49:53.000Z","balance":0},{"id":4223,"name":"JMeter user 3732","email":"jmeteruser3732@test.com","password":"1234","phone_number":"+880760","nid":"589778","role":"Customer","createdAt":"2022-07-01T04:50:19.000Z","updatedAt":"2022-07-01T04:50:19.000Z","balance":0},{"id":4224,"name":"JMeter user 6060","email":"jmeteruser6060@test.com","password":"1234","phone_number":"01897216449","nid":"589778","role":"Customer","createdAt":"2022-07-01T04:51:13.000Z","updatedAt":"2022-07-01T04:51:13.000Z","balance":0},{"id":4225,"name":"JMeter user 8909","email":"jmeteruser8909@test.com","password":"1234","phone_number":"+8801916501460","nid":"589778","role":"Customer","createdAt":"2022-07-01T04:52:24.000Z","updatedAt":"2022-07-01T04:52:24.000Z","balance":0},{"id":4226,"name":"JMeter user 5505","email":"jmeteruser5505@test.com","password":"1234","phone_number":"+8801916644","nid":"589778","role":"Customer","createdAt":"2022-07-01T04:55:08.000Z","updatedAt":"2022-07-01T04:55:08.000Z","balance":0},{"id":4227,"name":"JMeter user 7318","email":"jmeteruser7318@test.com","password":"1234","phone_number":"+8801916501720","nid":"589778","role":"Customer","createdAt":"2022-07-01T04:56:11.000Z","updatedAt":"2022-07-01T04:56:11.000Z","balance":0},{"id":4228,"name":"JMeter user 8750","email":"jmeteruser8750@test.com","password":"1234","phone_number":"+8801916501236","nid":"589778","role":"Customer","createdAt":"2022-07-01T04:56:24.000Z","updatedAt":"2022-07-01T04:56:24.000Z","balance":0},{"id":4229,"name":"JMeter user 2683","email":"jmeteruser2683@test.com","password":"1234","phone_number":"01897216449","nid":"589778","role":"Customer","createdAt":"2022-07-01T05:02:10.000Z","updatedAt":"2022-07-01T05:02:10.000Z","balance":0},{"id":4231,"name":"JMeter user 4075","email":"jmeteruser4075@test.com","password":"1234","phone_number":"01897216449","nid":"589778","role":"Customer","createdAt":"2022-07-01T05:04:20.000Z","updatedAt":"2022-07-01T05:04:20.000Z","balance":0},{"id":4232,"name":"JMeter user 9923","email":"jmeteruser9923@test.com","password":"1234","phone_number":"01506659923","nid":"589778","role":"Customer","createdAt":"2022-07-01T05:04:23.000Z","updatedAt":"2022-07-01T05:04:23.000Z","balance":0},{"id":4233,"name":"JMeter user 1606","email":"jmeteruser1606@test.com","password":"1234","phone_number":"01897216449","nid":"589778","role":"Customer","createdAt":"2022-07-01T05:05:35.000Z","updatedAt":"2022-07-01T05:05:35.000Z","balance":0},{"id":4234,"name":"JMeter user 8239","email":"jmeteruser8239@test.com","password":"1234","phone_number":"01506658239","nid":"589778","role":"Customer","createdAt":"2022-07-01T05:08:35.000Z","updatedAt":"2022-07-01T05:08:35.000Z","balance":0},{"id":4235,"name":"JMeter user 8641","email":"jmeteruser8641@test.com","password":"1234","phone_number":"01506658641","nid":"589778","role":"Customer","createdAt":"2022-07-01T05:11:19.000Z","updatedAt":"2022-07-01T05:11:19.000Z","balance":0},{"id":4236,"name":"JMeter user 1793","email":"jmeteruser1793@test.com","password":"1234","phone_number":"01506651793","nid":"589778","role":"Customer","createdAt":"2022-07-01T05:12:22.000Z","updatedAt":"2022-07-01T05:12:22.000Z","balance":0},{"id":4238,"name":"JMeter user 7192","email":"jmeteruser7192@test.com","password":"1234","phone_number":"01506657192","nid":"589778","role":"Customer","createdAt":"2022-07-01T05:13:35.000Z","updatedAt":"2022-07-01T05:13:35.000Z","balance":0},{"id":4239,"name":"JMeter user 4586","email":"jmeteruser4586@test.com","password":"1234","phone_number":"01506654586","nid":"589778","role":"Customer","createdAt":"2022-07-01T05:13:45.000Z","updatedAt":"2022-07-01T05:13:45.000Z","balance":0},{"id":4241,"name":"JMeter user 9819","email":"jmeteruser9819@test.com","password":"1234","phone_number":"01506659819","nid":"589778","role":"Customer","createdAt":"2022-07-01T05:14:28.000Z","updatedAt":"2022-07-01T05:14:28.000Z","balance":0},{"id":4247,"name":"JMeter user 4653","email":"jmeteruser4653@test.com","password":"1234","phone_number":"01506654653","nid":"589778","role":"Customer","createdAt":"2022-07-01T05:23:34.000Z","updatedAt":"2022-07-01T05:23:34.000Z","balance":0},{"id":4248,"name":"Mrs. Eduardo Stroman","email":"Mitchell_Treutel18@yahoo.com","password":"RW98wzuSAvrQKE0","phone_number":"01832374005","nid":"1237834588","role":"Customer","createdAt":"2022-07-01T06:42:25.000Z","updatedAt":"2022-07-01T06:42:34.000Z","balance":0},{"id":4250,"name":"Carmen Reinger","email":"Reynold_Grimes@gmail.com","password":"7fTds5MABnqOwHB","phone_number":"01501841037","nid":"54646464","role":"Customer","createdAt":"2022-07-01T06:50:35.000Z","updatedAt":"2022-07-02T06:28:07.000Z","balance":0},{"id":4251,"name":"JMeter user 6936","email":"jmeteruser6936@test.com","password":"1234","phone_number":"01506656936","nid":"589778","role":"Customer","createdAt":"2022-07-01T06:54:29.000Z","updatedAt":"2022-07-01T06:54:29.000Z","balance":0},{"id":4254,"name":"Toby Russel III","email":"Sylvia.Bauch@yahoo.com","password":"XZPJfVdmP6t07J4","phone_number":"01506467483","nid":"1236467483","role":"Customer","createdAt":"2022-07-01T07:19:26.000Z","updatedAt":"2022-07-01T07:19:26.000Z","balance":0},{"id":4255,"name":"Willis Haley","email":"Eleazar83@hotmail.com","password":"8569","phone_number":"01517394275","nid":"6859353860","role":"customer","createdAt":"2022-07-01T08:38:42.000Z","updatedAt":"2022-07-01T08:38:42.000Z","balance":0},{"id":4256,"name":"Wilma Russel PhD","email":"Britney_Altenwerth82@hotmail.com","password":"@1234","phone_number":"01518370294","nid":"034946794","role":"customer","createdAt":"2022-07-01T08:39:16.000Z","updatedAt":"2022-07-01T08:39:16.000Z","balance":0},{"id":4257,"name":"Ethel Witting","email":"Percy.Hodkiewicz60@hotmail.com","password":"@1234","phone_number":"01516341573","nid":"034946794","role":"customer","createdAt":"2022-07-01T08:41:57.000Z","updatedAt":"2022-07-01T08:41:57.000Z","balance":0},{"id":4258,"name":"Terrell Donnelly","email":"Lucius.Schaden29@hotmail.com","password":"5207","phone_number":"01511032672","nid":"8542787804","role":"customer","createdAt":"2022-07-01T08:42:54.000Z","updatedAt":"2022-07-01T08:42:54.000Z","balance":0},{"id":4259,"name":"Nathan Sipes","email":"Ariane_Tillman68@hotmail.com","password":"@1234","phone_number":"01512996646","nid":"034946794","role":"customer","createdAt":"2022-07-01T08:46:20.000Z","updatedAt":"2022-07-01T08:46:20.000Z","balance":0},{"id":4260,"name":"Ms. Franklin Witting","email":"Arno.Connelly@gmail.com","password":"4946","phone_number":"01515935807","nid":"7014472131","role":"customer","createdAt":"2022-07-01T08:46:28.000Z","updatedAt":"2022-07-01T08:46:28.000Z","balance":0},{"id":4261,"name":"Becky Lebsack","email":"Amely27@yahoo.com","password":"@1234","phone_number":"01511981244","nid":"034946794","role":"customer","createdAt":"2022-07-01T08:51:12.000Z","updatedAt":"2022-07-01T08:51:12.000Z","balance":0},{"id":4262,"name":"JMeter user 9707","email":"jmeteruser9707@test.com","password":"1234","phone_number":"01506659707","nid":"589778","role":"Customer","createdAt":"2022-07-01T09:21:19.000Z","updatedAt":"2022-07-01T09:21:19.000Z","balance":0},{"id":4263,"name":"JMeter user 8305","email":"jmeteruser8305@test.com","password":"1234","phone_number":"01506658305","nid":"589778","role":"Customer","createdAt":"2022-07-01T09:25:59.000Z","updatedAt":"2022-07-01T09:25:59.000Z","balance":0},{"id":4264,"name":"JMeter user 6932","email":"jmeteruser6932@test.com","password":"1234","phone_number":"01506656932","nid":"589778","role":"Customer","createdAt":"2022-07-01T09:27:23.000Z","updatedAt":"2022-07-01T09:27:23.000Z","balance":0},{"id":4265,"name":"JMeter user 9497","email":"jmeteruser9497@test.com","password":"1234","phone_number":"01506659497","nid":"589778","role":"Customer","createdAt":"2022-07-01T09:29:53.000Z","updatedAt":"2022-07-01T09:29:53.000Z","balance":0},{"id":4267,"name":"JMeter user 5387","email":"jmeteruser5387@test.com","password":"1234","phone_number":"01506655387","nid":"589778","role":"Customer","createdAt":"2022-07-01T09:31:09.000Z","updatedAt":"2022-07-01T09:31:09.000Z","balance":0},{"id":4269,"name":"JMeter user 6864","email":"jmeteruser6864@test.com","password":"1234","phone_number":"01506656864","nid":"589778","role":"Customer","createdAt":"2022-07-01T09:38:48.000Z","updatedAt":"2022-07-01T09:38:48.000Z","balance":0},{"id":4270,"name":"JMeter user 5574","email":"jmeteruser5574@test.com","password":"1234","phone_number":"01506655574","nid":"589778","role":"Customer","createdAt":"2022-07-01T09:40:03.000Z","updatedAt":"2022-07-01T09:40:03.000Z","balance":0},{"id":4271,"name":"JMeter user 2224","email":"jmeteruser2224@test.com","password":"1234","phone_number":"01506652224","nid":"589778","role":"Customer","createdAt":"2022-07-01T09:40:31.000Z","updatedAt":"2022-07-01T09:40:31.000Z","balance":0},{"id":4272,"name":"JMeter user 9343","email":"jmeteruser9343@test.com","password":"1234","phone_number":"01506659343","nid":"589778","role":"Customer","createdAt":"2022-07-01T09:42:15.000Z","updatedAt":"2022-07-01T09:42:15.000Z","balance":0},{"id":4273,"name":"JMeter user 2482","email":"jmeteruser2482@test.com","password":"1234","phone_number":"01506652482","nid":"589778","role":"Customer","createdAt":"2022-07-01T09:47:23.000Z","updatedAt":"2022-07-01T09:47:23.000Z","balance":0},{"id":4274,"name":"JMeter user 8443","email":"jmeteruser8443@test.com","password":"1234","phone_number":"01506658443","nid":"589778","role":"Customer","createdAt":"2022-07-01T09:49:10.000Z","updatedAt":"2022-07-01T09:49:10.000Z","balance":0},{"id":4275,"name":"JMeter user 5305","email":"jmeteruser5305@test.com","password":"1234","phone_number":"01506655305","nid":"589778","role":"Customer","createdAt":"2022-07-01T09:49:44.000Z","updatedAt":"2022-07-01T09:49:44.000Z","balance":0},{"id":4276,"name":"JMeter user 4218","email":"jmeteruser4218@test.com","password":"1234","phone_number":"01506654218","nid":"589778","role":"Customer","createdAt":"2022-07-01T09:53:10.000Z","updatedAt":"2022-07-01T09:53:10.000Z","balance":0},{"id":4277,"name":"JMeter user 8861","email":"jmeteruser8861@test.com","password":"1234","phone_number":"01506658861","nid":"589778","role":"Customer","createdAt":"2022-07-01T09:53:33.000Z","updatedAt":"2022-07-01T09:53:33.000Z","balance":0},{"id":4278,"name":"JMeter user 1811","email":"jmeteruser1811@test.com","password":"1234","phone_number":"01506651811","nid":"589778","role":"Customer","createdAt":"2022-07-01T09:55:09.000Z","updatedAt":"2022-07-01T09:55:09.000Z","balance":0},{"id":4279,"name":"JMeter user 6353","email":"jmeteruser6353@test.com","password":"1234","phone_number":"01506656353","nid":"589778","role":"Customer","createdAt":"2022-07-01T09:57:00.000Z","updatedAt":"2022-07-01T09:57:00.000Z","balance":0},{"id":4280,"name":"JMeter user 1456","email":"jmeteruser1456@test.com","password":"1234","phone_number":"01506651456","nid":"589778","role":"Customer","createdAt":"2022-07-01T09:58:38.000Z","updatedAt":"2022-07-01T09:58:38.000Z","balance":0},{"id":4281,"name":"JMeter user 9124","email":"jmeteruser9124@test.com","password":"1234","phone_number":"01506659124","nid":"589778","role":"Customer","createdAt":"2022-07-01T09:59:11.000Z","updatedAt":"2022-07-01T09:59:11.000Z","balance":0},{"id":4282,"name":"JMeter user 8805","email":"jmeteruser8805@test.com","password":"1234","phone_number":"01506658805","nid":"589778","role":"Customer","createdAt":"2022-07-01T09:59:42.000Z","updatedAt":"2022-07-01T09:59:42.000Z","balance":0},{"id":4283,"name":"JMeter user 3634","email":"jmeteruser3634@abc.com","password":"1234567","phone_number":"015606653634","nid":"589778","role":"Customer","createdAt":"2022-07-01T10:01:40.000Z","updatedAt":"2022-07-01T10:01:40.000Z","balance":0},{"id":4284,"name":"JMeter user 1494","email":"jmeteruser1494@abc.com","password":"1234567","phone_number":"015606651494","nid":"589778","role":"Customer","createdAt":"2022-07-01T10:06:40.000Z","updatedAt":"2022-07-01T10:06:40.000Z","balance":0},{"id":4285,"name":"JMeter user 1295","email":"jmeteruser1295@abc.com","password":"1234567","phone_number":"015606651295","nid":"589778","role":"Customer","createdAt":"2022-07-01T10:06:56.000Z","updatedAt":"2022-07-01T10:06:56.000Z","balance":0},{"id":4286,"name":"Pamela Zulauf","email":"Letha37@yahoo.com","password":"OCbSR0FcLuEz6GR","phone_number":"+8801212190542","nid":"080212190542","role":"Customer","createdAt":"2022-07-01T10:07:03.000Z","updatedAt":"2022-07-01T10:07:03.000Z","balance":0},{"id":4287,"name":"JMeter user 3668","email":"jmeteruser3668@abc.com","password":"1234567","phone_number":"015606653668","nid":"589778","role":"Customer","createdAt":"2022-07-01T10:07:04.000Z","updatedAt":"2022-07-01T10:07:04.000Z","balance":0},{"id":4288,"name":"JMeter user 5423","email":"jmeteruser5423@abc.com","password":"1234567","phone_number":"015606655423","nid":"589778","role":"Customer","createdAt":"2022-07-01T10:07:22.000Z","updatedAt":"2022-07-01T10:07:22.000Z","balance":0},{"id":4289,"name":"JMeter user 2506","email":"jmeteruser2506@abc.com","password":"1234567","phone_number":"015606652506","nid":"589778","role":"Customer","createdAt":"2022-07-01T10:07:52.000Z","updatedAt":"2022-07-01T10:07:52.000Z","balance":0},{"id":4290,"name":"JMeter user 4072","email":"jmeteruser4072@abc.com","password":"1234567","phone_number":"015606654072","nid":"589778","role":"Customer","createdAt":"2022-07-01T10:09:21.000Z","updatedAt":"2022-07-01T10:09:21.000Z","balance":0},{"id":4291,"name":"JMeter user 3785","email":"jmeteruser3785@abc.com","password":"1234567","phone_number":"015606653785","nid":"589778","role":"Customer","createdAt":"2022-07-01T10:09:43.000Z","updatedAt":"2022-07-01T10:09:43.000Z","balance":0},{"id":4292,"name":"JMeter user 2218","email":"jmeteruser2218@abc.com","password":"1234567","phone_number":"015606652218","nid":"589778","role":"Customer","createdAt":"2022-07-01T10:10:50.000Z","updatedAt":"2022-07-01T10:10:50.000Z","balance":0},{"id":4293,"name":"I K 1236","email":"ik@gmail.com","password":"1234","phone_number":"0145698756","nid":"258963","role":"Customer","createdAt":"2022-07-01T10:13:27.000Z","updatedAt":"2022-07-01T10:13:27.000Z","balance":0},{"id":4294,"name":"JMeter user 7913","email":"jmeteruser7913@abc.com","password":"1234567","phone_number":"015606657913","nid":"589778","role":"Customer","createdAt":"2022-07-01T10:13:31.000Z","updatedAt":"2022-07-01T10:13:31.000Z","balance":0},{"id":4295,"name":"JMeter user 8992","email":"jmeteruser8992@abc.com","password":"1234567","phone_number":"015606658992","nid":"589778","role":"Customer","createdAt":"2022-07-01T10:14:16.000Z","updatedAt":"2022-07-01T10:14:16.000Z","balance":0},{"id":4296,"name":"JMeter user 1601","email":"jmeteruser1601@abc.com","password":"1234567","phone_number":"015606651601","nid":"589778","role":"Customer","createdAt":"2022-07-01T10:18:35.000Z","updatedAt":"2022-07-01T10:18:35.000Z","balance":0},{"id":4298,"name":"JMeter user 3451","email":"jmeteruser3451@abc.com","password":"1234567","phone_number":"015606653451","nid":"589778","role":"Customer","createdAt":"2022-07-01T10:20:43.000Z","updatedAt":"2022-07-01T10:20:43.000Z","balance":0},{"id":4300,"name":"JMeter user 2114","email":"jmeteruser2114@abc.com","password":"1234567","phone_number":"015606652114","nid":"589778","role":"Customer","createdAt":"2022-07-01T10:23:24.000Z","updatedAt":"2022-07-01T10:23:25.000Z","balance":0},{"id":4301,"name":"JMeter user 7988","email":"jmeteruser7988@abc.com","password":"1234567","phone_number":"015606657988","nid":"589778","role":"Customer","createdAt":"2022-07-01T10:24:14.000Z","updatedAt":"2022-07-01T10:24:14.000Z","balance":0},{"id":4302,"name":"JMeter user 3346","email":"jmeteruser3346@abc.com","password":"1234567","phone_number":"015606653346","nid":"589778","role":"Customer","createdAt":"2022-07-01T10:24:23.000Z","updatedAt":"2022-07-01T10:24:23.000Z","balance":0},{"id":4303,"name":"JMeter user 3040","email":"jmeteruser3040@abc.com","password":"1234567","phone_number":"015606653040","nid":"589778","role":"Customer","createdAt":"2022-07-01T10:25:06.000Z","updatedAt":"2022-07-01T10:25:06.000Z","balance":0},{"id":4304,"name":"JMeter user 7523","email":"jmeteruser7523@abc.com","password":"1234567","phone_number":"015606657523","nid":"589778","role":"Customer","createdAt":"2022-07-01T10:25:23.000Z","updatedAt":"2022-07-01T10:25:23.000Z","balance":0},{"id":4305,"name":"JMeter user 5663","email":"jmeteruser5663@abc.com","password":"1234567","phone_number":"015606655663","nid":"589778","role":"Customer","createdAt":"2022-07-01T10:26:08.000Z","updatedAt":"2022-07-01T10:26:08.000Z","balance":0},{"id":4306,"name":"JMeter user 9104","email":"jmeteruser9104@abc.com","password":"1234567","phone_number":"015606659104","nid":"589778","role":"Customer","createdAt":"2022-07-01T10:27:43.000Z","updatedAt":"2022-07-01T10:27:43.000Z","balance":0},{"id":4307,"name":"JMeter user 8401","email":"jmeteruser8401@abc.com","password":"1234567","phone_number":"015606658401","nid":"589778","role":"Customer","createdAt":"2022-07-01T10:28:27.000Z","updatedAt":"2022-07-01T10:28:27.000Z","balance":0},{"id":4308,"name":"JMeter user 8577","email":"jmeteruser8577@abc.com","password":"1234567","phone_number":"015606658577","nid":"589778","role":"Customer","createdAt":"2022-07-01T10:29:46.000Z","updatedAt":"2022-07-01T10:29:46.000Z","balance":0},{"id":4309,"name":"JMeter user 1023","email":"jmeteruser1023@abc.com","password":"1234567","phone_number":"015606651023","nid":"589778","role":"Customer","createdAt":"2022-07-01T10:30:11.000Z","updatedAt":"2022-07-01T10:30:11.000Z","balance":0},{"id":4310,"name":"M K 1276","email":"pk@gmail.com","password":"45345","phone_number":"928145698756","nid":"2589258","role":"Customer","createdAt":"2022-07-01T10:31:07.000Z","updatedAt":"2022-07-01T10:31:07.000Z","balance":0},{"id":4311,"name":"JMeter user 5416","email":"jmeteruser5416@abc.com","password":"1234567","phone_number":"015606655416","nid":"589778","role":"Customer","createdAt":"2022-07-01T10:31:09.000Z","updatedAt":"2022-07-01T10:31:09.000Z","balance":0},{"id":4312,"name":"JMeter user 4381","email":"jmeteruser4381@abc.com","password":"1234567","phone_number":"015606654381","nid":"589778","role":"Customer","createdAt":"2022-07-01T10:32:57.000Z","updatedAt":"2022-07-01T10:32:57.000Z","balance":0},{"id":4313,"name":"JMeter user 4689","email":"jmeteruser4689@abc.com","password":"1234567","phone_number":"015606654689","nid":"589778","role":"Customer","createdAt":"2022-07-01T10:33:03.000Z","updatedAt":"2022-07-01T10:33:03.000Z","balance":0},{"id":4314,"name":"JMeter user 4808","email":"jmeteruser4808@abc.com","password":"1234567","phone_number":"015606654808","nid":"589778","role":"Customer","createdAt":"2022-07-01T10:33:27.000Z","updatedAt":"2022-07-01T10:33:27.000Z","balance":0},{"id":4315,"name":"JMeter user 8452","email":"jmeteruser8452@abc.com","password":"1234567","phone_number":"015606658452","nid":"589778","role":"Customer","createdAt":"2022-07-01T10:33:31.000Z","updatedAt":"2022-07-01T10:33:31.000Z","balance":0},{"id":4316,"name":"JMeter user 3227","email":"jmeteruser3227@abc.com","password":"1234567","phone_number":"015606653227","nid":"589778","role":"Customer","createdAt":"2022-07-01T10:33:52.000Z","updatedAt":"2022-07-01T10:33:52.000Z","balance":0},{"id":4317,"name":"JMeter user 1436","email":"jmeteruser1436@abc.com","password":"1234567","phone_number":"015606651436","nid":"589778","role":"Customer","createdAt":"2022-07-01T10:33:55.000Z","updatedAt":"2022-07-01T10:33:55.000Z","balance":0},{"id":4320,"name":"JMeter user 9464","email":"jmeteruser9464@abc.com","password":"1234567","phone_number":"015606659464","nid":"589778","role":"Customer","createdAt":"2022-07-01T10:36:34.000Z","updatedAt":"2022-07-01T10:36:34.000Z","balance":0},{"id":4321,"name":"JMeter user 5409","email":"jmeteruser5409@abc.com","password":"1234567","phone_number":"015606655409","nid":"589778","role":"Customer","createdAt":"2022-07-01T10:36:38.000Z","updatedAt":"2022-07-01T10:36:38.000Z","balance":0},{"id":4322,"name":"JMeter user 7612","email":"jmeteruser7612@abc.com","password":"1234567","phone_number":"015606657612","nid":"589778","role":"Customer","createdAt":"2022-07-01T10:36:43.000Z","updatedAt":"2022-07-01T10:36:43.000Z","balance":0},{"id":4323,"name":"JMeter user 1626","email":"jmeteruser1626@abc.com","password":"1234567","phone_number":"015606651626","nid":"589778","role":"Customer","createdAt":"2022-07-01T10:36:56.000Z","updatedAt":"2022-07-01T10:36:56.000Z","balance":0},{"id":4324,"name":"JMeter user 9263","email":"jmeteruser9263@abc.com","password":"1234567","phone_number":"015606659263","nid":"589778","role":"Customer","createdAt":"2022-07-01T10:37:14.000Z","updatedAt":"2022-07-01T10:37:14.000Z","balance":0},{"id":4325,"name":"JMeter user 8482","email":"jmeteruser8482@abc.com","password":"1234567","phone_number":"015606658482","nid":"589778","role":"Customer","createdAt":"2022-07-01T10:37:55.000Z","updatedAt":"2022-07-01T10:37:55.000Z","balance":0},{"id":4331,"name":"JMeter user 2906","email":"jmeteruser2906@abc.com","password":"1234567","phone_number":"015606652906","nid":"589778","role":"Customer","createdAt":"2022-07-01T10:40:13.000Z","updatedAt":"2022-07-01T10:40:13.000Z","balance":0},{"id":4332,"name":"JMeter user 9836","email":"jmeteruser9836@abc.com","password":"1234567","phone_number":"015606659836","nid":"589778","role":"Customer","createdAt":"2022-07-01T10:41:01.000Z","updatedAt":"2022-07-01T10:41:01.000Z","balance":0},{"id":4333,"name":"JMeter user 3142","email":"jmeteruser3142@abc.com","password":"1234567","phone_number":"015606653142","nid":"589778","role":"Customer","createdAt":"2022-07-01T10:41:37.000Z","updatedAt":"2022-07-01T10:41:37.000Z","balance":0},{"id":4334,"name":"JMeter user 6601","email":"jmeteruser6601@abc.com","password":"1234567","phone_number":"015606656601","nid":"589778","role":"Customer","createdAt":"2022-07-01T10:41:42.000Z","updatedAt":"2022-07-01T10:41:42.000Z","balance":0},{"id":4335,"name":"JMeter user 5503","email":"jmeteruser5503@abc.com","password":"1234567","phone_number":"015606655503","nid":"589778","role":"Customer","createdAt":"2022-07-01T10:43:53.000Z","updatedAt":"2022-07-01T10:43:53.000Z","balance":0},{"id":4336,"name":"JMeter user 3483","email":"jmeteruser3483@abc.com","password":"1234567","phone_number":"015606653483","nid":"589778","role":"Customer","createdAt":"2022-07-01T10:47:57.000Z","updatedAt":"2022-07-01T10:47:57.000Z","balance":0},{"id":4337,"name":"JMeter user 8852","email":"jmeteruser8852@abc.com","password":"1234567","phone_number":"015606658852","nid":"589778","role":"Customer","createdAt":"2022-07-01T10:50:59.000Z","updatedAt":"2022-07-01T10:50:59.000Z","balance":0},{"id":4338,"name":"MK user 7504","email":"pkuser7504@gmail.com","password":"45345","phone_number":"92817504","nid":"2527504","role":"Customer","createdAt":"2022-07-01T10:52:02.000Z","updatedAt":"2022-07-01T10:52:02.000Z","balance":0},{"id":4339,"name":"JMeter user 1004","email":"jmeteruser1004@abc.com","password":"1234567","phone_number":"015606651004","nid":"589778","role":"Customer","createdAt":"2022-07-01T10:52:48.000Z","updatedAt":"2022-07-01T10:52:48.000Z","balance":0},{"id":4340,"name":"JMeter user 6945","email":"jmeteruser6945@abc.com","password":"1234567","phone_number":"015606656945","nid":"589778","role":"Customer","createdAt":"2022-07-01T10:53:08.000Z","updatedAt":"2022-07-01T10:53:08.000Z","balance":0},{"id":4341,"name":"JMeter user 9005","email":"jmeteruser9005@abc.com","password":"1234567","phone_number":"015606659005","nid":"589778","role":"Customer","createdAt":"2022-07-01T10:53:43.000Z","updatedAt":"2022-07-01T10:53:43.000Z","balance":0},{"id":4342,"name":"JMeter user 3857","email":"jmeteruser3857@abc.com","password":"1234567","phone_number":"015606653857","nid":"589778","role":"Customer","createdAt":"2022-07-01T10:53:55.000Z","updatedAt":"2022-07-01T10:53:55.000Z","balance":0},{"id":4343,"name":"JMeter user 8181","email":"jmeteruser8181@abc.com","password":"1234567","phone_number":"015606658181","nid":"589778","role":"Customer","createdAt":"2022-07-01T10:53:59.000Z","updatedAt":"2022-07-01T10:53:59.000Z","balance":0},{"id":4344,"name":"JMeter user 8181","email":"jmeteruser8181@test.com","password":"1234","phone_number":"01506658181","nid":"589778","role":"Customer","createdAt":"2022-07-01T10:53:59.000Z","updatedAt":"2022-07-01T10:53:59.000Z","balance":0},{"id":4347,"name":"JMeter user 5777","email":"jmeteruser5777@abc.com","password":"1234567","phone_number":"015606655777","nid":"589778","role":"Customer","createdAt":"2022-07-01T10:54:41.000Z","updatedAt":"2022-07-01T10:54:41.000Z","balance":0},{"id":4348,"name":"JMeter user 9777","email":"jmeteruser9777@abc.com","password":"1234567","phone_number":"015606659777","nid":"589778","role":"Customer","createdAt":"2022-07-01T10:54:48.000Z","updatedAt":"2022-07-01T10:54:48.000Z","balance":0},{"id":4349,"name":"JMeter user 2969","email":"jmeteruser2969@abc.com","password":"1234567","phone_number":"015606652969","nid":"589778","role":"Customer","createdAt":"2022-07-01T10:55:09.000Z","updatedAt":"2022-07-01T10:55:09.000Z","balance":0},{"id":4351,"name":"JMeter user 7888","email":"jmeteruser7888@abc.com","password":"1234567","phone_number":"015606657888","nid":"589778","role":"Customer","createdAt":"2022-07-01T10:55:20.000Z","updatedAt":"2022-07-01T10:55:20.000Z","balance":0},{"id":4353,"name":"JMeter user 9746","email":"jmeteruser9746@abc.com","password":"1234567","phone_number":"015606659746","nid":"589778","role":"Customer","createdAt":"2022-07-01T10:55:57.000Z","updatedAt":"2022-07-01T10:55:57.000Z","balance":0},{"id":4354,"name":"JMeter user 7187","email":"jmeteruser7187@test.com","password":"1234","phone_number":"01506657187","nid":"589778","role":"Customer","createdAt":"2022-07-01T10:56:34.000Z","updatedAt":"2022-07-01T10:56:34.000Z","balance":0},{"id":4355,"name":"JMeter user 9202","email":"jmeteruser9202@abc.com","password":"1234567","phone_number":"015606659202","nid":"589778","role":"Customer","createdAt":"2022-07-01T10:56:39.000Z","updatedAt":"2022-07-01T10:56:39.000Z","balance":0},{"id":4356,"name":"JMeter user 9202","email":"jmeteruser9202@test.com","password":"1234","phone_number":"01506659202","nid":"589778","role":"Customer","createdAt":"2022-07-01T10:56:39.000Z","updatedAt":"2022-07-01T10:56:39.000Z","balance":0},{"id":4357,"name":"JMeter user 5200","email":"jmeteruser5200@test.com","password":"1234","phone_number":"01506655200","nid":"589778","role":"Customer","createdAt":"2022-07-01T10:56:40.000Z","updatedAt":"2022-07-01T10:56:40.000Z","balance":0},{"id":4360,"name":"JMeter user 5194","email":"jmeteruser5194@test.com","password":"1234","phone_number":"01506655194","nid":"589778","role":"Customer","createdAt":"2022-07-01T10:57:35.000Z","updatedAt":"2022-07-01T10:57:35.000Z","balance":0},{"id":4361,"name":"MK user 8344","email":"pkuser8344@gmail.com","password":"45345","phone_number":"92818344","nid":"2528344","role":"Customer","createdAt":"2022-07-01T10:58:55.000Z","updatedAt":"2022-07-01T10:58:55.000Z","balance":0},{"id":4362,"name":"JMeter user 3198","email":"jmeteruser3198@test.com","password":"1234","phone_number":"01506653198","nid":"589778","role":"Customer","createdAt":"2022-07-01T10:59:02.000Z","updatedAt":"2022-07-01T10:59:02.000Z","balance":0},{"id":4363,"name":"JMeter user 9962","email":"jmeteruser9962@test.com","password":"1234","phone_number":"0151705421","nid":"589778","role":"Customer","createdAt":"2022-07-01T10:59:28.000Z","updatedAt":"2022-07-01T10:59:28.000Z","balance":0},{"id":4364,"name":"JMeter user 1598","email":"jmeteruser1598@abc.com","password":"1234567","phone_number":"015606651598","nid":"589778","role":"Customer","createdAt":"2022-07-01T10:59:56.000Z","updatedAt":"2022-07-01T10:59:56.000Z","balance":0},{"id":4367,"name":"MK user 2050","email":"pkuser2050@gmail.com","password":"45345","phone_number":"92812050","nid":"2522050","role":"Customer","createdAt":"2022-07-01T11:01:05.000Z","updatedAt":"2022-07-01T11:01:05.000Z","balance":0},{"id":4370,"name":"MK user 3241","email":"pkuser3241@gmail.com","password":"45345","phone_number":"92813241","nid":"2523241","role":"Customer","createdAt":"2022-07-01T11:02:37.000Z","updatedAt":"2022-07-01T11:02:37.000Z","balance":0},{"id":4371,"name":"MK user 9270","email":"pkuser9270@gmail.com","password":"45345","phone_number":"92819270","nid":"2529270","role":"Customer","createdAt":"2022-07-01T11:03:44.000Z","updatedAt":"2022-07-01T11:03:44.000Z","balance":0},{"id":4373,"name":"MK user 9013","email":"pkuser9013@gmail.com","password":"45345","phone_number":"92819013","nid":"2529013","role":"Customer","createdAt":"2022-07-01T11:06:53.000Z","updatedAt":"2022-07-01T11:06:53.000Z","balance":0},{"id":4374,"name":"MK user 7297","email":"pkuser7297@gmail.com","password":"45345","phone_number":"92817297","nid":"2527297","role":"Customer","createdAt":"2022-07-01T11:07:34.000Z","updatedAt":"2022-07-01T11:07:34.000Z","balance":0},{"id":4375,"name":"Mrs. Kenny Skiles","email":"{{$randomEmail}}","password":"{{$randomPassword}}","phone_number":"{{phoneNumber}}","nid":"1234810551","role":"Customer","createdAt":"2022-07-01T11:07:54.000Z","updatedAt":"2022-07-01T11:07:55.000Z","balance":0},{"id":4376,"name":"MK user 8401","email":"pkuser8401@gmail.com","password":"45345","phone_number":"92818401","nid":"2528401","role":"Customer","createdAt":"2022-07-01T11:08:54.000Z","updatedAt":"2022-07-01T11:08:54.000Z","balance":0},{"id":4377,"name":"Mrs. Kenny Skiles","email":"{{$randomEmail}}","password":"{{$randomPassword}}","phone_number":"{{phoneNumber}}","nid":"1234810551","role":"Customer","createdAt":"2022-07-01T11:09:20.000Z","updatedAt":"2022-07-01T11:09:23.000Z","balance":0},{"id":4378,"name":"MK user 4273","email":"pkuser4273@gmail.com","password":"45345","phone_number":"92814273","nid":"2524273","role":"Customer","createdAt":"2022-07-01T11:09:57.000Z","updatedAt":"2022-07-01T11:09:57.000Z","balance":0},{"id":4379,"name":"MK user 6414","email":"pkuser6414@gmail.com","password":"45345","phone_number":"92816414","nid":"2526414","role":"Customer","createdAt":"2022-07-01T11:10:17.000Z","updatedAt":"2022-07-01T11:10:17.000Z","balance":0},{"id":4380,"name":"MK user 2408","email":"pkuser2408@gmail.com","password":"45345","phone_number":"92812408","nid":"2522408","role":"Customer","createdAt":"2022-07-01T11:14:15.000Z","updatedAt":"2022-07-01T11:14:15.000Z","balance":0},{"id":4381,"name":"JMeter user 2090","email":"jmeteruser2090@test.com","password":"1234","phone_number":"01506652090","nid":"589778","role":"Customer","createdAt":"2022-07-01T11:16:25.000Z","updatedAt":"2022-07-01T11:16:25.000Z","balance":0},{"id":4382,"name":"JMeter user 1132","email":"jmeteruser1132@test.com","password":"1234","phone_number":"01506651132","nid":"589778","role":"Customer","createdAt":"2022-07-01T11:16:40.000Z","updatedAt":"2022-07-01T11:16:40.000Z","balance":0},{"id":4383,"name":"JMeter user 6844","email":"jmeteruser6844@test.com","password":"1234","phone_number":"01506656844","nid":"589778","role":"Customer","createdAt":"2022-07-01T11:16:55.000Z","updatedAt":"2022-07-01T11:16:55.000Z","balance":0},{"id":4384,"name":"Mrs. Kenny Skiles","email":"{{$randomEmail}}","password":"{{$randomPassword}}","phone_number":"{{phoneNumber}}","nid":"1234810551","role":"Customer","createdAt":"2022-07-01T11:19:57.000Z","updatedAt":"2022-07-01T11:19:59.000Z","balance":0},{"id":4385,"name":"MK user 1864","email":"pkuser1864@gmail.com","password":"45345","phone_number":"92811864","nid":"2521864","role":"Customer","createdAt":"2022-07-01T11:21:02.000Z","updatedAt":"2022-07-01T11:21:02.000Z","balance":0},{"id":4386,"name":"Mrs. Kenny Skiles","email":"{{$randomEmail}}","password":"{{$randomPassword}}","phone_number":"{{phoneNumber}}","nid":"1234810551","role":"Customer","createdAt":"2022-07-01T11:22:02.000Z","updatedAt":"2022-07-01T11:22:03.000Z","balance":0},{"id":4388,"name":"Mrs. Kenny Skiles","email":"{{$randomEmail}}","password":"{{$randomPassword}}","phone_number":"{{phoneNumber}}","nid":"1234810551","role":"Customer","createdAt":"2022-07-01T11:26:12.000Z","updatedAt":"2022-07-01T11:26:14.000Z","balance":0},{"id":4390,"name":"MK user 3755","email":"pkuser3755@gmail.com","password":"45345","phone_number":"92813755","nid":"2523755","role":"Customer","createdAt":"2022-07-01T11:34:34.000Z","updatedAt":"2022-07-01T11:34:34.000Z","balance":0},{"id":4391,"name":"JMeter user 6326","email":"jmeteruser6326@test.com","password":"1234","phone_number":"01506656326","nid":"589778","role":"Customer","createdAt":"2022-07-01T11:36:03.000Z","updatedAt":"2022-07-01T11:36:03.000Z","balance":0},{"id":4392,"name":"Mrs. Kenny Skiles","email":"{{$randomEmail}}","password":"{{$randomPassword}}","phone_number":"{{phoneNumber}}","nid":"1234810551","role":"Customer","createdAt":"2022-07-01T11:36:06.000Z","updatedAt":"2022-07-01T11:36:08.000Z","balance":0},{"id":4393,"name":"Mrs. Kenny Skiles","email":"{{$randomEmail}}","password":"{{$randomPassword}}","phone_number":"{{phoneNumber}}","nid":"1234810551","role":"Customer","createdAt":"2022-07-01T11:36:11.000Z","updatedAt":"2022-07-01T11:36:14.000Z","balance":0},{"id":4394,"name":"MK user 9823","email":"pkuser9823@gmail.com","password":"45345","phone_number":"92819823","nid":"2529823","role":"Customer","createdAt":"2022-07-01T11:44:41.000Z","updatedAt":"2022-07-01T11:44:41.000Z","balance":0},{"id":4395,"name":"Mrs. Kenny Skiles","email":"{{$randomEmail}}","password":"{{$randomPassword}}","phone_number":"{{phoneNumber}}","nid":"1234810551","role":"Customer","createdAt":"2022-07-01T11:47:34.000Z","updatedAt":"2022-07-01T11:47:36.000Z","balance":0},{"id":4396,"name":"Mrs. Kenny Skiles","email":"{{$randomEmail}}","password":"{{$randomPassword}}","phone_number":"{{phoneNumber}}","nid":"1234810551","role":"Customer","createdAt":"2022-07-01T11:50:32.000Z","updatedAt":"2022-07-01T11:50:34.000Z","balance":0},{"id":4397,"name":"MK user 1958","email":"pkuser1958@gmail.com","password":"45345","phone_number":"92811958","nid":"2521958","role":"Customer","createdAt":"2022-07-01T11:55:05.000Z","updatedAt":"2022-07-01T11:55:05.000Z","balance":0},{"id":4398,"name":"MK user 8955","email":"pkuser8955@gmail.com","password":"45345","phone_number":"92818955","nid":"2528955","role":"Customer","createdAt":"2022-07-01T11:56:56.000Z","updatedAt":"2022-07-01T11:56:56.000Z","balance":0},{"id":4399,"name":"MK user 4836","email":"pkuser4836@gmail.com","password":"45345","phone_number":"92814836","nid":"2524836","role":"Customer","createdAt":"2022-07-01T11:57:14.000Z","updatedAt":"2022-07-01T11:57:14.000Z","balance":0},{"id":4400,"name":"MK user 4485","email":"pkuser4485@gmail.com","password":"45345","phone_number":"92814485","nid":"2524485","role":"Customer","createdAt":"2022-07-01T11:58:40.000Z","updatedAt":"2022-07-01T11:58:40.000Z","balance":0},{"id":4401,"name":"MK user 8525","email":"pkuser8525@gmail.com","password":"45345","phone_number":"92818525","nid":"2528525","role":"Customer","createdAt":"2022-07-01T11:59:49.000Z","updatedAt":"2022-07-01T11:59:49.000Z","balance":0},{"id":4402,"name":"MK user 4035","email":"pkuser4035@gmail.com","password":"45345","phone_number":"92814035","nid":"2524035","role":"Customer","createdAt":"2022-07-01T12:00:23.000Z","updatedAt":"2022-07-01T12:00:23.000Z","balance":0},{"id":4403,"name":"MK user 2418","email":"pkuser2418@gmail.com","password":"45345","phone_number":"92812418","nid":"2522418","role":"Customer","createdAt":"2022-07-01T12:01:53.000Z","updatedAt":"2022-07-01T12:01:53.000Z","balance":0},{"id":4404,"name":"John Mac Rio ","email":"pkuser1369@gmail.com","password":"45345","phone_number":"928189","nid":"2521369","role":"Customer","createdAt":"2022-07-01T12:03:17.000Z","updatedAt":"2022-07-01T12:03:17.000Z","balance":0},{"id":4406,"name":"JMeter user 1862","email":"jmeteruser1862@test.com","password":"1234","phone_number":"01506651862","nid":"589778","role":"Customer","createdAt":"2022-07-01T12:36:36.000Z","updatedAt":"2022-07-01T12:36:36.000Z","balance":0},{"id":4407,"name":"JMeter user 7161","email":"jmeteruser7161@test.com","password":"1234","phone_number":"01506657161","nid":"589778","role":"Customer","createdAt":"2022-07-01T12:37:16.000Z","updatedAt":"2022-07-01T12:37:16.000Z","balance":0},{"id":4408,"name":"JMeter user 6467","email":"jmeteruser6467@test.com","password":"1234","phone_number":"01506656467","nid":"589778","role":"Customer","createdAt":"2022-07-01T12:37:51.000Z","updatedAt":"2022-07-01T12:37:51.000Z","balance":0},{"id":4409,"name":"JMeter user 8816","email":"jmeteruser8816@test.com","password":"1234","phone_number":"01506658816","nid":"589778","role":"Customer","createdAt":"2022-07-01T12:38:15.000Z","updatedAt":"2022-07-01T12:38:15.000Z","balance":0},{"id":4410,"name":"JMeter user 2361","email":"jmeteruser2361@test.com","password":"1234","phone_number":"01506652361","nid":"589778","role":"Customer","createdAt":"2022-07-01T12:39:15.000Z","updatedAt":"2022-07-01T12:39:15.000Z","balance":0},{"id":4411,"name":"JMeter user 3405","email":"jmeteruser3405@test.com","password":"1234","phone_number":"01506653405","nid":"589778","role":"Customer","createdAt":"2022-07-01T12:39:43.000Z","updatedAt":"2022-07-01T12:39:43.000Z","balance":0},{"id":4412,"name":"JMeter user 2500","email":"jmeteruser2500@test.com","password":"1234","phone_number":"01506652500","nid":"589778","role":"Customer","createdAt":"2022-07-01T12:40:36.000Z","updatedAt":"2022-07-01T12:40:36.000Z","balance":0},{"id":4413,"name":"John H Done","email":"jmeteruser3742@test.com","password":"1234","phone_number":"0150662658","nid":"589778","role":"Customer","createdAt":"2022-07-01T12:41:57.000Z","updatedAt":"2022-07-01T12:41:57.000Z","balance":0},{"id":4414,"name":"Charles Chu","email":"charles.chu@example.com","password":"1234","phone_number":"166-826-4528","nid":"85455259","role":"Customer","createdAt":"2022-07-01T12:42:31.000Z","updatedAt":"2022-07-01T12:42:31.000Z","balance":0},{"id":4418,"name":"Mrs. Kenny Skiles","email":"{{$randomEmail}}","password":"{{$randomPassword}}","phone_number":"{{phoneNumber}}","nid":"1234810551","role":"Customer","createdAt":"2022-07-01T13:18:53.000Z","updatedAt":"2022-07-01T13:18:57.000Z","balance":0},{"id":4419,"name":"Mrs. Kenny Skiles","email":"{{$randomEmail}}","password":"{{$randomPassword}}","phone_number":"{{phoneNumber}}","nid":"1234810551","role":"Customer","createdAt":"2022-07-01T13:19:33.000Z","updatedAt":"2022-07-01T13:19:36.000Z","balance":0},{"id":4420,"name":"Mrs. Kenny Skiles","email":"{{$randomEmail}}","password":"{{$randomPassword}}","phone_number":"{{phoneNumber}}","nid":"1234810551","role":"Customer","createdAt":"2022-07-01T13:21:04.000Z","updatedAt":"2022-07-01T13:21:07.000Z","balance":0},{"id":4421,"name":"Mrs. Kenny Skiles","email":"{{$randomEmail}}","password":"{{$randomPassword}}","phone_number":"{{phoneNumber}}","nid":"1234810551","role":"Customer","createdAt":"2022-07-01T13:27:14.000Z","updatedAt":"2022-07-01T13:27:16.000Z","balance":0},{"id":4422,"name":"Mrs. Kenny Skiles","email":"{{$randomEmail}}","password":"{{$randomPassword}}","phone_number":"{{phoneNumber}}","nid":"1234810551","role":"Customer","createdAt":"2022-07-01T13:27:25.000Z","updatedAt":"2022-07-01T13:27:30.000Z","balance":0},{"id":4423,"name":"Mrs. Kenny Skiles","email":"{{$randomEmail}}","password":"{{$randomPassword}}","phone_number":"{{phoneNumber}}","nid":"1234810551","role":"Customer","createdAt":"2022-07-01T13:33:05.000Z","updatedAt":"2022-07-01T13:33:06.000Z","balance":0},{"id":4424,"name":"JMeter user 7195","email":"jmeteruser7195@abc.com","password":"1234567","phone_number":"015606657195","nid":"589778","role":"Customer","createdAt":"2022-07-01T13:33:35.000Z","updatedAt":"2022-07-01T13:33:35.000Z","balance":0},{"id":4427,"name":"JMeter user 7635","email":"jmeteruser7635@test.com","password":"1234","phone_number":"01506657635","nid":"589778","role":"Customer","createdAt":"2022-07-01T13:40:58.000Z","updatedAt":"2022-07-01T13:40:58.000Z","balance":0},{"id":4428,"name":"Mrs. Kenny Skiles","email":"{{$randomEmail}}","password":"{{$randomPassword}}","phone_number":"{{phoneNumber}}","nid":"1234810551","role":"Customer","createdAt":"2022-07-01T13:41:12.000Z","updatedAt":"2022-07-01T13:41:17.000Z","balance":0},{"id":4430,"name":"JMeter user 7299","email":"jmeteruser7299@abc.com","password":"1234567","phone_number":"015606657299","nid":"589778","role":"Customer","createdAt":"2022-07-01T13:45:13.000Z","updatedAt":"2022-07-01T13:45:13.000Z","balance":0},{"id":4432,"name":"Mrs. Kenny Skiles","email":"{{$randomEmail}}","password":"{{$randomPassword}}","phone_number":"{{phoneNumber}}","nid":"1234810551","role":"Customer","createdAt":"2022-07-01T13:54:05.000Z","updatedAt":"2022-07-01T13:54:07.000Z","balance":0},{"id":4433,"name":"Mrs. Kenny Skiles","email":"{{$randomEmail}}","password":"{{$randomPassword}}","phone_number":"{{phoneNumber}}","nid":"1234810551","role":"Customer","createdAt":"2022-07-01T13:55:47.000Z","updatedAt":"2022-07-01T13:55:50.000Z","balance":0},{"id":4434,"name":"Mrs. Kenny Skiles","email":"{{$randomEmail}}","password":"{{$randomPassword}}","phone_number":"{{phoneNumber}}","nid":"1234810551","role":"Customer","createdAt":"2022-07-01T13:56:28.000Z","updatedAt":"2022-07-01T13:56:29.000Z","balance":0},{"id":4435,"name":"Mrs. Kenny Skiles","email":"{{$randomEmail}}","password":"{{$randomPassword}}","phone_number":"{{phoneNumber}}","nid":"1234810551","role":"Customer","createdAt":"2022-07-01T13:56:50.000Z","updatedAt":"2022-07-01T13:56:53.000Z","balance":0},{"id":4436,"name":"Mrs. Kenny Skiles","email":"{{$randomEmail}}","password":"{{$randomPassword}}","phone_number":"{{phoneNumber}}","nid":"1234810551","role":"Customer","createdAt":"2022-07-01T14:08:36.000Z","updatedAt":"2022-07-01T14:08:38.000Z","balance":0},{"id":4437,"name":"Mrs. Kenny Skiles","email":"{{$randomEmail}}","password":"{{$randomPassword}}","phone_number":"{{phoneNumber}}","nid":"1234810551","role":"Customer","createdAt":"2022-07-01T14:11:11.000Z","updatedAt":"2022-07-01T14:11:13.000Z","balance":0},{"id":4438,"name":"Mrs. Kenny Skiles","email":"{{$randomEmail}}","password":"{{$randomPassword}}","phone_number":"{{phoneNumber}}","nid":"1234810551","role":"Customer","createdAt":"2022-07-01T14:14:55.000Z","updatedAt":"2022-07-01T14:14:57.000Z","balance":0},{"id":4439,"name":"Mrs. Kenny Skiles","email":"{{$randomEmail}}","password":"{{$randomPassword}}","phone_number":"{{phoneNumber}}","nid":"1234810551","role":"Customer","createdAt":"2022-07-01T14:20:49.000Z","updatedAt":"2022-07-01T14:20:51.000Z","balance":0},{"id":4440,"name":"Mrs. Kenny Skiles","email":"{{$randomEmail}}","password":"{{$randomPassword}}","phone_number":"{{phoneNumber}}","nid":"1234810551","role":"Customer","createdAt":"2022-07-01T14:21:34.000Z","updatedAt":"2022-07-01T14:21:35.000Z","balance":0},{"id":4441,"name":"Mrs. Kenny Skiles","email":"{{$randomEmail}}","password":"{{$randomPassword}}","phone_number":"{{phoneNumber}}","nid":"1234810551","role":"Customer","createdAt":"2022-07-01T14:22:23.000Z","updatedAt":"2022-07-01T14:22:25.000Z","balance":0},{"id":4442,"name":"Mrs. Kenny Skiles","email":"Ben_Towne38@yahoo.com","password":"VR4okZnSG7Gd8aP","phone_number":"01505077997","nid":"1234810551","role":"Customer","createdAt":"2022-07-01T14:24:27.000Z","updatedAt":"2022-07-01T14:25:32.000Z","balance":0},{"id":4446,"name":"JMeter user 7425","email":"jmeteruser7425@test.com","password":"1234","phone_number":"01506657425","nid":"589778","role":"Customer","createdAt":"2022-07-01T14:58:44.000Z","updatedAt":"2022-07-01T14:58:44.000Z","balance":0},{"id":4447,"name":"Mrs. Kenny Skiles","email":"{{$randomEmail}}","password":"{{$randomPassword}}","phone_number":"{{phoneNumber}}","nid":"1234810551","role":"Customer","createdAt":"2022-07-01T15:04:11.000Z","updatedAt":"2022-07-01T15:04:14.000Z","balance":0},{"id":4450,"name":"JMeter user 8250","email":"jmeteruser8250@test.com","password":"1234","phone_number":"01506658250","nid":"589778","role":"Customer","createdAt":"2022-07-01T15:16:37.000Z","updatedAt":"2022-07-01T15:16:37.000Z","balance":0},{"id":4451,"name":"Mr John Done","email":"jmeteruser6263@test.com","password":"420","phone_number":"01506656263","nid":"589778","role":"Customer","createdAt":"2022-07-01T15:17:16.000Z","updatedAt":"2022-07-01T15:17:16.000Z","balance":0},{"id":4457,"name":"JMeter user 6200","email":"jmeteruser6200@abc.com","password":"1234567","phone_number":"015606656200","nid":"589778","role":"Customer","createdAt":"2022-07-01T15:42:22.000Z","updatedAt":"2022-07-01T15:42:22.000Z","balance":0},{"id":4458,"name":"JMeter user 5821","email":"jmeteruser5821@abc.com","password":"1234567","phone_number":"015606655821","nid":"589778","role":"Customer","createdAt":"2022-07-01T15:42:55.000Z","updatedAt":"2022-07-01T15:42:55.000Z","balance":0},{"id":4459,"name":"JMeter user 5939","email":"jmeteruser5939@test.com","password":"1234","phone_number":"015606655939","nid":"589778","role":"Customer","createdAt":"2022-07-01T15:43:21.000Z","updatedAt":"2022-07-01T15:43:21.000Z","balance":0},{"id":4461,"name":"JMeter user 4817","email":"jmeteruser4817@test.com","password":"1234","phone_number":"+8801580860691","nid":"589778","role":"Customer","createdAt":"2022-07-01T15:45:48.000Z","updatedAt":"2022-07-01T15:45:48.000Z","balance":0},{"id":4471,"name":"JMeter user 5825","email":"jmeteruser5825@test.com","password":"1234","phone_number":"01506655825","nid":"589778","role":"Customer","createdAt":"2022-07-01T15:50:04.000Z","updatedAt":"2022-07-01T15:50:04.000Z","balance":0},{"id":4481,"name":"Mrs. Kenny Skiles","email":"{{$randomEmail}}","password":"{{$randomPassword}}","phone_number":"{{phoneNumber}}","nid":"1234810551","role":"Customer","createdAt":"2022-07-01T15:57:23.000Z","updatedAt":"2022-07-01T15:57:29.000Z","balance":0},{"id":4486,"name":"Mrs. Kenny Skiles","email":"{{$randomEmail}}","password":"{{$randomPassword}}","phone_number":"{{phoneNumber}}","nid":"1234810551","role":"Customer","createdAt":"2022-07-01T16:18:20.000Z","updatedAt":"2022-07-01T16:18:23.000Z","balance":0},{"id":4498,"name":"Muriel Bradtke","email":"Jeanie2@yahoo.com","password":"7qKzzndedN6D9wN","phone_number":"+8801140130679","nid":"080140130679","role":"Customer","createdAt":"2022-07-01T17:28:49.000Z","updatedAt":"2022-07-01T17:28:49.000Z","balance":0},{"id":4500,"name":"Kristine Feeney","email":"Luther95@yahoo.com","password":"0gP6VI8fyAp6za0","phone_number":"+8801233567968","nid":"080233567968","role":"Customer","createdAt":"2022-07-01T17:31:40.000Z","updatedAt":"2022-07-01T17:31:40.000Z","balance":0},{"id":4514,"name":"Francis Hills","email":"Zoie.Heathcote87@hotmail.com","password":"MGI7GOanxz8vY5N","phone_number":"+8801218927384","nid":"080218927384","role":"Customer","createdAt":"2022-07-01T17:48:15.000Z","updatedAt":"2022-07-01T17:48:15.000Z","balance":0},{"id":4518,"name":"Elijah Fadel","email":"Esperanza63@yahoo.com","password":"Ex7V0mdSfsSzwKX","phone_number":"01502506160","nid":"1232506160","role":"Customer","createdAt":"2022-07-01T17:49:43.000Z","updatedAt":"2022-07-01T17:49:43.000Z","balance":0},{"id":4519,"name":"Jessie Heaney","email":"Hannah.Kohler@gmail.com","password":"Sw_TJ9sGtXTSzwb","phone_number":"+8801107260661","nid":"080107260661","role":"Customer","createdAt":"2022-07-01T17:51:30.000Z","updatedAt":"2022-07-01T17:51:30.000Z","balance":0},{"id":4526,"name":"JMeter user 4815","email":"jmeteruser4815@test.com","password":"1234","phone_number":"01506654815","nid":"589778","role":"Customer","createdAt":"2022-07-01T18:00:40.000Z","updatedAt":"2022-07-01T18:00:40.000Z","balance":0},{"id":4528,"name":"automation test","email":"test@gmail.com","password":"1234","phone_number":"0158888524","nid":"{{nid}}","role":"Customer","createdAt":"2022-07-04T18:13:17.000Z","updatedAt":"2022-07-04T18:13:17.000Z","balance":0},{"id":4533,"name":"Amir","email":"amir.roussel@example.com","password":"1234","phone_number":"079 710 12 29","nid":"555514754","role":"Customer","createdAt":"2022-07-06T08:09:50.000Z","updatedAt":"2022-07-06T08:09:50.000Z","balance":0},{"id":4534,"name":"Albane","email":"albane.robin@example.com","password":"1234","phone_number":"03-10-12-63-42","nid":"555514754","role":"Customer","createdAt":"2022-07-06T08:10:37.000Z","updatedAt":"2022-07-06T08:10:37.000Z","balance":0},{"id":4535,"name":"Solomon","email":"solomon.goloborodko@example.com","password":"1234","phone_number":"(096) M07-8983","nid":"555514754","role":"Customer","createdAt":"2022-07-06T08:11:30.000Z","updatedAt":"2022-07-06T08:11:30.000Z","balance":0},{"id":4536,"name":"Sazzad Hossazin","email":"forazi@example.com","password":"1234567","phone_number":"01989816594","nid":"555514754","role":"Customer","createdAt":"2022-07-06T08:12:58.000Z","updatedAt":"2022-07-06T08:54:36.000Z","balance":0},{"id":4538,"name":"Sofia","email":"sofia.moller@example.com","password":"1234","phone_number":"09542266","nid":"555514754","role":"Customer","createdAt":"2022-07-06T08:18:13.000Z","updatedAt":"2022-07-06T08:18:13.000Z","balance":0},{"id":4539,"name":"Eli","email":"eli.lee@example.com","password":"1234","phone_number":"(366)-895-9995","nid":"555514754","role":"Customer","createdAt":"2022-07-06T08:22:07.000Z","updatedAt":"2022-07-06T08:22:07.000Z","balance":0},{"id":4540,"name":"Irina","email":"irina.milovanovic@example.com","password":"1234","phone_number":"023-0723-782","nid":"555514754","role":"Customer","createdAt":"2022-07-06T08:23:37.000Z","updatedAt":"2022-07-06T08:23:37.000Z","balance":0},{"id":4541,"name":"Millie","email":"millie.jackson@example.com","password":"1234","phone_number":"(094)-744-3239","nid":"555514754","role":"Customer","createdAt":"2022-07-06T08:28:48.000Z","updatedAt":"2022-07-06T08:28:48.000Z","balance":0},{"id":4542,"name":"Af?ar","email":"afsar.nalbantoglu@example.com","password":"1234","phone_number":"(606)-855-9538","nid":"555514754","role":"Customer","createdAt":"2022-07-06T08:30:09.000Z","updatedAt":"2022-07-06T08:30:09.000Z","balance":0},{"id":4543,"name":"Mateusz","email":"mateusz.auestad@example.com","password":"1234","phone_number":"87698920","nid":"555514754","role":"Customer","createdAt":"2022-07-06T08:32:13.000Z","updatedAt":"2022-07-06T08:32:13.000Z","balance":0},{"id":4545,"name":"Rick","email":"rick.garrett@example.com","password":"1234","phone_number":"00-3853-7637","nid":"555514754","role":"Customer","createdAt":"2022-07-06T08:48:09.000Z","updatedAt":"2022-07-06T08:48:09.000Z","balance":0},{"id":4546,"name":"Ezra","email":"ezra.wright@example.com","password":"1234","phone_number":"(254)-195-9112","nid":"555514754","role":"Customer","createdAt":"2022-07-06T08:50:18.000Z","updatedAt":"2022-07-06T08:50:18.000Z","balance":0},{"id":4547,"name":"????","email":"ard.hsyny@example.com","password":"1234","phone_number":"073-29618309","nid":"555514754","role":"Customer","createdAt":"2022-07-06T08:54:39.000Z","updatedAt":"2022-07-06T08:54:39.000Z","balance":0},{"id":4549,"name":"Adrián Benítez","email":"adrian.benitez@example.com","password":"1234","phone_number":"974-967-496","nid":"1236506871","role":"Customer","createdAt":"2022-07-07T16:40:15.000Z","updatedAt":"2022-07-07T16:40:15.000Z","balance":0},{"id":4552,"name":"Carmen Reinger","email":"Tressie.Koelpin73@hotmail.com","password":"GDRhN_zZRafGZLN","phone_number":"01502098492","nid":"54646464","role":"Customer","createdAt":"2022-07-08T18:04:43.000Z","updatedAt":"2022-07-08T18:16:24.000Z","balance":0},{"id":4553,"name":"Sandro Chevalier","email":"sandro.chevalier@example.com","password":"1234","phone_number":"05-75-18-94-64","nid":"63518522","role":"Customer","createdAt":"2022-07-08T18:04:58.000Z","updatedAt":"2022-07-08T18:04:58.000Z","balance":0},{"id":4555,"name":"Gabrielle Morin","email":"gabrielle.morin@example.com","password":"1234","phone_number":"E53 W45-0587","nid":"1234899966","role":"Customer","createdAt":"2022-07-09T14:13:33.000Z","updatedAt":"2022-07-09T14:13:33.000Z","balance":0},{"id":4557,"name":"Nikolaj Jensen","email":"nikolaj.jensen@example.com","password":"1234","phone_number":"53358287","nid":"1237532227","role":"Customer","createdAt":"2022-07-09T15:03:34.000Z","updatedAt":"2022-07-09T15:03:34.000Z","balance":0},{"id":4558,"name":"rakhi","email":"rakhi@grr.la","password":"123456","phone_number":"01764602157","nid":"5689903","role":"customer","createdAt":"2022-07-10T17:04:54.000Z","updatedAt":"2022-07-10T17:04:54.000Z","balance":0},{"id":4559,"name":"Mr. Veronica Bartell","email":"Ward.Dibbert@gmail.com","password":"12345678","phone_number":"01506917468","nid":"45851874","role":"Customer","createdAt":"2022-07-10T18:38:11.000Z","updatedAt":"2022-07-10T18:38:11.000Z","balance":0},{"id":4560,"name":"Jimmie Conn","email":"Lauryn.Yost@yahoo.com","password":"12345678","phone_number":"01509636848","nid":"1239636848","role":"Customer","createdAt":"2022-07-10T18:48:28.000Z","updatedAt":"2022-07-10T18:48:28.000Z","balance":0},{"id":4564,"name":"Pete Reilly","email":"Hiram.VonRueden99@gmail.com","password":"12345678","phone_number":"01502894221","nid":"1232894221","role":"Customer","createdAt":"2022-07-11T14:41:01.000Z","updatedAt":"2022-07-11T14:41:01.000Z","balance":0},{"id":4565,"name":"Geneva Schumm","email":"Hassie34@hotmail.com","password":"12345678","phone_number":"01501311321","nid":"1231311321","role":"Customer","createdAt":"2022-07-11T14:41:15.000Z","updatedAt":"2022-07-11T14:41:15.000Z","balance":0},{"id":4570,"name":"Edwin Gibson","email":"Chet58@yahoo.com","password":"R03md933fecBcWK","phone_number":"01749953912","nid":"4569953912","role":"Customer","createdAt":"2022-07-11T17:26:04.000Z","updatedAt":"2022-07-11T17:26:04.000Z","balance":0},{"id":4571,"name":"Juan Frami","email":"Kayden_Rau@gmail.com","password":"WNgwJsIoUnyi4pt","phone_number":"01748638214","nid":"4568638214","role":"Customer","createdAt":"2022-07-11T17:27:38.000Z","updatedAt":"2022-07-11T17:27:38.000Z","balance":0},{"id":4572,"name":"Gary Parisian","email":"Johnny.Gottlieb@yahoo.com","password":"MeKorRFStS4Uy7_","phone_number":"01743313825","nid":"4563313825","role":"Customer","createdAt":"2022-07-11T17:35:40.000Z","updatedAt":"2022-07-11T17:35:40.000Z","balance":0},{"id":4573,"name":"Mrs. Bertha Borer","email":"Dahlia57@hotmail.com","password":"kqHHRTXuJLdjVzu","phone_number":"01746052972","nid":"4566052972","role":"Customer","createdAt":"2022-07-11T17:37:19.000Z","updatedAt":"2022-07-11T17:37:19.000Z","balance":0},{"id":4574,"name":"Ms. Elsie Schuppe","email":"Maynard_Schmidt71@yahoo.com","password":"b8NNPCs73Ewvrnl","phone_number":"01745672398","nid":"4565672398","role":"Customer","createdAt":"2022-07-11T17:38:06.000Z","updatedAt":"2022-07-11T17:38:06.000Z","balance":0},{"id":4575,"name":"Darlene Leuschke Jr.","email":"Ricardo_Fisher40@gmail.com","password":"HFv_CGwkLX8XdfK","phone_number":"01748326490","nid":"4568326490","role":"Customer","createdAt":"2022-07-11T17:38:27.000Z","updatedAt":"2022-07-11T17:38:27.000Z","balance":0},{"id":4576,"name":"Forrest Thiel","email":"Jaida.Reilly@yahoo.com","password":"FsRnGrPnrNRtZbD","phone_number":"01749692154","nid":"4569692154","role":"Customer","createdAt":"2022-07-11T20:07:33.000Z","updatedAt":"2022-07-11T20:07:33.000Z","balance":0},{"id":4583,"name":"Rafael Herman","email":"Loren_Koelpin44@hotmail.com","password":"BSIdaztXjbr1W7m","phone_number":"01504171965","nid":"1234171965","role":"Customer","createdAt":"2022-07-12T19:52:54.000Z","updatedAt":"2022-07-12T19:52:54.000Z","balance":0},{"id":4587,"name":"JMeter user 101","email":"jmeteruser101@test.com","password":"1234","phone_number":"01506456541","nid":"589678","role":"Customer","createdAt":"2022-07-17T18:50:56.000Z","updatedAt":"2022-07-17T18:50:56.000Z","balance":0},{"id":4588,"name":"JMeter user 4173","email":"jmeteruser4173@test.com","password":"1234","phone_number":"0150644173","nid":"589678","role":"Customer","createdAt":"2022-07-18T07:27:32.000Z","updatedAt":"2022-07-18T07:27:32.000Z","balance":0},{"id":4589,"name":"JMeter user 7631","email":"jmeteruser7631@test.com","password":"1234","phone_number":"0150647631","nid":"589678","role":"Customer","createdAt":"2022-07-18T07:52:04.000Z","updatedAt":"2022-07-18T07:52:04.000Z","balance":0},{"id":4590,"name":"JMeter user 9631","email":"jmeteruser9631@test.com","password":"1234","phone_number":"0150649631","nid":"589678","role":"Customer","createdAt":"2022-07-18T08:05:59.000Z","updatedAt":"2022-07-18T08:05:59.000Z","balance":0},{"id":4591,"name":"JMeter user 5370","email":"jmeteruser5370@test.com","password":"1234","phone_number":"0150645370","nid":"589678","role":"Customer","createdAt":"2022-07-18T08:06:07.000Z","updatedAt":"2022-07-18T08:06:07.000Z","balance":0},{"id":4592,"name":"JMeter user 2397","email":"jmeteruser2397@test.com","password":"1234","phone_number":"0150642397","nid":"589678","role":"Customer","createdAt":"2022-07-18T09:19:43.000Z","updatedAt":"2022-07-18T09:19:43.000Z","balance":0},{"id":4593,"name":"JMeter user 7407","email":"jmeteruser7407@test.com","password":"1234","phone_number":"0150647407","nid":"589678","role":"Customer","createdAt":"2022-07-18T09:53:19.000Z","updatedAt":"2022-07-18T09:53:19.000Z","balance":0},{"id":4594,"name":"JMeter user 6069","email":"jmeteruser6069@test.com","password":"1234","phone_number":"0150646069","nid":"589678","role":"Customer","createdAt":"2022-07-18T09:54:27.000Z","updatedAt":"2022-07-18T09:54:27.000Z","balance":0},{"id":4595,"name":"JMeter user 8649","email":"jmeteruser8649@test.com","password":"1234","phone_number":"0150648649","nid":"589678","role":"Customer","createdAt":"2022-07-18T09:54:32.000Z","updatedAt":"2022-07-18T09:54:32.000Z","balance":0},{"id":4596,"name":"JMeter user 8012","email":"jmeteruser8012@test.com","password":"1234","phone_number":"0150648012","nid":"589678","role":"Customer","createdAt":"2022-07-18T10:03:05.000Z","updatedAt":"2022-07-18T10:03:05.000Z","balance":0},{"id":4597,"name":"JMeter user 7328","email":"jmeteruser7328@test.com","password":"1234","phone_number":"0150647328","nid":"589678","role":"Customer","createdAt":"2022-07-18T10:04:02.000Z","updatedAt":"2022-07-18T10:04:02.000Z","balance":0},{"id":4598,"name":"Neil Weimann","email":"Cesar_Padberg@gmail.com","password":"SKWP7vcO5cdG9zr","phone_number":"01504771949","nid":"1234771949","role":"Customer","createdAt":"2022-07-18T17:18:19.000Z","updatedAt":"2022-07-18T17:18:19.000Z","balance":0},{"id":4599,"name":"Marcia Skiles","email":"Eliane_Murphy78@gmail.com","password":"VCVLT5G3a7a9oHv","phone_number":"01501992253","nid":"1231992253","role":"Customer","createdAt":"2022-07-18T17:19:30.000Z","updatedAt":"2022-07-18T17:19:30.000Z","balance":0},{"id":4600,"name":"Ellis Dare DVM","email":"Marcella_Kutch48@hotmail.com","password":"lVy57qqqr1vwCA2","phone_number":"01503484924","nid":"1233484924","role":"Customer","createdAt":"2022-07-18T17:40:16.000Z","updatedAt":"2022-07-18T17:40:16.000Z","balance":0},{"id":4603,"name":"Arlo Hall","email":"arlo.hall@example.com","password":"1234","phone_number":"(686)-206-7241","nid":"1234244209","role":"Customer","createdAt":"2022-07-20T21:57:19.000Z","updatedAt":"2022-07-20T21:57:19.000Z","balance":0},{"id":4604,"name":"Waino  Reichert  Glenda Adams","email":"userb33974@grr.la","password":"asdf1234","phone_number":"956-963-4194","nid":"100000000","role":"Customer","createdAt":"2022-07-24T16:56:34.000Z","updatedAt":"2022-07-24T16:56:34.000Z","balance":0},{"id":4605,"name":"Grishma Ramesh","email":"grishma.ramesh@example.com","password":"asdf1234","phone_number":"7735555323","nid":"88270116","role":"Customer","createdAt":"2022-07-24T17:01:13.000Z","updatedAt":"2022-07-24T17:01:13.000Z","balance":0},{"id":4608,"name":"Valerie Rau","email":"Casey20@hotmail.com","password":"C45rGBBfKpXCKXQ","phone_number":"01505360926","nid":"1235360926","role":"Customer","createdAt":"2022-07-26T15:52:14.000Z","updatedAt":"2022-07-26T15:52:14.000Z","balance":0},{"id":4609,"name":"Arturo Kihn","email":"Rebeka_Kautzer81@yahoo.com","password":"sEMdq0J4iYyEnFM","phone_number":"01501406196","nid":"1231406196","role":"Customer","createdAt":"2022-08-01T23:34:57.000Z","updatedAt":"2022-08-01T23:34:57.000Z","balance":0},{"id":4610,"name":"Esther Stamm","email":"Lora_Mayert22@gmail.com","password":"bvmIKZ_qzxL8tPy","phone_number":"01502877455","nid":"1232877455","role":"Customer","createdAt":"2022-08-02T00:29:23.000Z","updatedAt":"2022-08-02T00:29:23.000Z","balance":0},{"id":4611,"name":"Jan Funk","email":"Alexandrea_Bode51@hotmail.com","password":"NHm31V5xajeugyD","phone_number":"01505649403","nid":"1235649403","role":"Customer","createdAt":"2022-08-02T00:33:15.000Z","updatedAt":"2022-08-02T00:33:15.000Z","balance":0},{"id":4613,"name":"Thelma Wehner","email":"Jazmyne.Ritchie97@gmail.com","password":"dctS048cMbv7u8u","phone_number":"01512547896","nid":"1233458038","role":"Customer","createdAt":"2022-08-02T23:45:47.000Z","updatedAt":"2022-08-03T00:10:56.000Z","balance":0},{"id":4614,"name":"Elizabeth Kihn","email":"Granville_Keeling98@hotmail.com","password":"TNCy0PT8LSnAKw_","phone_number":"01512547896","nid":"1235896709","role":"Customer","createdAt":"2022-08-03T00:11:54.000Z","updatedAt":"2022-08-03T00:16:58.000Z","balance":0},{"id":4617,"name":"Alton Rau","email":"Charlene60@gmail.com","password":"JpkLu7CBwCkPh0L","phone_number":"01504184752","nid":"1234184752","role":"Customer","createdAt":"2022-08-03T00:23:11.000Z","updatedAt":"2022-08-03T00:23:11.000Z","balance":0},{"id":4618,"name":"Paul Champlin","email":"Ashton.Hansen15@gmail.com","password":"UpozbUjuAlrJw0W","phone_number":"01504267079","nid":"1234267079","role":"Customer","createdAt":"2022-08-03T03:15:09.000Z","updatedAt":"2022-08-03T03:15:09.000Z","balance":0},{"id":4619,"name":"Dr. Adam Spinka","email":"Bruce37@gmail.com","password":"8AIFvblh8p5VlKe","phone_number":"01506525380","nid":"1236525380","role":"Customer","createdAt":"2022-08-03T03:16:29.000Z","updatedAt":"2022-08-03T03:16:29.000Z","balance":0},{"id":4623,"name":"Väinö Wuori","email":"vaino.wuori@example.com","password":"1234","phone_number":"03-820-562","nid":"95941077","role":"Customer","createdAt":"2022-08-03T11:58:57.000Z","updatedAt":"2022-08-03T11:58:57.000Z","balance":0},{"id":4625,"name":"Joe Lakin","email":"Cortney_Hodkiewicz@gmail.com","password":"WZVcCmqYvF8HW1X","phone_number":"01504122980","nid":"1234122980","role":"Customer","createdAt":"2022-08-03T13:52:56.000Z","updatedAt":"2022-08-03T13:52:56.000Z","balance":0},{"id":4626,"name":"Darnell Weissnat","email":"Madge42@yahoo.com","password":"nW_sW9T8GcsF99H","phone_number":"01506853108","nid":"1236853108","role":"Customer","createdAt":"2022-08-03T13:53:07.000Z","updatedAt":"2022-08-03T13:53:07.000Z","balance":0},{"id":4627,"name":"Carrie Krajcik","email":"Easter.Bernhard@hotmail.com","password":"ZtRv8DoSTHyXUxH","phone_number":"01504746195","nid":"1234746195","role":"Customer","createdAt":"2022-08-03T13:53:10.000Z","updatedAt":"2022-08-03T13:53:10.000Z","balance":0},{"id":4628,"name":"James Friesen PhD","email":"Dale35@yahoo.com","password":"_x47mmmkFGIdARQ","phone_number":"01503550054","nid":"1233550054","role":"Customer","createdAt":"2022-08-03T13:53:11.000Z","updatedAt":"2022-08-03T13:53:11.000Z","balance":0},{"id":4629,"name":"Lionel Connelly","email":"Fausto35@hotmail.com","password":"llvJrEbdBfjAGJM","phone_number":"01509467199","nid":"1239467199","role":"Customer","createdAt":"2022-08-03T13:53:13.000Z","updatedAt":"2022-08-03T13:53:13.000Z","balance":0},{"id":4630,"name":"Dean Kautzer","email":"Dulce.Kuhn74@yahoo.com","password":"C_vmrKZqv7ouEdP","phone_number":"01504543315","nid":"1234543315","role":"Customer","createdAt":"2022-08-03T13:53:14.000Z","updatedAt":"2022-08-03T13:53:14.000Z","balance":0},{"id":4631,"name":"Miss Marian Powlowski","email":"Jordyn3@yahoo.com","password":"2ghJuZhlMFvPw7G","phone_number":"01504861722","nid":"1234861722","role":"Customer","createdAt":"2022-08-03T13:53:15.000Z","updatedAt":"2022-08-03T13:53:15.000Z","balance":0},{"id":4632,"name":"Julia Christiansen","email":"Giovani1@hotmail.com","password":"LT4pAtm_3M0zM6r","phone_number":"01501679798","nid":"1231679798","role":"Customer","createdAt":"2022-08-03T13:53:17.000Z","updatedAt":"2022-08-03T13:53:17.000Z","balance":0},{"id":4633,"name":"Camille Denesik","email":"Clay_Stracke@hotmail.com","password":"D1KwxES7Epz8IDj","phone_number":"01505081653","nid":"1235081653","role":"Customer","createdAt":"2022-08-03T13:53:18.000Z","updatedAt":"2022-08-03T13:53:18.000Z","balance":0},{"id":4634,"name":"Adrienne Smitham II","email":"Hunter.Shanahan@yahoo.com","password":"reIUE5rkBouzoyq","phone_number":"01503863436","nid":"1233863436","role":"Customer","createdAt":"2022-08-03T13:53:19.000Z","updatedAt":"2022-08-03T13:53:19.000Z","balance":0},{"id":4635,"name":"Kristine Johnson","email":"Stan2@hotmail.com","password":"MIVA7VCXv6UcU5B","phone_number":"01503790345","nid":"1233790345","role":"Customer","createdAt":"2022-08-03T13:53:20.000Z","updatedAt":"2022-08-03T13:53:20.000Z","balance":0},{"id":4636,"name":"Joanna Prohaska","email":"Dino.Becker13@hotmail.com","password":"kER29L9kGK5k0U0","phone_number":"01503485644","nid":"1233485644","role":"Customer","createdAt":"2022-08-03T13:53:22.000Z","updatedAt":"2022-08-03T13:53:22.000Z","balance":0},{"id":4637,"name":"Jenna Swaniawski Sr.","email":"Jarret2@hotmail.com","password":"E4QLoSobpyCPECr","phone_number":"01504291860","nid":"1234291860","role":"Customer","createdAt":"2022-08-03T13:53:23.000Z","updatedAt":"2022-08-03T13:53:23.000Z","balance":0},{"id":4638,"name":"Latoya Nikolaus","email":"Emmett70@hotmail.com","password":"fNtlZDvttOQ0Maj","phone_number":"01506995452","nid":"1236995452","role":"Customer","createdAt":"2022-08-03T13:53:25.000Z","updatedAt":"2022-08-03T13:53:25.000Z","balance":0},{"id":4639,"name":"Clint Kuhn","email":"Avery_Toy@yahoo.com","password":"ymUBsqJScqoeWZD","phone_number":"01506634655","nid":"1236634655","role":"Customer","createdAt":"2022-08-03T14:09:58.000Z","updatedAt":"2022-08-03T14:09:58.000Z","balance":0},{"id":4640,"name":"Abel Schimmel","email":"Maryjane11@gmail.com","password":"02s7oGDhpxGowrs","phone_number":"01505274516","nid":"1235274516","role":"Customer","createdAt":"2022-08-03T14:10:00.000Z","updatedAt":"2022-08-03T14:10:00.000Z","balance":0},{"id":4641,"name":"Hugo Ebert","email":"Justus_Rice@gmail.com","password":"BI9Yz5C89sTTVR4","phone_number":"01501707960","nid":"1231707960","role":"Customer","createdAt":"2022-08-03T14:10:01.000Z","updatedAt":"2022-08-03T14:10:01.000Z","balance":0},{"id":4642,"name":"Blake Haley","email":"Margarette_Botsford@yahoo.com","password":"smc1eMCAPM0qBVI","phone_number":"01503372001","nid":"1233372001","role":"Customer","createdAt":"2022-08-03T14:10:02.000Z","updatedAt":"2022-08-03T14:10:02.000Z","balance":0},{"id":4643,"name":"Nelson D'Amore II","email":"Mireille.Koelpin57@hotmail.com","password":"szAPkszQPPHV52u","phone_number":"01507416240","nid":"1237416240","role":"Customer","createdAt":"2022-08-03T14:10:03.000Z","updatedAt":"2022-08-03T14:10:03.000Z","balance":0},{"id":4644,"name":"Miranda Donnelly","email":"Maud6@yahoo.com","password":"ErGg5FZrq7fRsae","phone_number":"01501546371","nid":"1231546371","role":"Customer","createdAt":"2022-08-03T14:15:19.000Z","updatedAt":"2022-08-03T14:15:19.000Z","balance":0},{"id":4645,"name":"Delia Zulauf PhD","email":"Skye_Larson33@gmail.com","password":"8xTT2d_BSSOhRZm","phone_number":"01507202026","nid":"1237202026","role":"Customer","createdAt":"2022-08-03T14:15:21.000Z","updatedAt":"2022-08-03T14:15:21.000Z","balance":0},{"id":4647,"name":"Lindsey Walter","email":"Alene_Upton@hotmail.com","password":"5vOXX6fF1Fc_9tI","phone_number":"01503734997","nid":"1233734997","role":"Customer","createdAt":"2022-08-04T04:59:20.000Z","updatedAt":"2022-08-04T04:59:20.000Z","balance":0},{"id":4648,"name":"Rosalie Schaefer","email":"Xavier_Nader16@hotmail.com","password":"N8cPDq_8AU1mMNV","phone_number":"01506212329","nid":"1236212329","role":"Customer","createdAt":"2022-08-04T05:33:11.000Z","updatedAt":"2022-08-04T05:33:11.000Z","balance":0},{"id":4649,"name":"Gerard Stokes","email":"Damian37@yahoo.com","password":"YKSZ6BY6xsXKeLQ","phone_number":"01502519000","nid":"1232519000","role":"Customer","createdAt":"2022-08-04T07:01:20.000Z","updatedAt":"2022-08-04T07:01:20.000Z","balance":0},{"id":4650,"name":"Larry Lowe","email":"Mittie.Senger13@gmail.com","password":"EbPPR7uHsi4r4ZP","phone_number":"01504071304","nid":"1234071304","role":"Customer","createdAt":"2022-08-04T07:01:23.000Z","updatedAt":"2022-08-04T07:01:23.000Z","balance":0},{"id":4651,"name":"Troy Armstrong","email":"Christine4@yahoo.com","password":"j6AmPBYe_uUMhAp","phone_number":"01508710583","nid":"1238710583","role":"Customer","createdAt":"2022-08-04T07:01:24.000Z","updatedAt":"2022-08-04T07:01:24.000Z","balance":0},{"id":4652,"name":"Nagesh Chiplunkar","email":"nagesh.chiplunkar@example.com","password":"1234","phone_number":"9184725549","nid":"56605405","role":"Customer","createdAt":"2022-08-04T07:50:00.000Z","updatedAt":"2022-08-04T07:50:00.000Z","balance":0},{"id":4653,"name":"Amber Hermann PhD","email":"Gardner.Erdman84@yahoo.com","password":"HqqLgZj8ywg44Uf","phone_number":"01504792007","nid":"1234792007","role":"Customer","createdAt":"2022-08-04T11:17:24.000Z","updatedAt":"2022-08-04T11:17:24.000Z","balance":0},{"id":4654,"name":"Olga Bins","email":"Bernice_Howe31@hotmail.com","password":"UdRVDgiPYrTsAMT","phone_number":"01506723487","nid":"1236723487","role":"Customer","createdAt":"2022-08-04T11:33:18.000Z","updatedAt":"2022-08-04T11:33:18.000Z","balance":0},{"id":4655,"name":"Kellie Funk Sr.","email":"Raphaelle_Hintz@hotmail.com","password":"KdYc6PT7GRZyWvV","phone_number":"01506885379","nid":"1236885379","role":"Customer","createdAt":"2022-08-04T11:33:20.000Z","updatedAt":"2022-08-04T11:33:20.000Z","balance":0},{"id":4656,"name":"Karl Hilpert","email":"Sarai.Donnelly@yahoo.com","password":"8Js1u0CJTmoKNTy","phone_number":"01501240232","nid":"1231240232","role":"Customer","createdAt":"2022-08-04T11:33:22.000Z","updatedAt":"2022-08-04T11:33:22.000Z","balance":0},{"id":4657,"name":"Joe Treutel","email":"Margie_Beer@gmail.com","password":"a5hrtyYbLW3l3Up","phone_number":"01509270426","nid":"1239270426","role":"Customer","createdAt":"2022-08-04T11:38:16.000Z","updatedAt":"2022-08-04T11:38:16.000Z","balance":0},{"id":4658,"name":"Dave Kris","email":"Cindy_Hegmann@hotmail.com","password":"vffocz8G0iQxsg4","phone_number":"01681216448","nid":"121216448","role":"Customer","createdAt":"2022-08-04T12:29:02.000Z","updatedAt":"2022-08-04T12:29:02.000Z","balance":0},{"id":4659,"name":"Ms. Nathan Ward","email":"Delphia94@gmail.com","password":"jJAI32a6pxS2TYr","phone_number":"01501683266","nid":"1231683266","role":"Customer","createdAt":"2022-08-06T13:12:07.000Z","updatedAt":"2022-08-06T13:12:07.000Z","balance":0},{"id":4660,"name":"Patsy Cummings","email":"Lily_Zieme43@gmail.com","password":"n4kdCX5gUNs_bPb","phone_number":"01503025046","nid":"1233025046","role":"Customer","createdAt":"2022-08-06T13:13:24.000Z","updatedAt":"2022-08-06T13:13:24.000Z","balance":0},{"id":4661,"name":"Joanna Stehr","email":"Rahsaan.Lakin92@gmail.com","password":"JGfnlVanjkrxrCN","phone_number":"01502587089","nid":"1232587089","role":"Customer","createdAt":"2022-08-06T13:16:17.000Z","updatedAt":"2022-08-06T13:16:17.000Z","balance":0},{"id":4667,"name":"Lonnie McKenzie","email":"Matilde.Welch@hotmail.com","password":"UT8cpLObV4_TVXv","phone_number":"01502807994","nid":"1232807994","role":"Customer","createdAt":"2022-08-07T09:24:03.000Z","updatedAt":"2022-08-07T09:24:03.000Z","balance":0},{"id":4668,"name":"Paul Sporer","email":"Abdul27@yahoo.com","password":"LYgV5CGpsnYDX21","phone_number":"01501734980","nid":"1231734980","role":"Customer","createdAt":"2022-08-07T10:03:08.000Z","updatedAt":"2022-08-07T10:03:08.000Z","balance":0},{"id":4669,"name":"Elsie Thompson","email":"Carrie58@hotmail.com","password":"IoWDxn_3SBiKKYV","phone_number":"01507608513","nid":"1237608513","role":"Customer","createdAt":"2022-08-07T10:03:10.000Z","updatedAt":"2022-08-07T10:03:10.000Z","balance":0},{"id":4670,"name":"Lyle Kertzmann","email":"Tyson_Wolf@yahoo.com","password":"u54d1UY2ySXMzjY","phone_number":"01501560579","nid":"1231560579","role":"Customer","createdAt":"2022-08-07T10:03:11.000Z","updatedAt":"2022-08-07T10:03:11.000Z","balance":0},{"id":4671,"name":"Helen Ratke","email":"Alexane_Lueilwitz@yahoo.com","password":"1UFfju7zwuwaREr","phone_number":"01507473049","nid":"1237473049","role":"Customer","createdAt":"2022-08-09T02:43:33.000Z","updatedAt":"2022-08-09T02:43:33.000Z","balance":0},{"id":4672,"name":"Raymond Woods","email":"raymond.woods@example.com","password":"1234","phone_number":"071-584-3506","nid":"33408275","role":"Customer","createdAt":"2022-08-09T02:44:18.000Z","updatedAt":"2022-08-09T02:44:18.000Z","balance":0},{"id":4673,"name":"Cathy Bartell","email":"Prince10@gmail.com","password":"sfnNQMJ8Wvcmc37","phone_number":"01505887611","nid":"1235887611","role":"Customer","createdAt":"2022-08-09T05:18:20.000Z","updatedAt":"2022-08-09T05:18:20.000Z","balance":0},{"id":4674,"name":"Dr. Hazel Bradtke","email":"Roxane.Dicki@hotmail.com","password":"Ss_Ze8OsyT6a7Cq","phone_number":"01506101514","nid":"1236101514","role":"Customer","createdAt":"2022-08-09T05:18:27.000Z","updatedAt":"2022-08-09T05:18:27.000Z","balance":0},{"id":4675,"name":"Garrett Weber","email":"Miguel_Boehm@yahoo.com","password":"ooel2OQ64nen7bQ","phone_number":"01505124759","nid":"1235124759","role":"Customer","createdAt":"2022-08-09T07:48:57.000Z","updatedAt":"2022-08-09T07:48:57.000Z","balance":0},{"id":4676,"name":"Jacqueline Dibbert","email":"Claire_Schneider@gmail.com","password":"65IKn23chBiK3b5","phone_number":"01507910310","nid":"1237910310","role":"Customer","createdAt":"2022-08-09T07:50:34.000Z","updatedAt":"2022-08-09T07:50:34.000Z","balance":0},{"id":4677,"name":"Shane Thiel","email":"Cullen.Daniel36@yahoo.com","password":"JTz7AoRkCWo5wXo","phone_number":"01506464139","nid":"1236464139","role":"Customer","createdAt":"2022-08-09T07:51:29.000Z","updatedAt":"2022-08-09T07:51:29.000Z","balance":0},{"id":4678,"name":"Pam Zemlak MD","email":"Ole.Gutkowski@yahoo.com","password":"lN5vNKNn7n4mRCj","phone_number":"01502452050","nid":"1232452050","role":"Customer","createdAt":"2022-08-09T07:53:46.000Z","updatedAt":"2022-08-09T07:53:46.000Z","balance":0},{"id":4679,"name":"Lindsay Grimes","email":"Esther_Stroman@hotmail.com","password":"5h3HHE_MY6OnWuw","phone_number":"01505110900","nid":"1235110900","role":"Customer","createdAt":"2022-08-09T07:54:32.000Z","updatedAt":"2022-08-09T07:54:32.000Z","balance":0},{"id":4680,"name":"Belinda Bauch","email":"Erin.Romaguera@gmail.com","password":"hsvh2P512Kj3EAD","phone_number":"01506029563","nid":"1236029563","role":"Customer","createdAt":"2022-08-09T12:35:15.000Z","updatedAt":"2022-08-09T12:35:15.000Z","balance":0},{"id":4681,"name":"Drew Pacocha","email":"Jalon_Effertz71@yahoo.com","password":"E7jMBwV25mIyFMS","phone_number":"01503777747","nid":"1233777747","role":"Customer","createdAt":"2022-08-09T14:01:10.000Z","updatedAt":"2022-08-09T14:01:10.000Z","balance":0},{"id":4682,"name":"Fernando Goldner V","email":"Alice92@hotmail.com","password":"Bai772klVQH4ekV","phone_number":"01509741017","nid":"1239741017","role":"Customer","createdAt":"2022-08-09T14:08:15.000Z","updatedAt":"2022-08-09T14:08:15.000Z","balance":0},{"id":4683,"name":"Christina Beer","email":"Rosario.Bergstrom57@gmail.com","password":"S050aFoC6JMhb9v","phone_number":"01507460344","nid":"1237460344","role":"Customer","createdAt":"2022-08-09T15:02:11.000Z","updatedAt":"2022-08-09T15:02:11.000Z","balance":0},{"id":4684,"name":"Clarence Walter","email":"Kaitlin24@gmail.com","password":"OhIH7MY21YRXLxx","phone_number":"01508797291","nid":"1238797291","role":"Customer","createdAt":"2022-08-09T15:08:09.000Z","updatedAt":"2022-08-09T15:08:09.000Z","balance":0},{"id":4685,"name":"Santiago Hickle","email":"Felix_Barton62@yahoo.com","password":"CjIRtw8viwrugR4","phone_number":"01505554985","nid":"1235554985","role":"Customer","createdAt":"2022-08-09T15:08:11.000Z","updatedAt":"2022-08-09T15:08:11.000Z","balance":0},{"id":4686,"name":"Eva Greenfelder","email":"Magdalen_Koepp@hotmail.com","password":"OaqUerJdKJLXgvq","phone_number":"01508300523","nid":"1238300523","role":"Customer","createdAt":"2022-08-09T15:08:12.000Z","updatedAt":"2022-08-09T15:08:12.000Z","balance":0},{"id":4687,"name":"Viola Heller","email":"Sebastian.Nolan37@hotmail.com","password":"S0zCxYBLvrkOSIO","phone_number":"01509964023","nid":"1239964023","role":"Customer","createdAt":"2022-08-09T15:08:13.000Z","updatedAt":"2022-08-09T15:08:13.000Z","balance":0},{"id":4688,"name":"Teri DuBuque","email":"Heloise.Barton@gmail.com","password":"ezxYTjovYJr9jxM","phone_number":"01509225198","nid":"1239225198","role":"Customer","createdAt":"2022-08-09T15:23:45.000Z","updatedAt":"2022-08-09T15:23:45.000Z","balance":0},{"id":4689,"name":"Maria Kovacek","email":"Carroll_Reinger@yahoo.com","password":"SLjd8VUANNczWaO","phone_number":"01504046753","nid":"1234046753","role":"Customer","createdAt":"2022-08-09T15:28:29.000Z","updatedAt":"2022-08-09T15:28:29.000Z","balance":0},{"id":4690,"name":"Jared Treutel","email":"Nicole.Skiles15@yahoo.com","password":"SaZpALycMiaG_7c","phone_number":"01503146508","nid":"1233146508","role":"Customer","createdAt":"2022-08-09T15:57:32.000Z","updatedAt":"2022-08-09T15:57:32.000Z","balance":0},{"id":4691,"name":"Jeremiah Simonis","email":"August.Purdy@gmail.com","password":"RG7cHwztyWcLd9d","phone_number":"01506299917","nid":"1236299917","role":"Customer","createdAt":"2022-08-09T16:06:32.000Z","updatedAt":"2022-08-09T16:06:32.000Z","balance":0},{"id":4692,"name":"Marion Wiza","email":"Shawna57@yahoo.com","password":"rluPzvQgA5Nlhw_","phone_number":"01522953966","nid":"1232953966","role":"Customer","createdAt":"2022-08-12T02:46:24.000Z","updatedAt":"2022-08-12T02:46:24.000Z","balance":0},{"id":4693,"name":"Melvin Streich","email":"Aiden.Lindgren@yahoo.com","password":"_xvZmCkYUULgDaf","phone_number":"01526682301","nid":"1236682301","role":"Customer","createdAt":"2022-08-12T03:08:27.000Z","updatedAt":"2022-08-12T03:08:27.000Z","balance":0},{"id":4694,"name":"Amanda Kassulke","email":"Myah.Bode@hotmail.com","password":"K7JF7NcJ3jFvzZQ","phone_number":"587-708-4346","nid":"1235416098","role":"Student","createdAt":"2022-08-19T11:21:22.000Z","updatedAt":"2022-08-19T11:21:22.000Z","balance":0},{"id":4695,"name":"Miss Nellie Auer","email":"Randi.Gutkowski27@gmail.com","password":"VV26y0BmRNTcigk","phone_number":"697-985-2206","nid":"1236999538","role":"Student","createdAt":"2022-08-19T11:31:40.000Z","updatedAt":"2022-08-19T11:31:52.000Z","balance":0},{"id":4703,"name":"Tester 5957","email":"tester${random4digit@gmail.com","password":"${random4digit}","phone_number":"01876545957","nid":"5957","role":"Student","createdAt":"2022-08-19T19:44:12.000Z","updatedAt":"2022-08-19T19:44:12.000Z","balance":0},{"id":4704,"name":"Tester 3343","email":"tester3343@gmail.com","password":"3343","phone_number":"01876543343","nid":"3343","role":"Student","createdAt":"2022-08-19T19:49:05.000Z","updatedAt":"2022-08-19T19:49:05.000Z","balance":0},{"id":4705,"name":"Tester 9094","email":"tester9094@gmail.com","password":"9094","phone_number":"01876549094","nid":"9094","role":"Student","createdAt":"2022-08-19T19:59:24.000Z","updatedAt":"2022-08-19T19:59:24.000Z","balance":0}]}
]]></system-out>
  <system-err><![CDATA[]]></system-err>
</testsuite>
